# Logfile created on 2022-06-15 12:36:04 +0600 by logger.rb/v1.4.2
[15-06-2022 12:36:04]: (INFO) => semester codes: ["141", "142", "143", "151", "152", "153", "161", "162", "163", "171", "172", "173", "181", "182", "183", "191", "192", "193", "201", "202", "203", "211", "212", "213", "221", "222", "223"]
[15-06-2022 12:36:04]: (INFO) => total_semester_codes: 27
[15-06-2022 12:36:04]: (INFO) => id range: 1635 .. 6000
[15-06-2022 12:36:04]: (INFO) => invalid id: 141-15-1635
[15-06-2022 12:36:04]: (INFO) => invalid id: 142-15-1635
[15-06-2022 12:36:05]: (INFO) => invalid id: 143-15-1635
[15-06-2022 12:36:05]: (INFO) => invalid id: 151-15-1635
[15-06-2022 12:36:05]: (INFO) => invalid id: 152-15-1635
[15-06-2022 12:36:06]: (INFO) => invalid id: 153-15-1635
[15-06-2022 12:36:06]: (INFO) => invalid id: 161-15-1635
[15-06-2022 12:36:06]: (INFO) => invalid id: 162-15-1635
[15-06-2022 12:36:06]: (INFO) => invalid id: 163-15-1635
[15-06-2022 12:36:06]: (INFO) => invalid id: 171-15-1635
[15-06-2022 12:36:06]: (INFO) => invalid id: 172-15-1635
[15-06-2022 12:36:06]: (INFO) => valid id: 173-15-1635
[15-06-2022 12:36:07]: (INFO) => invalid id: 181-15-1635
[15-06-2022 12:36:07]: (INFO) => invalid id: 182-15-1635
[15-06-2022 12:36:08]: (INFO) => invalid id: 183-15-1635
[15-06-2022 12:36:08]: (INFO) => invalid id: 191-15-1635
[15-06-2022 12:36:08]: (INFO) => invalid id: 192-15-1635
[15-06-2022 12:36:08]: (INFO) => invalid id: 193-15-1635
[15-06-2022 12:36:08]: (INFO) => invalid id: 201-15-1635
[15-06-2022 12:36:08]: (INFO) => invalid id: 202-15-1635
[15-06-2022 12:36:09]: (INFO) => invalid id: 203-15-1635
[15-06-2022 12:36:09]: (INFO) => invalid id: 211-15-1635
[15-06-2022 12:36:09]: (INFO) => invalid id: 212-15-1635
[15-06-2022 12:36:09]: (INFO) => invalid id: 213-15-1635
[15-06-2022 12:36:10]: (INFO) => invalid id: 221-15-1635
[15-06-2022 12:36:10]: (INFO) => invalid id: 222-15-1635
[15-06-2022 12:36:10]: (INFO) => invalid id: 223-15-1635
[15-06-2022 12:36:10]: (INFO) => invalid id: 141-15-1636
[15-06-2022 12:36:10]: (INFO) => invalid id: 142-15-1636
[15-06-2022 12:36:11]: (INFO) => invalid id: 143-15-1636
[15-06-2022 12:36:11]: (INFO) => invalid id: 151-15-1636
[15-06-2022 12:36:11]: (INFO) => invalid id: 152-15-1636
[15-06-2022 12:36:11]: (INFO) => invalid id: 153-15-1636
[15-06-2022 12:36:11]: (INFO) => invalid id: 161-15-1636
[15-06-2022 12:36:12]: (INFO) => invalid id: 162-15-1636
[15-06-2022 12:36:12]: (INFO) => invalid id: 163-15-1636
[15-06-2022 12:36:12]: (INFO) => invalid id: 171-15-1636
[15-06-2022 12:36:12]: (INFO) => invalid id: 172-15-1636
[15-06-2022 12:36:12]: (INFO) => valid id: 173-15-1636
[15-06-2022 12:36:12]: (INFO) => invalid id: 181-15-1636
[15-06-2022 12:36:13]: (INFO) => invalid id: 182-15-1636
[15-06-2022 12:36:13]: (INFO) => invalid id: 183-15-1636
[15-06-2022 12:36:13]: (INFO) => invalid id: 191-15-1636
[15-06-2022 12:36:13]: (INFO) => invalid id: 192-15-1636
[15-06-2022 12:36:13]: (INFO) => invalid id: 193-15-1636
[15-06-2022 12:36:13]: (INFO) => invalid id: 201-15-1636
[15-06-2022 12:36:13]: (INFO) => invalid id: 202-15-1636
[15-06-2022 12:36:14]: (INFO) => invalid id: 203-15-1636
[15-06-2022 12:36:14]: (INFO) => invalid id: 211-15-1636
[15-06-2022 12:36:14]: (INFO) => invalid id: 212-15-1636
[15-06-2022 12:36:14]: (INFO) => invalid id: 213-15-1636
[15-06-2022 12:36:14]: (INFO) => invalid id: 221-15-1636
[15-06-2022 12:36:14]: (INFO) => invalid id: 222-15-1636
[15-06-2022 12:36:15]: (INFO) => invalid id: 223-15-1636
[15-06-2022 12:36:15]: (INFO) => invalid id: 141-15-1637
[15-06-2022 12:36:15]: (INFO) => invalid id: 142-15-1637
[15-06-2022 12:36:15]: (INFO) => invalid id: 143-15-1637
[15-06-2022 12:36:15]: (INFO) => valid id: 151-15-1637
[15-06-2022 12:36:15]: (INFO) => invalid id: 152-15-1637
[15-06-2022 12:36:16]: (INFO) => invalid id: 153-15-1637
[15-06-2022 12:36:16]: (INFO) => invalid id: 161-15-1637
[15-06-2022 12:36:16]: (INFO) => invalid id: 162-15-1637
[15-06-2022 12:36:16]: (INFO) => invalid id: 163-15-1637
[15-06-2022 12:36:16]: (INFO) => invalid id: 171-15-1637
[15-06-2022 12:36:16]: (INFO) => invalid id: 172-15-1637
[15-06-2022 12:36:17]: (INFO) => valid id: 173-15-1637
[15-06-2022 12:36:17]: (INFO) => invalid id: 181-15-1637
[15-06-2022 12:36:17]: (INFO) => invalid id: 182-15-1637
[15-06-2022 12:36:17]: (INFO) => invalid id: 183-15-1637
[15-06-2022 12:36:18]: (INFO) => invalid id: 191-15-1637
[15-06-2022 12:36:18]: (INFO) => invalid id: 192-15-1637
[15-06-2022 12:36:18]: (INFO) => invalid id: 193-15-1637
[15-06-2022 12:36:18]: (INFO) => invalid id: 201-15-1637
[15-06-2022 12:36:18]: (INFO) => invalid id: 202-15-1637
[15-06-2022 12:36:19]: (INFO) => invalid id: 203-15-1637
[15-06-2022 12:36:19]: (INFO) => invalid id: 211-15-1637
[15-06-2022 12:36:19]: (INFO) => invalid id: 212-15-1637
[15-06-2022 12:36:19]: (INFO) => invalid id: 213-15-1637
[15-06-2022 12:36:19]: (INFO) => invalid id: 221-15-1637
[15-06-2022 12:36:20]: (INFO) => invalid id: 222-15-1637
[15-06-2022 12:36:20]: (INFO) => invalid id: 223-15-1637
[15-06-2022 12:36:20]: (INFO) => invalid id: 141-15-1638
[15-06-2022 12:36:20]: (INFO) => invalid id: 142-15-1638
[15-06-2022 12:36:21]: (INFO) => invalid id: 143-15-1638
[15-06-2022 12:36:21]: (INFO) => invalid id: 151-15-1638
[15-06-2022 12:36:22]: (INFO) => invalid id: 152-15-1638
[15-06-2022 12:36:22]: (INFO) => invalid id: 153-15-1638
[15-06-2022 12:36:23]: (INFO) => invalid id: 161-15-1638
[15-06-2022 12:36:23]: (INFO) => invalid id: 162-15-1638
[15-06-2022 12:36:23]: (INFO) => invalid id: 163-15-1638
[15-06-2022 12:36:24]: (INFO) => invalid id: 171-15-1638
[15-06-2022 12:36:24]: (INFO) => invalid id: 172-15-1638
[15-06-2022 12:36:24]: (INFO) => valid id: 173-15-1638
[15-06-2022 12:36:25]: (INFO) => invalid id: 181-15-1638
[15-06-2022 12:36:25]: (INFO) => invalid id: 182-15-1638
[15-06-2022 12:36:25]: (INFO) => invalid id: 183-15-1638
[15-06-2022 12:36:26]: (INFO) => invalid id: 191-15-1638
[15-06-2022 12:36:27]: (INFO) => invalid id: 192-15-1638
[15-06-2022 12:36:27]: (INFO) => invalid id: 193-15-1638
[15-06-2022 12:36:27]: (INFO) => invalid id: 201-15-1638
[15-06-2022 12:36:28]: (INFO) => invalid id: 202-15-1638
[15-06-2022 12:36:28]: (INFO) => invalid id: 203-15-1638
[15-06-2022 12:36:28]: (INFO) => invalid id: 211-15-1638
[15-06-2022 12:36:29]: (INFO) => invalid id: 212-15-1638
[15-06-2022 12:36:29]: (INFO) => invalid id: 213-15-1638
[15-06-2022 12:36:29]: (INFO) => invalid id: 221-15-1638
[15-06-2022 12:36:30]: (INFO) => invalid id: 222-15-1638
[15-06-2022 12:36:30]: (INFO) => invalid id: 223-15-1638
[15-06-2022 12:36:30]: (INFO) => invalid id: 141-15-1639
[15-06-2022 12:36:30]: (INFO) => invalid id: 142-15-1639
[15-06-2022 12:36:31]: (INFO) => invalid id: 143-15-1639
[15-06-2022 12:36:32]: (INFO) => invalid id: 151-15-1639
[15-06-2022 12:36:34]: (INFO) => invalid id: 152-15-1639
[15-06-2022 12:36:37]: (INFO) => invalid id: 153-15-1639
[15-06-2022 12:36:38]: (INFO) => invalid id: 161-15-1639
[15-06-2022 12:36:38]: (INFO) => invalid id: 162-15-1639
[15-06-2022 12:36:39]: (INFO) => invalid id: 163-15-1639
[15-06-2022 12:36:40]: (INFO) => invalid id: 171-15-1639
[15-06-2022 12:36:41]: (INFO) => invalid id: 172-15-1639
[15-06-2022 12:36:42]: (INFO) => valid id: 173-15-1639
[15-06-2022 12:36:42]: (INFO) => invalid id: 181-15-1639
[15-06-2022 12:36:43]: (INFO) => invalid id: 182-15-1639
[15-06-2022 12:36:43]: (INFO) => invalid id: 183-15-1639
[15-06-2022 12:36:44]: (INFO) => invalid id: 191-15-1639
[15-06-2022 12:36:44]: (INFO) => invalid id: 192-15-1639
[15-06-2022 12:36:44]: (INFO) => invalid id: 193-15-1639
[15-06-2022 12:36:44]: (INFO) => invalid id: 201-15-1639
[15-06-2022 12:36:45]: (INFO) => invalid id: 202-15-1639
[15-06-2022 12:36:45]: (INFO) => invalid id: 203-15-1639
[15-06-2022 12:36:46]: (INFO) => invalid id: 211-15-1639
[15-06-2022 12:36:47]: (INFO) => invalid id: 212-15-1639
[15-06-2022 12:36:48]: (INFO) => invalid id: 213-15-1639
[15-06-2022 12:36:48]: (INFO) => invalid id: 221-15-1639
[15-06-2022 12:36:48]: (INFO) => invalid id: 222-15-1639
[15-06-2022 12:36:49]: (INFO) => invalid id: 223-15-1639
[15-06-2022 12:36:49]: (INFO) => invalid id: 141-15-1640
[15-06-2022 12:36:49]: (INFO) => invalid id: 142-15-1640
[15-06-2022 12:36:50]: (INFO) => invalid id: 143-15-1640
[15-06-2022 12:36:50]: (INFO) => invalid id: 151-15-1640
[15-06-2022 12:36:50]: (INFO) => invalid id: 152-15-1640
[15-06-2022 12:36:51]: (INFO) => invalid id: 153-15-1640
[15-06-2022 12:36:51]: (INFO) => invalid id: 161-15-1640
[15-06-2022 12:36:51]: (INFO) => invalid id: 162-15-1640
[15-06-2022 12:36:52]: (INFO) => invalid id: 163-15-1640
[15-06-2022 12:36:52]: (INFO) => invalid id: 171-15-1640
[15-06-2022 12:36:52]: (INFO) => invalid id: 172-15-1640
[15-06-2022 12:36:52]: (INFO) => valid id: 173-15-1640
[15-06-2022 12:36:52]: (INFO) => invalid id: 181-15-1640
[15-06-2022 12:36:53]: (INFO) => invalid id: 182-15-1640
[15-06-2022 12:36:53]: (INFO) => invalid id: 183-15-1640
[15-06-2022 12:36:53]: (INFO) => invalid id: 191-15-1640
[15-06-2022 12:36:53]: (INFO) => invalid id: 192-15-1640
[15-06-2022 12:36:53]: (INFO) => invalid id: 193-15-1640
[15-06-2022 12:36:53]: (INFO) => invalid id: 201-15-1640
[15-06-2022 12:36:54]: (INFO) => invalid id: 202-15-1640
[15-06-2022 12:36:54]: (INFO) => invalid id: 203-15-1640
[15-06-2022 12:36:54]: (INFO) => invalid id: 211-15-1640
[15-06-2022 12:36:54]: (INFO) => invalid id: 212-15-1640
[15-06-2022 12:36:54]: (INFO) => invalid id: 213-15-1640
[15-06-2022 12:36:54]: (INFO) => invalid id: 221-15-1640
[15-06-2022 12:36:54]: (INFO) => invalid id: 222-15-1640
[15-06-2022 12:36:55]: (INFO) => invalid id: 223-15-1640
[15-06-2022 12:36:55]: (INFO) => invalid id: 141-15-1641
[15-06-2022 12:36:55]: (INFO) => invalid id: 142-15-1641
[15-06-2022 12:36:55]: (INFO) => invalid id: 143-15-1641
[15-06-2022 12:36:55]: (INFO) => invalid id: 151-15-1641
[15-06-2022 12:36:55]: (INFO) => invalid id: 152-15-1641
[15-06-2022 12:36:56]: (INFO) => invalid id: 153-15-1641
[15-06-2022 12:36:56]: (INFO) => invalid id: 161-15-1641
[15-06-2022 12:36:56]: (INFO) => invalid id: 162-15-1641
[15-06-2022 12:36:56]: (INFO) => invalid id: 163-15-1641
[15-06-2022 12:36:56]: (INFO) => invalid id: 171-15-1641
[15-06-2022 12:36:57]: (INFO) => invalid id: 172-15-1641
[15-06-2022 12:36:57]: (INFO) => valid id: 173-15-1641
[15-06-2022 12:36:57]: (INFO) => invalid id: 181-15-1641
[15-06-2022 12:36:58]: (INFO) => invalid id: 182-15-1641
[15-06-2022 12:36:58]: (INFO) => invalid id: 183-15-1641
[15-06-2022 12:36:58]: (INFO) => invalid id: 191-15-1641
[15-06-2022 12:36:58]: (INFO) => invalid id: 192-15-1641
[15-06-2022 12:36:59]: (INFO) => invalid id: 193-15-1641
[15-06-2022 12:36:59]: (INFO) => invalid id: 201-15-1641
[15-06-2022 12:36:59]: (INFO) => invalid id: 202-15-1641
[15-06-2022 12:37:00]: (INFO) => invalid id: 203-15-1641
[15-06-2022 12:37:01]: (INFO) => invalid id: 211-15-1641
[15-06-2022 12:37:01]: (INFO) => invalid id: 212-15-1641
[15-06-2022 12:37:01]: (INFO) => invalid id: 213-15-1641
[15-06-2022 12:37:02]: (INFO) => invalid id: 221-15-1641
[15-06-2022 12:37:02]: (INFO) => invalid id: 222-15-1641
[15-06-2022 12:37:02]: (INFO) => invalid id: 223-15-1641
[15-06-2022 12:37:03]: (INFO) => invalid id: 141-15-1642
[15-06-2022 12:37:03]: (INFO) => invalid id: 142-15-1642
[15-06-2022 12:37:03]: (INFO) => invalid id: 143-15-1642
[15-06-2022 12:37:03]: (INFO) => invalid id: 151-15-1642
[15-06-2022 12:37:04]: (INFO) => invalid id: 152-15-1642
[15-06-2022 12:37:04]: (INFO) => invalid id: 153-15-1642
[15-06-2022 12:37:05]: (INFO) => invalid id: 161-15-1642
[15-06-2022 12:37:05]: (INFO) => invalid id: 162-15-1642
[15-06-2022 12:37:05]: (INFO) => invalid id: 163-15-1642
[15-06-2022 12:37:06]: (INFO) => invalid id: 171-15-1642
[15-06-2022 12:37:06]: (INFO) => invalid id: 172-15-1642
[15-06-2022 12:37:06]: (INFO) => valid id: 173-15-1642
[15-06-2022 12:37:07]: (INFO) => invalid id: 181-15-1642
[15-06-2022 12:37:07]: (INFO) => invalid id: 182-15-1642
[15-06-2022 12:37:07]: (INFO) => invalid id: 183-15-1642
[15-06-2022 12:37:07]: (INFO) => invalid id: 191-15-1642
[15-06-2022 12:37:08]: (INFO) => invalid id: 192-15-1642
[15-06-2022 12:37:08]: (INFO) => invalid id: 193-15-1642
[15-06-2022 12:37:08]: (INFO) => invalid id: 201-15-1642
[15-06-2022 12:37:08]: (INFO) => invalid id: 202-15-1642
[15-06-2022 12:37:08]: (INFO) => invalid id: 203-15-1642
[15-06-2022 12:37:09]: (INFO) => invalid id: 211-15-1642
[15-06-2022 12:37:09]: (INFO) => invalid id: 212-15-1642
[15-06-2022 12:37:09]: (INFO) => invalid id: 213-15-1642
[15-06-2022 12:37:09]: (INFO) => invalid id: 221-15-1642
[15-06-2022 12:37:09]: (INFO) => invalid id: 222-15-1642
[15-06-2022 12:37:09]: (INFO) => invalid id: 223-15-1642
[15-06-2022 12:37:10]: (INFO) => invalid id: 141-15-1643
[15-06-2022 12:37:10]: (INFO) => invalid id: 142-15-1643
[15-06-2022 12:37:10]: (INFO) => invalid id: 143-15-1643
[15-06-2022 12:37:10]: (INFO) => invalid id: 151-15-1643
[15-06-2022 12:37:10]: (INFO) => invalid id: 152-15-1643
[15-06-2022 12:37:10]: (INFO) => invalid id: 153-15-1643
[15-06-2022 12:37:11]: (INFO) => invalid id: 161-15-1643
[15-06-2022 12:37:11]: (INFO) => invalid id: 162-15-1643
[15-06-2022 12:37:11]: (INFO) => invalid id: 163-15-1643
[15-06-2022 12:37:11]: (INFO) => invalid id: 171-15-1643
[15-06-2022 12:37:11]: (INFO) => invalid id: 172-15-1643
[15-06-2022 12:37:11]: (INFO) => valid id: 173-15-1643
[15-06-2022 12:37:11]: (INFO) => invalid id: 181-15-1643
[15-06-2022 12:37:12]: (INFO) => invalid id: 182-15-1643
[15-06-2022 12:37:12]: (INFO) => invalid id: 183-15-1643
[15-06-2022 12:37:12]: (INFO) => invalid id: 191-15-1643
[15-06-2022 12:37:12]: (INFO) => invalid id: 192-15-1643
[15-06-2022 12:37:12]: (INFO) => invalid id: 193-15-1643
[15-06-2022 12:37:12]: (INFO) => invalid id: 201-15-1643
[15-06-2022 12:37:13]: (INFO) => invalid id: 202-15-1643
[15-06-2022 12:37:13]: (INFO) => invalid id: 203-15-1643
[15-06-2022 12:37:13]: (INFO) => invalid id: 211-15-1643
[15-06-2022 12:37:13]: (INFO) => invalid id: 212-15-1643
[15-06-2022 12:37:13]: (INFO) => invalid id: 213-15-1643
[15-06-2022 12:37:13]: (INFO) => invalid id: 221-15-1643
[15-06-2022 12:37:13]: (INFO) => invalid id: 222-15-1643
[15-06-2022 12:37:13]: (INFO) => invalid id: 223-15-1643
[15-06-2022 12:37:13]: (INFO) => invalid id: 141-15-1644
[15-06-2022 12:37:14]: (INFO) => invalid id: 142-15-1644
[15-06-2022 12:37:14]: (INFO) => invalid id: 143-15-1644
[15-06-2022 12:37:14]: (INFO) => invalid id: 151-15-1644
[15-06-2022 12:37:14]: (INFO) => invalid id: 152-15-1644
[15-06-2022 12:37:15]: (INFO) => invalid id: 153-15-1644
[15-06-2022 12:37:15]: (INFO) => invalid id: 161-15-1644
[15-06-2022 12:37:15]: (INFO) => invalid id: 162-15-1644
[15-06-2022 12:37:15]: (INFO) => invalid id: 163-15-1644
[15-06-2022 12:37:15]: (INFO) => invalid id: 171-15-1644
[15-06-2022 12:37:15]: (INFO) => invalid id: 172-15-1644
[15-06-2022 12:37:16]: (INFO) => valid id: 173-15-1644
[15-06-2022 12:37:16]: (INFO) => invalid id: 181-15-1644
[15-06-2022 12:37:16]: (INFO) => invalid id: 182-15-1644
[15-06-2022 12:37:16]: (INFO) => invalid id: 183-15-1644
[15-06-2022 12:37:16]: (INFO) => invalid id: 191-15-1644
[15-06-2022 12:37:16]: (INFO) => invalid id: 192-15-1644
[15-06-2022 12:37:16]: (INFO) => invalid id: 193-15-1644
[15-06-2022 12:37:16]: (INFO) => invalid id: 201-15-1644
[15-06-2022 12:37:17]: (INFO) => invalid id: 202-15-1644
[15-06-2022 12:37:17]: (INFO) => invalid id: 203-15-1644
[15-06-2022 12:37:17]: (INFO) => invalid id: 211-15-1644
[15-06-2022 12:37:17]: (INFO) => invalid id: 212-15-1644
[15-06-2022 12:37:17]: (INFO) => invalid id: 213-15-1644
[15-06-2022 12:37:17]: (INFO) => invalid id: 221-15-1644
[15-06-2022 12:37:18]: (INFO) => invalid id: 222-15-1644
[15-06-2022 12:37:18]: (INFO) => invalid id: 223-15-1644
[15-06-2022 12:37:18]: (INFO) => invalid id: 141-15-1645
[15-06-2022 12:37:18]: (INFO) => invalid id: 142-15-1645
[15-06-2022 12:37:18]: (INFO) => invalid id: 143-15-1645
[15-06-2022 12:37:18]: (INFO) => invalid id: 151-15-1645
[15-06-2022 12:37:18]: (INFO) => invalid id: 152-15-1645
[15-06-2022 12:37:18]: (INFO) => invalid id: 153-15-1645
[15-06-2022 12:37:18]: (INFO) => invalid id: 161-15-1645
[15-06-2022 12:37:18]: (INFO) => invalid id: 162-15-1645
[15-06-2022 12:37:19]: (INFO) => invalid id: 163-15-1645
[15-06-2022 12:37:19]: (INFO) => invalid id: 171-15-1645
[15-06-2022 12:37:19]: (INFO) => invalid id: 172-15-1645
[15-06-2022 12:37:19]: (INFO) => valid id: 173-15-1645
[15-06-2022 12:37:19]: (INFO) => invalid id: 181-15-1645
[15-06-2022 12:37:19]: (INFO) => invalid id: 182-15-1645
[15-06-2022 12:37:19]: (INFO) => invalid id: 183-15-1645
[15-06-2022 12:37:19]: (INFO) => invalid id: 191-15-1645
[15-06-2022 12:37:19]: (INFO) => invalid id: 192-15-1645
[15-06-2022 12:37:20]: (INFO) => invalid id: 193-15-1645
[15-06-2022 12:37:20]: (INFO) => invalid id: 201-15-1645
[15-06-2022 12:37:20]: (INFO) => invalid id: 202-15-1645
[15-06-2022 12:37:20]: (INFO) => invalid id: 203-15-1645
[15-06-2022 12:37:20]: (INFO) => invalid id: 211-15-1645
[15-06-2022 12:37:20]: (INFO) => invalid id: 212-15-1645
[15-06-2022 12:37:20]: (INFO) => invalid id: 213-15-1645
[15-06-2022 12:37:20]: (INFO) => invalid id: 221-15-1645
[15-06-2022 12:37:21]: (INFO) => invalid id: 222-15-1645
[15-06-2022 12:37:21]: (INFO) => invalid id: 223-15-1645
[15-06-2022 12:37:21]: (INFO) => invalid id: 141-15-1646
[15-06-2022 12:37:22]: (INFO) => invalid id: 142-15-1646
[15-06-2022 12:37:22]: (INFO) => invalid id: 143-15-1646
[15-06-2022 12:37:22]: (INFO) => invalid id: 151-15-1646
[15-06-2022 12:37:22]: (INFO) => invalid id: 152-15-1646
[15-06-2022 12:37:22]: (INFO) => invalid id: 153-15-1646
[15-06-2022 12:37:22]: (INFO) => invalid id: 161-15-1646
[15-06-2022 12:37:23]: (INFO) => invalid id: 162-15-1646
[15-06-2022 12:37:23]: (INFO) => invalid id: 163-15-1646
[15-06-2022 12:37:23]: (INFO) => invalid id: 171-15-1646
[15-06-2022 12:37:23]: (INFO) => invalid id: 172-15-1646
[15-06-2022 12:37:23]: (INFO) => valid id: 173-15-1646
[15-06-2022 12:37:23]: (INFO) => invalid id: 181-15-1646
[15-06-2022 12:37:23]: (INFO) => invalid id: 182-15-1646
[15-06-2022 12:37:23]: (INFO) => invalid id: 183-15-1646
[15-06-2022 12:37:24]: (INFO) => invalid id: 191-15-1646
[15-06-2022 12:37:24]: (INFO) => invalid id: 192-15-1646
[15-06-2022 12:37:24]: (INFO) => invalid id: 193-15-1646
[15-06-2022 12:37:24]: (INFO) => invalid id: 201-15-1646
[15-06-2022 12:37:24]: (INFO) => invalid id: 202-15-1646
[15-06-2022 12:37:24]: (INFO) => invalid id: 203-15-1646
[15-06-2022 12:37:24]: (INFO) => invalid id: 211-15-1646
[15-06-2022 12:37:24]: (INFO) => invalid id: 212-15-1646
[15-06-2022 12:37:25]: (INFO) => invalid id: 213-15-1646
[15-06-2022 12:37:25]: (INFO) => invalid id: 221-15-1646
[15-06-2022 12:37:25]: (INFO) => invalid id: 222-15-1646
[15-06-2022 12:37:25]: (INFO) => invalid id: 223-15-1646
[15-06-2022 12:37:25]: (INFO) => invalid id: 141-15-1647
[15-06-2022 12:37:25]: (INFO) => invalid id: 142-15-1647
[15-06-2022 12:37:26]: (INFO) => invalid id: 143-15-1647
[15-06-2022 12:37:26]: (INFO) => invalid id: 151-15-1647
[15-06-2022 12:37:26]: (INFO) => invalid id: 152-15-1647
[15-06-2022 12:37:26]: (INFO) => invalid id: 153-15-1647
[15-06-2022 12:37:26]: (INFO) => invalid id: 161-15-1647
[15-06-2022 12:37:26]: (INFO) => invalid id: 162-15-1647
[15-06-2022 12:37:27]: (INFO) => invalid id: 163-15-1647
[15-06-2022 12:37:27]: (INFO) => invalid id: 171-15-1647
[15-06-2022 12:37:27]: (INFO) => invalid id: 172-15-1647
[15-06-2022 12:37:27]: (INFO) => valid id: 173-15-1647
[15-06-2022 12:37:28]: (INFO) => invalid id: 181-15-1647
[15-06-2022 12:37:28]: (INFO) => invalid id: 182-15-1647
[15-06-2022 12:37:28]: (INFO) => invalid id: 183-15-1647
[15-06-2022 12:37:29]: (INFO) => invalid id: 191-15-1647
[15-06-2022 12:37:29]: (INFO) => invalid id: 192-15-1647
[15-06-2022 12:37:29]: (INFO) => invalid id: 193-15-1647
[15-06-2022 12:37:29]: (INFO) => invalid id: 201-15-1647
[15-06-2022 12:37:30]: (INFO) => invalid id: 202-15-1647
[15-06-2022 12:37:30]: (INFO) => invalid id: 203-15-1647
[15-06-2022 12:37:30]: (INFO) => invalid id: 211-15-1647
[15-06-2022 12:37:30]: (INFO) => invalid id: 212-15-1647
[15-06-2022 12:37:30]: (INFO) => invalid id: 213-15-1647
[15-06-2022 12:37:31]: (INFO) => invalid id: 221-15-1647
[15-06-2022 12:37:31]: (INFO) => invalid id: 222-15-1647
[15-06-2022 12:37:32]: (INFO) => invalid id: 223-15-1647
[15-06-2022 12:37:33]: (INFO) => invalid id: 141-15-1648
[15-06-2022 12:37:34]: (INFO) => invalid id: 142-15-1648
[15-06-2022 12:37:34]: (INFO) => invalid id: 143-15-1648
[15-06-2022 12:37:35]: (INFO) => invalid id: 151-15-1648
[15-06-2022 12:37:36]: (INFO) => invalid id: 152-15-1648
[15-06-2022 12:37:36]: (INFO) => invalid id: 153-15-1648
[15-06-2022 12:37:37]: (INFO) => invalid id: 161-15-1648
[15-06-2022 12:37:38]: (INFO) => invalid id: 162-15-1648
[15-06-2022 12:37:39]: (INFO) => invalid id: 163-15-1648
[15-06-2022 12:37:39]: (INFO) => invalid id: 171-15-1648
[15-06-2022 12:37:54]: (INFO) => invalid id: 172-15-1648
