# Logfile created on 2022-06-15 00:07:41 +0600 by logger.rb/v1.4.2
[15-06-2022 00:07:41]: (INFO) => semester codes: ["141", "142", "143", "151", "152", "153", "161", "162", "163", "171", "172", "173", "181", "182", "183", "191", "192", "193", "201", "202", "203", "211", "212", "213", "221", "222", "223"]
[15-06-2022 00:07:41]: (INFO) => total_semester_codes: 27
[15-06-2022 00:07:41]: (INFO) => id range: 0541 .. 999
[15-06-2022 00:07:42]: (INFO) => csc: 152 for 15-541
[15-06-2022 00:07:42]: (INFO) => cycled semester code: 152 for 15-541
[15-06-2022 00:07:42]: (INFO) => valid id: 152-15-541
[15-06-2022 00:07:42]: (INFO) => valid id: 152-15-542
[15-06-2022 00:07:42]: (INFO) => valid id: 152-15-543
[15-06-2022 00:07:42]: (INFO) => valid id: 152-15-544
[15-06-2022 00:07:42]: (INFO) => valid id: 152-15-545
[15-06-2022 00:07:42]: (INFO) => valid id: 152-15-546
[15-06-2022 00:07:42]: (INFO) => valid id: 152-15-547
[15-06-2022 00:07:42]: (INFO) => valid id: 152-15-548
[15-06-2022 00:07:42]: (INFO) => valid id: 152-15-549
[15-06-2022 00:07:43]: (INFO) => valid id: 152-15-550
[15-06-2022 00:07:43]: (INFO) => valid id: 152-15-551
[15-06-2022 00:07:43]: (INFO) => valid id: 152-15-552
[15-06-2022 00:07:43]: (INFO) => valid id: 152-15-553
[15-06-2022 00:07:43]: (INFO) => valid id: 152-15-554
[15-06-2022 00:07:43]: (INFO) => valid id: 152-15-555
[15-06-2022 00:07:43]: (INFO) => valid id: 152-15-556
[15-06-2022 00:07:43]: (INFO) => valid id: 152-15-557
[15-06-2022 00:07:43]: (INFO) => valid id: 152-15-558
[15-06-2022 00:07:43]: (INFO) => valid id: 152-15-559
[15-06-2022 00:07:43]: (INFO) => valid id: 152-15-560
[15-06-2022 00:07:44]: (INFO) => valid id: 152-15-561
[15-06-2022 00:07:44]: (INFO) => valid id: 152-15-562
[15-06-2022 00:07:44]: (INFO) => valid id: 152-15-563
[15-06-2022 00:07:44]: (INFO) => valid id: 152-15-564
[15-06-2022 00:07:44]: (INFO) => valid id: 152-15-565
[15-06-2022 00:07:44]: (INFO) => valid id: 152-15-566
[15-06-2022 00:07:44]: (INFO) => valid id: 152-15-567
[15-06-2022 00:07:44]: (INFO) => valid id: 152-15-568
[15-06-2022 00:07:45]: (INFO) => valid id: 152-15-569
[15-06-2022 00:07:45]: (INFO) => valid id: 152-15-570
[15-06-2022 00:07:45]: (INFO) => valid id: 152-15-571
[15-06-2022 00:07:45]: (INFO) => valid id: 152-15-572
[15-06-2022 00:07:45]: (INFO) => valid id: 152-15-573
[15-06-2022 00:07:45]: (INFO) => valid id: 152-15-574
[15-06-2022 00:07:45]: (INFO) => valid id: 152-15-575
[15-06-2022 00:07:45]: (INFO) => valid id: 152-15-576
[15-06-2022 00:07:46]: (INFO) => valid id: 152-15-577
[15-06-2022 00:07:46]: (INFO) => valid id: 152-15-578
[15-06-2022 00:07:46]: (INFO) => valid id: 152-15-579
[15-06-2022 00:07:46]: (INFO) => valid id: 152-15-580
[15-06-2022 00:07:46]: (INFO) => valid id: 152-15-581
[15-06-2022 00:07:46]: (INFO) => csc: 153 for 15-582
[15-06-2022 00:07:46]: (INFO) => cycled semester code: 153 for 15-582
[15-06-2022 00:07:47]: (INFO) => valid id: 153-15-582
[15-06-2022 00:07:47]: (INFO) => valid id: 153-15-583
[15-06-2022 00:07:47]: (INFO) => valid id: 153-15-584
[15-06-2022 00:07:47]: (INFO) => valid id: 153-15-585
[15-06-2022 00:07:47]: (INFO) => valid id: 153-15-586
[15-06-2022 00:07:47]: (INFO) => valid id: 153-15-587
[15-06-2022 00:07:47]: (INFO) => valid id: 153-15-588
[15-06-2022 00:07:47]: (INFO) => valid id: 153-15-589
[15-06-2022 00:07:47]: (INFO) => valid id: 153-15-590
[15-06-2022 00:07:47]: (INFO) => valid id: 153-15-591
[15-06-2022 00:07:48]: (INFO) => valid id: 153-15-592
[15-06-2022 00:07:48]: (INFO) => valid id: 153-15-593
[15-06-2022 00:07:48]: (INFO) => valid id: 153-15-594
[15-06-2022 00:07:48]: (INFO) => valid id: 153-15-595
[15-06-2022 00:07:48]: (INFO) => valid id: 153-15-596
[15-06-2022 00:07:48]: (INFO) => valid id: 153-15-597
[15-06-2022 00:07:48]: (INFO) => valid id: 153-15-598
[15-06-2022 00:07:48]: (INFO) => valid id: 153-15-599
[15-06-2022 00:07:48]: (INFO) => valid id: 153-15-600
[15-06-2022 00:07:48]: (INFO) => valid id: 153-15-601
[15-06-2022 00:07:48]: (INFO) => valid id: 153-15-602
[15-06-2022 00:07:49]: (INFO) => valid id: 153-15-603
[15-06-2022 00:07:49]: (INFO) => valid id: 153-15-604
[15-06-2022 00:07:49]: (INFO) => valid id: 153-15-605
[15-06-2022 00:07:49]: (INFO) => valid id: 153-15-606
[15-06-2022 00:07:49]: (INFO) => valid id: 153-15-607
[15-06-2022 00:07:49]: (INFO) => valid id: 153-15-608
[15-06-2022 00:07:49]: (INFO) => valid id: 153-15-609
[15-06-2022 00:07:49]: (INFO) => valid id: 153-15-610
[15-06-2022 00:07:49]: (INFO) => valid id: 153-15-611
[15-06-2022 00:07:50]: (INFO) => valid id: 153-15-612
[15-06-2022 00:07:50]: (INFO) => valid id: 153-15-613
[15-06-2022 00:07:50]: (INFO) => valid id: 153-15-614
[15-06-2022 00:07:50]: (INFO) => valid id: 153-15-615
[15-06-2022 00:07:50]: (INFO) => valid id: 153-15-616
[15-06-2022 00:07:50]: (INFO) => valid id: 153-15-617
[15-06-2022 00:07:50]: (INFO) => valid id: 153-15-618
[15-06-2022 00:07:51]: (INFO) => valid id: 153-15-619
[15-06-2022 00:07:51]: (INFO) => valid id: 153-15-620
[15-06-2022 00:07:51]: (INFO) => valid id: 153-15-621
[15-06-2022 00:07:51]: (INFO) => valid id: 153-15-622
[15-06-2022 00:07:51]: (INFO) => valid id: 153-15-623
[15-06-2022 00:07:51]: (INFO) => valid id: 153-15-624
[15-06-2022 00:07:51]: (INFO) => valid id: 153-15-625
[15-06-2022 00:07:52]: (INFO) => valid id: 153-15-626
[15-06-2022 00:07:52]: (INFO) => valid id: 153-15-627
[15-06-2022 00:07:52]: (INFO) => valid id: 153-15-628
[15-06-2022 00:07:52]: (INFO) => valid id: 153-15-629
[15-06-2022 00:07:52]: (INFO) => valid id: 153-15-630
[15-06-2022 00:07:52]: (INFO) => valid id: 153-15-631
[15-06-2022 00:07:52]: (INFO) => valid id: 153-15-632
[15-06-2022 00:07:52]: (INFO) => valid id: 153-15-633
[15-06-2022 00:07:52]: (INFO) => valid id: 153-15-634
[15-06-2022 00:07:53]: (INFO) => valid id: 153-15-635
[15-06-2022 00:07:53]: (INFO) => valid id: 153-15-636
[15-06-2022 00:07:53]: (INFO) => valid id: 153-15-637
[15-06-2022 00:07:53]: (INFO) => valid id: 153-15-638
[15-06-2022 00:07:53]: (INFO) => valid id: 153-15-639
[15-06-2022 00:07:53]: (INFO) => valid id: 153-15-640
[15-06-2022 00:07:53]: (INFO) => valid id: 153-15-641
[15-06-2022 00:07:53]: (INFO) => valid id: 153-15-642
[15-06-2022 00:07:53]: (INFO) => valid id: 153-15-643
[15-06-2022 00:07:54]: (INFO) => valid id: 153-15-644
[15-06-2022 00:07:54]: (INFO) => csc: 161 for 15-645
[15-06-2022 00:07:54]: (INFO) => cycled semester code: 161 for 15-645
[15-06-2022 00:07:54]: (INFO) => valid id: 161-15-645
[15-06-2022 00:07:54]: (INFO) => valid id: 161-15-646
[15-06-2022 00:07:54]: (INFO) => valid id: 161-15-647
[15-06-2022 00:07:54]: (INFO) => valid id: 161-15-648
[15-06-2022 00:07:54]: (INFO) => valid id: 161-15-649
[15-06-2022 00:07:54]: (INFO) => valid id: 161-15-650
[15-06-2022 00:07:54]: (INFO) => valid id: 161-15-651
[15-06-2022 00:07:54]: (INFO) => valid id: 161-15-652
[15-06-2022 00:07:55]: (INFO) => valid id: 161-15-653
[15-06-2022 00:07:55]: (INFO) => valid id: 161-15-654
[15-06-2022 00:07:55]: (INFO) => valid id: 161-15-655
[15-06-2022 00:07:55]: (INFO) => valid id: 161-15-656
[15-06-2022 00:07:55]: (INFO) => valid id: 161-15-657
[15-06-2022 00:07:55]: (INFO) => valid id: 161-15-658
[15-06-2022 00:07:55]: (INFO) => valid id: 161-15-659
[15-06-2022 00:07:56]: (INFO) => valid id: 161-15-660
[15-06-2022 00:07:56]: (INFO) => valid id: 161-15-661
[15-06-2022 00:07:56]: (INFO) => valid id: 161-15-662
[15-06-2022 00:07:56]: (INFO) => valid id: 161-15-663
[15-06-2022 00:07:56]: (INFO) => valid id: 161-15-664
[15-06-2022 00:07:56]: (INFO) => valid id: 161-15-665
[15-06-2022 00:07:56]: (INFO) => valid id: 161-15-666
[15-06-2022 00:07:57]: (INFO) => valid id: 161-15-667
[15-06-2022 00:07:57]: (INFO) => valid id: 161-15-668
[15-06-2022 00:07:57]: (INFO) => valid id: 161-15-669
[15-06-2022 00:07:57]: (INFO) => valid id: 161-15-670
[15-06-2022 00:07:57]: (INFO) => valid id: 161-15-671
[15-06-2022 00:07:57]: (INFO) => valid id: 161-15-672
[15-06-2022 00:07:57]: (INFO) => valid id: 161-15-673
[15-06-2022 00:07:57]: (INFO) => valid id: 161-15-674
[15-06-2022 00:07:57]: (INFO) => valid id: 161-15-675
[15-06-2022 00:07:57]: (INFO) => valid id: 161-15-676
[15-06-2022 00:07:58]: (INFO) => valid id: 161-15-677
[15-06-2022 00:07:58]: (INFO) => valid id: 161-15-678
[15-06-2022 00:07:58]: (INFO) => valid id: 161-15-679
[15-06-2022 00:07:58]: (INFO) => valid id: 161-15-680
[15-06-2022 00:07:58]: (INFO) => valid id: 161-15-681
[15-06-2022 00:07:58]: (INFO) => valid id: 161-15-682
[15-06-2022 00:07:58]: (INFO) => valid id: 161-15-683
[15-06-2022 00:07:58]: (INFO) => valid id: 161-15-684
[15-06-2022 00:07:58]: (INFO) => valid id: 161-15-685
[15-06-2022 00:07:58]: (INFO) => valid id: 161-15-686
[15-06-2022 00:07:58]: (INFO) => valid id: 161-15-687
[15-06-2022 00:07:58]: (INFO) => valid id: 161-15-688
[15-06-2022 00:07:59]: (INFO) => valid id: 161-15-689
[15-06-2022 00:07:59]: (INFO) => valid id: 161-15-690
[15-06-2022 00:07:59]: (INFO) => valid id: 161-15-691
[15-06-2022 00:07:59]: (INFO) => valid id: 161-15-692
[15-06-2022 00:07:59]: (INFO) => valid id: 161-15-693
[15-06-2022 00:07:59]: (INFO) => valid id: 161-15-694
[15-06-2022 00:07:59]: (INFO) => valid id: 161-15-695
[15-06-2022 00:07:59]: (INFO) => valid id: 161-15-696
[15-06-2022 00:07:59]: (INFO) => valid id: 161-15-697
[15-06-2022 00:07:59]: (INFO) => valid id: 161-15-698
[15-06-2022 00:07:59]: (INFO) => valid id: 161-15-699
[15-06-2022 00:08:00]: (INFO) => valid id: 161-15-700
[15-06-2022 00:08:00]: (INFO) => valid id: 161-15-701
[15-06-2022 00:08:00]: (INFO) => valid id: 161-15-702
[15-06-2022 00:08:00]: (INFO) => valid id: 161-15-703
[15-06-2022 00:08:00]: (INFO) => valid id: 161-15-704
[15-06-2022 00:08:00]: (INFO) => valid id: 161-15-705
[15-06-2022 00:08:00]: (INFO) => valid id: 161-15-706
[15-06-2022 00:08:00]: (INFO) => valid id: 161-15-707
[15-06-2022 00:08:00]: (INFO) => valid id: 161-15-708
[15-06-2022 00:08:01]: (INFO) => valid id: 161-15-709
[15-06-2022 00:08:01]: (INFO) => valid id: 161-15-710
[15-06-2022 00:08:01]: (INFO) => valid id: 161-15-711
[15-06-2022 00:08:01]: (INFO) => valid id: 161-15-712
[15-06-2022 00:08:01]: (INFO) => valid id: 161-15-713
[15-06-2022 00:08:01]: (INFO) => valid id: 161-15-714
[15-06-2022 00:08:01]: (INFO) => valid id: 161-15-715
[15-06-2022 00:08:02]: (INFO) => valid id: 161-15-716
[15-06-2022 00:08:02]: (INFO) => valid id: 161-15-717
[15-06-2022 00:08:02]: (INFO) => valid id: 161-15-718
[15-06-2022 00:08:02]: (INFO) => valid id: 161-15-719
[15-06-2022 00:08:02]: (INFO) => valid id: 161-15-720
[15-06-2022 00:08:02]: (INFO) => valid id: 161-15-721
[15-06-2022 00:08:02]: (INFO) => valid id: 161-15-722
[15-06-2022 00:08:02]: (INFO) => valid id: 161-15-723
[15-06-2022 00:08:02]: (INFO) => valid id: 161-15-724
[15-06-2022 00:08:03]: (INFO) => valid id: 161-15-725
[15-06-2022 00:08:03]: (INFO) => valid id: 161-15-726
[15-06-2022 00:08:03]: (INFO) => valid id: 161-15-727
[15-06-2022 00:08:03]: (INFO) => valid id: 161-15-728
[15-06-2022 00:08:03]: (INFO) => valid id: 161-15-729
[15-06-2022 00:08:03]: (INFO) => valid id: 161-15-730
[15-06-2022 00:08:03]: (INFO) => valid id: 161-15-731
[15-06-2022 00:08:03]: (INFO) => valid id: 161-15-732
[15-06-2022 00:08:04]: (INFO) => csc: 162 for 15-733
[15-06-2022 00:08:04]: (INFO) => cycled semester code: 162 for 15-733
[15-06-2022 00:08:04]: (INFO) => valid id: 162-15-733
[15-06-2022 00:08:04]: (INFO) => valid id: 162-15-734
[15-06-2022 00:08:04]: (INFO) => valid id: 162-15-735
[15-06-2022 00:08:04]: (INFO) => valid id: 162-15-736
[15-06-2022 00:08:04]: (INFO) => valid id: 162-15-737
[15-06-2022 00:08:04]: (INFO) => valid id: 162-15-738
[15-06-2022 00:08:04]: (INFO) => valid id: 162-15-739
[15-06-2022 00:08:04]: (INFO) => valid id: 162-15-740
[15-06-2022 00:08:04]: (INFO) => valid id: 162-15-741
[15-06-2022 00:08:04]: (INFO) => valid id: 162-15-742
[15-06-2022 00:08:04]: (INFO) => valid id: 162-15-743
[15-06-2022 00:08:04]: (INFO) => valid id: 162-15-744
[15-06-2022 00:08:05]: (INFO) => valid id: 162-15-745
[15-06-2022 00:08:05]: (INFO) => valid id: 162-15-746
[15-06-2022 00:08:05]: (INFO) => valid id: 162-15-747
[15-06-2022 00:08:05]: (INFO) => valid id: 162-15-748
[15-06-2022 00:08:05]: (INFO) => valid id: 162-15-749
[15-06-2022 00:08:05]: (INFO) => valid id: 162-15-750
[15-06-2022 00:08:05]: (INFO) => valid id: 162-15-751
[15-06-2022 00:08:05]: (INFO) => valid id: 162-15-752
[15-06-2022 00:08:05]: (INFO) => valid id: 162-15-753
[15-06-2022 00:08:05]: (INFO) => valid id: 162-15-754
[15-06-2022 00:08:05]: (INFO) => valid id: 162-15-755
[15-06-2022 00:08:06]: (INFO) => valid id: 162-15-756
[15-06-2022 00:08:06]: (INFO) => valid id: 162-15-757
[15-06-2022 00:08:06]: (INFO) => valid id: 162-15-758
[15-06-2022 00:08:06]: (INFO) => valid id: 162-15-759
[15-06-2022 00:08:06]: (INFO) => valid id: 162-15-760
[15-06-2022 00:08:06]: (INFO) => valid id: 162-15-761
[15-06-2022 00:08:06]: (INFO) => valid id: 162-15-762
[15-06-2022 00:08:06]: (INFO) => valid id: 162-15-763
[15-06-2022 00:08:06]: (INFO) => valid id: 162-15-764
[15-06-2022 00:08:07]: (INFO) => valid id: 162-15-765
[15-06-2022 00:08:07]: (INFO) => valid id: 162-15-766
[15-06-2022 00:08:07]: (INFO) => valid id: 162-15-767
[15-06-2022 00:08:07]: (INFO) => valid id: 162-15-768
[15-06-2022 00:08:07]: (INFO) => valid id: 162-15-769
[15-06-2022 00:08:07]: (INFO) => valid id: 162-15-770
[15-06-2022 00:08:07]: (INFO) => valid id: 162-15-771
[15-06-2022 00:08:07]: (INFO) => valid id: 162-15-772
[15-06-2022 00:08:07]: (INFO) => valid id: 162-15-773
[15-06-2022 00:08:07]: (INFO) => valid id: 162-15-774
[15-06-2022 00:08:08]: (INFO) => valid id: 162-15-775
[15-06-2022 00:08:08]: (INFO) => valid id: 162-15-776
[15-06-2022 00:08:08]: (INFO) => valid id: 162-15-777
[15-06-2022 00:08:08]: (INFO) => valid id: 162-15-778
[15-06-2022 00:08:08]: (INFO) => valid id: 162-15-779
[15-06-2022 00:08:08]: (INFO) => valid id: 162-15-780
[15-06-2022 00:08:08]: (INFO) => valid id: 162-15-781
[15-06-2022 00:08:08]: (INFO) => csc: 163 for 15-782
[15-06-2022 00:08:08]: (INFO) => cycled semester code: 163 for 15-782
[15-06-2022 00:08:08]: (INFO) => valid id: 163-15-782
[15-06-2022 00:08:08]: (INFO) => valid id: 163-15-783
[15-06-2022 00:08:08]: (INFO) => valid id: 163-15-784
[15-06-2022 00:08:09]: (INFO) => valid id: 163-15-785
[15-06-2022 00:08:09]: (INFO) => valid id: 163-15-786
[15-06-2022 00:08:09]: (INFO) => valid id: 163-15-787
[15-06-2022 00:08:09]: (INFO) => valid id: 163-15-788
[15-06-2022 00:08:09]: (INFO) => valid id: 163-15-789
[15-06-2022 00:08:09]: (INFO) => valid id: 163-15-790
[15-06-2022 00:08:09]: (INFO) => valid id: 163-15-791
[15-06-2022 00:08:09]: (INFO) => valid id: 163-15-792
[15-06-2022 00:08:09]: (INFO) => valid id: 163-15-793
[15-06-2022 00:08:10]: (INFO) => valid id: 163-15-794
[15-06-2022 00:08:10]: (INFO) => valid id: 163-15-795
[15-06-2022 00:08:10]: (INFO) => valid id: 163-15-796
[15-06-2022 00:08:10]: (INFO) => valid id: 163-15-797
[15-06-2022 00:08:10]: (INFO) => valid id: 163-15-798
[15-06-2022 00:08:10]: (INFO) => valid id: 163-15-799
[15-06-2022 00:08:10]: (INFO) => valid id: 163-15-800
[15-06-2022 00:08:10]: (INFO) => valid id: 163-15-801
[15-06-2022 00:08:10]: (INFO) => valid id: 163-15-802
[15-06-2022 00:08:10]: (INFO) => valid id: 163-15-803
[15-06-2022 00:08:10]: (INFO) => valid id: 163-15-804
[15-06-2022 00:08:11]: (INFO) => valid id: 163-15-805
[15-06-2022 00:08:11]: (INFO) => valid id: 163-15-806
[15-06-2022 00:08:11]: (INFO) => valid id: 163-15-807
[15-06-2022 00:08:11]: (INFO) => valid id: 163-15-808
[15-06-2022 00:08:11]: (INFO) => valid id: 163-15-809
[15-06-2022 00:08:11]: (INFO) => valid id: 163-15-810
[15-06-2022 00:08:11]: (INFO) => valid id: 163-15-811
[15-06-2022 00:08:11]: (INFO) => valid id: 163-15-812
[15-06-2022 00:08:11]: (INFO) => valid id: 163-15-813
[15-06-2022 00:08:11]: (INFO) => valid id: 163-15-814
[15-06-2022 00:08:11]: (INFO) => valid id: 163-15-815
[15-06-2022 00:08:12]: (INFO) => csc: 171 for 15-816
[15-06-2022 00:08:12]: (INFO) => cycled semester code: 171 for 15-816
[15-06-2022 00:08:12]: (INFO) => valid id: 171-15-816
[15-06-2022 00:08:12]: (INFO) => valid id: 171-15-817
[15-06-2022 00:08:12]: (INFO) => valid id: 171-15-818
[15-06-2022 00:08:12]: (INFO) => valid id: 171-15-819
[15-06-2022 00:08:12]: (INFO) => valid id: 171-15-820
[15-06-2022 00:08:12]: (INFO) => valid id: 171-15-821
[15-06-2022 00:08:12]: (INFO) => valid id: 171-15-822
[15-06-2022 00:08:12]: (INFO) => valid id: 171-15-823
[15-06-2022 00:08:12]: (INFO) => valid id: 171-15-824
[15-06-2022 00:08:12]: (INFO) => valid id: 171-15-825
[15-06-2022 00:08:13]: (INFO) => valid id: 171-15-826
[15-06-2022 00:08:13]: (INFO) => valid id: 171-15-827
[15-06-2022 00:08:13]: (INFO) => valid id: 171-15-828
[15-06-2022 00:08:13]: (INFO) => valid id: 171-15-829
[15-06-2022 00:08:13]: (INFO) => valid id: 171-15-830
[15-06-2022 00:08:13]: (INFO) => valid id: 171-15-831
[15-06-2022 00:08:13]: (INFO) => valid id: 171-15-832
[15-06-2022 00:08:13]: (INFO) => valid id: 171-15-833
[15-06-2022 00:08:14]: (INFO) => valid id: 171-15-834
[15-06-2022 00:08:14]: (INFO) => valid id: 171-15-835
[15-06-2022 00:08:14]: (INFO) => valid id: 171-15-836
[15-06-2022 00:08:14]: (INFO) => valid id: 171-15-837
[15-06-2022 00:08:14]: (INFO) => valid id: 171-15-838
[15-06-2022 00:08:14]: (INFO) => valid id: 171-15-839
[15-06-2022 00:08:14]: (INFO) => valid id: 171-15-840
[15-06-2022 00:08:14]: (INFO) => valid id: 171-15-841
[15-06-2022 00:08:14]: (INFO) => valid id: 171-15-842
[15-06-2022 00:08:15]: (INFO) => valid id: 171-15-843
[15-06-2022 00:08:15]: (INFO) => valid id: 171-15-844
[15-06-2022 00:08:15]: (INFO) => valid id: 171-15-845
[15-06-2022 00:08:15]: (INFO) => valid id: 171-15-846
[15-06-2022 00:08:15]: (INFO) => valid id: 171-15-847
[15-06-2022 00:08:15]: (INFO) => valid id: 171-15-848
[15-06-2022 00:08:15]: (INFO) => valid id: 171-15-849
[15-06-2022 00:08:15]: (INFO) => valid id: 171-15-850
[15-06-2022 00:08:15]: (INFO) => valid id: 171-15-851
[15-06-2022 00:08:15]: (INFO) => valid id: 171-15-852
[15-06-2022 00:08:15]: (INFO) => valid id: 171-15-853
[15-06-2022 00:08:15]: (INFO) => valid id: 171-15-854
[15-06-2022 00:08:16]: (INFO) => valid id: 171-15-855
[15-06-2022 00:08:16]: (INFO) => valid id: 171-15-856
[15-06-2022 00:08:16]: (INFO) => valid id: 171-15-857
[15-06-2022 00:08:16]: (INFO) => valid id: 171-15-858
[15-06-2022 00:08:16]: (INFO) => valid id: 171-15-859
[15-06-2022 00:08:16]: (INFO) => valid id: 171-15-860
[15-06-2022 00:08:16]: (INFO) => valid id: 171-15-861
[15-06-2022 00:08:16]: (INFO) => valid id: 171-15-862
[15-06-2022 00:08:16]: (INFO) => valid id: 171-15-863
[15-06-2022 00:08:16]: (INFO) => valid id: 171-15-864
[15-06-2022 00:08:17]: (INFO) => valid id: 171-15-865
[15-06-2022 00:08:17]: (INFO) => valid id: 171-15-866
[15-06-2022 00:08:17]: (INFO) => valid id: 171-15-867
[15-06-2022 00:08:17]: (INFO) => valid id: 171-15-868
[15-06-2022 00:08:17]: (INFO) => valid id: 171-15-869
[15-06-2022 00:08:17]: (INFO) => valid id: 171-15-870
[15-06-2022 00:08:17]: (INFO) => valid id: 171-15-871
[15-06-2022 00:08:17]: (INFO) => valid id: 171-15-872
[15-06-2022 00:08:17]: (INFO) => valid id: 171-15-873
[15-06-2022 00:08:17]: (INFO) => valid id: 171-15-874
[15-06-2022 00:08:18]: (INFO) => valid id: 171-15-875
[15-06-2022 00:08:18]: (INFO) => valid id: 171-15-876
[15-06-2022 00:08:18]: (INFO) => valid id: 171-15-877
[15-06-2022 00:08:18]: (INFO) => valid id: 171-15-878
[15-06-2022 00:08:18]: (INFO) => valid id: 171-15-879
[15-06-2022 00:08:18]: (INFO) => valid id: 171-15-880
[15-06-2022 00:08:18]: (INFO) => valid id: 171-15-881
[15-06-2022 00:08:18]: (INFO) => valid id: 171-15-882
[15-06-2022 00:08:18]: (INFO) => valid id: 171-15-883
[15-06-2022 00:08:18]: (INFO) => valid id: 171-15-884
[15-06-2022 00:08:18]: (INFO) => valid id: 171-15-885
[15-06-2022 00:08:19]: (INFO) => valid id: 171-15-886
[15-06-2022 00:08:19]: (INFO) => valid id: 171-15-887
[15-06-2022 00:08:19]: (INFO) => valid id: 171-15-888
[15-06-2022 00:08:19]: (INFO) => valid id: 171-15-889
[15-06-2022 00:08:19]: (INFO) => valid id: 171-15-890
[15-06-2022 00:08:19]: (INFO) => valid id: 171-15-891
[15-06-2022 00:08:19]: (INFO) => valid id: 171-15-892
[15-06-2022 00:08:19]: (INFO) => valid id: 171-15-893
[15-06-2022 00:08:19]: (INFO) => valid id: 171-15-894
[15-06-2022 00:08:19]: (INFO) => valid id: 171-15-895
[15-06-2022 00:08:19]: (INFO) => valid id: 171-15-896
[15-06-2022 00:08:20]: (INFO) => valid id: 171-15-897
[15-06-2022 00:08:20]: (INFO) => csc: 172 for 15-898
[15-06-2022 00:08:20]: (INFO) => cycled semester code: 172 for 15-898
[15-06-2022 00:08:20]: (INFO) => valid id: 172-15-898
[15-06-2022 00:08:20]: (INFO) => valid id: 172-15-899
[15-06-2022 00:08:20]: (INFO) => valid id: 172-15-900
[15-06-2022 00:08:20]: (INFO) => valid id: 172-15-901
[15-06-2022 00:08:20]: (INFO) => valid id: 172-15-902
[15-06-2022 00:08:20]: (INFO) => valid id: 172-15-903
[15-06-2022 00:08:20]: (INFO) => valid id: 172-15-904
[15-06-2022 00:08:20]: (INFO) => valid id: 172-15-905
[15-06-2022 00:08:21]: (INFO) => valid id: 172-15-906
[15-06-2022 00:08:21]: (INFO) => valid id: 172-15-907
[15-06-2022 00:08:21]: (INFO) => valid id: 172-15-908
[15-06-2022 00:08:21]: (INFO) => valid id: 172-15-909
[15-06-2022 00:08:21]: (INFO) => valid id: 172-15-910
[15-06-2022 00:08:21]: (INFO) => valid id: 172-15-911
[15-06-2022 00:08:21]: (INFO) => valid id: 172-15-912
[15-06-2022 00:08:21]: (INFO) => valid id: 172-15-913
[15-06-2022 00:08:21]: (INFO) => valid id: 172-15-914
[15-06-2022 00:08:22]: (INFO) => valid id: 172-15-915
[15-06-2022 00:08:22]: (INFO) => valid id: 172-15-916
[15-06-2022 00:08:22]: (INFO) => valid id: 172-15-917
[15-06-2022 00:08:22]: (INFO) => valid id: 172-15-918
[15-06-2022 00:08:22]: (INFO) => csc: 173 for 15-919
[15-06-2022 00:08:22]: (INFO) => cycled semester code: 173 for 15-919
[15-06-2022 00:08:22]: (INFO) => valid id: 173-15-919
[15-06-2022 00:08:22]: (INFO) => valid id: 173-15-920
[15-06-2022 00:08:22]: (INFO) => valid id: 173-15-921
[15-06-2022 00:08:22]: (INFO) => valid id: 173-15-922
[15-06-2022 00:08:22]: (INFO) => valid id: 173-15-923
[15-06-2022 00:08:22]: (INFO) => valid id: 173-15-924
[15-06-2022 00:08:23]: (INFO) => valid id: 173-15-925
[15-06-2022 00:08:23]: (INFO) => valid id: 173-15-926
[15-06-2022 00:08:23]: (INFO) => valid id: 173-15-927
[15-06-2022 00:08:23]: (INFO) => valid id: 173-15-928
[15-06-2022 00:08:23]: (INFO) => valid id: 173-15-929
[15-06-2022 00:08:23]: (INFO) => csc: 181 for 15-930
[15-06-2022 00:08:23]: (INFO) => cycled semester code: 181 for 15-930
[15-06-2022 00:08:23]: (INFO) => valid id: 181-15-930
[15-06-2022 00:08:23]: (INFO) => valid id: 181-15-931
[15-06-2022 00:08:23]: (INFO) => valid id: 181-15-932
[15-06-2022 00:08:24]: (INFO) => valid id: 181-15-933
[15-06-2022 00:08:24]: (INFO) => valid id: 181-15-934
[15-06-2022 00:08:24]: (INFO) => valid id: 181-15-935
[15-06-2022 00:08:24]: (INFO) => valid id: 181-15-936
[15-06-2022 00:08:24]: (INFO) => valid id: 181-15-937
[15-06-2022 00:08:24]: (INFO) => valid id: 181-15-938
[15-06-2022 00:08:25]: (INFO) => valid id: 181-15-939
[15-06-2022 00:08:25]: (INFO) => valid id: 181-15-940
[15-06-2022 00:08:25]: (INFO) => valid id: 181-15-941
[15-06-2022 00:08:25]: (INFO) => valid id: 181-15-942
[15-06-2022 00:08:25]: (INFO) => valid id: 181-15-943
[15-06-2022 00:08:25]: (INFO) => valid id: 181-15-944
[15-06-2022 00:08:25]: (INFO) => valid id: 181-15-945
[15-06-2022 00:08:25]: (INFO) => valid id: 181-15-946
[15-06-2022 00:08:25]: (INFO) => valid id: 181-15-947
[15-06-2022 00:08:26]: (INFO) => valid id: 181-15-948
[15-06-2022 00:08:26]: (INFO) => valid id: 181-15-949
[15-06-2022 00:08:26]: (INFO) => valid id: 181-15-950
[15-06-2022 00:08:26]: (INFO) => valid id: 181-15-951
[15-06-2022 00:08:26]: (INFO) => valid id: 181-15-952
[15-06-2022 00:08:26]: (INFO) => valid id: 181-15-953
[15-06-2022 00:08:26]: (INFO) => valid id: 181-15-954
[15-06-2022 00:08:26]: (INFO) => valid id: 181-15-955
[15-06-2022 00:08:27]: (INFO) => valid id: 181-15-956
[15-06-2022 00:08:27]: (INFO) => valid id: 181-15-957
[15-06-2022 00:08:27]: (INFO) => valid id: 181-15-958
