# Logfile created on 2022-06-14 23:19:25 +0600 by logger.rb/v1.4.2
[14-06-2022 23:19:25]: (INFO) => semester codes: ["181", "182", "183", "191", "192", "193", "201", "202", "203", "211", "212", "213", "221", "222", "223"]
[14-06-2022 23:19:25]: (INFO) => total_semester_codes: 15
[14-06-2022 23:19:25]: (INFO) => id range: 0 .. 99
[14-06-2022 23:19:26]: (INFO) => cycled semester code: 181 for 15-0
[14-06-2022 23:19:28]: (INFO) => cycled semester code: 181 for 15-1
[14-06-2022 23:19:31]: (INFO) => cycled semester code: 181 for 15-2
[14-06-2022 23:19:32]: (INFO) => cycled semester code: 181 for 15-3
[14-06-2022 23:19:35]: (INFO) => cycled semester code: 181 for 15-4
[14-06-2022 23:19:37]: (INFO) => cycled semester code: 181 for 15-5
[14-06-2022 23:19:39]: (INFO) => cycled semester code: 181 for 15-6
[14-06-2022 23:19:40]: (INFO) => cycled semester code: 181 for 15-7
[14-06-2022 23:19:42]: (INFO) => cycled semester code: 181 for 15-8
[14-06-2022 23:19:44]: (INFO) => cycled semester code: 181 for 15-9
[14-06-2022 23:19:46]: (INFO) => cycled semester code: 181 for 15-00
[14-06-2022 23:19:49]: (INFO) => cycled semester code: 181 for 15-01
[14-06-2022 23:19:51]: (INFO) => cycled semester code: 181 for 15-02
[14-06-2022 23:19:53]: (INFO) => cycled semester code: 181 for 15-03
[14-06-2022 23:19:56]: (INFO) => cycled semester code: 181 for 15-04
[14-06-2022 23:19:59]: (INFO) => cycled semester code: 181 for 15-05
[14-06-2022 23:20:01]: (INFO) => cycled semester code: 181 for 15-06
[14-06-2022 23:20:03]: (INFO) => cycled semester code: 181 for 15-07
[14-06-2022 23:20:06]: (INFO) => cycled semester code: 181 for 15-08
[14-06-2022 23:20:08]: (INFO) => cycled semester code: 181 for 15-09
[14-06-2022 23:20:11]: (INFO) => cycled semester code: 181 for 15-10
[14-06-2022 23:20:12]: (INFO) => cycled semester code: 181 for 15-11
[14-06-2022 23:20:13]: (INFO) => cycled semester code: 181 for 15-12
[14-06-2022 23:20:15]: (INFO) => cycled semester code: 181 for 15-13
[14-06-2022 23:20:17]: (INFO) => cycled semester code: 181 for 15-14
[14-06-2022 23:20:18]: (INFO) => cycled semester code: 181 for 15-15
[14-06-2022 23:20:20]: (INFO) => cycled semester code: 181 for 15-16
[14-06-2022 23:20:22]: (INFO) => cycled semester code: 181 for 15-17
[14-06-2022 23:20:23]: (INFO) => cycled semester code: 181 for 15-18
[14-06-2022 23:20:25]: (INFO) => cycled semester code: 181 for 15-19
[14-06-2022 23:20:26]: (INFO) => cycled semester code: 181 for 15-20
[14-06-2022 23:20:29]: (INFO) => cycled semester code: 181 for 15-21
[14-06-2022 23:20:31]: (INFO) => cycled semester code: 181 for 15-22
[14-06-2022 23:20:32]: (INFO) => cycled semester code: 181 for 15-23
[14-06-2022 23:20:33]: (INFO) => cycled semester code: 181 for 15-24
[14-06-2022 23:20:35]: (INFO) => cycled semester code: 181 for 15-25
[14-06-2022 23:20:37]: (INFO) => cycled semester code: 181 for 15-26
[14-06-2022 23:20:38]: (INFO) => cycled semester code: 181 for 15-27
[14-06-2022 23:20:39]: (INFO) => cycled semester code: 181 for 15-28
[14-06-2022 23:20:41]: (INFO) => cycled semester code: 181 for 15-29
[14-06-2022 23:20:42]: (INFO) => cycled semester code: 181 for 15-30
[14-06-2022 23:20:44]: (INFO) => cycled semester code: 181 for 15-31
[14-06-2022 23:20:45]: (INFO) => cycled semester code: 181 for 15-32
[14-06-2022 23:20:48]: (INFO) => cycled semester code: 181 for 15-33
[14-06-2022 23:20:50]: (INFO) => cycled semester code: 181 for 15-34
[14-06-2022 23:20:51]: (INFO) => cycled semester code: 181 for 15-35
[14-06-2022 23:20:53]: (INFO) => cycled semester code: 181 for 15-36
[14-06-2022 23:20:54]: (INFO) => cycled semester code: 181 for 15-37
[14-06-2022 23:20:56]: (INFO) => cycled semester code: 181 for 15-38
[14-06-2022 23:20:58]: (INFO) => cycled semester code: 181 for 15-39
[14-06-2022 23:20:59]: (INFO) => cycled semester code: 181 for 15-40
[14-06-2022 23:21:01]: (INFO) => cycled semester code: 181 for 15-41
[14-06-2022 23:21:02]: (INFO) => cycled semester code: 181 for 15-42
[14-06-2022 23:21:04]: (INFO) => cycled semester code: 181 for 15-43
[14-06-2022 23:21:05]: (INFO) => cycled semester code: 181 for 15-44
[14-06-2022 23:21:07]: (INFO) => cycled semester code: 181 for 15-45
[14-06-2022 23:21:08]: (INFO) => cycled semester code: 181 for 15-46
[14-06-2022 23:21:10]: (INFO) => cycled semester code: 181 for 15-47
[14-06-2022 23:21:12]: (INFO) => cycled semester code: 181 for 15-48
[14-06-2022 23:21:14]: (INFO) => cycled semester code: 181 for 15-49
[14-06-2022 23:21:15]: (INFO) => cycled semester code: 181 for 15-50
[14-06-2022 23:21:17]: (INFO) => cycled semester code: 181 for 15-51
[14-06-2022 23:21:18]: (INFO) => cycled semester code: 181 for 15-52
[14-06-2022 23:21:20]: (INFO) => cycled semester code: 181 for 15-53
[14-06-2022 23:21:22]: (INFO) => cycled semester code: 181 for 15-54
[14-06-2022 23:21:23]: (INFO) => cycled semester code: 181 for 15-55
[14-06-2022 23:21:25]: (INFO) => cycled semester code: 181 for 15-56
[14-06-2022 23:21:27]: (INFO) => cycled semester code: 181 for 15-57
[14-06-2022 23:21:28]: (INFO) => cycled semester code: 181 for 15-58
[14-06-2022 23:21:30]: (INFO) => cycled semester code: 181 for 15-59
[14-06-2022 23:21:31]: (INFO) => cycled semester code: 181 for 15-60
[14-06-2022 23:21:32]: (INFO) => cycled semester code: 181 for 15-61
[14-06-2022 23:21:34]: (INFO) => cycled semester code: 181 for 15-62
[14-06-2022 23:21:35]: (INFO) => cycled semester code: 181 for 15-63
[14-06-2022 23:21:37]: (INFO) => cycled semester code: 181 for 15-64
[14-06-2022 23:21:38]: (INFO) => cycled semester code: 181 for 15-65
[14-06-2022 23:21:40]: (INFO) => cycled semester code: 181 for 15-66
[14-06-2022 23:21:41]: (INFO) => cycled semester code: 181 for 15-67
[14-06-2022 23:21:42]: (INFO) => cycled semester code: 181 for 15-68
[14-06-2022 23:21:44]: (INFO) => cycled semester code: 181 for 15-69
[14-06-2022 23:21:45]: (INFO) => cycled semester code: 181 for 15-70
[14-06-2022 23:21:47]: (INFO) => cycled semester code: 181 for 15-71
[14-06-2022 23:21:48]: (INFO) => cycled semester code: 181 for 15-72
[14-06-2022 23:21:50]: (INFO) => cycled semester code: 181 for 15-73
[14-06-2022 23:21:51]: (INFO) => cycled semester code: 181 for 15-74
[14-06-2022 23:21:53]: (INFO) => cycled semester code: 181 for 15-75
[14-06-2022 23:21:54]: (INFO) => cycled semester code: 181 for 15-76
[14-06-2022 23:21:56]: (INFO) => cycled semester code: 181 for 15-77
[14-06-2022 23:21:57]: (INFO) => cycled semester code: 181 for 15-78
[14-06-2022 23:22:00]: (INFO) => cycled semester code: 181 for 15-79
[14-06-2022 23:22:02]: (INFO) => cycled semester code: 181 for 15-80
[14-06-2022 23:22:03]: (INFO) => cycled semester code: 181 for 15-81
[14-06-2022 23:22:05]: (INFO) => cycled semester code: 181 for 15-82
[14-06-2022 23:22:06]: (INFO) => cycled semester code: 181 for 15-83
[14-06-2022 23:22:08]: (INFO) => cycled semester code: 181 for 15-84
[14-06-2022 23:22:09]: (INFO) => cycled semester code: 181 for 15-85
[14-06-2022 23:22:10]: (INFO) => cycled semester code: 181 for 15-86
[14-06-2022 23:22:12]: (INFO) => cycled semester code: 181 for 15-87
[14-06-2022 23:22:13]: (INFO) => cycled semester code: 181 for 15-88
[14-06-2022 23:22:14]: (INFO) => cycled semester code: 181 for 15-89
[14-06-2022 23:22:15]: (INFO) => cycled semester code: 181 for 15-90
[14-06-2022 23:22:17]: (INFO) => cycled semester code: 181 for 15-91
[14-06-2022 23:22:18]: (INFO) => cycled semester code: 181 for 15-92
[14-06-2022 23:22:19]: (INFO) => cycled semester code: 181 for 15-93
[14-06-2022 23:22:20]: (INFO) => cycled semester code: 181 for 15-94
[14-06-2022 23:22:22]: (INFO) => cycled semester code: 181 for 15-95
[14-06-2022 23:22:24]: (INFO) => cycled semester code: 181 for 15-96
[14-06-2022 23:22:25]: (INFO) => cycled semester code: 181 for 15-97
[14-06-2022 23:22:26]: (INFO) => cycled semester code: 181 for 15-98
[14-06-2022 23:22:28]: (INFO) => cycled semester code: 181 for 15-99
[14-06-2022 23:22:29]: (INFO) => cycled semester code: 181 for 15-000
[14-06-2022 23:22:31]: (INFO) => cycled semester code: 181 for 15-001
[14-06-2022 23:22:32]: (INFO) => cycled semester code: 222 for 15-002
[14-06-2022 23:22:32]: (INFO) => valid id: 222-15-002
[14-06-2022 23:22:34]: (INFO) => cycled semester code: 222 for 15-003
[14-06-2022 23:22:35]: (INFO) => cycled semester code: 223 for 15-004
[14-06-2022 23:22:35]: (INFO) => valid id: 223-15-004
[14-06-2022 23:22:36]: (INFO) => cycled semester code: 223 for 15-005
[14-06-2022 23:22:37]: (INFO) => cycled semester code: 223 for 15-006
[14-06-2022 23:22:39]: (INFO) => cycled semester code: 223 for 15-007
[14-06-2022 23:22:40]: (INFO) => cycled semester code: 223 for 15-008
[14-06-2022 23:22:42]: (INFO) => cycled semester code: 223 for 15-009
[14-06-2022 23:22:43]: (INFO) => cycled semester code: 223 for 15-010
[14-06-2022 23:22:44]: (INFO) => cycled semester code: 223 for 15-011
[14-06-2022 23:22:46]: (INFO) => cycled semester code: 223 for 15-012
[14-06-2022 23:22:47]: (INFO) => cycled semester code: 223 for 15-013
[14-06-2022 23:22:48]: (INFO) => cycled semester code: 223 for 15-014
[14-06-2022 23:22:50]: (INFO) => cycled semester code: 223 for 15-015
[14-06-2022 23:22:51]: (INFO) => cycled semester code: 223 for 15-016
[14-06-2022 23:22:52]: (INFO) => cycled semester code: 223 for 15-017
[14-06-2022 23:22:53]: (INFO) => cycled semester code: 223 for 15-018
[14-06-2022 23:22:55]: (INFO) => cycled semester code: 223 for 15-019
[14-06-2022 23:22:56]: (INFO) => cycled semester code: 223 for 15-020
[14-06-2022 23:22:57]: (INFO) => cycled semester code: 223 for 15-021
[14-06-2022 23:22:59]: (INFO) => cycled semester code: 223 for 15-022
[14-06-2022 23:23:00]: (INFO) => cycled semester code: 223 for 15-023
[14-06-2022 23:23:02]: (INFO) => cycled semester code: 223 for 15-024
[14-06-2022 23:23:03]: (INFO) => cycled semester code: 223 for 15-025
[14-06-2022 23:23:05]: (INFO) => cycled semester code: 223 for 15-026
[14-06-2022 23:23:06]: (INFO) => cycled semester code: 223 for 15-027
[14-06-2022 23:23:07]: (INFO) => cycled semester code: 223 for 15-028
[14-06-2022 23:23:09]: (INFO) => cycled semester code: 223 for 15-029
[14-06-2022 23:23:10]: (INFO) => cycled semester code: 223 for 15-030
[14-06-2022 23:23:12]: (INFO) => cycled semester code: 223 for 15-031
[14-06-2022 23:23:15]: (INFO) => cycled semester code: 223 for 15-032
[14-06-2022 23:23:16]: (INFO) => cycled semester code: 223 for 15-033
[14-06-2022 23:23:17]: (INFO) => cycled semester code: 223 for 15-034
[14-06-2022 23:23:19]: (INFO) => cycled semester code: 223 for 15-035
[14-06-2022 23:23:20]: (INFO) => cycled semester code: 223 for 15-036
[14-06-2022 23:23:21]: (INFO) => cycled semester code: 223 for 15-037
[14-06-2022 23:23:23]: (INFO) => cycled semester code: 223 for 15-038
[14-06-2022 23:23:24]: (INFO) => cycled semester code: 223 for 15-039
[14-06-2022 23:23:26]: (INFO) => cycled semester code: 223 for 15-040
[14-06-2022 23:23:28]: (INFO) => cycled semester code: 223 for 15-041
[14-06-2022 23:23:29]: (INFO) => cycled semester code: 223 for 15-042
[14-06-2022 23:23:31]: (INFO) => cycled semester code: 223 for 15-043
[14-06-2022 23:23:33]: (INFO) => cycled semester code: 223 for 15-044
[14-06-2022 23:23:35]: (INFO) => cycled semester code: 223 for 15-045
[14-06-2022 23:23:36]: (INFO) => cycled semester code: 223 for 15-046
[14-06-2022 23:23:38]: (INFO) => cycled semester code: 223 for 15-047
[14-06-2022 23:23:39]: (INFO) => cycled semester code: 223 for 15-048
[14-06-2022 23:23:41]: (INFO) => cycled semester code: 223 for 15-049
[14-06-2022 23:23:42]: (INFO) => cycled semester code: 223 for 15-050
[14-06-2022 23:23:45]: (INFO) => cycled semester code: 223 for 15-051
[14-06-2022 23:23:46]: (INFO) => cycled semester code: 223 for 15-052
[14-06-2022 23:23:47]: (INFO) => cycled semester code: 223 for 15-053
[14-06-2022 23:23:49]: (INFO) => cycled semester code: 223 for 15-054
[14-06-2022 23:23:50]: (INFO) => cycled semester code: 223 for 15-055
[14-06-2022 23:23:51]: (INFO) => cycled semester code: 223 for 15-056
[14-06-2022 23:23:53]: (INFO) => cycled semester code: 223 for 15-057
[14-06-2022 23:23:54]: (INFO) => cycled semester code: 223 for 15-058
[14-06-2022 23:23:56]: (INFO) => cycled semester code: 223 for 15-059
[14-06-2022 23:23:58]: (INFO) => cycled semester code: 223 for 15-060
[14-06-2022 23:24:00]: (INFO) => cycled semester code: 223 for 15-061
[14-06-2022 23:24:01]: (INFO) => cycled semester code: 223 for 15-062
[14-06-2022 23:24:03]: (INFO) => cycled semester code: 223 for 15-063
[14-06-2022 23:24:05]: (INFO) => cycled semester code: 223 for 15-064
[14-06-2022 23:24:06]: (INFO) => cycled semester code: 223 for 15-065
[14-06-2022 23:24:08]: (INFO) => cycled semester code: 223 for 15-066
[14-06-2022 23:24:11]: (INFO) => cycled semester code: 223 for 15-067
[14-06-2022 23:24:13]: (INFO) => cycled semester code: 223 for 15-068
[14-06-2022 23:24:14]: (INFO) => cycled semester code: 223 for 15-069
[14-06-2022 23:24:18]: (INFO) => cycled semester code: 223 for 15-070
[14-06-2022 23:24:21]: (INFO) => cycled semester code: 223 for 15-071
[14-06-2022 23:24:23]: (INFO) => cycled semester code: 223 for 15-072
[14-06-2022 23:24:25]: (INFO) => cycled semester code: 223 for 15-073
[14-06-2022 23:24:27]: (INFO) => cycled semester code: 223 for 15-074
[14-06-2022 23:24:28]: (INFO) => cycled semester code: 223 for 15-075
[14-06-2022 23:24:32]: (INFO) => cycled semester code: 223 for 15-076
[14-06-2022 23:24:34]: (INFO) => cycled semester code: 223 for 15-077
[14-06-2022 23:24:35]: (INFO) => cycled semester code: 223 for 15-078
[14-06-2022 23:24:37]: (INFO) => cycled semester code: 223 for 15-079
[14-06-2022 23:24:38]: (INFO) => cycled semester code: 223 for 15-080
[14-06-2022 23:24:41]: (INFO) => cycled semester code: 223 for 15-081
[14-06-2022 23:24:43]: (INFO) => cycled semester code: 223 for 15-082
[14-06-2022 23:24:45]: (INFO) => cycled semester code: 223 for 15-083
[14-06-2022 23:24:48]: (INFO) => cycled semester code: 223 for 15-084
[14-06-2022 23:24:49]: (INFO) => cycled semester code: 223 for 15-085
[14-06-2022 23:24:53]: (INFO) => cycled semester code: 223 for 15-086
[14-06-2022 23:24:55]: (INFO) => cycled semester code: 223 for 15-087
[14-06-2022 23:24:56]: (INFO) => cycled semester code: 223 for 15-088
[14-06-2022 23:24:58]: (INFO) => cycled semester code: 223 for 15-089
[14-06-2022 23:24:59]: (INFO) => cycled semester code: 223 for 15-090
[14-06-2022 23:25:00]: (INFO) => cycled semester code: 223 for 15-091
[14-06-2022 23:25:02]: (INFO) => cycled semester code: 223 for 15-092
[14-06-2022 23:25:05]: (INFO) => cycled semester code: 223 for 15-093
[14-06-2022 23:25:08]: (INFO) => cycled semester code: 223 for 15-094
[14-06-2022 23:25:10]: (INFO) => cycled semester code: 223 for 15-095
[14-06-2022 23:25:13]: (INFO) => cycled semester code: 221 for 15-096
[14-06-2022 23:25:13]: (INFO) => valid id: 221-15-096
[14-06-2022 23:25:14]: (INFO) => cycled semester code: 221 for 15-097
[14-06-2022 23:25:15]: (INFO) => cycled semester code: 221 for 15-098
[14-06-2022 23:25:17]: (INFO) => cycled semester code: 221 for 15-099
[14-06-2022 23:25:19]: (INFO) => cycled semester code: 221 for 15-100
[14-06-2022 23:25:21]: (INFO) => cycled semester code: 221 for 15-101
[14-06-2022 23:25:23]: (INFO) => cycled semester code: 221 for 15-102
[14-06-2022 23:25:24]: (INFO) => cycled semester code: 221 for 15-103
[14-06-2022 23:25:26]: (INFO) => cycled semester code: 221 for 15-104
[14-06-2022 23:25:29]: (INFO) => cycled semester code: 221 for 15-105
[14-06-2022 23:25:31]: (INFO) => cycled semester code: 221 for 15-106
[14-06-2022 23:25:33]: (INFO) => cycled semester code: 221 for 15-107
[14-06-2022 23:25:35]: (INFO) => cycled semester code: 221 for 15-108
[14-06-2022 23:25:37]: (INFO) => cycled semester code: 221 for 15-109
[14-06-2022 23:25:39]: (INFO) => cycled semester code: 221 for 15-110
[14-06-2022 23:25:41]: (INFO) => cycled semester code: 221 for 15-111
[14-06-2022 23:25:42]: (INFO) => cycled semester code: 221 for 15-112
[14-06-2022 23:25:44]: (INFO) => cycled semester code: 221 for 15-113
[14-06-2022 23:25:45]: (INFO) => cycled semester code: 221 for 15-114
[14-06-2022 23:25:48]: (INFO) => cycled semester code: 221 for 15-115
[14-06-2022 23:25:49]: (INFO) => cycled semester code: 221 for 15-116
[14-06-2022 23:25:51]: (INFO) => cycled semester code: 221 for 15-117
[14-06-2022 23:25:52]: (INFO) => cycled semester code: 221 for 15-118
[14-06-2022 23:25:53]: (INFO) => cycled semester code: 221 for 15-119
[14-06-2022 23:25:55]: (INFO) => cycled semester code: 221 for 15-120
[14-06-2022 23:25:56]: (INFO) => cycled semester code: 221 for 15-121
[14-06-2022 23:25:58]: (INFO) => cycled semester code: 221 for 15-122
[14-06-2022 23:25:59]: (INFO) => cycled semester code: 221 for 15-123
[14-06-2022 23:26:00]: (INFO) => cycled semester code: 221 for 15-124
[14-06-2022 23:26:02]: (INFO) => cycled semester code: 221 for 15-125
[14-06-2022 23:26:03]: (INFO) => cycled semester code: 221 for 15-126
[14-06-2022 23:26:05]: (INFO) => cycled semester code: 221 for 15-127
[14-06-2022 23:26:06]: (INFO) => cycled semester code: 221 for 15-128
[14-06-2022 23:26:08]: (INFO) => cycled semester code: 221 for 15-129
[14-06-2022 23:26:09]: (INFO) => cycled semester code: 221 for 15-130
[14-06-2022 23:26:11]: (INFO) => cycled semester code: 221 for 15-131
[14-06-2022 23:26:12]: (INFO) => cycled semester code: 221 for 15-132
[14-06-2022 23:26:13]: (INFO) => cycled semester code: 221 for 15-133
[14-06-2022 23:26:14]: (INFO) => cycled semester code: 221 for 15-134
[14-06-2022 23:26:16]: (INFO) => cycled semester code: 221 for 15-135
[14-06-2022 23:26:19]: (INFO) => cycled semester code: 221 for 15-136
[14-06-2022 23:26:21]: (INFO) => cycled semester code: 221 for 15-137
[14-06-2022 23:26:22]: (INFO) => cycled semester code: 221 for 15-138
[14-06-2022 23:26:23]: (INFO) => cycled semester code: 221 for 15-139
[14-06-2022 23:26:24]: (INFO) => cycled semester code: 221 for 15-140
[14-06-2022 23:26:26]: (INFO) => cycled semester code: 221 for 15-141
[14-06-2022 23:26:27]: (INFO) => cycled semester code: 221 for 15-142
[14-06-2022 23:26:29]: (INFO) => cycled semester code: 221 for 15-143
[14-06-2022 23:26:30]: (INFO) => cycled semester code: 221 for 15-144
[14-06-2022 23:26:32]: (INFO) => cycled semester code: 221 for 15-145
[14-06-2022 23:26:33]: (INFO) => cycled semester code: 221 for 15-146
[14-06-2022 23:26:35]: (INFO) => cycled semester code: 221 for 15-147
[14-06-2022 23:26:36]: (INFO) => cycled semester code: 221 for 15-148
[14-06-2022 23:26:38]: (INFO) => cycled semester code: 221 for 15-149
[14-06-2022 23:26:39]: (INFO) => cycled semester code: 221 for 15-150
[14-06-2022 23:26:40]: (INFO) => cycled semester code: 221 for 15-151
[14-06-2022 23:26:42]: (INFO) => cycled semester code: 221 for 15-152
[14-06-2022 23:26:43]: (INFO) => cycled semester code: 221 for 15-153
[14-06-2022 23:26:44]: (INFO) => cycled semester code: 221 for 15-154
[14-06-2022 23:26:47]: (INFO) => cycled semester code: 221 for 15-155
[14-06-2022 23:26:49]: (INFO) => cycled semester code: 221 for 15-156
[14-06-2022 23:26:50]: (INFO) => cycled semester code: 221 for 15-157
[14-06-2022 23:26:51]: (INFO) => cycled semester code: 221 for 15-158
[14-06-2022 23:26:53]: (INFO) => cycled semester code: 221 for 15-159
[14-06-2022 23:26:54]: (INFO) => cycled semester code: 221 for 15-160
[14-06-2022 23:26:55]: (INFO) => cycled semester code: 221 for 15-161
[14-06-2022 23:26:57]: (INFO) => cycled semester code: 221 for 15-162
[14-06-2022 23:26:58]: (INFO) => cycled semester code: 221 for 15-163
[14-06-2022 23:27:00]: (INFO) => cycled semester code: 221 for 15-164
[14-06-2022 23:27:01]: (INFO) => cycled semester code: 221 for 15-165
[14-06-2022 23:27:02]: (INFO) => cycled semester code: 221 for 15-166
[14-06-2022 23:27:04]: (INFO) => cycled semester code: 221 for 15-167
[14-06-2022 23:27:05]: (INFO) => cycled semester code: 221 for 15-168
[14-06-2022 23:27:07]: (INFO) => cycled semester code: 221 for 15-169
[14-06-2022 23:27:08]: (INFO) => cycled semester code: 221 for 15-170
[14-06-2022 23:27:09]: (INFO) => cycled semester code: 221 for 15-171
[14-06-2022 23:27:11]: (INFO) => cycled semester code: 221 for 15-172
[14-06-2022 23:27:12]: (INFO) => cycled semester code: 221 for 15-173
[14-06-2022 23:27:14]: (INFO) => cycled semester code: 221 for 15-174
[14-06-2022 23:27:15]: (INFO) => cycled semester code: 221 for 15-175
[14-06-2022 23:27:17]: (INFO) => cycled semester code: 221 for 15-176
[14-06-2022 23:27:18]: (INFO) => cycled semester code: 221 for 15-177
[14-06-2022 23:27:18]: (INFO) => cycled semester code: 183 for 15-178
[14-06-2022 23:27:18]: (INFO) => valid id: 183-15-178
[14-06-2022 23:27:20]: (INFO) => cycled semester code: 183 for 15-179
[14-06-2022 23:27:21]: (INFO) => cycled semester code: 183 for 15-180
[14-06-2022 23:27:23]: (INFO) => cycled semester code: 183 for 15-181
[14-06-2022 23:27:24]: (INFO) => cycled semester code: 183 for 15-182
[14-06-2022 23:27:26]: (INFO) => cycled semester code: 183 for 15-183
[14-06-2022 23:27:27]: (INFO) => cycled semester code: 183 for 15-184
[14-06-2022 23:27:29]: (INFO) => cycled semester code: 183 for 15-185
[14-06-2022 23:27:30]: (INFO) => cycled semester code: 183 for 15-186
[14-06-2022 23:27:31]: (INFO) => cycled semester code: 183 for 15-187
[14-06-2022 23:27:33]: (INFO) => cycled semester code: 183 for 15-188
[14-06-2022 23:27:34]: (INFO) => cycled semester code: 183 for 15-189
