# Logfile created on 2022-06-16 19:14:10 +0600 by logger.rb/v1.4.2
[16-06-2022 19:14:10]: (INFO) => semester codes: ["141", "142", "143", "151", "152", "153", "161", "162", "163", "171", "172", "173", "181", "182", "183", "191", "192", "193", "201", "202", "203", "211", "212", "213", "221", "222", "223"]
[16-06-2022 19:14:10]: (INFO) => total_semester_codes: 27
[16-06-2022 19:14:10]: (INFO) => id range: 5100 .. 6000
[16-06-2022 19:14:10]: (INFO) => invalid id: 141-15-5100
[16-06-2022 19:14:11]: (INFO) => invalid id: 142-15-5100
[16-06-2022 19:14:11]: (INFO) => invalid id: 143-15-5100
[16-06-2022 19:14:11]: (INFO) => valid id: 151-15-5100
[16-06-2022 19:14:11]: (INFO) => invalid id: 152-15-5100
[16-06-2022 19:14:11]: (INFO) => invalid id: 153-15-5100
[16-06-2022 19:14:11]: (INFO) => invalid id: 161-15-5100
[16-06-2022 19:14:12]: (INFO) => invalid id: 162-15-5100
[16-06-2022 19:14:12]: (INFO) => invalid id: 163-15-5100
[16-06-2022 19:14:12]: (INFO) => invalid id: 171-15-5100
[16-06-2022 19:14:12]: (INFO) => invalid id: 172-15-5100
[16-06-2022 19:14:12]: (INFO) => invalid id: 173-15-5100
[16-06-2022 19:14:12]: (INFO) => invalid id: 181-15-5100
[16-06-2022 19:14:12]: (INFO) => invalid id: 182-15-5100
[16-06-2022 19:14:12]: (INFO) => invalid id: 183-15-5100
[16-06-2022 19:14:13]: (INFO) => invalid id: 191-15-5100
[16-06-2022 19:14:13]: (INFO) => invalid id: 192-15-5100
[16-06-2022 19:14:13]: (INFO) => invalid id: 193-15-5100
[16-06-2022 19:14:13]: (INFO) => invalid id: 201-15-5100
[16-06-2022 19:14:13]: (INFO) => invalid id: 202-15-5100
[16-06-2022 19:14:14]: (INFO) => invalid id: 203-15-5100
[16-06-2022 19:14:14]: (INFO) => invalid id: 211-15-5100
[16-06-2022 19:14:14]: (INFO) => invalid id: 212-15-5100
[16-06-2022 19:14:14]: (INFO) => invalid id: 213-15-5100
[16-06-2022 19:14:14]: (INFO) => valid id: 221-15-5100
[16-06-2022 19:14:14]: (INFO) => invalid id: 222-15-5100
[16-06-2022 19:14:14]: (INFO) => invalid id: 223-15-5100
[16-06-2022 19:14:15]: (INFO) => invalid id: 141-15-5101
[16-06-2022 19:14:15]: (INFO) => invalid id: 142-15-5101
[16-06-2022 19:14:15]: (INFO) => invalid id: 143-15-5101
[16-06-2022 19:14:15]: (INFO) => valid id: 151-15-5101
[16-06-2022 19:14:15]: (INFO) => invalid id: 152-15-5101
[16-06-2022 19:14:15]: (INFO) => invalid id: 153-15-5101
[16-06-2022 19:14:15]: (INFO) => invalid id: 161-15-5101
[16-06-2022 19:14:15]: (INFO) => invalid id: 162-15-5101
[16-06-2022 19:14:16]: (INFO) => invalid id: 163-15-5101
[16-06-2022 19:14:16]: (INFO) => invalid id: 171-15-5101
[16-06-2022 19:14:16]: (INFO) => invalid id: 172-15-5101
[16-06-2022 19:14:16]: (INFO) => invalid id: 173-15-5101
[16-06-2022 19:14:16]: (INFO) => invalid id: 181-15-5101
[16-06-2022 19:14:16]: (INFO) => invalid id: 182-15-5101
[16-06-2022 19:14:16]: (INFO) => invalid id: 183-15-5101
[16-06-2022 19:14:16]: (INFO) => invalid id: 191-15-5101
[16-06-2022 19:14:16]: (INFO) => invalid id: 192-15-5101
[16-06-2022 19:14:17]: (INFO) => invalid id: 193-15-5101
[16-06-2022 19:14:17]: (INFO) => invalid id: 201-15-5101
[16-06-2022 19:14:17]: (INFO) => invalid id: 202-15-5101
[16-06-2022 19:14:17]: (INFO) => invalid id: 203-15-5101
[16-06-2022 19:14:17]: (INFO) => invalid id: 211-15-5101
[16-06-2022 19:14:17]: (INFO) => invalid id: 212-15-5101
[16-06-2022 19:14:17]: (INFO) => invalid id: 213-15-5101
[16-06-2022 19:14:17]: (INFO) => valid id: 221-15-5101
[16-06-2022 19:14:17]: (INFO) => invalid id: 222-15-5101
[16-06-2022 19:14:18]: (INFO) => invalid id: 223-15-5101
[16-06-2022 19:14:18]: (INFO) => invalid id: 141-15-5102
[16-06-2022 19:14:18]: (INFO) => invalid id: 142-15-5102
[16-06-2022 19:14:18]: (INFO) => invalid id: 143-15-5102
[16-06-2022 19:14:18]: (INFO) => valid id: 151-15-5102
[16-06-2022 19:14:18]: (INFO) => invalid id: 152-15-5102
[16-06-2022 19:14:18]: (INFO) => invalid id: 153-15-5102
[16-06-2022 19:14:18]: (INFO) => invalid id: 161-15-5102
[16-06-2022 19:14:19]: (INFO) => invalid id: 162-15-5102
[16-06-2022 19:14:19]: (INFO) => invalid id: 163-15-5102
[16-06-2022 19:14:19]: (INFO) => invalid id: 171-15-5102
[16-06-2022 19:14:19]: (INFO) => invalid id: 172-15-5102
[16-06-2022 19:14:19]: (INFO) => invalid id: 173-15-5102
[16-06-2022 19:14:19]: (INFO) => invalid id: 181-15-5102
[16-06-2022 19:14:20]: (INFO) => invalid id: 182-15-5102
[16-06-2022 19:14:20]: (INFO) => invalid id: 183-15-5102
[16-06-2022 19:14:20]: (INFO) => invalid id: 191-15-5102
[16-06-2022 19:14:20]: (INFO) => invalid id: 192-15-5102
[16-06-2022 19:14:20]: (INFO) => invalid id: 193-15-5102
[16-06-2022 19:14:20]: (INFO) => invalid id: 201-15-5102
[16-06-2022 19:14:20]: (INFO) => invalid id: 202-15-5102
[16-06-2022 19:14:20]: (INFO) => invalid id: 203-15-5102
[16-06-2022 19:14:20]: (INFO) => invalid id: 211-15-5102
[16-06-2022 19:14:21]: (INFO) => invalid id: 212-15-5102
[16-06-2022 19:14:21]: (INFO) => invalid id: 213-15-5102
[16-06-2022 19:14:21]: (INFO) => valid id: 221-15-5102
[16-06-2022 19:14:21]: (INFO) => invalid id: 222-15-5102
[16-06-2022 19:14:21]: (INFO) => invalid id: 223-15-5102
[16-06-2022 19:14:21]: (INFO) => invalid id: 141-15-5103
[16-06-2022 19:14:21]: (INFO) => invalid id: 142-15-5103
[16-06-2022 19:14:21]: (INFO) => invalid id: 143-15-5103
[16-06-2022 19:14:22]: (INFO) => valid id: 151-15-5103
[16-06-2022 19:14:22]: (INFO) => invalid id: 152-15-5103
[16-06-2022 19:14:22]: (INFO) => invalid id: 153-15-5103
[16-06-2022 19:14:22]: (INFO) => invalid id: 161-15-5103
[16-06-2022 19:14:22]: (INFO) => invalid id: 162-15-5103
[16-06-2022 19:14:22]: (INFO) => invalid id: 163-15-5103
[16-06-2022 19:14:22]: (INFO) => invalid id: 171-15-5103
[16-06-2022 19:14:22]: (INFO) => invalid id: 172-15-5103
[16-06-2022 19:14:23]: (INFO) => invalid id: 173-15-5103
[16-06-2022 19:14:23]: (INFO) => invalid id: 181-15-5103
[16-06-2022 19:14:23]: (INFO) => invalid id: 182-15-5103
[16-06-2022 19:14:23]: (INFO) => invalid id: 183-15-5103
[16-06-2022 19:14:23]: (INFO) => invalid id: 191-15-5103
[16-06-2022 19:14:23]: (INFO) => invalid id: 192-15-5103
[16-06-2022 19:14:23]: (INFO) => invalid id: 193-15-5103
[16-06-2022 19:14:23]: (INFO) => invalid id: 201-15-5103
[16-06-2022 19:14:23]: (INFO) => invalid id: 202-15-5103
[16-06-2022 19:14:24]: (INFO) => invalid id: 203-15-5103
[16-06-2022 19:14:24]: (INFO) => invalid id: 211-15-5103
[16-06-2022 19:14:24]: (INFO) => invalid id: 212-15-5103
[16-06-2022 19:14:24]: (INFO) => invalid id: 213-15-5103
[16-06-2022 19:14:24]: (INFO) => valid id: 221-15-5103
[16-06-2022 19:14:25]: (INFO) => invalid id: 222-15-5103
[16-06-2022 19:14:25]: (INFO) => invalid id: 223-15-5103
[16-06-2022 19:14:25]: (INFO) => invalid id: 141-15-5104
[16-06-2022 19:14:25]: (INFO) => invalid id: 142-15-5104
[16-06-2022 19:14:25]: (INFO) => invalid id: 143-15-5104
[16-06-2022 19:14:25]: (INFO) => valid id: 151-15-5104
[16-06-2022 19:14:26]: (INFO) => invalid id: 152-15-5104
[16-06-2022 19:14:26]: (INFO) => invalid id: 153-15-5104
[16-06-2022 19:14:26]: (INFO) => invalid id: 161-15-5104
[16-06-2022 19:14:27]: (INFO) => invalid id: 162-15-5104
[16-06-2022 19:14:27]: (INFO) => invalid id: 163-15-5104
[16-06-2022 19:14:27]: (INFO) => invalid id: 171-15-5104
[16-06-2022 19:14:27]: (INFO) => invalid id: 172-15-5104
[16-06-2022 19:14:27]: (INFO) => invalid id: 173-15-5104
[16-06-2022 19:14:28]: (INFO) => invalid id: 181-15-5104
[16-06-2022 19:14:28]: (INFO) => invalid id: 182-15-5104
[16-06-2022 19:14:28]: (INFO) => invalid id: 183-15-5104
[16-06-2022 19:14:29]: (INFO) => invalid id: 191-15-5104
[16-06-2022 19:14:29]: (INFO) => invalid id: 192-15-5104
[16-06-2022 19:14:29]: (INFO) => invalid id: 193-15-5104
[16-06-2022 19:14:29]: (INFO) => invalid id: 201-15-5104
[16-06-2022 19:14:29]: (INFO) => invalid id: 202-15-5104
[16-06-2022 19:14:30]: (INFO) => invalid id: 203-15-5104
[16-06-2022 19:14:30]: (INFO) => invalid id: 211-15-5104
[16-06-2022 19:14:30]: (INFO) => invalid id: 212-15-5104
[16-06-2022 19:14:30]: (INFO) => invalid id: 213-15-5104
[16-06-2022 19:14:31]: (INFO) => valid id: 221-15-5104
[16-06-2022 19:14:31]: (INFO) => invalid id: 222-15-5104
[16-06-2022 19:14:31]: (INFO) => invalid id: 223-15-5104
[16-06-2022 19:14:31]: (INFO) => invalid id: 141-15-5105
[16-06-2022 19:14:31]: (INFO) => invalid id: 142-15-5105
[16-06-2022 19:14:31]: (INFO) => invalid id: 143-15-5105
[16-06-2022 19:14:31]: (INFO) => valid id: 151-15-5105
[16-06-2022 19:14:32]: (INFO) => invalid id: 152-15-5105
[16-06-2022 19:14:32]: (INFO) => invalid id: 153-15-5105
[16-06-2022 19:14:32]: (INFO) => invalid id: 161-15-5105
[16-06-2022 19:14:32]: (INFO) => invalid id: 162-15-5105
[16-06-2022 19:14:32]: (INFO) => invalid id: 163-15-5105
[16-06-2022 19:14:32]: (INFO) => invalid id: 171-15-5105
[16-06-2022 19:14:32]: (INFO) => invalid id: 172-15-5105
[16-06-2022 19:14:32]: (INFO) => invalid id: 173-15-5105
[16-06-2022 19:14:32]: (INFO) => invalid id: 181-15-5105
[16-06-2022 19:14:33]: (INFO) => invalid id: 182-15-5105
[16-06-2022 19:14:33]: (INFO) => invalid id: 183-15-5105
[16-06-2022 19:14:33]: (INFO) => invalid id: 191-15-5105
[16-06-2022 19:14:33]: (INFO) => invalid id: 192-15-5105
[16-06-2022 19:14:33]: (INFO) => invalid id: 193-15-5105
[16-06-2022 19:14:33]: (INFO) => invalid id: 201-15-5105
[16-06-2022 19:14:33]: (INFO) => invalid id: 202-15-5105
[16-06-2022 19:14:34]: (INFO) => invalid id: 203-15-5105
[16-06-2022 19:14:34]: (INFO) => invalid id: 211-15-5105
[16-06-2022 19:14:34]: (INFO) => invalid id: 212-15-5105
[16-06-2022 19:14:34]: (INFO) => invalid id: 213-15-5105
[16-06-2022 19:14:34]: (INFO) => valid id: 221-15-5105
[16-06-2022 19:14:34]: (INFO) => invalid id: 222-15-5105
[16-06-2022 19:14:34]: (INFO) => invalid id: 223-15-5105
[16-06-2022 19:14:34]: (INFO) => invalid id: 141-15-5106
[16-06-2022 19:14:35]: (INFO) => invalid id: 142-15-5106
[16-06-2022 19:14:35]: (INFO) => invalid id: 143-15-5106
[16-06-2022 19:14:35]: (INFO) => valid id: 151-15-5106
[16-06-2022 19:14:35]: (INFO) => invalid id: 152-15-5106
[16-06-2022 19:14:35]: (INFO) => invalid id: 153-15-5106
[16-06-2022 19:14:35]: (INFO) => invalid id: 161-15-5106
[16-06-2022 19:14:36]: (INFO) => invalid id: 162-15-5106
[16-06-2022 19:14:36]: (INFO) => invalid id: 163-15-5106
[16-06-2022 19:14:36]: (INFO) => invalid id: 171-15-5106
[16-06-2022 19:14:36]: (INFO) => invalid id: 172-15-5106
[16-06-2022 19:14:36]: (INFO) => invalid id: 173-15-5106
[16-06-2022 19:14:36]: (INFO) => invalid id: 181-15-5106
[16-06-2022 19:14:36]: (INFO) => invalid id: 182-15-5106
[16-06-2022 19:14:37]: (INFO) => invalid id: 183-15-5106
[16-06-2022 19:14:37]: (INFO) => invalid id: 191-15-5106
[16-06-2022 19:14:37]: (INFO) => invalid id: 192-15-5106
[16-06-2022 19:14:37]: (INFO) => invalid id: 193-15-5106
[16-06-2022 19:14:37]: (INFO) => invalid id: 201-15-5106
[16-06-2022 19:14:37]: (INFO) => invalid id: 202-15-5106
[16-06-2022 19:14:37]: (INFO) => invalid id: 203-15-5106
[16-06-2022 19:14:38]: (INFO) => invalid id: 211-15-5106
[16-06-2022 19:14:38]: (INFO) => invalid id: 212-15-5106
[16-06-2022 19:14:38]: (INFO) => invalid id: 213-15-5106
[16-06-2022 19:14:38]: (INFO) => valid id: 221-15-5106
[16-06-2022 19:14:38]: (INFO) => invalid id: 222-15-5106
[16-06-2022 19:14:38]: (INFO) => invalid id: 223-15-5106
[16-06-2022 19:14:38]: (INFO) => invalid id: 141-15-5107
[16-06-2022 19:14:38]: (INFO) => invalid id: 142-15-5107
[16-06-2022 19:14:38]: (INFO) => invalid id: 143-15-5107
[16-06-2022 19:14:39]: (INFO) => valid id: 151-15-5107
[16-06-2022 19:14:39]: (INFO) => invalid id: 152-15-5107
[16-06-2022 19:14:39]: (INFO) => invalid id: 153-15-5107
[16-06-2022 19:14:39]: (INFO) => invalid id: 161-15-5107
[16-06-2022 19:14:39]: (INFO) => invalid id: 162-15-5107
[16-06-2022 19:14:39]: (INFO) => invalid id: 163-15-5107
[16-06-2022 19:14:40]: (INFO) => invalid id: 171-15-5107
[16-06-2022 19:14:40]: (INFO) => invalid id: 172-15-5107
[16-06-2022 19:14:40]: (INFO) => invalid id: 173-15-5107
[16-06-2022 19:14:40]: (INFO) => invalid id: 181-15-5107
[16-06-2022 19:14:40]: (INFO) => invalid id: 182-15-5107
[16-06-2022 19:14:40]: (INFO) => invalid id: 183-15-5107
[16-06-2022 19:14:40]: (INFO) => invalid id: 191-15-5107
[16-06-2022 19:14:41]: (INFO) => invalid id: 192-15-5107
[16-06-2022 19:14:42]: (INFO) => invalid id: 193-15-5107
[16-06-2022 19:14:42]: (INFO) => invalid id: 201-15-5107
[16-06-2022 19:14:42]: (INFO) => invalid id: 202-15-5107
[16-06-2022 19:14:42]: (INFO) => invalid id: 203-15-5107
[16-06-2022 19:14:42]: (INFO) => invalid id: 211-15-5107
[16-06-2022 19:14:42]: (INFO) => invalid id: 212-15-5107
[16-06-2022 19:14:42]: (INFO) => invalid id: 213-15-5107
[16-06-2022 19:14:42]: (INFO) => valid id: 221-15-5107
[16-06-2022 19:14:43]: (INFO) => invalid id: 222-15-5107
[16-06-2022 19:14:43]: (INFO) => invalid id: 223-15-5107
[16-06-2022 19:14:43]: (INFO) => invalid id: 141-15-5108
[16-06-2022 19:14:43]: (INFO) => invalid id: 142-15-5108
[16-06-2022 19:14:43]: (INFO) => invalid id: 143-15-5108
[16-06-2022 19:14:43]: (INFO) => valid id: 151-15-5108
[16-06-2022 19:14:43]: (INFO) => invalid id: 152-15-5108
[16-06-2022 19:14:43]: (INFO) => invalid id: 153-15-5108
[16-06-2022 19:14:44]: (INFO) => invalid id: 161-15-5108
[16-06-2022 19:14:44]: (INFO) => invalid id: 162-15-5108
[16-06-2022 19:14:44]: (INFO) => invalid id: 163-15-5108
[16-06-2022 19:14:44]: (INFO) => invalid id: 171-15-5108
[16-06-2022 19:14:44]: (INFO) => invalid id: 172-15-5108
[16-06-2022 19:14:44]: (INFO) => invalid id: 173-15-5108
[16-06-2022 19:14:44]: (INFO) => invalid id: 181-15-5108
[16-06-2022 19:14:44]: (INFO) => invalid id: 182-15-5108
[16-06-2022 19:14:44]: (INFO) => invalid id: 183-15-5108
[16-06-2022 19:14:45]: (INFO) => invalid id: 191-15-5108
[16-06-2022 19:14:45]: (INFO) => invalid id: 192-15-5108
[16-06-2022 19:14:45]: (INFO) => invalid id: 193-15-5108
[16-06-2022 19:14:45]: (INFO) => invalid id: 201-15-5108
[16-06-2022 19:14:45]: (INFO) => invalid id: 202-15-5108
[16-06-2022 19:14:45]: (INFO) => invalid id: 203-15-5108
[16-06-2022 19:14:45]: (INFO) => invalid id: 211-15-5108
[16-06-2022 19:14:46]: (INFO) => invalid id: 212-15-5108
[16-06-2022 19:14:46]: (INFO) => invalid id: 213-15-5108
[16-06-2022 19:14:46]: (INFO) => valid id: 221-15-5108
[16-06-2022 19:14:46]: (INFO) => invalid id: 222-15-5108
[16-06-2022 19:14:46]: (INFO) => invalid id: 223-15-5108
[16-06-2022 19:14:46]: (INFO) => invalid id: 141-15-5109
[16-06-2022 19:14:46]: (INFO) => invalid id: 142-15-5109
[16-06-2022 19:14:47]: (INFO) => invalid id: 143-15-5109
[16-06-2022 19:14:47]: (INFO) => valid id: 151-15-5109
[16-06-2022 19:14:47]: (INFO) => invalid id: 152-15-5109
[16-06-2022 19:14:47]: (INFO) => invalid id: 153-15-5109
[16-06-2022 19:14:47]: (INFO) => invalid id: 161-15-5109
[16-06-2022 19:14:47]: (INFO) => invalid id: 162-15-5109
[16-06-2022 19:14:48]: (INFO) => invalid id: 163-15-5109
[16-06-2022 19:14:48]: (INFO) => invalid id: 171-15-5109
[16-06-2022 19:14:48]: (INFO) => invalid id: 172-15-5109
[16-06-2022 19:14:48]: (INFO) => invalid id: 173-15-5109
[16-06-2022 19:14:48]: (INFO) => invalid id: 181-15-5109
[16-06-2022 19:14:48]: (INFO) => invalid id: 182-15-5109
[16-06-2022 19:14:48]: (INFO) => invalid id: 183-15-5109
[16-06-2022 19:14:48]: (INFO) => invalid id: 191-15-5109
[16-06-2022 19:14:48]: (INFO) => invalid id: 192-15-5109
[16-06-2022 19:14:48]: (INFO) => invalid id: 193-15-5109
[16-06-2022 19:14:49]: (INFO) => invalid id: 201-15-5109
[16-06-2022 19:14:49]: (INFO) => invalid id: 202-15-5109
[16-06-2022 19:14:49]: (INFO) => invalid id: 203-15-5109
[16-06-2022 19:14:49]: (INFO) => invalid id: 211-15-5109
[16-06-2022 19:14:49]: (INFO) => invalid id: 212-15-5109
[16-06-2022 19:14:49]: (INFO) => invalid id: 213-15-5109
[16-06-2022 19:14:49]: (INFO) => valid id: 221-15-5109
[16-06-2022 19:14:50]: (INFO) => invalid id: 222-15-5109
[16-06-2022 19:14:50]: (INFO) => invalid id: 223-15-5109
[16-06-2022 19:14:50]: (INFO) => invalid id: 141-15-5110
[16-06-2022 19:14:50]: (INFO) => invalid id: 142-15-5110
[16-06-2022 19:14:50]: (INFO) => invalid id: 143-15-5110
[16-06-2022 19:14:50]: (INFO) => valid id: 151-15-5110
[16-06-2022 19:14:50]: (INFO) => invalid id: 152-15-5110
[16-06-2022 19:14:50]: (INFO) => invalid id: 153-15-5110
[16-06-2022 19:14:50]: (INFO) => invalid id: 161-15-5110
[16-06-2022 19:14:51]: (INFO) => invalid id: 162-15-5110
[16-06-2022 19:14:51]: (INFO) => invalid id: 163-15-5110
[16-06-2022 19:14:51]: (INFO) => invalid id: 171-15-5110
[16-06-2022 19:14:51]: (INFO) => invalid id: 172-15-5110
[16-06-2022 19:14:51]: (INFO) => invalid id: 173-15-5110
[16-06-2022 19:14:51]: (INFO) => invalid id: 181-15-5110
[16-06-2022 19:14:51]: (INFO) => invalid id: 182-15-5110
[16-06-2022 19:14:52]: (INFO) => invalid id: 183-15-5110
[16-06-2022 19:14:52]: (INFO) => invalid id: 191-15-5110
[16-06-2022 19:14:52]: (INFO) => invalid id: 192-15-5110
[16-06-2022 19:14:52]: (INFO) => invalid id: 193-15-5110
[16-06-2022 19:14:52]: (INFO) => invalid id: 201-15-5110
[16-06-2022 19:14:52]: (INFO) => invalid id: 202-15-5110
[16-06-2022 19:14:52]: (INFO) => invalid id: 203-15-5110
[16-06-2022 19:14:53]: (INFO) => invalid id: 211-15-5110
[16-06-2022 19:14:53]: (INFO) => invalid id: 212-15-5110
[16-06-2022 19:14:53]: (INFO) => invalid id: 213-15-5110
[16-06-2022 19:14:53]: (INFO) => valid id: 221-15-5110
[16-06-2022 19:14:53]: (INFO) => invalid id: 222-15-5110
[16-06-2022 19:14:53]: (INFO) => invalid id: 223-15-5110
[16-06-2022 19:14:53]: (INFO) => invalid id: 141-15-5111
[16-06-2022 19:14:53]: (INFO) => invalid id: 142-15-5111
[16-06-2022 19:14:54]: (INFO) => invalid id: 143-15-5111
[16-06-2022 19:14:54]: (INFO) => valid id: 151-15-5111
[16-06-2022 19:14:54]: (INFO) => invalid id: 152-15-5111
[16-06-2022 19:14:54]: (INFO) => invalid id: 153-15-5111
[16-06-2022 19:14:54]: (INFO) => invalid id: 161-15-5111
[16-06-2022 19:14:55]: (INFO) => invalid id: 162-15-5111
[16-06-2022 19:14:55]: (INFO) => invalid id: 163-15-5111
[16-06-2022 19:14:55]: (INFO) => invalid id: 171-15-5111
[16-06-2022 19:14:55]: (INFO) => invalid id: 172-15-5111
[16-06-2022 19:14:55]: (INFO) => invalid id: 173-15-5111
[16-06-2022 19:14:55]: (INFO) => invalid id: 181-15-5111
[16-06-2022 19:14:55]: (INFO) => invalid id: 182-15-5111
[16-06-2022 19:14:56]: (INFO) => invalid id: 183-15-5111
[16-06-2022 19:14:56]: (INFO) => invalid id: 191-15-5111
[16-06-2022 19:14:56]: (INFO) => invalid id: 192-15-5111
[16-06-2022 19:14:56]: (INFO) => invalid id: 193-15-5111
[16-06-2022 19:14:56]: (INFO) => invalid id: 201-15-5111
[16-06-2022 19:14:56]: (INFO) => invalid id: 202-15-5111
[16-06-2022 19:14:57]: (INFO) => invalid id: 203-15-5111
[16-06-2022 19:14:57]: (INFO) => invalid id: 211-15-5111
[16-06-2022 19:14:58]: (INFO) => invalid id: 212-15-5111
[16-06-2022 19:14:58]: (INFO) => invalid id: 213-15-5111
[16-06-2022 19:14:58]: (INFO) => valid id: 221-15-5111
[16-06-2022 19:14:58]: (INFO) => invalid id: 222-15-5111
[16-06-2022 19:14:59]: (INFO) => invalid id: 223-15-5111
[16-06-2022 19:14:59]: (INFO) => invalid id: 141-15-5112
[16-06-2022 19:14:59]: (INFO) => invalid id: 142-15-5112
[16-06-2022 19:14:59]: (INFO) => invalid id: 143-15-5112
[16-06-2022 19:14:59]: (INFO) => valid id: 151-15-5112
[16-06-2022 19:14:59]: (INFO) => invalid id: 152-15-5112
[16-06-2022 19:15:00]: (INFO) => invalid id: 153-15-5112
[16-06-2022 19:15:00]: (INFO) => invalid id: 161-15-5112
[16-06-2022 19:15:00]: (INFO) => invalid id: 162-15-5112
[16-06-2022 19:15:00]: (INFO) => invalid id: 163-15-5112
[16-06-2022 19:15:00]: (INFO) => invalid id: 171-15-5112
[16-06-2022 19:15:00]: (INFO) => invalid id: 172-15-5112
[16-06-2022 19:15:00]: (INFO) => invalid id: 173-15-5112
[16-06-2022 19:15:01]: (INFO) => invalid id: 181-15-5112
[16-06-2022 19:15:01]: (INFO) => invalid id: 182-15-5112
[16-06-2022 19:15:01]: (INFO) => invalid id: 183-15-5112
[16-06-2022 19:15:01]: (INFO) => invalid id: 191-15-5112
[16-06-2022 19:15:01]: (INFO) => invalid id: 192-15-5112
[16-06-2022 19:15:01]: (INFO) => invalid id: 193-15-5112
[16-06-2022 19:15:02]: (INFO) => invalid id: 201-15-5112
[16-06-2022 19:15:02]: (INFO) => invalid id: 202-15-5112
[16-06-2022 19:15:02]: (INFO) => invalid id: 203-15-5112
[16-06-2022 19:15:02]: (INFO) => invalid id: 211-15-5112
[16-06-2022 19:15:02]: (INFO) => invalid id: 212-15-5112
[16-06-2022 19:15:02]: (INFO) => invalid id: 213-15-5112
[16-06-2022 19:15:02]: (INFO) => valid id: 221-15-5112
[16-06-2022 19:15:03]: (INFO) => invalid id: 222-15-5112
[16-06-2022 19:15:03]: (INFO) => invalid id: 223-15-5112
[16-06-2022 19:15:03]: (INFO) => invalid id: 141-15-5113
[16-06-2022 19:15:03]: (INFO) => invalid id: 142-15-5113
[16-06-2022 19:15:03]: (INFO) => invalid id: 143-15-5113
[16-06-2022 19:15:03]: (INFO) => valid id: 151-15-5113
[16-06-2022 19:15:03]: (INFO) => invalid id: 152-15-5113
[16-06-2022 19:15:03]: (INFO) => invalid id: 153-15-5113
[16-06-2022 19:15:04]: (INFO) => invalid id: 161-15-5113
[16-06-2022 19:15:04]: (INFO) => invalid id: 162-15-5113
[16-06-2022 19:15:04]: (INFO) => invalid id: 163-15-5113
[16-06-2022 19:15:04]: (INFO) => invalid id: 171-15-5113
[16-06-2022 19:15:04]: (INFO) => invalid id: 172-15-5113
[16-06-2022 19:15:04]: (INFO) => invalid id: 173-15-5113
[16-06-2022 19:15:04]: (INFO) => invalid id: 181-15-5113
[16-06-2022 19:15:04]: (INFO) => invalid id: 182-15-5113
[16-06-2022 19:15:05]: (INFO) => invalid id: 183-15-5113
[16-06-2022 19:15:05]: (INFO) => invalid id: 191-15-5113
[16-06-2022 19:15:05]: (INFO) => invalid id: 192-15-5113
[16-06-2022 19:15:05]: (INFO) => invalid id: 193-15-5113
[16-06-2022 19:15:05]: (INFO) => invalid id: 201-15-5113
[16-06-2022 19:15:05]: (INFO) => invalid id: 202-15-5113
[16-06-2022 19:15:05]: (INFO) => invalid id: 203-15-5113
[16-06-2022 19:15:05]: (INFO) => invalid id: 211-15-5113
[16-06-2022 19:15:06]: (INFO) => invalid id: 212-15-5113
[16-06-2022 19:15:06]: (INFO) => invalid id: 213-15-5113
[16-06-2022 19:15:06]: (INFO) => valid id: 221-15-5113
[16-06-2022 19:15:06]: (INFO) => invalid id: 222-15-5113
[16-06-2022 19:15:06]: (INFO) => invalid id: 223-15-5113
[16-06-2022 19:15:06]: (INFO) => invalid id: 141-15-5114
[16-06-2022 19:15:06]: (INFO) => invalid id: 142-15-5114
[16-06-2022 19:15:06]: (INFO) => invalid id: 143-15-5114
[16-06-2022 19:15:06]: (INFO) => valid id: 151-15-5114
[16-06-2022 19:15:07]: (INFO) => invalid id: 152-15-5114
[16-06-2022 19:15:07]: (INFO) => invalid id: 153-15-5114
[16-06-2022 19:15:07]: (INFO) => invalid id: 161-15-5114
[16-06-2022 19:15:07]: (INFO) => invalid id: 162-15-5114
[16-06-2022 19:15:07]: (INFO) => invalid id: 163-15-5114
[16-06-2022 19:15:07]: (INFO) => invalid id: 171-15-5114
[16-06-2022 19:15:07]: (INFO) => invalid id: 172-15-5114
[16-06-2022 19:15:08]: (INFO) => invalid id: 173-15-5114
[16-06-2022 19:15:08]: (INFO) => invalid id: 181-15-5114
[16-06-2022 19:15:08]: (INFO) => invalid id: 182-15-5114
[16-06-2022 19:15:08]: (INFO) => invalid id: 183-15-5114
[16-06-2022 19:15:08]: (INFO) => invalid id: 191-15-5114
[16-06-2022 19:15:08]: (INFO) => invalid id: 192-15-5114
[16-06-2022 19:15:08]: (INFO) => invalid id: 193-15-5114
[16-06-2022 19:15:09]: (INFO) => invalid id: 201-15-5114
[16-06-2022 19:15:09]: (INFO) => invalid id: 202-15-5114
[16-06-2022 19:15:09]: (INFO) => invalid id: 203-15-5114
[16-06-2022 19:15:09]: (INFO) => invalid id: 211-15-5114
[16-06-2022 19:15:09]: (INFO) => invalid id: 212-15-5114
[16-06-2022 19:15:10]: (INFO) => invalid id: 213-15-5114
[16-06-2022 19:15:10]: (INFO) => valid id: 221-15-5114
[16-06-2022 19:15:10]: (INFO) => invalid id: 222-15-5114
[16-06-2022 19:15:10]: (INFO) => invalid id: 223-15-5114
[16-06-2022 19:15:10]: (INFO) => invalid id: 141-15-5115
[16-06-2022 19:15:10]: (INFO) => invalid id: 142-15-5115
[16-06-2022 19:15:11]: (INFO) => invalid id: 143-15-5115
[16-06-2022 19:15:11]: (INFO) => valid id: 151-15-5115
[16-06-2022 19:15:11]: (INFO) => invalid id: 152-15-5115
[16-06-2022 19:15:11]: (INFO) => invalid id: 153-15-5115
[16-06-2022 19:15:11]: (INFO) => invalid id: 161-15-5115
[16-06-2022 19:15:11]: (INFO) => invalid id: 162-15-5115
[16-06-2022 19:15:11]: (INFO) => invalid id: 163-15-5115
[16-06-2022 19:15:11]: (INFO) => invalid id: 171-15-5115
[16-06-2022 19:15:12]: (INFO) => invalid id: 172-15-5115
[16-06-2022 19:15:12]: (INFO) => invalid id: 173-15-5115
[16-06-2022 19:15:12]: (INFO) => invalid id: 181-15-5115
[16-06-2022 19:15:12]: (INFO) => invalid id: 182-15-5115
[16-06-2022 19:15:12]: (INFO) => invalid id: 183-15-5115
[16-06-2022 19:15:12]: (INFO) => invalid id: 191-15-5115
[16-06-2022 19:15:12]: (INFO) => invalid id: 192-15-5115
[16-06-2022 19:15:12]: (INFO) => invalid id: 193-15-5115
[16-06-2022 19:15:12]: (INFO) => invalid id: 201-15-5115
[16-06-2022 19:15:13]: (INFO) => invalid id: 202-15-5115
[16-06-2022 19:15:13]: (INFO) => invalid id: 203-15-5115
[16-06-2022 19:15:13]: (INFO) => invalid id: 211-15-5115
[16-06-2022 19:15:13]: (INFO) => invalid id: 212-15-5115
[16-06-2022 19:15:13]: (INFO) => invalid id: 213-15-5115
[16-06-2022 19:15:13]: (INFO) => valid id: 221-15-5115
[16-06-2022 19:15:13]: (INFO) => invalid id: 222-15-5115
[16-06-2022 19:15:13]: (INFO) => invalid id: 223-15-5115
[16-06-2022 19:15:14]: (INFO) => invalid id: 141-15-5116
[16-06-2022 19:15:14]: (INFO) => invalid id: 142-15-5116
[16-06-2022 19:15:14]: (INFO) => invalid id: 143-15-5116
[16-06-2022 19:15:14]: (INFO) => valid id: 151-15-5116
[16-06-2022 19:15:14]: (INFO) => invalid id: 152-15-5116
[16-06-2022 19:15:14]: (INFO) => invalid id: 153-15-5116
[16-06-2022 19:15:14]: (INFO) => invalid id: 161-15-5116
[16-06-2022 19:15:14]: (INFO) => invalid id: 162-15-5116
[16-06-2022 19:15:15]: (INFO) => invalid id: 163-15-5116
[16-06-2022 19:15:15]: (INFO) => invalid id: 171-15-5116
[16-06-2022 19:15:15]: (INFO) => invalid id: 172-15-5116
[16-06-2022 19:15:15]: (INFO) => invalid id: 173-15-5116
[16-06-2022 19:15:15]: (INFO) => invalid id: 181-15-5116
[16-06-2022 19:15:15]: (INFO) => invalid id: 182-15-5116
[16-06-2022 19:15:15]: (INFO) => invalid id: 183-15-5116
[16-06-2022 19:15:15]: (INFO) => invalid id: 191-15-5116
[16-06-2022 19:15:15]: (INFO) => invalid id: 192-15-5116
[16-06-2022 19:15:16]: (INFO) => invalid id: 193-15-5116
[16-06-2022 19:15:16]: (INFO) => invalid id: 201-15-5116
[16-06-2022 19:15:16]: (INFO) => invalid id: 202-15-5116
[16-06-2022 19:15:16]: (INFO) => invalid id: 203-15-5116
[16-06-2022 19:15:16]: (INFO) => invalid id: 211-15-5116
[16-06-2022 19:15:16]: (INFO) => invalid id: 212-15-5116
[16-06-2022 19:15:16]: (INFO) => invalid id: 213-15-5116
[16-06-2022 19:15:16]: (INFO) => valid id: 221-15-5116
[16-06-2022 19:15:17]: (INFO) => invalid id: 222-15-5116
[16-06-2022 19:15:17]: (INFO) => invalid id: 223-15-5116
[16-06-2022 19:15:17]: (INFO) => invalid id: 141-15-5117
[16-06-2022 19:15:17]: (INFO) => invalid id: 142-15-5117
[16-06-2022 19:15:17]: (INFO) => invalid id: 143-15-5117
[16-06-2022 19:15:18]: (INFO) => valid id: 151-15-5117
[16-06-2022 19:15:18]: (INFO) => invalid id: 152-15-5117
[16-06-2022 19:15:18]: (INFO) => invalid id: 153-15-5117
[16-06-2022 19:15:18]: (INFO) => invalid id: 161-15-5117
[16-06-2022 19:15:18]: (INFO) => invalid id: 162-15-5117
[16-06-2022 19:15:18]: (INFO) => invalid id: 163-15-5117
[16-06-2022 19:15:18]: (INFO) => invalid id: 171-15-5117
[16-06-2022 19:15:18]: (INFO) => invalid id: 172-15-5117
[16-06-2022 19:15:18]: (INFO) => invalid id: 173-15-5117
[16-06-2022 19:15:18]: (INFO) => invalid id: 181-15-5117
[16-06-2022 19:15:19]: (INFO) => invalid id: 182-15-5117
[16-06-2022 19:15:19]: (INFO) => invalid id: 183-15-5117
[16-06-2022 19:15:19]: (INFO) => invalid id: 191-15-5117
[16-06-2022 19:15:19]: (INFO) => invalid id: 192-15-5117
[16-06-2022 19:15:19]: (INFO) => invalid id: 193-15-5117
[16-06-2022 19:15:19]: (INFO) => invalid id: 201-15-5117
[16-06-2022 19:15:19]: (INFO) => invalid id: 202-15-5117
[16-06-2022 19:15:19]: (INFO) => invalid id: 203-15-5117
[16-06-2022 19:15:20]: (INFO) => invalid id: 211-15-5117
[16-06-2022 19:15:20]: (INFO) => invalid id: 212-15-5117
[16-06-2022 19:15:20]: (INFO) => invalid id: 213-15-5117
[16-06-2022 19:15:20]: (INFO) => valid id: 221-15-5117
[16-06-2022 19:15:20]: (INFO) => invalid id: 222-15-5117
[16-06-2022 19:15:20]: (INFO) => invalid id: 223-15-5117
[16-06-2022 19:15:20]: (INFO) => invalid id: 141-15-5118
[16-06-2022 19:15:21]: (INFO) => invalid id: 142-15-5118
[16-06-2022 19:15:21]: (INFO) => invalid id: 143-15-5118
[16-06-2022 19:15:21]: (INFO) => valid id: 151-15-5118
[16-06-2022 19:15:21]: (INFO) => invalid id: 152-15-5118
[16-06-2022 19:15:21]: (INFO) => invalid id: 153-15-5118
[16-06-2022 19:15:21]: (INFO) => invalid id: 161-15-5118
[16-06-2022 19:15:21]: (INFO) => invalid id: 162-15-5118
[16-06-2022 19:15:21]: (INFO) => invalid id: 163-15-5118
[16-06-2022 19:15:22]: (INFO) => invalid id: 171-15-5118
[16-06-2022 19:15:22]: (INFO) => invalid id: 172-15-5118
[16-06-2022 19:15:22]: (INFO) => invalid id: 173-15-5118
[16-06-2022 19:15:22]: (INFO) => invalid id: 181-15-5118
[16-06-2022 19:15:22]: (INFO) => invalid id: 182-15-5118
[16-06-2022 19:15:22]: (INFO) => invalid id: 183-15-5118
[16-06-2022 19:15:22]: (INFO) => invalid id: 191-15-5118
[16-06-2022 19:15:22]: (INFO) => invalid id: 192-15-5118
[16-06-2022 19:15:23]: (INFO) => invalid id: 193-15-5118
[16-06-2022 19:15:23]: (INFO) => invalid id: 201-15-5118
[16-06-2022 19:15:23]: (INFO) => invalid id: 202-15-5118
[16-06-2022 19:15:23]: (INFO) => invalid id: 203-15-5118
[16-06-2022 19:15:23]: (INFO) => invalid id: 211-15-5118
[16-06-2022 19:15:23]: (INFO) => invalid id: 212-15-5118
[16-06-2022 19:15:23]: (INFO) => invalid id: 213-15-5118
[16-06-2022 19:15:23]: (INFO) => valid id: 221-15-5118
[16-06-2022 19:15:23]: (INFO) => invalid id: 222-15-5118
[16-06-2022 19:15:24]: (INFO) => invalid id: 223-15-5118
[16-06-2022 19:15:24]: (INFO) => invalid id: 141-15-5119
[16-06-2022 19:15:24]: (INFO) => invalid id: 142-15-5119
[16-06-2022 19:15:24]: (INFO) => invalid id: 143-15-5119
[16-06-2022 19:15:24]: (INFO) => valid id: 151-15-5119
[16-06-2022 19:15:24]: (INFO) => invalid id: 152-15-5119
[16-06-2022 19:15:24]: (INFO) => invalid id: 153-15-5119
[16-06-2022 19:15:24]: (INFO) => invalid id: 161-15-5119
[16-06-2022 19:15:25]: (INFO) => invalid id: 162-15-5119
[16-06-2022 19:15:25]: (INFO) => invalid id: 163-15-5119
[16-06-2022 19:15:25]: (INFO) => invalid id: 171-15-5119
[16-06-2022 19:15:25]: (INFO) => invalid id: 172-15-5119
[16-06-2022 19:15:25]: (INFO) => invalid id: 173-15-5119
[16-06-2022 19:15:25]: (INFO) => invalid id: 181-15-5119
[16-06-2022 19:15:25]: (INFO) => invalid id: 182-15-5119
[16-06-2022 19:15:25]: (INFO) => invalid id: 183-15-5119
[16-06-2022 19:15:25]: (INFO) => invalid id: 191-15-5119
[16-06-2022 19:15:26]: (INFO) => invalid id: 192-15-5119
[16-06-2022 19:15:26]: (INFO) => invalid id: 193-15-5119
[16-06-2022 19:15:26]: (INFO) => invalid id: 201-15-5119
[16-06-2022 19:15:26]: (INFO) => invalid id: 202-15-5119
[16-06-2022 19:15:26]: (INFO) => invalid id: 203-15-5119
[16-06-2022 19:15:26]: (INFO) => invalid id: 211-15-5119
[16-06-2022 19:15:26]: (INFO) => invalid id: 212-15-5119
[16-06-2022 19:15:27]: (INFO) => invalid id: 213-15-5119
[16-06-2022 19:15:27]: (INFO) => valid id: 221-15-5119
[16-06-2022 19:15:27]: (INFO) => invalid id: 222-15-5119
[16-06-2022 19:15:27]: (INFO) => invalid id: 223-15-5119
[16-06-2022 19:15:27]: (INFO) => invalid id: 141-15-5120
[16-06-2022 19:15:27]: (INFO) => invalid id: 142-15-5120
[16-06-2022 19:15:27]: (INFO) => invalid id: 143-15-5120
[16-06-2022 19:15:28]: (INFO) => valid id: 151-15-5120
[16-06-2022 19:15:28]: (INFO) => invalid id: 152-15-5120
[16-06-2022 19:15:28]: (INFO) => invalid id: 153-15-5120
[16-06-2022 19:15:28]: (INFO) => invalid id: 161-15-5120
[16-06-2022 19:15:28]: (INFO) => invalid id: 162-15-5120
[16-06-2022 19:15:28]: (INFO) => invalid id: 163-15-5120
[16-06-2022 19:15:28]: (INFO) => invalid id: 171-15-5120
[16-06-2022 19:15:28]: (INFO) => invalid id: 172-15-5120
[16-06-2022 19:15:28]: (INFO) => invalid id: 173-15-5120
[16-06-2022 19:15:28]: (INFO) => invalid id: 181-15-5120
[16-06-2022 19:15:29]: (INFO) => invalid id: 182-15-5120
[16-06-2022 19:15:29]: (INFO) => invalid id: 183-15-5120
[16-06-2022 19:15:29]: (INFO) => invalid id: 191-15-5120
[16-06-2022 19:15:29]: (INFO) => invalid id: 192-15-5120
[16-06-2022 19:15:29]: (INFO) => invalid id: 193-15-5120
[16-06-2022 19:15:29]: (INFO) => invalid id: 201-15-5120
[16-06-2022 19:15:30]: (INFO) => invalid id: 202-15-5120
[16-06-2022 19:15:30]: (INFO) => invalid id: 203-15-5120
[16-06-2022 19:15:30]: (INFO) => invalid id: 211-15-5120
[16-06-2022 19:15:30]: (INFO) => invalid id: 212-15-5120
[16-06-2022 19:15:30]: (INFO) => invalid id: 213-15-5120
[16-06-2022 19:15:30]: (INFO) => valid id: 221-15-5120
[16-06-2022 19:15:30]: (INFO) => invalid id: 222-15-5120
[16-06-2022 19:15:31]: (INFO) => invalid id: 223-15-5120
[16-06-2022 19:15:31]: (INFO) => invalid id: 141-15-5121
[16-06-2022 19:15:31]: (INFO) => invalid id: 142-15-5121
[16-06-2022 19:15:31]: (INFO) => invalid id: 143-15-5121
[16-06-2022 19:15:31]: (INFO) => valid id: 151-15-5121
[16-06-2022 19:15:31]: (INFO) => invalid id: 152-15-5121
[16-06-2022 19:15:31]: (INFO) => invalid id: 153-15-5121
[16-06-2022 19:15:32]: (INFO) => invalid id: 161-15-5121
[16-06-2022 19:15:32]: (INFO) => invalid id: 162-15-5121
[16-06-2022 19:15:32]: (INFO) => invalid id: 163-15-5121
[16-06-2022 19:15:32]: (INFO) => invalid id: 171-15-5121
[16-06-2022 19:15:32]: (INFO) => invalid id: 172-15-5121
[16-06-2022 19:15:32]: (INFO) => invalid id: 173-15-5121
[16-06-2022 19:15:32]: (INFO) => invalid id: 181-15-5121
[16-06-2022 19:15:32]: (INFO) => invalid id: 182-15-5121
[16-06-2022 19:15:33]: (INFO) => invalid id: 183-15-5121
[16-06-2022 19:15:33]: (INFO) => invalid id: 191-15-5121
[16-06-2022 19:15:33]: (INFO) => invalid id: 192-15-5121
[16-06-2022 19:15:33]: (INFO) => invalid id: 193-15-5121
[16-06-2022 19:15:33]: (INFO) => invalid id: 201-15-5121
[16-06-2022 19:15:33]: (INFO) => invalid id: 202-15-5121
[16-06-2022 19:15:33]: (INFO) => invalid id: 203-15-5121
[16-06-2022 19:15:33]: (INFO) => invalid id: 211-15-5121
[16-06-2022 19:15:33]: (INFO) => invalid id: 212-15-5121
[16-06-2022 19:15:34]: (INFO) => invalid id: 213-15-5121
[16-06-2022 19:15:34]: (INFO) => valid id: 221-15-5121
[16-06-2022 19:15:34]: (INFO) => invalid id: 222-15-5121
[16-06-2022 19:15:34]: (INFO) => invalid id: 223-15-5121
[16-06-2022 19:15:34]: (INFO) => invalid id: 141-15-5122
[16-06-2022 19:15:34]: (INFO) => invalid id: 142-15-5122
[16-06-2022 19:15:34]: (INFO) => invalid id: 143-15-5122
[16-06-2022 19:15:35]: (INFO) => valid id: 151-15-5122
[16-06-2022 19:15:35]: (INFO) => invalid id: 152-15-5122
[16-06-2022 19:15:35]: (INFO) => invalid id: 153-15-5122
[16-06-2022 19:15:35]: (INFO) => invalid id: 161-15-5122
[16-06-2022 19:15:35]: (INFO) => invalid id: 162-15-5122
[16-06-2022 19:15:35]: (INFO) => invalid id: 163-15-5122
[16-06-2022 19:15:36]: (INFO) => invalid id: 171-15-5122
[16-06-2022 19:15:36]: (INFO) => invalid id: 172-15-5122
[16-06-2022 19:15:36]: (INFO) => invalid id: 173-15-5122
[16-06-2022 19:15:36]: (INFO) => invalid id: 181-15-5122
[16-06-2022 19:15:36]: (INFO) => invalid id: 182-15-5122
[16-06-2022 19:15:36]: (INFO) => invalid id: 183-15-5122
[16-06-2022 19:15:36]: (INFO) => invalid id: 191-15-5122
[16-06-2022 19:15:37]: (INFO) => invalid id: 192-15-5122
[16-06-2022 19:15:37]: (INFO) => invalid id: 193-15-5122
[16-06-2022 19:15:37]: (INFO) => invalid id: 201-15-5122
[16-06-2022 19:15:37]: (INFO) => invalid id: 202-15-5122
[16-06-2022 19:15:37]: (INFO) => invalid id: 203-15-5122
[16-06-2022 19:15:37]: (INFO) => invalid id: 211-15-5122
[16-06-2022 19:15:38]: (INFO) => invalid id: 212-15-5122
[16-06-2022 19:15:38]: (INFO) => invalid id: 213-15-5122
[16-06-2022 19:15:38]: (INFO) => valid id: 221-15-5122
[16-06-2022 19:15:39]: (INFO) => invalid id: 222-15-5122
[16-06-2022 19:15:39]: (INFO) => invalid id: 223-15-5122
[16-06-2022 19:15:39]: (INFO) => invalid id: 141-15-5123
[16-06-2022 19:15:40]: (INFO) => invalid id: 142-15-5123
[16-06-2022 19:15:40]: (INFO) => invalid id: 143-15-5123
[16-06-2022 19:15:40]: (INFO) => valid id: 151-15-5123
[16-06-2022 19:15:40]: (INFO) => invalid id: 152-15-5123
[16-06-2022 19:15:40]: (INFO) => invalid id: 153-15-5123
[16-06-2022 19:15:40]: (INFO) => invalid id: 161-15-5123
[16-06-2022 19:15:40]: (INFO) => invalid id: 162-15-5123
[16-06-2022 19:15:41]: (INFO) => invalid id: 163-15-5123
[16-06-2022 19:15:41]: (INFO) => invalid id: 171-15-5123
[16-06-2022 19:15:41]: (INFO) => invalid id: 172-15-5123
[16-06-2022 19:15:41]: (INFO) => invalid id: 173-15-5123
[16-06-2022 19:15:41]: (INFO) => invalid id: 181-15-5123
[16-06-2022 19:15:41]: (INFO) => invalid id: 182-15-5123
[16-06-2022 19:15:41]: (INFO) => invalid id: 183-15-5123
[16-06-2022 19:15:41]: (INFO) => invalid id: 191-15-5123
[16-06-2022 19:15:42]: (INFO) => invalid id: 192-15-5123
[16-06-2022 19:15:42]: (INFO) => invalid id: 193-15-5123
[16-06-2022 19:15:42]: (INFO) => invalid id: 201-15-5123
[16-06-2022 19:15:42]: (INFO) => invalid id: 202-15-5123
[16-06-2022 19:15:42]: (INFO) => invalid id: 203-15-5123
[16-06-2022 19:15:42]: (INFO) => invalid id: 211-15-5123
[16-06-2022 19:15:43]: (INFO) => invalid id: 212-15-5123
[16-06-2022 19:15:43]: (INFO) => invalid id: 213-15-5123
[16-06-2022 19:15:43]: (INFO) => valid id: 221-15-5123
[16-06-2022 19:15:43]: (INFO) => invalid id: 222-15-5123
[16-06-2022 19:15:43]: (INFO) => invalid id: 223-15-5123
[16-06-2022 19:15:43]: (INFO) => invalid id: 141-15-5124
[16-06-2022 19:15:43]: (INFO) => invalid id: 142-15-5124
[16-06-2022 19:15:43]: (INFO) => invalid id: 143-15-5124
[16-06-2022 19:15:43]: (INFO) => valid id: 151-15-5124
[16-06-2022 19:15:44]: (INFO) => invalid id: 152-15-5124
[16-06-2022 19:15:44]: (INFO) => invalid id: 153-15-5124
[16-06-2022 19:15:44]: (INFO) => invalid id: 161-15-5124
[16-06-2022 19:15:44]: (INFO) => invalid id: 162-15-5124
[16-06-2022 19:15:44]: (INFO) => invalid id: 163-15-5124
[16-06-2022 19:15:44]: (INFO) => invalid id: 171-15-5124
[16-06-2022 19:15:44]: (INFO) => invalid id: 172-15-5124
[16-06-2022 19:15:45]: (INFO) => invalid id: 173-15-5124
[16-06-2022 19:15:45]: (INFO) => invalid id: 181-15-5124
[16-06-2022 19:15:45]: (INFO) => invalid id: 182-15-5124
[16-06-2022 19:15:45]: (INFO) => invalid id: 183-15-5124
[16-06-2022 19:15:45]: (INFO) => invalid id: 191-15-5124
[16-06-2022 19:15:45]: (INFO) => invalid id: 192-15-5124
[16-06-2022 19:15:45]: (INFO) => invalid id: 193-15-5124
[16-06-2022 19:15:45]: (INFO) => invalid id: 201-15-5124
[16-06-2022 19:15:46]: (INFO) => invalid id: 202-15-5124
[16-06-2022 19:15:46]: (INFO) => invalid id: 203-15-5124
[16-06-2022 19:15:46]: (INFO) => invalid id: 211-15-5124
[16-06-2022 19:15:46]: (INFO) => invalid id: 212-15-5124
[16-06-2022 19:15:46]: (INFO) => invalid id: 213-15-5124
[16-06-2022 19:15:46]: (INFO) => valid id: 221-15-5124
[16-06-2022 19:15:46]: (INFO) => invalid id: 222-15-5124
[16-06-2022 19:15:46]: (INFO) => invalid id: 223-15-5124
[16-06-2022 19:15:47]: (INFO) => invalid id: 141-15-5125
[16-06-2022 19:15:47]: (INFO) => invalid id: 142-15-5125
[16-06-2022 19:15:47]: (INFO) => invalid id: 143-15-5125
[16-06-2022 19:15:47]: (INFO) => valid id: 151-15-5125
[16-06-2022 19:15:47]: (INFO) => invalid id: 152-15-5125
[16-06-2022 19:15:47]: (INFO) => invalid id: 153-15-5125
[16-06-2022 19:15:47]: (INFO) => invalid id: 161-15-5125
[16-06-2022 19:15:47]: (INFO) => invalid id: 162-15-5125
[16-06-2022 19:15:48]: (INFO) => invalid id: 163-15-5125
[16-06-2022 19:15:48]: (INFO) => invalid id: 171-15-5125
[16-06-2022 19:15:48]: (INFO) => invalid id: 172-15-5125
[16-06-2022 19:15:48]: (INFO) => invalid id: 173-15-5125
[16-06-2022 19:15:48]: (INFO) => invalid id: 181-15-5125
[16-06-2022 19:15:48]: (INFO) => invalid id: 182-15-5125
[16-06-2022 19:15:48]: (INFO) => invalid id: 183-15-5125
[16-06-2022 19:15:48]: (INFO) => invalid id: 191-15-5125
[16-06-2022 19:15:48]: (INFO) => invalid id: 192-15-5125
[16-06-2022 19:15:49]: (INFO) => invalid id: 193-15-5125
[16-06-2022 19:15:49]: (INFO) => invalid id: 201-15-5125
[16-06-2022 19:15:49]: (INFO) => invalid id: 202-15-5125
[16-06-2022 19:15:49]: (INFO) => invalid id: 203-15-5125
[16-06-2022 19:15:49]: (INFO) => invalid id: 211-15-5125
[16-06-2022 19:15:49]: (INFO) => invalid id: 212-15-5125
[16-06-2022 19:15:50]: (INFO) => invalid id: 213-15-5125
[16-06-2022 19:15:50]: (INFO) => valid id: 221-15-5125
[16-06-2022 19:15:50]: (INFO) => invalid id: 222-15-5125
[16-06-2022 19:15:50]: (INFO) => invalid id: 223-15-5125
[16-06-2022 19:15:50]: (INFO) => invalid id: 141-15-5126
[16-06-2022 19:15:50]: (INFO) => invalid id: 142-15-5126
[16-06-2022 19:15:50]: (INFO) => invalid id: 143-15-5126
[16-06-2022 19:15:50]: (INFO) => valid id: 151-15-5126
[16-06-2022 19:15:51]: (INFO) => invalid id: 152-15-5126
[16-06-2022 19:15:51]: (INFO) => invalid id: 153-15-5126
[16-06-2022 19:15:51]: (INFO) => invalid id: 161-15-5126
[16-06-2022 19:15:51]: (INFO) => invalid id: 162-15-5126
[16-06-2022 19:15:51]: (INFO) => invalid id: 163-15-5126
[16-06-2022 19:15:51]: (INFO) => invalid id: 171-15-5126
[16-06-2022 19:15:51]: (INFO) => invalid id: 172-15-5126
[16-06-2022 19:15:52]: (INFO) => invalid id: 173-15-5126
[16-06-2022 19:15:52]: (INFO) => invalid id: 181-15-5126
[16-06-2022 19:15:52]: (INFO) => invalid id: 182-15-5126
[16-06-2022 19:15:52]: (INFO) => invalid id: 183-15-5126
[16-06-2022 19:15:52]: (INFO) => invalid id: 191-15-5126
[16-06-2022 19:15:52]: (INFO) => invalid id: 192-15-5126
[16-06-2022 19:15:52]: (INFO) => invalid id: 193-15-5126
[16-06-2022 19:15:52]: (INFO) => invalid id: 201-15-5126
[16-06-2022 19:15:53]: (INFO) => invalid id: 202-15-5126
[16-06-2022 19:15:53]: (INFO) => invalid id: 203-15-5126
[16-06-2022 19:15:53]: (INFO) => invalid id: 211-15-5126
[16-06-2022 19:15:53]: (INFO) => invalid id: 212-15-5126
[16-06-2022 19:15:53]: (INFO) => invalid id: 213-15-5126
[16-06-2022 19:15:53]: (INFO) => valid id: 221-15-5126
[16-06-2022 19:15:53]: (INFO) => invalid id: 222-15-5126
[16-06-2022 19:15:53]: (INFO) => invalid id: 223-15-5126
[16-06-2022 19:15:54]: (INFO) => invalid id: 141-15-5127
[16-06-2022 19:15:54]: (INFO) => invalid id: 142-15-5127
[16-06-2022 19:15:54]: (INFO) => invalid id: 143-15-5127
[16-06-2022 19:15:54]: (INFO) => valid id: 151-15-5127
[16-06-2022 19:15:54]: (INFO) => invalid id: 152-15-5127
[16-06-2022 19:15:55]: (INFO) => invalid id: 153-15-5127
[16-06-2022 19:15:55]: (INFO) => invalid id: 161-15-5127
[16-06-2022 19:15:55]: (INFO) => invalid id: 162-15-5127
[16-06-2022 19:15:55]: (INFO) => invalid id: 163-15-5127
[16-06-2022 19:15:55]: (INFO) => invalid id: 171-15-5127
[16-06-2022 19:15:55]: (INFO) => invalid id: 172-15-5127
[16-06-2022 19:15:56]: (INFO) => invalid id: 173-15-5127
[16-06-2022 19:15:56]: (INFO) => invalid id: 181-15-5127
[16-06-2022 19:15:56]: (INFO) => invalid id: 182-15-5127
[16-06-2022 19:15:56]: (INFO) => invalid id: 183-15-5127
[16-06-2022 19:15:56]: (INFO) => invalid id: 191-15-5127
[16-06-2022 19:15:56]: (INFO) => invalid id: 192-15-5127
[16-06-2022 19:15:56]: (INFO) => invalid id: 193-15-5127
[16-06-2022 19:15:56]: (INFO) => invalid id: 201-15-5127
[16-06-2022 19:15:57]: (INFO) => invalid id: 202-15-5127
[16-06-2022 19:15:57]: (INFO) => invalid id: 203-15-5127
[16-06-2022 19:15:57]: (INFO) => invalid id: 211-15-5127
[16-06-2022 19:15:57]: (INFO) => invalid id: 212-15-5127
[16-06-2022 19:15:57]: (INFO) => invalid id: 213-15-5127
[16-06-2022 19:15:57]: (INFO) => valid id: 221-15-5127
[16-06-2022 19:15:57]: (INFO) => invalid id: 222-15-5127
[16-06-2022 19:15:57]: (INFO) => invalid id: 223-15-5127
[16-06-2022 19:15:58]: (INFO) => invalid id: 141-15-5128
[16-06-2022 19:15:58]: (INFO) => invalid id: 142-15-5128
[16-06-2022 19:15:58]: (INFO) => invalid id: 143-15-5128
[16-06-2022 19:15:58]: (INFO) => valid id: 151-15-5128
[16-06-2022 19:15:58]: (INFO) => invalid id: 152-15-5128
[16-06-2022 19:15:58]: (INFO) => invalid id: 153-15-5128
[16-06-2022 19:15:58]: (INFO) => invalid id: 161-15-5128
[16-06-2022 19:15:58]: (INFO) => invalid id: 162-15-5128
[16-06-2022 19:15:59]: (INFO) => invalid id: 163-15-5128
[16-06-2022 19:15:59]: (INFO) => invalid id: 171-15-5128
[16-06-2022 19:15:59]: (INFO) => invalid id: 172-15-5128
[16-06-2022 19:15:59]: (INFO) => invalid id: 173-15-5128
[16-06-2022 19:15:59]: (INFO) => invalid id: 181-15-5128
[16-06-2022 19:15:59]: (INFO) => invalid id: 182-15-5128
[16-06-2022 19:15:59]: (INFO) => invalid id: 183-15-5128
[16-06-2022 19:15:59]: (INFO) => invalid id: 191-15-5128
[16-06-2022 19:16:00]: (INFO) => invalid id: 192-15-5128
[16-06-2022 19:16:00]: (INFO) => invalid id: 193-15-5128
[16-06-2022 19:16:00]: (INFO) => invalid id: 201-15-5128
[16-06-2022 19:16:00]: (INFO) => invalid id: 202-15-5128
[16-06-2022 19:16:00]: (INFO) => invalid id: 203-15-5128
[16-06-2022 19:16:00]: (INFO) => invalid id: 211-15-5128
[16-06-2022 19:16:00]: (INFO) => invalid id: 212-15-5128
[16-06-2022 19:16:00]: (INFO) => invalid id: 213-15-5128
[16-06-2022 19:16:01]: (INFO) => valid id: 221-15-5128
[16-06-2022 19:16:01]: (INFO) => invalid id: 222-15-5128
[16-06-2022 19:16:01]: (INFO) => invalid id: 223-15-5128
[16-06-2022 19:16:01]: (INFO) => invalid id: 141-15-5129
[16-06-2022 19:16:01]: (INFO) => invalid id: 142-15-5129
[16-06-2022 19:16:01]: (INFO) => invalid id: 143-15-5129
[16-06-2022 19:16:01]: (INFO) => valid id: 151-15-5129
[16-06-2022 19:16:01]: (INFO) => invalid id: 152-15-5129
[16-06-2022 19:16:02]: (INFO) => invalid id: 153-15-5129
[16-06-2022 19:16:02]: (INFO) => invalid id: 161-15-5129
[16-06-2022 19:16:02]: (INFO) => invalid id: 162-15-5129
[16-06-2022 19:16:02]: (INFO) => invalid id: 163-15-5129
[16-06-2022 19:16:02]: (INFO) => invalid id: 171-15-5129
[16-06-2022 19:16:02]: (INFO) => invalid id: 172-15-5129
[16-06-2022 19:16:02]: (INFO) => invalid id: 173-15-5129
[16-06-2022 19:16:03]: (INFO) => invalid id: 181-15-5129
[16-06-2022 19:16:03]: (INFO) => invalid id: 182-15-5129
[16-06-2022 19:16:03]: (INFO) => invalid id: 183-15-5129
[16-06-2022 19:16:03]: (INFO) => invalid id: 191-15-5129
[16-06-2022 19:16:03]: (INFO) => invalid id: 192-15-5129
[16-06-2022 19:16:03]: (INFO) => invalid id: 193-15-5129
[16-06-2022 19:16:03]: (INFO) => invalid id: 201-15-5129
[16-06-2022 19:16:03]: (INFO) => invalid id: 202-15-5129
[16-06-2022 19:16:04]: (INFO) => invalid id: 203-15-5129
[16-06-2022 19:16:04]: (INFO) => invalid id: 211-15-5129
[16-06-2022 19:16:04]: (INFO) => invalid id: 212-15-5129
[16-06-2022 19:16:04]: (INFO) => invalid id: 213-15-5129
[16-06-2022 19:16:04]: (INFO) => valid id: 221-15-5129
[16-06-2022 19:16:04]: (INFO) => invalid id: 222-15-5129
[16-06-2022 19:16:04]: (INFO) => invalid id: 223-15-5129
[16-06-2022 19:16:04]: (INFO) => invalid id: 141-15-5130
[16-06-2022 19:16:05]: (INFO) => invalid id: 142-15-5130
[16-06-2022 19:16:05]: (INFO) => invalid id: 143-15-5130
[16-06-2022 19:16:05]: (INFO) => valid id: 151-15-5130
[16-06-2022 19:16:05]: (INFO) => invalid id: 152-15-5130
[16-06-2022 19:16:05]: (INFO) => invalid id: 153-15-5130
[16-06-2022 19:16:05]: (INFO) => invalid id: 161-15-5130
[16-06-2022 19:16:05]: (INFO) => invalid id: 162-15-5130
[16-06-2022 19:16:05]: (INFO) => invalid id: 163-15-5130
[16-06-2022 19:16:05]: (INFO) => invalid id: 171-15-5130
[16-06-2022 19:16:06]: (INFO) => invalid id: 172-15-5130
[16-06-2022 19:16:06]: (INFO) => invalid id: 173-15-5130
[16-06-2022 19:16:06]: (INFO) => invalid id: 181-15-5130
[16-06-2022 19:16:06]: (INFO) => invalid id: 182-15-5130
[16-06-2022 19:16:06]: (INFO) => invalid id: 183-15-5130
[16-06-2022 19:16:06]: (INFO) => invalid id: 191-15-5130
[16-06-2022 19:16:06]: (INFO) => invalid id: 192-15-5130
[16-06-2022 19:16:06]: (INFO) => invalid id: 193-15-5130
[16-06-2022 19:16:07]: (INFO) => invalid id: 201-15-5130
[16-06-2022 19:16:07]: (INFO) => invalid id: 202-15-5130
[16-06-2022 19:16:07]: (INFO) => invalid id: 203-15-5130
[16-06-2022 19:16:07]: (INFO) => invalid id: 211-15-5130
[16-06-2022 19:16:07]: (INFO) => invalid id: 212-15-5130
[16-06-2022 19:16:07]: (INFO) => invalid id: 213-15-5130
[16-06-2022 19:16:07]: (INFO) => valid id: 221-15-5130
[16-06-2022 19:16:07]: (INFO) => invalid id: 222-15-5130
[16-06-2022 19:16:08]: (INFO) => invalid id: 223-15-5130
[16-06-2022 19:16:08]: (INFO) => invalid id: 141-15-5131
[16-06-2022 19:16:08]: (INFO) => invalid id: 142-15-5131
[16-06-2022 19:16:08]: (INFO) => invalid id: 143-15-5131
[16-06-2022 19:16:08]: (INFO) => valid id: 151-15-5131
[16-06-2022 19:16:08]: (INFO) => invalid id: 152-15-5131
[16-06-2022 19:16:08]: (INFO) => invalid id: 153-15-5131
[16-06-2022 19:16:08]: (INFO) => invalid id: 161-15-5131
[16-06-2022 19:16:09]: (INFO) => invalid id: 162-15-5131
[16-06-2022 19:16:09]: (INFO) => invalid id: 163-15-5131
[16-06-2022 19:16:09]: (INFO) => invalid id: 171-15-5131
[16-06-2022 19:16:09]: (INFO) => invalid id: 172-15-5131
[16-06-2022 19:16:09]: (INFO) => invalid id: 173-15-5131
[16-06-2022 19:16:09]: (INFO) => invalid id: 181-15-5131
[16-06-2022 19:16:09]: (INFO) => invalid id: 182-15-5131
[16-06-2022 19:16:10]: (INFO) => invalid id: 183-15-5131
[16-06-2022 19:16:10]: (INFO) => invalid id: 191-15-5131
[16-06-2022 19:16:10]: (INFO) => invalid id: 192-15-5131
[16-06-2022 19:16:10]: (INFO) => invalid id: 193-15-5131
[16-06-2022 19:16:10]: (INFO) => invalid id: 201-15-5131
[16-06-2022 19:16:10]: (INFO) => invalid id: 202-15-5131
[16-06-2022 19:16:10]: (INFO) => invalid id: 203-15-5131
[16-06-2022 19:16:10]: (INFO) => invalid id: 211-15-5131
[16-06-2022 19:16:10]: (INFO) => invalid id: 212-15-5131
[16-06-2022 19:16:11]: (INFO) => invalid id: 213-15-5131
[16-06-2022 19:16:11]: (INFO) => valid id: 221-15-5131
[16-06-2022 19:16:11]: (INFO) => invalid id: 222-15-5131
[16-06-2022 19:16:11]: (INFO) => invalid id: 223-15-5131
[16-06-2022 19:16:11]: (INFO) => invalid id: 141-15-5132
[16-06-2022 19:16:11]: (INFO) => invalid id: 142-15-5132
[16-06-2022 19:16:11]: (INFO) => invalid id: 143-15-5132
[16-06-2022 19:16:11]: (INFO) => valid id: 151-15-5132
[16-06-2022 19:16:12]: (INFO) => invalid id: 152-15-5132
[16-06-2022 19:16:12]: (INFO) => invalid id: 153-15-5132
[16-06-2022 19:16:12]: (INFO) => invalid id: 161-15-5132
[16-06-2022 19:16:12]: (INFO) => invalid id: 162-15-5132
[16-06-2022 19:16:12]: (INFO) => invalid id: 163-15-5132
[16-06-2022 19:16:12]: (INFO) => invalid id: 171-15-5132
[16-06-2022 19:16:12]: (INFO) => invalid id: 172-15-5132
[16-06-2022 19:16:12]: (INFO) => invalid id: 173-15-5132
[16-06-2022 19:16:12]: (INFO) => invalid id: 181-15-5132
[16-06-2022 19:16:13]: (INFO) => invalid id: 182-15-5132
[16-06-2022 19:16:13]: (INFO) => invalid id: 183-15-5132
[16-06-2022 19:16:13]: (INFO) => invalid id: 191-15-5132
[16-06-2022 19:16:13]: (INFO) => invalid id: 192-15-5132
[16-06-2022 19:16:13]: (INFO) => invalid id: 193-15-5132
[16-06-2022 19:16:13]: (INFO) => invalid id: 201-15-5132
[16-06-2022 19:16:13]: (INFO) => invalid id: 202-15-5132
[16-06-2022 19:16:13]: (INFO) => invalid id: 203-15-5132
[16-06-2022 19:16:14]: (INFO) => invalid id: 211-15-5132
[16-06-2022 19:16:14]: (INFO) => invalid id: 212-15-5132
[16-06-2022 19:16:14]: (INFO) => invalid id: 213-15-5132
[16-06-2022 19:16:14]: (INFO) => valid id: 221-15-5132
[16-06-2022 19:16:14]: (INFO) => invalid id: 222-15-5132
[16-06-2022 19:16:14]: (INFO) => invalid id: 223-15-5132
[16-06-2022 19:16:14]: (INFO) => invalid id: 141-15-5133
[16-06-2022 19:16:14]: (INFO) => invalid id: 142-15-5133
[16-06-2022 19:16:15]: (INFO) => invalid id: 143-15-5133
[16-06-2022 19:16:15]: (INFO) => valid id: 151-15-5133
[16-06-2022 19:16:15]: (INFO) => invalid id: 152-15-5133
[16-06-2022 19:16:15]: (INFO) => invalid id: 153-15-5133
[16-06-2022 19:16:15]: (INFO) => invalid id: 161-15-5133
[16-06-2022 19:16:15]: (INFO) => invalid id: 162-15-5133
[16-06-2022 19:16:16]: (INFO) => invalid id: 163-15-5133
[16-06-2022 19:16:16]: (INFO) => invalid id: 171-15-5133
[16-06-2022 19:16:16]: (INFO) => invalid id: 172-15-5133
[16-06-2022 19:16:16]: (INFO) => invalid id: 173-15-5133
[16-06-2022 19:16:16]: (INFO) => invalid id: 181-15-5133
[16-06-2022 19:16:16]: (INFO) => invalid id: 182-15-5133
[16-06-2022 19:16:16]: (INFO) => invalid id: 183-15-5133
[16-06-2022 19:16:17]: (INFO) => invalid id: 191-15-5133
[16-06-2022 19:16:17]: (INFO) => invalid id: 192-15-5133
[16-06-2022 19:16:17]: (INFO) => invalid id: 193-15-5133
[16-06-2022 19:16:17]: (INFO) => invalid id: 201-15-5133
[16-06-2022 19:16:17]: (INFO) => invalid id: 202-15-5133
[16-06-2022 19:16:17]: (INFO) => invalid id: 203-15-5133
[16-06-2022 19:16:18]: (INFO) => invalid id: 211-15-5133
[16-06-2022 19:16:18]: (INFO) => invalid id: 212-15-5133
[16-06-2022 19:16:18]: (INFO) => invalid id: 213-15-5133
[16-06-2022 19:16:18]: (INFO) => valid id: 221-15-5133
[16-06-2022 19:16:18]: (INFO) => invalid id: 222-15-5133
[16-06-2022 19:16:18]: (INFO) => invalid id: 223-15-5133
[16-06-2022 19:16:18]: (INFO) => invalid id: 141-15-5134
[16-06-2022 19:16:18]: (INFO) => invalid id: 142-15-5134
[16-06-2022 19:16:19]: (INFO) => invalid id: 143-15-5134
[16-06-2022 19:16:19]: (INFO) => valid id: 151-15-5134
[16-06-2022 19:16:19]: (INFO) => invalid id: 152-15-5134
[16-06-2022 19:16:19]: (INFO) => invalid id: 153-15-5134
[16-06-2022 19:16:19]: (INFO) => invalid id: 161-15-5134
[16-06-2022 19:16:19]: (INFO) => invalid id: 162-15-5134
[16-06-2022 19:16:19]: (INFO) => invalid id: 163-15-5134
[16-06-2022 19:16:20]: (INFO) => invalid id: 171-15-5134
[16-06-2022 19:16:20]: (INFO) => invalid id: 172-15-5134
[16-06-2022 19:16:20]: (INFO) => invalid id: 173-15-5134
[16-06-2022 19:16:20]: (INFO) => invalid id: 181-15-5134
[16-06-2022 19:16:20]: (INFO) => invalid id: 182-15-5134
[16-06-2022 19:16:20]: (INFO) => invalid id: 183-15-5134
[16-06-2022 19:16:20]: (INFO) => invalid id: 191-15-5134
[16-06-2022 19:16:21]: (INFO) => invalid id: 192-15-5134
[16-06-2022 19:16:21]: (INFO) => invalid id: 193-15-5134
[16-06-2022 19:16:21]: (INFO) => invalid id: 201-15-5134
[16-06-2022 19:16:21]: (INFO) => invalid id: 202-15-5134
[16-06-2022 19:16:21]: (INFO) => invalid id: 203-15-5134
[16-06-2022 19:16:21]: (INFO) => invalid id: 211-15-5134
[16-06-2022 19:16:21]: (INFO) => invalid id: 212-15-5134
[16-06-2022 19:16:22]: (INFO) => invalid id: 213-15-5134
[16-06-2022 19:16:22]: (INFO) => valid id: 221-15-5134
[16-06-2022 19:16:22]: (INFO) => invalid id: 222-15-5134
[16-06-2022 19:16:22]: (INFO) => invalid id: 223-15-5134
[16-06-2022 19:16:22]: (INFO) => invalid id: 141-15-5135
[16-06-2022 19:16:23]: (INFO) => invalid id: 142-15-5135
[16-06-2022 19:16:23]: (INFO) => invalid id: 143-15-5135
[16-06-2022 19:16:23]: (INFO) => valid id: 151-15-5135
[16-06-2022 19:16:23]: (INFO) => invalid id: 152-15-5135
[16-06-2022 19:16:23]: (INFO) => invalid id: 153-15-5135
[16-06-2022 19:16:24]: (INFO) => invalid id: 161-15-5135
[16-06-2022 19:16:24]: (INFO) => invalid id: 162-15-5135
[16-06-2022 19:16:24]: (INFO) => invalid id: 163-15-5135
[16-06-2022 19:16:24]: (INFO) => invalid id: 171-15-5135
[16-06-2022 19:16:24]: (INFO) => invalid id: 172-15-5135
[16-06-2022 19:16:24]: (INFO) => invalid id: 173-15-5135
[16-06-2022 19:16:24]: (INFO) => invalid id: 181-15-5135
[16-06-2022 19:16:24]: (INFO) => invalid id: 182-15-5135
[16-06-2022 19:16:24]: (INFO) => invalid id: 183-15-5135
[16-06-2022 19:16:25]: (INFO) => invalid id: 191-15-5135
[16-06-2022 19:16:25]: (INFO) => invalid id: 192-15-5135
[16-06-2022 19:16:25]: (INFO) => invalid id: 193-15-5135
[16-06-2022 19:16:25]: (INFO) => invalid id: 201-15-5135
[16-06-2022 19:16:25]: (INFO) => invalid id: 202-15-5135
[16-06-2022 19:16:25]: (INFO) => invalid id: 203-15-5135
[16-06-2022 19:16:26]: (INFO) => invalid id: 211-15-5135
[16-06-2022 19:16:26]: (INFO) => invalid id: 212-15-5135
[16-06-2022 19:16:26]: (INFO) => invalid id: 213-15-5135
[16-06-2022 19:16:26]: (INFO) => valid id: 221-15-5135
[16-06-2022 19:16:26]: (INFO) => invalid id: 222-15-5135
[16-06-2022 19:16:26]: (INFO) => invalid id: 223-15-5135
[16-06-2022 19:16:26]: (INFO) => invalid id: 141-15-5136
[16-06-2022 19:16:26]: (INFO) => invalid id: 142-15-5136
[16-06-2022 19:16:26]: (INFO) => invalid id: 143-15-5136
[16-06-2022 19:16:27]: (INFO) => valid id: 151-15-5136
[16-06-2022 19:16:27]: (INFO) => invalid id: 152-15-5136
[16-06-2022 19:16:27]: (INFO) => invalid id: 153-15-5136
[16-06-2022 19:16:27]: (INFO) => invalid id: 161-15-5136
[16-06-2022 19:16:27]: (INFO) => invalid id: 162-15-5136
[16-06-2022 19:16:27]: (INFO) => invalid id: 163-15-5136
[16-06-2022 19:16:27]: (INFO) => invalid id: 171-15-5136
[16-06-2022 19:16:27]: (INFO) => invalid id: 172-15-5136
[16-06-2022 19:16:27]: (INFO) => invalid id: 173-15-5136
[16-06-2022 19:16:28]: (INFO) => invalid id: 181-15-5136
[16-06-2022 19:16:28]: (INFO) => invalid id: 182-15-5136
[16-06-2022 19:16:28]: (INFO) => invalid id: 183-15-5136
[16-06-2022 19:16:28]: (INFO) => invalid id: 191-15-5136
[16-06-2022 19:16:28]: (INFO) => invalid id: 192-15-5136
[16-06-2022 19:16:28]: (INFO) => invalid id: 193-15-5136
[16-06-2022 19:16:29]: (INFO) => invalid id: 201-15-5136
[16-06-2022 19:16:29]: (INFO) => invalid id: 202-15-5136
[16-06-2022 19:16:29]: (INFO) => invalid id: 203-15-5136
[16-06-2022 19:16:29]: (INFO) => invalid id: 211-15-5136
[16-06-2022 19:16:29]: (INFO) => invalid id: 212-15-5136
[16-06-2022 19:16:29]: (INFO) => invalid id: 213-15-5136
[16-06-2022 19:16:29]: (INFO) => valid id: 221-15-5136
[16-06-2022 19:16:29]: (INFO) => invalid id: 222-15-5136
[16-06-2022 19:16:30]: (INFO) => invalid id: 223-15-5136
[16-06-2022 19:16:30]: (INFO) => invalid id: 141-15-5137
[16-06-2022 19:16:30]: (INFO) => invalid id: 142-15-5137
[16-06-2022 19:16:30]: (INFO) => invalid id: 143-15-5137
[16-06-2022 19:16:30]: (INFO) => valid id: 151-15-5137
[16-06-2022 19:16:30]: (INFO) => invalid id: 152-15-5137
[16-06-2022 19:16:30]: (INFO) => invalid id: 153-15-5137
[16-06-2022 19:16:30]: (INFO) => invalid id: 161-15-5137
[16-06-2022 19:16:30]: (INFO) => invalid id: 162-15-5137
[16-06-2022 19:16:31]: (INFO) => invalid id: 163-15-5137
[16-06-2022 19:16:31]: (INFO) => invalid id: 171-15-5137
[16-06-2022 19:16:31]: (INFO) => invalid id: 172-15-5137
[16-06-2022 19:16:31]: (INFO) => invalid id: 173-15-5137
[16-06-2022 19:16:31]: (INFO) => invalid id: 181-15-5137
[16-06-2022 19:16:31]: (INFO) => invalid id: 182-15-5137
[16-06-2022 19:16:31]: (INFO) => invalid id: 183-15-5137
[16-06-2022 19:16:32]: (INFO) => invalid id: 191-15-5137
[16-06-2022 19:16:32]: (INFO) => invalid id: 192-15-5137
[16-06-2022 19:16:32]: (INFO) => invalid id: 193-15-5137
[16-06-2022 19:16:32]: (INFO) => invalid id: 201-15-5137
[16-06-2022 19:16:32]: (INFO) => invalid id: 202-15-5137
[16-06-2022 19:16:32]: (INFO) => invalid id: 203-15-5137
[16-06-2022 19:16:32]: (INFO) => invalid id: 211-15-5137
[16-06-2022 19:16:32]: (INFO) => invalid id: 212-15-5137
[16-06-2022 19:16:33]: (INFO) => invalid id: 213-15-5137
[16-06-2022 19:16:33]: (INFO) => valid id: 221-15-5137
[16-06-2022 19:16:33]: (INFO) => invalid id: 222-15-5137
[16-06-2022 19:16:33]: (INFO) => invalid id: 223-15-5137
[16-06-2022 19:16:33]: (INFO) => invalid id: 141-15-5138
[16-06-2022 19:16:33]: (INFO) => invalid id: 142-15-5138
[16-06-2022 19:16:33]: (INFO) => invalid id: 143-15-5138
[16-06-2022 19:16:33]: (INFO) => valid id: 151-15-5138
[16-06-2022 19:16:34]: (INFO) => invalid id: 152-15-5138
[16-06-2022 19:16:34]: (INFO) => invalid id: 153-15-5138
[16-06-2022 19:16:34]: (INFO) => invalid id: 161-15-5138
[16-06-2022 19:16:34]: (INFO) => invalid id: 162-15-5138
[16-06-2022 19:16:34]: (INFO) => invalid id: 163-15-5138
[16-06-2022 19:16:34]: (INFO) => invalid id: 171-15-5138
[16-06-2022 19:16:34]: (INFO) => invalid id: 172-15-5138
[16-06-2022 19:16:34]: (INFO) => invalid id: 173-15-5138
[16-06-2022 19:16:34]: (INFO) => invalid id: 181-15-5138
[16-06-2022 19:16:34]: (INFO) => invalid id: 182-15-5138
[16-06-2022 19:16:34]: (INFO) => invalid id: 183-15-5138
[16-06-2022 19:16:35]: (INFO) => invalid id: 191-15-5138
[16-06-2022 19:16:35]: (INFO) => invalid id: 192-15-5138
[16-06-2022 19:16:35]: (INFO) => invalid id: 193-15-5138
[16-06-2022 19:16:35]: (INFO) => invalid id: 201-15-5138
[16-06-2022 19:16:35]: (INFO) => invalid id: 202-15-5138
[16-06-2022 19:16:35]: (INFO) => invalid id: 203-15-5138
[16-06-2022 19:16:35]: (INFO) => invalid id: 211-15-5138
[16-06-2022 19:16:35]: (INFO) => invalid id: 212-15-5138
[16-06-2022 19:16:36]: (INFO) => invalid id: 213-15-5138
[16-06-2022 19:16:36]: (INFO) => valid id: 221-15-5138
[16-06-2022 19:16:36]: (INFO) => invalid id: 222-15-5138
[16-06-2022 19:16:36]: (INFO) => invalid id: 223-15-5138
[16-06-2022 19:16:36]: (INFO) => invalid id: 141-15-5139
[16-06-2022 19:16:37]: (INFO) => invalid id: 142-15-5139
[16-06-2022 19:16:37]: (INFO) => invalid id: 143-15-5139
[16-06-2022 19:16:37]: (INFO) => valid id: 151-15-5139
[16-06-2022 19:16:37]: (INFO) => invalid id: 152-15-5139
[16-06-2022 19:16:37]: (INFO) => invalid id: 153-15-5139
[16-06-2022 19:16:37]: (INFO) => invalid id: 161-15-5139
[16-06-2022 19:16:37]: (INFO) => invalid id: 162-15-5139
[16-06-2022 19:16:37]: (INFO) => invalid id: 163-15-5139
[16-06-2022 19:16:38]: (INFO) => invalid id: 171-15-5139
[16-06-2022 19:16:38]: (INFO) => invalid id: 172-15-5139
[16-06-2022 19:16:38]: (INFO) => invalid id: 173-15-5139
[16-06-2022 19:16:38]: (INFO) => invalid id: 181-15-5139
[16-06-2022 19:16:38]: (INFO) => invalid id: 182-15-5139
[16-06-2022 19:16:38]: (INFO) => invalid id: 183-15-5139
[16-06-2022 19:16:38]: (INFO) => invalid id: 191-15-5139
[16-06-2022 19:16:39]: (INFO) => invalid id: 192-15-5139
[16-06-2022 19:16:39]: (INFO) => invalid id: 193-15-5139
[16-06-2022 19:16:39]: (INFO) => invalid id: 201-15-5139
[16-06-2022 19:16:39]: (INFO) => invalid id: 202-15-5139
[16-06-2022 19:16:39]: (INFO) => invalid id: 203-15-5139
[16-06-2022 19:16:39]: (INFO) => invalid id: 211-15-5139
[16-06-2022 19:16:39]: (INFO) => invalid id: 212-15-5139
[16-06-2022 19:16:40]: (INFO) => invalid id: 213-15-5139
[16-06-2022 19:16:40]: (INFO) => valid id: 221-15-5139
[16-06-2022 19:16:40]: (INFO) => invalid id: 222-15-5139
[16-06-2022 19:16:40]: (INFO) => invalid id: 223-15-5139
[16-06-2022 19:16:40]: (INFO) => invalid id: 141-15-5140
[16-06-2022 19:16:41]: (INFO) => invalid id: 142-15-5140
[16-06-2022 19:16:41]: (INFO) => invalid id: 143-15-5140
[16-06-2022 19:16:41]: (INFO) => valid id: 151-15-5140
[16-06-2022 19:16:41]: (INFO) => invalid id: 152-15-5140
[16-06-2022 19:16:41]: (INFO) => invalid id: 153-15-5140
[16-06-2022 19:16:41]: (INFO) => invalid id: 161-15-5140
[16-06-2022 19:16:42]: (INFO) => invalid id: 162-15-5140
[16-06-2022 19:16:42]: (INFO) => invalid id: 163-15-5140
[16-06-2022 19:16:42]: (INFO) => invalid id: 171-15-5140
[16-06-2022 19:16:42]: (INFO) => invalid id: 172-15-5140
[16-06-2022 19:16:42]: (INFO) => invalid id: 173-15-5140
[16-06-2022 19:16:42]: (INFO) => invalid id: 181-15-5140
[16-06-2022 19:16:43]: (INFO) => invalid id: 182-15-5140
[16-06-2022 19:16:43]: (INFO) => invalid id: 183-15-5140
[16-06-2022 19:16:43]: (INFO) => invalid id: 191-15-5140
[16-06-2022 19:16:43]: (INFO) => invalid id: 192-15-5140
[16-06-2022 19:16:43]: (INFO) => invalid id: 193-15-5140
[16-06-2022 19:16:43]: (INFO) => invalid id: 201-15-5140
[16-06-2022 19:16:43]: (INFO) => invalid id: 202-15-5140
[16-06-2022 19:16:44]: (INFO) => invalid id: 203-15-5140
[16-06-2022 19:16:44]: (INFO) => invalid id: 211-15-5140
[16-06-2022 19:16:44]: (INFO) => invalid id: 212-15-5140
[16-06-2022 19:16:44]: (INFO) => invalid id: 213-15-5140
[16-06-2022 19:16:44]: (INFO) => valid id: 221-15-5140
[16-06-2022 19:16:45]: (INFO) => invalid id: 222-15-5140
[16-06-2022 19:16:45]: (INFO) => invalid id: 223-15-5140
[16-06-2022 19:16:45]: (INFO) => invalid id: 141-15-5141
[16-06-2022 19:16:45]: (INFO) => invalid id: 142-15-5141
[16-06-2022 19:16:45]: (INFO) => invalid id: 143-15-5141
[16-06-2022 19:16:45]: (INFO) => valid id: 151-15-5141
[16-06-2022 19:16:45]: (INFO) => invalid id: 152-15-5141
[16-06-2022 19:16:45]: (INFO) => invalid id: 153-15-5141
[16-06-2022 19:16:46]: (INFO) => invalid id: 161-15-5141
[16-06-2022 19:16:46]: (INFO) => invalid id: 162-15-5141
[16-06-2022 19:16:46]: (INFO) => invalid id: 163-15-5141
[16-06-2022 19:16:46]: (INFO) => invalid id: 171-15-5141
[16-06-2022 19:16:46]: (INFO) => invalid id: 172-15-5141
[16-06-2022 19:16:46]: (INFO) => invalid id: 173-15-5141
[16-06-2022 19:16:46]: (INFO) => invalid id: 181-15-5141
[16-06-2022 19:16:47]: (INFO) => invalid id: 182-15-5141
[16-06-2022 19:16:47]: (INFO) => invalid id: 183-15-5141
[16-06-2022 19:16:47]: (INFO) => invalid id: 191-15-5141
[16-06-2022 19:16:47]: (INFO) => invalid id: 192-15-5141
[16-06-2022 19:16:47]: (INFO) => invalid id: 193-15-5141
[16-06-2022 19:16:47]: (INFO) => invalid id: 201-15-5141
[16-06-2022 19:16:48]: (INFO) => invalid id: 202-15-5141
[16-06-2022 19:16:48]: (INFO) => invalid id: 203-15-5141
[16-06-2022 19:16:48]: (INFO) => invalid id: 211-15-5141
[16-06-2022 19:16:48]: (INFO) => invalid id: 212-15-5141
[16-06-2022 19:16:48]: (INFO) => invalid id: 213-15-5141
[16-06-2022 19:16:48]: (INFO) => valid id: 221-15-5141
[16-06-2022 19:16:48]: (INFO) => invalid id: 222-15-5141
[16-06-2022 19:16:49]: (INFO) => invalid id: 223-15-5141
[16-06-2022 19:16:49]: (INFO) => invalid id: 141-15-5142
[16-06-2022 19:16:49]: (INFO) => invalid id: 142-15-5142
[16-06-2022 19:16:49]: (INFO) => invalid id: 143-15-5142
[16-06-2022 19:16:49]: (INFO) => valid id: 151-15-5142
[16-06-2022 19:16:49]: (INFO) => invalid id: 152-15-5142
[16-06-2022 19:16:49]: (INFO) => invalid id: 153-15-5142
[16-06-2022 19:16:50]: (INFO) => invalid id: 161-15-5142
[16-06-2022 19:16:50]: (INFO) => invalid id: 162-15-5142
[16-06-2022 19:16:50]: (INFO) => invalid id: 163-15-5142
[16-06-2022 19:16:50]: (INFO) => invalid id: 171-15-5142
[16-06-2022 19:16:50]: (INFO) => invalid id: 172-15-5142
[16-06-2022 19:16:50]: (INFO) => invalid id: 173-15-5142
[16-06-2022 19:16:51]: (INFO) => invalid id: 181-15-5142
[16-06-2022 19:16:51]: (INFO) => invalid id: 182-15-5142
[16-06-2022 19:16:51]: (INFO) => invalid id: 183-15-5142
[16-06-2022 19:16:51]: (INFO) => invalid id: 191-15-5142
[16-06-2022 19:16:51]: (INFO) => invalid id: 192-15-5142
[16-06-2022 19:16:51]: (INFO) => invalid id: 193-15-5142
[16-06-2022 19:16:51]: (INFO) => invalid id: 201-15-5142
[16-06-2022 19:16:51]: (INFO) => invalid id: 202-15-5142
[16-06-2022 19:16:52]: (INFO) => invalid id: 203-15-5142
[16-06-2022 19:16:52]: (INFO) => invalid id: 211-15-5142
[16-06-2022 19:16:52]: (INFO) => invalid id: 212-15-5142
[16-06-2022 19:16:52]: (INFO) => invalid id: 213-15-5142
[16-06-2022 19:16:52]: (INFO) => valid id: 221-15-5142
[16-06-2022 19:16:52]: (INFO) => invalid id: 222-15-5142
[16-06-2022 19:16:52]: (INFO) => invalid id: 223-15-5142
[16-06-2022 19:16:53]: (INFO) => invalid id: 141-15-5143
[16-06-2022 19:16:53]: (INFO) => invalid id: 142-15-5143
[16-06-2022 19:16:53]: (INFO) => invalid id: 143-15-5143
[16-06-2022 19:16:53]: (INFO) => valid id: 151-15-5143
[16-06-2022 19:16:53]: (INFO) => invalid id: 152-15-5143
[16-06-2022 19:16:53]: (INFO) => invalid id: 153-15-5143
[16-06-2022 19:16:53]: (INFO) => invalid id: 161-15-5143
[16-06-2022 19:16:54]: (INFO) => invalid id: 162-15-5143
[16-06-2022 19:16:54]: (INFO) => invalid id: 163-15-5143
[16-06-2022 19:16:54]: (INFO) => invalid id: 171-15-5143
[16-06-2022 19:16:54]: (INFO) => invalid id: 172-15-5143
[16-06-2022 19:16:54]: (INFO) => invalid id: 173-15-5143
[16-06-2022 19:16:54]: (INFO) => invalid id: 181-15-5143
[16-06-2022 19:16:54]: (INFO) => invalid id: 182-15-5143
[16-06-2022 19:16:55]: (INFO) => invalid id: 183-15-5143
[16-06-2022 19:16:55]: (INFO) => invalid id: 191-15-5143
[16-06-2022 19:16:55]: (INFO) => invalid id: 192-15-5143
[16-06-2022 19:16:55]: (INFO) => invalid id: 193-15-5143
[16-06-2022 19:16:55]: (INFO) => invalid id: 201-15-5143
[16-06-2022 19:16:55]: (INFO) => invalid id: 202-15-5143
[16-06-2022 19:16:55]: (INFO) => invalid id: 203-15-5143
[16-06-2022 19:16:56]: (INFO) => invalid id: 211-15-5143
[16-06-2022 19:16:56]: (INFO) => invalid id: 212-15-5143
[16-06-2022 19:16:56]: (INFO) => invalid id: 213-15-5143
[16-06-2022 19:16:56]: (INFO) => valid id: 221-15-5143
[16-06-2022 19:16:56]: (INFO) => invalid id: 222-15-5143
[16-06-2022 19:16:56]: (INFO) => invalid id: 223-15-5143
[16-06-2022 19:16:56]: (INFO) => invalid id: 141-15-5144
[16-06-2022 19:16:57]: (INFO) => invalid id: 142-15-5144
[16-06-2022 19:16:57]: (INFO) => invalid id: 143-15-5144
[16-06-2022 19:16:57]: (INFO) => valid id: 151-15-5144
[16-06-2022 19:16:57]: (INFO) => invalid id: 152-15-5144
[16-06-2022 19:16:57]: (INFO) => invalid id: 153-15-5144
[16-06-2022 19:16:57]: (INFO) => invalid id: 161-15-5144
[16-06-2022 19:16:57]: (INFO) => invalid id: 162-15-5144
[16-06-2022 19:16:58]: (INFO) => invalid id: 163-15-5144
[16-06-2022 19:16:58]: (INFO) => invalid id: 171-15-5144
[16-06-2022 19:16:58]: (INFO) => invalid id: 172-15-5144
[16-06-2022 19:16:58]: (INFO) => invalid id: 173-15-5144
[16-06-2022 19:16:58]: (INFO) => invalid id: 181-15-5144
[16-06-2022 19:16:58]: (INFO) => invalid id: 182-15-5144
[16-06-2022 19:16:58]: (INFO) => invalid id: 183-15-5144
[16-06-2022 19:16:59]: (INFO) => invalid id: 191-15-5144
[16-06-2022 19:16:59]: (INFO) => invalid id: 192-15-5144
[16-06-2022 19:16:59]: (INFO) => invalid id: 193-15-5144
[16-06-2022 19:16:59]: (INFO) => invalid id: 201-15-5144
[16-06-2022 19:16:59]: (INFO) => invalid id: 202-15-5144
[16-06-2022 19:16:59]: (INFO) => invalid id: 203-15-5144
[16-06-2022 19:16:59]: (INFO) => invalid id: 211-15-5144
[16-06-2022 19:17:00]: (INFO) => invalid id: 212-15-5144
[16-06-2022 19:17:00]: (INFO) => invalid id: 213-15-5144
[16-06-2022 19:17:00]: (INFO) => valid id: 221-15-5144
[16-06-2022 19:17:00]: (INFO) => invalid id: 222-15-5144
[16-06-2022 19:17:00]: (INFO) => invalid id: 223-15-5144
[16-06-2022 19:17:01]: (INFO) => invalid id: 141-15-5145
[16-06-2022 19:17:01]: (INFO) => invalid id: 142-15-5145
[16-06-2022 19:17:01]: (INFO) => invalid id: 143-15-5145
[16-06-2022 19:17:01]: (INFO) => valid id: 151-15-5145
[16-06-2022 19:17:01]: (INFO) => invalid id: 152-15-5145
[16-06-2022 19:17:01]: (INFO) => invalid id: 153-15-5145
[16-06-2022 19:17:01]: (INFO) => invalid id: 161-15-5145
[16-06-2022 19:17:02]: (INFO) => invalid id: 162-15-5145
[16-06-2022 19:17:02]: (INFO) => invalid id: 163-15-5145
[16-06-2022 19:17:02]: (INFO) => invalid id: 171-15-5145
[16-06-2022 19:17:02]: (INFO) => invalid id: 172-15-5145
[16-06-2022 19:17:02]: (INFO) => invalid id: 173-15-5145
[16-06-2022 19:17:02]: (INFO) => invalid id: 181-15-5145
[16-06-2022 19:17:02]: (INFO) => invalid id: 182-15-5145
[16-06-2022 19:17:02]: (INFO) => invalid id: 183-15-5145
[16-06-2022 19:17:03]: (INFO) => invalid id: 191-15-5145
[16-06-2022 19:17:03]: (INFO) => invalid id: 192-15-5145
[16-06-2022 19:17:03]: (INFO) => invalid id: 193-15-5145
[16-06-2022 19:17:03]: (INFO) => invalid id: 201-15-5145
[16-06-2022 19:17:03]: (INFO) => invalid id: 202-15-5145
[16-06-2022 19:17:03]: (INFO) => invalid id: 203-15-5145
[16-06-2022 19:17:03]: (INFO) => invalid id: 211-15-5145
[16-06-2022 19:17:04]: (INFO) => invalid id: 212-15-5145
[16-06-2022 19:17:04]: (INFO) => invalid id: 213-15-5145
[16-06-2022 19:17:04]: (INFO) => valid id: 221-15-5145
[16-06-2022 19:17:04]: (INFO) => invalid id: 222-15-5145
[16-06-2022 19:17:04]: (INFO) => invalid id: 223-15-5145
[16-06-2022 19:17:04]: (INFO) => invalid id: 141-15-5146
[16-06-2022 19:17:05]: (INFO) => invalid id: 142-15-5146
[16-06-2022 19:17:05]: (INFO) => invalid id: 143-15-5146
[16-06-2022 19:17:05]: (INFO) => valid id: 151-15-5146
[16-06-2022 19:17:05]: (INFO) => invalid id: 152-15-5146
[16-06-2022 19:17:05]: (INFO) => invalid id: 153-15-5146
[16-06-2022 19:17:05]: (INFO) => invalid id: 161-15-5146
[16-06-2022 19:17:05]: (INFO) => invalid id: 162-15-5146
[16-06-2022 19:17:06]: (INFO) => invalid id: 163-15-5146
[16-06-2022 19:17:06]: (INFO) => invalid id: 171-15-5146
[16-06-2022 19:17:06]: (INFO) => invalid id: 172-15-5146
[16-06-2022 19:17:06]: (INFO) => invalid id: 173-15-5146
[16-06-2022 19:17:06]: (INFO) => invalid id: 181-15-5146
[16-06-2022 19:17:06]: (INFO) => invalid id: 182-15-5146
[16-06-2022 19:17:06]: (INFO) => invalid id: 183-15-5146
[16-06-2022 19:17:07]: (INFO) => invalid id: 191-15-5146
[16-06-2022 19:17:07]: (INFO) => invalid id: 192-15-5146
[16-06-2022 19:17:07]: (INFO) => invalid id: 193-15-5146
[16-06-2022 19:17:07]: (INFO) => invalid id: 201-15-5146
[16-06-2022 19:17:07]: (INFO) => invalid id: 202-15-5146
[16-06-2022 19:17:07]: (INFO) => invalid id: 203-15-5146
[16-06-2022 19:17:07]: (INFO) => invalid id: 211-15-5146
[16-06-2022 19:17:08]: (INFO) => invalid id: 212-15-5146
[16-06-2022 19:17:08]: (INFO) => invalid id: 213-15-5146
[16-06-2022 19:17:08]: (INFO) => valid id: 221-15-5146
[16-06-2022 19:17:08]: (INFO) => invalid id: 222-15-5146
[16-06-2022 19:17:08]: (INFO) => invalid id: 223-15-5146
[16-06-2022 19:17:08]: (INFO) => invalid id: 141-15-5147
[16-06-2022 19:17:08]: (INFO) => invalid id: 142-15-5147
[16-06-2022 19:17:08]: (INFO) => invalid id: 143-15-5147
[16-06-2022 19:17:09]: (INFO) => valid id: 151-15-5147
[16-06-2022 19:17:09]: (INFO) => invalid id: 152-15-5147
[16-06-2022 19:17:09]: (INFO) => invalid id: 153-15-5147
[16-06-2022 19:17:09]: (INFO) => invalid id: 161-15-5147
[16-06-2022 19:17:09]: (INFO) => invalid id: 162-15-5147
[16-06-2022 19:17:09]: (INFO) => invalid id: 163-15-5147
[16-06-2022 19:17:09]: (INFO) => invalid id: 171-15-5147
[16-06-2022 19:17:10]: (INFO) => invalid id: 172-15-5147
[16-06-2022 19:17:10]: (INFO) => invalid id: 173-15-5147
[16-06-2022 19:17:10]: (INFO) => invalid id: 181-15-5147
[16-06-2022 19:17:10]: (INFO) => invalid id: 182-15-5147
[16-06-2022 19:17:10]: (INFO) => invalid id: 183-15-5147
[16-06-2022 19:17:10]: (INFO) => invalid id: 191-15-5147
[16-06-2022 19:17:11]: (INFO) => invalid id: 192-15-5147
[16-06-2022 19:17:11]: (INFO) => invalid id: 193-15-5147
[16-06-2022 19:17:11]: (INFO) => invalid id: 201-15-5147
[16-06-2022 19:17:11]: (INFO) => invalid id: 202-15-5147
[16-06-2022 19:17:11]: (INFO) => invalid id: 203-15-5147
[16-06-2022 19:17:11]: (INFO) => invalid id: 211-15-5147
[16-06-2022 19:17:11]: (INFO) => invalid id: 212-15-5147
[16-06-2022 19:17:11]: (INFO) => invalid id: 213-15-5147
[16-06-2022 19:17:12]: (INFO) => valid id: 221-15-5147
[16-06-2022 19:17:12]: (INFO) => invalid id: 222-15-5147
[16-06-2022 19:17:12]: (INFO) => invalid id: 223-15-5147
[16-06-2022 19:17:12]: (INFO) => invalid id: 141-15-5148
[16-06-2022 19:17:12]: (INFO) => invalid id: 142-15-5148
[16-06-2022 19:17:12]: (INFO) => invalid id: 143-15-5148
[16-06-2022 19:17:12]: (INFO) => valid id: 151-15-5148
[16-06-2022 19:17:13]: (INFO) => invalid id: 152-15-5148
[16-06-2022 19:17:13]: (INFO) => invalid id: 153-15-5148
[16-06-2022 19:17:13]: (INFO) => invalid id: 161-15-5148
[16-06-2022 19:17:13]: (INFO) => invalid id: 162-15-5148
[16-06-2022 19:17:13]: (INFO) => invalid id: 163-15-5148
[16-06-2022 19:17:13]: (INFO) => invalid id: 171-15-5148
[16-06-2022 19:17:13]: (INFO) => invalid id: 172-15-5148
[16-06-2022 19:17:14]: (INFO) => invalid id: 173-15-5148
[16-06-2022 19:17:14]: (INFO) => invalid id: 181-15-5148
[16-06-2022 19:17:14]: (INFO) => invalid id: 182-15-5148
[16-06-2022 19:17:14]: (INFO) => invalid id: 183-15-5148
[16-06-2022 19:17:14]: (INFO) => invalid id: 191-15-5148
[16-06-2022 19:17:14]: (INFO) => invalid id: 192-15-5148
[16-06-2022 19:17:14]: (INFO) => invalid id: 193-15-5148
[16-06-2022 19:17:15]: (INFO) => invalid id: 201-15-5148
[16-06-2022 19:17:15]: (INFO) => invalid id: 202-15-5148
[16-06-2022 19:17:15]: (INFO) => invalid id: 203-15-5148
[16-06-2022 19:17:15]: (INFO) => invalid id: 211-15-5148
[16-06-2022 19:17:15]: (INFO) => invalid id: 212-15-5148
[16-06-2022 19:17:15]: (INFO) => invalid id: 213-15-5148
[16-06-2022 19:17:15]: (INFO) => valid id: 221-15-5148
[16-06-2022 19:17:16]: (INFO) => invalid id: 222-15-5148
[16-06-2022 19:17:16]: (INFO) => invalid id: 223-15-5148
[16-06-2022 19:17:16]: (INFO) => invalid id: 141-15-5149
[16-06-2022 19:17:16]: (INFO) => invalid id: 142-15-5149
[16-06-2022 19:17:16]: (INFO) => invalid id: 143-15-5149
[16-06-2022 19:17:16]: (INFO) => valid id: 151-15-5149
[16-06-2022 19:17:17]: (INFO) => invalid id: 152-15-5149
[16-06-2022 19:17:17]: (INFO) => invalid id: 153-15-5149
[16-06-2022 19:17:17]: (INFO) => invalid id: 161-15-5149
[16-06-2022 19:17:17]: (INFO) => invalid id: 162-15-5149
[16-06-2022 19:17:17]: (INFO) => invalid id: 163-15-5149
[16-06-2022 19:17:17]: (INFO) => invalid id: 171-15-5149
[16-06-2022 19:17:17]: (INFO) => invalid id: 172-15-5149
[16-06-2022 19:17:17]: (INFO) => invalid id: 173-15-5149
[16-06-2022 19:17:18]: (INFO) => invalid id: 181-15-5149
[16-06-2022 19:17:18]: (INFO) => invalid id: 182-15-5149
[16-06-2022 19:17:18]: (INFO) => invalid id: 183-15-5149
[16-06-2022 19:17:18]: (INFO) => invalid id: 191-15-5149
[16-06-2022 19:17:18]: (INFO) => invalid id: 192-15-5149
[16-06-2022 19:17:18]: (INFO) => invalid id: 193-15-5149
[16-06-2022 19:17:18]: (INFO) => invalid id: 201-15-5149
[16-06-2022 19:17:19]: (INFO) => invalid id: 202-15-5149
[16-06-2022 19:17:19]: (INFO) => invalid id: 203-15-5149
[16-06-2022 19:17:19]: (INFO) => invalid id: 211-15-5149
[16-06-2022 19:17:19]: (INFO) => invalid id: 212-15-5149
[16-06-2022 19:17:19]: (INFO) => invalid id: 213-15-5149
[16-06-2022 19:17:19]: (INFO) => valid id: 221-15-5149
[16-06-2022 19:17:19]: (INFO) => invalid id: 222-15-5149
[16-06-2022 19:17:19]: (INFO) => invalid id: 223-15-5149
[16-06-2022 19:17:20]: (INFO) => invalid id: 141-15-5150
[16-06-2022 19:17:20]: (INFO) => invalid id: 142-15-5150
[16-06-2022 19:17:20]: (INFO) => invalid id: 143-15-5150
[16-06-2022 19:17:20]: (INFO) => valid id: 151-15-5150
[16-06-2022 19:17:20]: (INFO) => invalid id: 152-15-5150
[16-06-2022 19:17:21]: (INFO) => invalid id: 153-15-5150
[16-06-2022 19:17:21]: (INFO) => invalid id: 161-15-5150
[16-06-2022 19:17:21]: (INFO) => invalid id: 162-15-5150
[16-06-2022 19:17:21]: (INFO) => invalid id: 163-15-5150
[16-06-2022 19:17:21]: (INFO) => invalid id: 171-15-5150
[16-06-2022 19:17:21]: (INFO) => invalid id: 172-15-5150
[16-06-2022 19:17:22]: (INFO) => invalid id: 173-15-5150
[16-06-2022 19:17:22]: (INFO) => invalid id: 181-15-5150
[16-06-2022 19:17:22]: (INFO) => invalid id: 182-15-5150
[16-06-2022 19:17:22]: (INFO) => invalid id: 183-15-5150
[16-06-2022 19:17:22]: (INFO) => invalid id: 191-15-5150
[16-06-2022 19:17:22]: (INFO) => invalid id: 192-15-5150
[16-06-2022 19:17:23]: (INFO) => invalid id: 193-15-5150
[16-06-2022 19:17:23]: (INFO) => invalid id: 201-15-5150
[16-06-2022 19:17:23]: (INFO) => invalid id: 202-15-5150
[16-06-2022 19:17:23]: (INFO) => invalid id: 203-15-5150
[16-06-2022 19:17:23]: (INFO) => invalid id: 211-15-5150
[16-06-2022 19:17:23]: (INFO) => invalid id: 212-15-5150
[16-06-2022 19:17:23]: (INFO) => invalid id: 213-15-5150
[16-06-2022 19:17:23]: (INFO) => valid id: 221-15-5150
[16-06-2022 19:17:24]: (INFO) => invalid id: 222-15-5150
[16-06-2022 19:17:24]: (INFO) => invalid id: 223-15-5150
[16-06-2022 19:17:24]: (INFO) => invalid id: 141-15-5151
[16-06-2022 19:17:24]: (INFO) => invalid id: 142-15-5151
[16-06-2022 19:17:24]: (INFO) => invalid id: 143-15-5151
[16-06-2022 19:17:24]: (INFO) => valid id: 151-15-5151
[16-06-2022 19:17:24]: (INFO) => invalid id: 152-15-5151
[16-06-2022 19:17:25]: (INFO) => invalid id: 153-15-5151
[16-06-2022 19:17:25]: (INFO) => invalid id: 161-15-5151
[16-06-2022 19:17:25]: (INFO) => invalid id: 162-15-5151
[16-06-2022 19:17:25]: (INFO) => invalid id: 163-15-5151
[16-06-2022 19:17:25]: (INFO) => invalid id: 171-15-5151
[16-06-2022 19:17:25]: (INFO) => invalid id: 172-15-5151
[16-06-2022 19:17:25]: (INFO) => invalid id: 173-15-5151
[16-06-2022 19:17:26]: (INFO) => invalid id: 181-15-5151
[16-06-2022 19:17:26]: (INFO) => invalid id: 182-15-5151
[16-06-2022 19:17:26]: (INFO) => invalid id: 183-15-5151
[16-06-2022 19:17:26]: (INFO) => invalid id: 191-15-5151
[16-06-2022 19:17:26]: (INFO) => invalid id: 192-15-5151
[16-06-2022 19:17:26]: (INFO) => invalid id: 193-15-5151
[16-06-2022 19:17:27]: (INFO) => invalid id: 201-15-5151
[16-06-2022 19:17:27]: (INFO) => invalid id: 202-15-5151
[16-06-2022 19:17:27]: (INFO) => invalid id: 203-15-5151
[16-06-2022 19:17:27]: (INFO) => invalid id: 211-15-5151
[16-06-2022 19:17:27]: (INFO) => invalid id: 212-15-5151
[16-06-2022 19:17:27]: (INFO) => invalid id: 213-15-5151
[16-06-2022 19:17:27]: (INFO) => valid id: 221-15-5151
[16-06-2022 19:17:28]: (INFO) => invalid id: 222-15-5151
[16-06-2022 19:17:28]: (INFO) => invalid id: 223-15-5151
[16-06-2022 19:17:28]: (INFO) => invalid id: 141-15-5152
[16-06-2022 19:17:28]: (INFO) => invalid id: 142-15-5152
[16-06-2022 19:17:28]: (INFO) => invalid id: 143-15-5152
[16-06-2022 19:17:28]: (INFO) => valid id: 151-15-5152
[16-06-2022 19:17:29]: (INFO) => invalid id: 152-15-5152
[16-06-2022 19:17:29]: (INFO) => invalid id: 153-15-5152
[16-06-2022 19:17:29]: (INFO) => invalid id: 161-15-5152
[16-06-2022 19:17:29]: (INFO) => invalid id: 162-15-5152
[16-06-2022 19:17:29]: (INFO) => invalid id: 163-15-5152
[16-06-2022 19:17:29]: (INFO) => invalid id: 171-15-5152
[16-06-2022 19:17:29]: (INFO) => invalid id: 172-15-5152
[16-06-2022 19:17:30]: (INFO) => invalid id: 173-15-5152
[16-06-2022 19:17:30]: (INFO) => invalid id: 181-15-5152
[16-06-2022 19:17:30]: (INFO) => invalid id: 182-15-5152
[16-06-2022 19:17:30]: (INFO) => invalid id: 183-15-5152
[16-06-2022 19:17:30]: (INFO) => invalid id: 191-15-5152
[16-06-2022 19:17:30]: (INFO) => invalid id: 192-15-5152
[16-06-2022 19:17:30]: (INFO) => invalid id: 193-15-5152
[16-06-2022 19:17:31]: (INFO) => invalid id: 201-15-5152
[16-06-2022 19:17:31]: (INFO) => invalid id: 202-15-5152
[16-06-2022 19:17:31]: (INFO) => invalid id: 203-15-5152
[16-06-2022 19:17:31]: (INFO) => invalid id: 211-15-5152
[16-06-2022 19:17:31]: (INFO) => invalid id: 212-15-5152
[16-06-2022 19:17:31]: (INFO) => invalid id: 213-15-5152
[16-06-2022 19:17:31]: (INFO) => valid id: 221-15-5152
[16-06-2022 19:17:32]: (INFO) => invalid id: 222-15-5152
[16-06-2022 19:17:32]: (INFO) => invalid id: 223-15-5152
[16-06-2022 19:17:32]: (INFO) => invalid id: 141-15-5153
[16-06-2022 19:17:32]: (INFO) => invalid id: 142-15-5153
[16-06-2022 19:17:32]: (INFO) => invalid id: 143-15-5153
[16-06-2022 19:17:32]: (INFO) => valid id: 151-15-5153
[16-06-2022 19:17:32]: (INFO) => invalid id: 152-15-5153
[16-06-2022 19:17:33]: (INFO) => invalid id: 153-15-5153
[16-06-2022 19:17:33]: (INFO) => invalid id: 161-15-5153
[16-06-2022 19:17:33]: (INFO) => invalid id: 162-15-5153
[16-06-2022 19:17:33]: (INFO) => invalid id: 163-15-5153
[16-06-2022 19:17:33]: (INFO) => invalid id: 171-15-5153
[16-06-2022 19:17:33]: (INFO) => invalid id: 172-15-5153
[16-06-2022 19:17:33]: (INFO) => invalid id: 173-15-5153
[16-06-2022 19:17:34]: (INFO) => invalid id: 181-15-5153
[16-06-2022 19:17:34]: (INFO) => invalid id: 182-15-5153
[16-06-2022 19:17:34]: (INFO) => invalid id: 183-15-5153
[16-06-2022 19:17:34]: (INFO) => invalid id: 191-15-5153
[16-06-2022 19:17:34]: (INFO) => invalid id: 192-15-5153
[16-06-2022 19:17:34]: (INFO) => invalid id: 193-15-5153
[16-06-2022 19:17:34]: (INFO) => invalid id: 201-15-5153
[16-06-2022 19:17:34]: (INFO) => invalid id: 202-15-5153
[16-06-2022 19:17:35]: (INFO) => invalid id: 203-15-5153
[16-06-2022 19:17:35]: (INFO) => invalid id: 211-15-5153
[16-06-2022 19:17:35]: (INFO) => invalid id: 212-15-5153
[16-06-2022 19:17:35]: (INFO) => invalid id: 213-15-5153
[16-06-2022 19:17:35]: (INFO) => valid id: 221-15-5153
[16-06-2022 19:17:35]: (INFO) => invalid id: 222-15-5153
[16-06-2022 19:17:35]: (INFO) => invalid id: 223-15-5153
[16-06-2022 19:17:36]: (INFO) => invalid id: 141-15-5154
[16-06-2022 19:17:36]: (INFO) => invalid id: 142-15-5154
[16-06-2022 19:17:36]: (INFO) => invalid id: 143-15-5154
[16-06-2022 19:17:36]: (INFO) => valid id: 151-15-5154
[16-06-2022 19:17:42]: (INFO) => invalid id: 152-15-5154
[16-06-2022 19:17:47]: (INFO) => invalid id: 153-15-5154
[16-06-2022 19:17:47]: (INFO) => invalid id: 161-15-5154
[16-06-2022 19:17:47]: (INFO) => invalid id: 162-15-5154
[16-06-2022 19:17:48]: (INFO) => invalid id: 163-15-5154
[16-06-2022 19:17:48]: (INFO) => invalid id: 171-15-5154
[16-06-2022 19:17:48]: (INFO) => invalid id: 172-15-5154
[16-06-2022 19:17:49]: (INFO) => invalid id: 173-15-5154
[16-06-2022 19:17:49]: (INFO) => invalid id: 181-15-5154
[16-06-2022 19:17:49]: (INFO) => invalid id: 182-15-5154
[16-06-2022 19:17:49]: (INFO) => invalid id: 183-15-5154
[16-06-2022 19:17:50]: (INFO) => invalid id: 191-15-5154
[16-06-2022 19:17:55]: (INFO) => invalid id: 192-15-5154
[16-06-2022 19:18:00]: (INFO) => invalid id: 193-15-5154
[16-06-2022 19:18:01]: (INFO) => invalid id: 201-15-5154
[16-06-2022 19:18:01]: (INFO) => invalid id: 202-15-5154
[16-06-2022 19:18:02]: (INFO) => invalid id: 203-15-5154
[16-06-2022 19:18:02]: (INFO) => invalid id: 211-15-5154
[16-06-2022 19:18:02]: (INFO) => invalid id: 212-15-5154
[16-06-2022 19:18:02]: (INFO) => invalid id: 213-15-5154
[16-06-2022 19:18:02]: (INFO) => valid id: 221-15-5154
[16-06-2022 19:18:02]: (INFO) => invalid id: 222-15-5154
[16-06-2022 19:18:03]: (INFO) => invalid id: 223-15-5154
[16-06-2022 19:18:03]: (INFO) => invalid id: 141-15-5155
[16-06-2022 19:18:03]: (INFO) => invalid id: 142-15-5155
[16-06-2022 19:18:03]: (INFO) => invalid id: 143-15-5155
[16-06-2022 19:18:04]: (INFO) => valid id: 151-15-5155
[16-06-2022 19:18:04]: (INFO) => invalid id: 152-15-5155
[16-06-2022 19:18:05]: (INFO) => invalid id: 153-15-5155
[16-06-2022 19:18:05]: (INFO) => invalid id: 161-15-5155
[16-06-2022 19:18:05]: (INFO) => invalid id: 162-15-5155
[16-06-2022 19:18:05]: (INFO) => invalid id: 163-15-5155
[16-06-2022 19:18:06]: (INFO) => invalid id: 171-15-5155
[16-06-2022 19:18:06]: (INFO) => invalid id: 172-15-5155
[16-06-2022 19:18:07]: (INFO) => invalid id: 173-15-5155
[16-06-2022 19:18:07]: (INFO) => invalid id: 181-15-5155
[16-06-2022 19:18:07]: (INFO) => invalid id: 182-15-5155
[16-06-2022 19:18:07]: (INFO) => invalid id: 183-15-5155
[16-06-2022 19:18:07]: (INFO) => invalid id: 191-15-5155
[16-06-2022 19:18:07]: (INFO) => invalid id: 192-15-5155
[16-06-2022 19:18:07]: (INFO) => invalid id: 193-15-5155
[16-06-2022 19:18:08]: (INFO) => invalid id: 201-15-5155
[16-06-2022 19:18:08]: (INFO) => invalid id: 202-15-5155
[16-06-2022 19:18:08]: (INFO) => invalid id: 203-15-5155
[16-06-2022 19:18:08]: (INFO) => invalid id: 211-15-5155
[16-06-2022 19:18:08]: (INFO) => invalid id: 212-15-5155
[16-06-2022 19:18:08]: (INFO) => invalid id: 213-15-5155
[16-06-2022 19:18:08]: (INFO) => valid id: 221-15-5155
[16-06-2022 19:18:09]: (INFO) => invalid id: 222-15-5155
[16-06-2022 19:18:09]: (INFO) => invalid id: 223-15-5155
[16-06-2022 19:18:09]: (INFO) => invalid id: 141-15-5156
[16-06-2022 19:18:09]: (INFO) => invalid id: 142-15-5156
[16-06-2022 19:18:10]: (INFO) => invalid id: 143-15-5156
[16-06-2022 19:18:10]: (INFO) => valid id: 151-15-5156
[16-06-2022 19:18:10]: (INFO) => invalid id: 152-15-5156
[16-06-2022 19:18:11]: (INFO) => invalid id: 153-15-5156
[16-06-2022 19:18:11]: (INFO) => invalid id: 161-15-5156
[16-06-2022 19:18:11]: (INFO) => invalid id: 162-15-5156
[16-06-2022 19:18:11]: (INFO) => invalid id: 163-15-5156
[16-06-2022 19:18:11]: (INFO) => invalid id: 171-15-5156
[16-06-2022 19:18:11]: (INFO) => invalid id: 172-15-5156
[16-06-2022 19:18:12]: (INFO) => invalid id: 173-15-5156
[16-06-2022 19:18:12]: (INFO) => invalid id: 181-15-5156
[16-06-2022 19:18:12]: (INFO) => invalid id: 182-15-5156
[16-06-2022 19:18:12]: (INFO) => invalid id: 183-15-5156
[16-06-2022 19:18:12]: (INFO) => invalid id: 191-15-5156
[16-06-2022 19:18:12]: (INFO) => invalid id: 192-15-5156
[16-06-2022 19:18:12]: (INFO) => invalid id: 193-15-5156
