# Logfile created on 2022-06-15 00:23:26 +0600 by logger.rb/v1.4.2
[15-06-2022 00:23:26]: (INFO) => semester codes: ["141", "142", "143", "151", "152", "153", "161", "162", "163", "171", "172", "173", "181", "182", "183", "191", "192", "193", "201", "202", "203", "211", "212", "213", "221", "222", "223"]
[15-06-2022 00:23:26]: (INFO) => total_semester_codes: 27
[15-06-2022 00:23:26]: (INFO) => id range: 1000 .. 1010
[15-06-2022 00:23:26]: (INFO) => invalid id: 141-15-1000
[15-06-2022 00:23:26]: (INFO) => invalid id: 142-15-1000
[15-06-2022 00:23:26]: (INFO) => invalid id: 143-15-1000
[15-06-2022 00:23:26]: (INFO) => invalid id: 151-15-1000
[15-06-2022 00:23:26]: (INFO) => invalid id: 152-15-1000
[15-06-2022 00:23:26]: (INFO) => invalid id: 153-15-1000
[15-06-2022 00:23:26]: (INFO) => valid id: 161-15-1000
[15-06-2022 00:23:26]: (INFO) => invalid id: 162-15-1000
[15-06-2022 00:23:26]: (INFO) => invalid id: 163-15-1000
[15-06-2022 00:23:26]: (INFO) => invalid id: 171-15-1000
[15-06-2022 00:23:26]: (INFO) => invalid id: 172-15-1000
[15-06-2022 00:23:27]: (INFO) => invalid id: 173-15-1000
[15-06-2022 00:23:27]: (INFO) => invalid id: 181-15-1000
[15-06-2022 00:23:27]: (INFO) => invalid id: 182-15-1000
[15-06-2022 00:23:27]: (INFO) => valid id: 183-15-1000
[15-06-2022 00:23:27]: (INFO) => invalid id: 191-15-1000
[15-06-2022 00:23:27]: (INFO) => invalid id: 192-15-1000
[15-06-2022 00:23:27]: (INFO) => invalid id: 193-15-1000
[15-06-2022 00:23:27]: (INFO) => invalid id: 201-15-1000
[15-06-2022 00:23:27]: (INFO) => invalid id: 202-15-1000
[15-06-2022 00:23:28]: (INFO) => invalid id: 203-15-1000
[15-06-2022 00:23:28]: (INFO) => invalid id: 211-15-1000
[15-06-2022 00:23:28]: (INFO) => invalid id: 212-15-1000
[15-06-2022 00:23:28]: (INFO) => invalid id: 213-15-1000
[15-06-2022 00:23:28]: (INFO) => invalid id: 221-15-1000
[15-06-2022 00:23:28]: (INFO) => invalid id: 222-15-1000
[15-06-2022 00:23:28]: (INFO) => invalid id: 223-15-1000
[15-06-2022 00:23:28]: (INFO) => invalid id: 141-15-1001
[15-06-2022 00:23:28]: (INFO) => invalid id: 142-15-1001
[15-06-2022 00:23:28]: (INFO) => invalid id: 143-15-1001
[15-06-2022 00:23:28]: (INFO) => invalid id: 151-15-1001
[15-06-2022 00:23:28]: (INFO) => invalid id: 152-15-1001
[15-06-2022 00:23:28]: (INFO) => invalid id: 153-15-1001
[15-06-2022 00:23:29]: (INFO) => valid id: 161-15-1001
[15-06-2022 00:23:29]: (INFO) => invalid id: 162-15-1001
[15-06-2022 00:23:29]: (INFO) => invalid id: 163-15-1001
[15-06-2022 00:23:29]: (INFO) => invalid id: 171-15-1001
[15-06-2022 00:23:29]: (INFO) => invalid id: 172-15-1001
[15-06-2022 00:23:29]: (INFO) => invalid id: 173-15-1001
[15-06-2022 00:23:29]: (INFO) => invalid id: 181-15-1001
[15-06-2022 00:23:29]: (INFO) => invalid id: 182-15-1001
[15-06-2022 00:23:29]: (INFO) => valid id: 183-15-1001
[15-06-2022 00:23:30]: (INFO) => invalid id: 191-15-1001
[15-06-2022 00:23:30]: (INFO) => invalid id: 192-15-1001
[15-06-2022 00:23:30]: (INFO) => invalid id: 193-15-1001
[15-06-2022 00:23:30]: (INFO) => invalid id: 201-15-1001
[15-06-2022 00:23:30]: (INFO) => invalid id: 202-15-1001
[15-06-2022 00:23:30]: (INFO) => invalid id: 203-15-1001
[15-06-2022 00:23:30]: (INFO) => invalid id: 211-15-1001
[15-06-2022 00:23:30]: (INFO) => invalid id: 212-15-1001
[15-06-2022 00:23:30]: (INFO) => invalid id: 213-15-1001
[15-06-2022 00:23:30]: (INFO) => invalid id: 221-15-1001
[15-06-2022 00:23:30]: (INFO) => invalid id: 222-15-1001
[15-06-2022 00:23:30]: (INFO) => invalid id: 223-15-1001
[15-06-2022 00:23:31]: (INFO) => invalid id: 141-15-1002
[15-06-2022 00:23:31]: (INFO) => invalid id: 142-15-1002
[15-06-2022 00:23:31]: (INFO) => invalid id: 143-15-1002
[15-06-2022 00:23:31]: (INFO) => invalid id: 151-15-1002
[15-06-2022 00:23:31]: (INFO) => invalid id: 152-15-1002
[15-06-2022 00:23:31]: (INFO) => invalid id: 153-15-1002
[15-06-2022 00:23:31]: (INFO) => valid id: 161-15-1002
[15-06-2022 00:23:31]: (INFO) => invalid id: 162-15-1002
[15-06-2022 00:23:31]: (INFO) => invalid id: 163-15-1002
[15-06-2022 00:23:32]: (INFO) => invalid id: 171-15-1002
[15-06-2022 00:23:32]: (INFO) => invalid id: 172-15-1002
[15-06-2022 00:23:32]: (INFO) => invalid id: 173-15-1002
[15-06-2022 00:23:32]: (INFO) => invalid id: 181-15-1002
[15-06-2022 00:23:32]: (INFO) => invalid id: 182-15-1002
[15-06-2022 00:23:32]: (INFO) => valid id: 183-15-1002
[15-06-2022 00:23:32]: (INFO) => invalid id: 191-15-1002
[15-06-2022 00:23:32]: (INFO) => invalid id: 192-15-1002
[15-06-2022 00:23:32]: (INFO) => invalid id: 193-15-1002
[15-06-2022 00:23:32]: (INFO) => invalid id: 201-15-1002
[15-06-2022 00:23:32]: (INFO) => invalid id: 202-15-1002
[15-06-2022 00:23:32]: (INFO) => invalid id: 203-15-1002
[15-06-2022 00:23:32]: (INFO) => invalid id: 211-15-1002
[15-06-2022 00:23:32]: (INFO) => invalid id: 212-15-1002
[15-06-2022 00:23:33]: (INFO) => invalid id: 213-15-1002
[15-06-2022 00:23:33]: (INFO) => invalid id: 221-15-1002
[15-06-2022 00:23:33]: (INFO) => invalid id: 222-15-1002
[15-06-2022 00:23:33]: (INFO) => invalid id: 223-15-1002
[15-06-2022 00:23:33]: (INFO) => invalid id: 141-15-1003
[15-06-2022 00:23:33]: (INFO) => invalid id: 142-15-1003
[15-06-2022 00:23:33]: (INFO) => invalid id: 143-15-1003
[15-06-2022 00:23:33]: (INFO) => invalid id: 151-15-1003
[15-06-2022 00:23:33]: (INFO) => invalid id: 152-15-1003
[15-06-2022 00:23:33]: (INFO) => invalid id: 153-15-1003
[15-06-2022 00:23:33]: (INFO) => valid id: 161-15-1003
[15-06-2022 00:23:33]: (INFO) => invalid id: 162-15-1003
[15-06-2022 00:23:34]: (INFO) => invalid id: 163-15-1003
[15-06-2022 00:23:34]: (INFO) => invalid id: 171-15-1003
[15-06-2022 00:23:34]: (INFO) => invalid id: 172-15-1003
[15-06-2022 00:23:34]: (INFO) => invalid id: 173-15-1003
[15-06-2022 00:23:34]: (INFO) => invalid id: 181-15-1003
[15-06-2022 00:23:34]: (INFO) => invalid id: 182-15-1003
[15-06-2022 00:23:34]: (INFO) => valid id: 183-15-1003
[15-06-2022 00:23:34]: (INFO) => invalid id: 191-15-1003
[15-06-2022 00:23:34]: (INFO) => invalid id: 192-15-1003
[15-06-2022 00:23:34]: (INFO) => invalid id: 193-15-1003
[15-06-2022 00:23:34]: (INFO) => invalid id: 201-15-1003
[15-06-2022 00:23:34]: (INFO) => invalid id: 202-15-1003
[15-06-2022 00:23:34]: (INFO) => invalid id: 203-15-1003
[15-06-2022 00:23:35]: (INFO) => invalid id: 211-15-1003
[15-06-2022 00:23:35]: (INFO) => invalid id: 212-15-1003
[15-06-2022 00:23:35]: (INFO) => invalid id: 213-15-1003
[15-06-2022 00:23:35]: (INFO) => invalid id: 221-15-1003
[15-06-2022 00:23:35]: (INFO) => invalid id: 222-15-1003
[15-06-2022 00:23:35]: (INFO) => invalid id: 223-15-1003
[15-06-2022 00:23:35]: (INFO) => invalid id: 141-15-1004
[15-06-2022 00:23:35]: (INFO) => invalid id: 142-15-1004
[15-06-2022 00:23:35]: (INFO) => invalid id: 143-15-1004
[15-06-2022 00:23:35]: (INFO) => invalid id: 151-15-1004
[15-06-2022 00:23:35]: (INFO) => invalid id: 152-15-1004
[15-06-2022 00:23:35]: (INFO) => invalid id: 153-15-1004
[15-06-2022 00:23:35]: (INFO) => valid id: 161-15-1004
[15-06-2022 00:23:35]: (INFO) => invalid id: 162-15-1004
[15-06-2022 00:23:36]: (INFO) => invalid id: 163-15-1004
[15-06-2022 00:23:36]: (INFO) => invalid id: 171-15-1004
[15-06-2022 00:23:36]: (INFO) => invalid id: 172-15-1004
[15-06-2022 00:23:36]: (INFO) => invalid id: 173-15-1004
[15-06-2022 00:23:36]: (INFO) => invalid id: 181-15-1004
[15-06-2022 00:23:36]: (INFO) => invalid id: 182-15-1004
[15-06-2022 00:23:36]: (INFO) => valid id: 183-15-1004
[15-06-2022 00:23:36]: (INFO) => invalid id: 191-15-1004
[15-06-2022 00:23:36]: (INFO) => invalid id: 192-15-1004
[15-06-2022 00:23:36]: (INFO) => invalid id: 193-15-1004
[15-06-2022 00:23:36]: (INFO) => invalid id: 201-15-1004
[15-06-2022 00:23:36]: (INFO) => invalid id: 202-15-1004
[15-06-2022 00:23:36]: (INFO) => invalid id: 203-15-1004
[15-06-2022 00:23:36]: (INFO) => invalid id: 211-15-1004
[15-06-2022 00:23:36]: (INFO) => invalid id: 212-15-1004
[15-06-2022 00:23:36]: (INFO) => invalid id: 213-15-1004
[15-06-2022 00:23:36]: (INFO) => invalid id: 221-15-1004
[15-06-2022 00:23:36]: (INFO) => invalid id: 222-15-1004
[15-06-2022 00:23:37]: (INFO) => invalid id: 223-15-1004
[15-06-2022 00:23:37]: (INFO) => invalid id: 141-15-1005
[15-06-2022 00:23:37]: (INFO) => invalid id: 142-15-1005
[15-06-2022 00:23:37]: (INFO) => invalid id: 143-15-1005
[15-06-2022 00:23:37]: (INFO) => invalid id: 151-15-1005
[15-06-2022 00:23:37]: (INFO) => invalid id: 152-15-1005
[15-06-2022 00:23:37]: (INFO) => invalid id: 153-15-1005
[15-06-2022 00:23:37]: (INFO) => valid id: 161-15-1005
[15-06-2022 00:23:37]: (INFO) => invalid id: 162-15-1005
[15-06-2022 00:23:37]: (INFO) => invalid id: 163-15-1005
[15-06-2022 00:23:37]: (INFO) => invalid id: 171-15-1005
[15-06-2022 00:23:37]: (INFO) => invalid id: 172-15-1005
[15-06-2022 00:23:37]: (INFO) => invalid id: 173-15-1005
[15-06-2022 00:23:37]: (INFO) => invalid id: 181-15-1005
[15-06-2022 00:23:37]: (INFO) => invalid id: 182-15-1005
[15-06-2022 00:23:37]: (INFO) => valid id: 183-15-1005
[15-06-2022 00:23:37]: (INFO) => invalid id: 191-15-1005
[15-06-2022 00:23:37]: (INFO) => invalid id: 192-15-1005
[15-06-2022 00:23:38]: (INFO) => invalid id: 193-15-1005
[15-06-2022 00:23:38]: (INFO) => invalid id: 201-15-1005
[15-06-2022 00:23:38]: (INFO) => invalid id: 202-15-1005
[15-06-2022 00:23:38]: (INFO) => invalid id: 203-15-1005
[15-06-2022 00:23:38]: (INFO) => invalid id: 211-15-1005
[15-06-2022 00:23:38]: (INFO) => invalid id: 212-15-1005
[15-06-2022 00:23:38]: (INFO) => invalid id: 213-15-1005
[15-06-2022 00:23:38]: (INFO) => invalid id: 221-15-1005
[15-06-2022 00:23:38]: (INFO) => invalid id: 222-15-1005
[15-06-2022 00:23:38]: (INFO) => invalid id: 223-15-1005
[15-06-2022 00:23:38]: (INFO) => invalid id: 141-15-1006
[15-06-2022 00:23:38]: (INFO) => invalid id: 142-15-1006
[15-06-2022 00:23:38]: (INFO) => invalid id: 143-15-1006
[15-06-2022 00:23:38]: (INFO) => invalid id: 151-15-1006
[15-06-2022 00:23:38]: (INFO) => invalid id: 152-15-1006
[15-06-2022 00:23:38]: (INFO) => invalid id: 153-15-1006
[15-06-2022 00:23:38]: (INFO) => valid id: 161-15-1006
[15-06-2022 00:23:38]: (INFO) => invalid id: 162-15-1006
[15-06-2022 00:23:39]: (INFO) => invalid id: 163-15-1006
[15-06-2022 00:23:39]: (INFO) => invalid id: 171-15-1006
[15-06-2022 00:23:39]: (INFO) => invalid id: 172-15-1006
[15-06-2022 00:23:39]: (INFO) => invalid id: 173-15-1006
[15-06-2022 00:23:39]: (INFO) => invalid id: 181-15-1006
[15-06-2022 00:23:39]: (INFO) => invalid id: 182-15-1006
[15-06-2022 00:23:39]: (INFO) => valid id: 183-15-1006
[15-06-2022 00:23:39]: (INFO) => invalid id: 191-15-1006
[15-06-2022 00:23:39]: (INFO) => invalid id: 192-15-1006
[15-06-2022 00:23:39]: (INFO) => invalid id: 193-15-1006
[15-06-2022 00:23:39]: (INFO) => invalid id: 201-15-1006
[15-06-2022 00:23:39]: (INFO) => invalid id: 202-15-1006
[15-06-2022 00:23:39]: (INFO) => invalid id: 203-15-1006
[15-06-2022 00:23:39]: (INFO) => invalid id: 211-15-1006
[15-06-2022 00:23:39]: (INFO) => invalid id: 212-15-1006
[15-06-2022 00:23:39]: (INFO) => invalid id: 213-15-1006
[15-06-2022 00:23:39]: (INFO) => invalid id: 221-15-1006
[15-06-2022 00:23:40]: (INFO) => invalid id: 222-15-1006
[15-06-2022 00:23:40]: (INFO) => invalid id: 223-15-1006
[15-06-2022 00:23:40]: (INFO) => invalid id: 141-15-1007
[15-06-2022 00:23:40]: (INFO) => invalid id: 142-15-1007
[15-06-2022 00:23:40]: (INFO) => invalid id: 143-15-1007
[15-06-2022 00:23:40]: (INFO) => invalid id: 151-15-1007
[15-06-2022 00:23:40]: (INFO) => invalid id: 152-15-1007
[15-06-2022 00:23:40]: (INFO) => invalid id: 153-15-1007
[15-06-2022 00:23:40]: (INFO) => valid id: 161-15-1007
[15-06-2022 00:23:41]: (INFO) => invalid id: 162-15-1007
[15-06-2022 00:23:41]: (INFO) => invalid id: 163-15-1007
[15-06-2022 00:23:41]: (INFO) => invalid id: 171-15-1007
[15-06-2022 00:23:41]: (INFO) => invalid id: 172-15-1007
