# Logfile created on 2022-06-15 00:23:57 +0600 by logger.rb/v1.4.2
[15-06-2022 00:23:57]: (INFO) => semester codes: ["141", "142", "143", "151", "152", "153", "161", "162", "163", "171", "172", "173", "181", "182", "183", "191", "192", "193", "201", "202", "203", "211", "212", "213", "221", "222", "223"]
[15-06-2022 00:23:57]: (INFO) => total_semester_codes: 27
[15-06-2022 00:23:57]: (INFO) => id range: 01000 .. 9999
[15-06-2022 00:23:57]: (INFO) => invalid id: 141-15-1000
[15-06-2022 00:23:57]: (INFO) => invalid id: 142-15-1000
[15-06-2022 00:23:57]: (INFO) => invalid id: 143-15-1000
[15-06-2022 00:23:57]: (INFO) => invalid id: 151-15-1000
[15-06-2022 00:23:58]: (INFO) => invalid id: 152-15-1000
[15-06-2022 00:23:58]: (INFO) => invalid id: 153-15-1000
[15-06-2022 00:23:58]: (INFO) => valid id: 161-15-1000
[15-06-2022 00:23:58]: (INFO) => invalid id: 162-15-1000
[15-06-2022 00:23:58]: (INFO) => invalid id: 163-15-1000
[15-06-2022 00:23:58]: (INFO) => invalid id: 171-15-1000
[15-06-2022 00:23:58]: (INFO) => invalid id: 172-15-1000
[15-06-2022 00:23:58]: (INFO) => invalid id: 173-15-1000
[15-06-2022 00:23:58]: (INFO) => invalid id: 181-15-1000
[15-06-2022 00:23:59]: (INFO) => invalid id: 182-15-1000
[15-06-2022 00:23:59]: (INFO) => valid id: 183-15-1000
[15-06-2022 00:23:59]: (INFO) => invalid id: 191-15-1000
[15-06-2022 00:23:59]: (INFO) => invalid id: 192-15-1000
[15-06-2022 00:23:59]: (INFO) => invalid id: 193-15-1000
[15-06-2022 00:23:59]: (INFO) => invalid id: 201-15-1000
[15-06-2022 00:23:59]: (INFO) => invalid id: 202-15-1000
[15-06-2022 00:23:59]: (INFO) => invalid id: 203-15-1000
[15-06-2022 00:23:59]: (INFO) => invalid id: 211-15-1000
[15-06-2022 00:23:59]: (INFO) => invalid id: 212-15-1000
[15-06-2022 00:23:59]: (INFO) => invalid id: 213-15-1000
[15-06-2022 00:23:59]: (INFO) => invalid id: 221-15-1000
[15-06-2022 00:24:00]: (INFO) => invalid id: 222-15-1000
[15-06-2022 00:24:00]: (INFO) => invalid id: 223-15-1000
[15-06-2022 00:24:00]: (INFO) => invalid id: 141-15-1001
[15-06-2022 00:24:00]: (INFO) => invalid id: 142-15-1001
[15-06-2022 00:24:00]: (INFO) => invalid id: 143-15-1001
[15-06-2022 00:24:00]: (INFO) => invalid id: 151-15-1001
[15-06-2022 00:24:00]: (INFO) => invalid id: 152-15-1001
[15-06-2022 00:24:00]: (INFO) => invalid id: 153-15-1001
[15-06-2022 00:24:00]: (INFO) => valid id: 161-15-1001
[15-06-2022 00:24:00]: (INFO) => invalid id: 162-15-1001
[15-06-2022 00:24:00]: (INFO) => invalid id: 163-15-1001
[15-06-2022 00:24:00]: (INFO) => invalid id: 171-15-1001
[15-06-2022 00:24:00]: (INFO) => invalid id: 172-15-1001
[15-06-2022 00:24:00]: (INFO) => invalid id: 173-15-1001
[15-06-2022 00:24:00]: (INFO) => invalid id: 181-15-1001
[15-06-2022 00:24:01]: (INFO) => invalid id: 182-15-1001
[15-06-2022 00:24:01]: (INFO) => valid id: 183-15-1001
[15-06-2022 00:24:01]: (INFO) => invalid id: 191-15-1001
[15-06-2022 00:24:01]: (INFO) => invalid id: 192-15-1001
[15-06-2022 00:24:01]: (INFO) => invalid id: 193-15-1001
[15-06-2022 00:24:01]: (INFO) => invalid id: 201-15-1001
[15-06-2022 00:24:01]: (INFO) => invalid id: 202-15-1001
[15-06-2022 00:24:01]: (INFO) => invalid id: 203-15-1001
[15-06-2022 00:24:02]: (INFO) => invalid id: 211-15-1001
[15-06-2022 00:24:02]: (INFO) => invalid id: 212-15-1001
[15-06-2022 00:24:02]: (INFO) => invalid id: 213-15-1001
[15-06-2022 00:24:02]: (INFO) => invalid id: 221-15-1001
[15-06-2022 00:24:02]: (INFO) => invalid id: 222-15-1001
[15-06-2022 00:24:02]: (INFO) => invalid id: 223-15-1001
[15-06-2022 00:24:02]: (INFO) => invalid id: 141-15-1002
[15-06-2022 00:24:02]: (INFO) => invalid id: 142-15-1002
[15-06-2022 00:24:02]: (INFO) => invalid id: 143-15-1002
[15-06-2022 00:24:02]: (INFO) => invalid id: 151-15-1002
[15-06-2022 00:24:02]: (INFO) => invalid id: 152-15-1002
[15-06-2022 00:24:02]: (INFO) => invalid id: 153-15-1002
[15-06-2022 00:24:02]: (INFO) => valid id: 161-15-1002
[15-06-2022 00:24:02]: (INFO) => invalid id: 162-15-1002
[15-06-2022 00:24:03]: (INFO) => invalid id: 163-15-1002
[15-06-2022 00:24:03]: (INFO) => invalid id: 171-15-1002
[15-06-2022 00:24:03]: (INFO) => invalid id: 172-15-1002
[15-06-2022 00:24:03]: (INFO) => invalid id: 173-15-1002
[15-06-2022 00:24:03]: (INFO) => invalid id: 181-15-1002
[15-06-2022 00:24:03]: (INFO) => invalid id: 182-15-1002
[15-06-2022 00:24:03]: (INFO) => valid id: 183-15-1002
[15-06-2022 00:24:03]: (INFO) => invalid id: 191-15-1002
[15-06-2022 00:24:03]: (INFO) => invalid id: 192-15-1002
[15-06-2022 00:24:03]: (INFO) => invalid id: 193-15-1002
[15-06-2022 00:24:03]: (INFO) => invalid id: 201-15-1002
[15-06-2022 00:24:03]: (INFO) => invalid id: 202-15-1002
[15-06-2022 00:24:04]: (INFO) => invalid id: 203-15-1002
[15-06-2022 00:24:04]: (INFO) => invalid id: 211-15-1002
[15-06-2022 00:24:04]: (INFO) => invalid id: 212-15-1002
[15-06-2022 00:24:04]: (INFO) => invalid id: 213-15-1002
[15-06-2022 00:24:04]: (INFO) => invalid id: 221-15-1002
[15-06-2022 00:24:04]: (INFO) => invalid id: 222-15-1002
[15-06-2022 00:24:04]: (INFO) => invalid id: 223-15-1002
[15-06-2022 00:24:04]: (INFO) => invalid id: 141-15-1003
[15-06-2022 00:24:04]: (INFO) => invalid id: 142-15-1003
[15-06-2022 00:24:04]: (INFO) => invalid id: 143-15-1003
[15-06-2022 00:24:04]: (INFO) => invalid id: 151-15-1003
[15-06-2022 00:24:04]: (INFO) => invalid id: 152-15-1003
[15-06-2022 00:24:05]: (INFO) => invalid id: 153-15-1003
[15-06-2022 00:24:05]: (INFO) => valid id: 161-15-1003
[15-06-2022 00:24:05]: (INFO) => invalid id: 162-15-1003
[15-06-2022 00:24:05]: (INFO) => invalid id: 163-15-1003
[15-06-2022 00:24:05]: (INFO) => invalid id: 171-15-1003
[15-06-2022 00:24:05]: (INFO) => invalid id: 172-15-1003
[15-06-2022 00:24:05]: (INFO) => invalid id: 173-15-1003
[15-06-2022 00:24:05]: (INFO) => invalid id: 181-15-1003
[15-06-2022 00:24:05]: (INFO) => invalid id: 182-15-1003
[15-06-2022 00:24:05]: (INFO) => valid id: 183-15-1003
[15-06-2022 00:24:05]: (INFO) => invalid id: 191-15-1003
[15-06-2022 00:24:05]: (INFO) => invalid id: 192-15-1003
[15-06-2022 00:24:06]: (INFO) => invalid id: 193-15-1003
[15-06-2022 00:24:06]: (INFO) => invalid id: 201-15-1003
[15-06-2022 00:24:06]: (INFO) => invalid id: 202-15-1003
[15-06-2022 00:24:06]: (INFO) => invalid id: 203-15-1003
[15-06-2022 00:24:06]: (INFO) => invalid id: 211-15-1003
[15-06-2022 00:24:06]: (INFO) => invalid id: 212-15-1003
[15-06-2022 00:24:06]: (INFO) => invalid id: 213-15-1003
[15-06-2022 00:24:06]: (INFO) => invalid id: 221-15-1003
[15-06-2022 00:24:06]: (INFO) => invalid id: 222-15-1003
[15-06-2022 00:24:06]: (INFO) => invalid id: 223-15-1003
[15-06-2022 00:24:07]: (INFO) => invalid id: 141-15-1004
[15-06-2022 00:24:07]: (INFO) => invalid id: 142-15-1004
[15-06-2022 00:24:07]: (INFO) => invalid id: 143-15-1004
[15-06-2022 00:24:07]: (INFO) => invalid id: 151-15-1004
[15-06-2022 00:24:07]: (INFO) => invalid id: 152-15-1004
[15-06-2022 00:24:07]: (INFO) => invalid id: 153-15-1004
[15-06-2022 00:24:07]: (INFO) => valid id: 161-15-1004
[15-06-2022 00:24:07]: (INFO) => invalid id: 162-15-1004
[15-06-2022 00:24:07]: (INFO) => invalid id: 163-15-1004
[15-06-2022 00:24:07]: (INFO) => invalid id: 171-15-1004
[15-06-2022 00:24:07]: (INFO) => invalid id: 172-15-1004
[15-06-2022 00:24:07]: (INFO) => invalid id: 173-15-1004
[15-06-2022 00:24:07]: (INFO) => invalid id: 181-15-1004
[15-06-2022 00:24:07]: (INFO) => invalid id: 182-15-1004
[15-06-2022 00:24:08]: (INFO) => valid id: 183-15-1004
[15-06-2022 00:24:08]: (INFO) => invalid id: 191-15-1004
[15-06-2022 00:24:08]: (INFO) => invalid id: 192-15-1004
[15-06-2022 00:24:08]: (INFO) => invalid id: 193-15-1004
[15-06-2022 00:24:08]: (INFO) => invalid id: 201-15-1004
[15-06-2022 00:24:08]: (INFO) => invalid id: 202-15-1004
[15-06-2022 00:24:08]: (INFO) => invalid id: 203-15-1004
[15-06-2022 00:24:08]: (INFO) => invalid id: 211-15-1004
[15-06-2022 00:24:08]: (INFO) => invalid id: 212-15-1004
[15-06-2022 00:24:08]: (INFO) => invalid id: 213-15-1004
[15-06-2022 00:24:08]: (INFO) => invalid id: 221-15-1004
[15-06-2022 00:24:08]: (INFO) => invalid id: 222-15-1004
[15-06-2022 00:24:08]: (INFO) => invalid id: 223-15-1004
[15-06-2022 00:24:08]: (INFO) => invalid id: 141-15-1005
[15-06-2022 00:24:08]: (INFO) => invalid id: 142-15-1005
[15-06-2022 00:24:08]: (INFO) => invalid id: 143-15-1005
[15-06-2022 00:24:08]: (INFO) => invalid id: 151-15-1005
[15-06-2022 00:24:08]: (INFO) => invalid id: 152-15-1005
[15-06-2022 00:24:09]: (INFO) => invalid id: 153-15-1005
[15-06-2022 00:24:09]: (INFO) => valid id: 161-15-1005
[15-06-2022 00:24:09]: (INFO) => invalid id: 162-15-1005
[15-06-2022 00:24:09]: (INFO) => invalid id: 163-15-1005
[15-06-2022 00:24:09]: (INFO) => invalid id: 171-15-1005
[15-06-2022 00:24:09]: (INFO) => invalid id: 172-15-1005
[15-06-2022 00:24:09]: (INFO) => invalid id: 173-15-1005
[15-06-2022 00:24:09]: (INFO) => invalid id: 181-15-1005
[15-06-2022 00:24:09]: (INFO) => invalid id: 182-15-1005
[15-06-2022 00:24:09]: (INFO) => valid id: 183-15-1005
[15-06-2022 00:24:09]: (INFO) => invalid id: 191-15-1005
[15-06-2022 00:24:09]: (INFO) => invalid id: 192-15-1005
[15-06-2022 00:24:09]: (INFO) => invalid id: 193-15-1005
[15-06-2022 00:24:10]: (INFO) => invalid id: 201-15-1005
[15-06-2022 00:24:10]: (INFO) => invalid id: 202-15-1005
[15-06-2022 00:24:10]: (INFO) => invalid id: 203-15-1005
[15-06-2022 00:24:10]: (INFO) => invalid id: 211-15-1005
[15-06-2022 00:24:10]: (INFO) => invalid id: 212-15-1005
[15-06-2022 00:24:10]: (INFO) => invalid id: 213-15-1005
[15-06-2022 00:24:10]: (INFO) => invalid id: 221-15-1005
[15-06-2022 00:24:10]: (INFO) => invalid id: 222-15-1005
[15-06-2022 00:24:11]: (INFO) => invalid id: 223-15-1005
[15-06-2022 00:24:11]: (INFO) => invalid id: 141-15-1006
[15-06-2022 00:24:11]: (INFO) => invalid id: 142-15-1006
[15-06-2022 00:24:11]: (INFO) => invalid id: 143-15-1006
[15-06-2022 00:24:11]: (INFO) => invalid id: 151-15-1006
[15-06-2022 00:24:11]: (INFO) => invalid id: 152-15-1006
[15-06-2022 00:24:11]: (INFO) => invalid id: 153-15-1006
[15-06-2022 00:24:11]: (INFO) => valid id: 161-15-1006
[15-06-2022 00:24:11]: (INFO) => invalid id: 162-15-1006
[15-06-2022 00:24:11]: (INFO) => invalid id: 163-15-1006
[15-06-2022 00:24:11]: (INFO) => invalid id: 171-15-1006
[15-06-2022 00:24:12]: (INFO) => invalid id: 172-15-1006
[15-06-2022 00:24:12]: (INFO) => invalid id: 173-15-1006
[15-06-2022 00:24:12]: (INFO) => invalid id: 181-15-1006
[15-06-2022 00:24:12]: (INFO) => invalid id: 182-15-1006
[15-06-2022 00:24:12]: (INFO) => valid id: 183-15-1006
[15-06-2022 00:24:12]: (INFO) => invalid id: 191-15-1006
[15-06-2022 00:24:12]: (INFO) => invalid id: 192-15-1006
[15-06-2022 00:24:12]: (INFO) => invalid id: 193-15-1006
[15-06-2022 00:24:12]: (INFO) => invalid id: 201-15-1006
[15-06-2022 00:24:12]: (INFO) => invalid id: 202-15-1006
[15-06-2022 00:24:13]: (INFO) => invalid id: 203-15-1006
[15-06-2022 00:24:13]: (INFO) => invalid id: 211-15-1006
[15-06-2022 00:24:13]: (INFO) => invalid id: 212-15-1006
[15-06-2022 00:24:13]: (INFO) => invalid id: 213-15-1006
[15-06-2022 00:24:13]: (INFO) => invalid id: 221-15-1006
[15-06-2022 00:24:13]: (INFO) => invalid id: 222-15-1006
[15-06-2022 00:24:13]: (INFO) => invalid id: 223-15-1006
[15-06-2022 00:24:13]: (INFO) => invalid id: 141-15-1007
[15-06-2022 00:24:13]: (INFO) => invalid id: 142-15-1007
[15-06-2022 00:24:14]: (INFO) => invalid id: 143-15-1007
[15-06-2022 00:24:14]: (INFO) => invalid id: 151-15-1007
[15-06-2022 00:24:14]: (INFO) => invalid id: 152-15-1007
[15-06-2022 00:24:14]: (INFO) => invalid id: 153-15-1007
[15-06-2022 00:24:14]: (INFO) => valid id: 161-15-1007
[15-06-2022 00:24:14]: (INFO) => invalid id: 162-15-1007
[15-06-2022 00:24:14]: (INFO) => invalid id: 163-15-1007
[15-06-2022 00:24:14]: (INFO) => invalid id: 171-15-1007
[15-06-2022 00:24:14]: (INFO) => invalid id: 172-15-1007
[15-06-2022 00:24:14]: (INFO) => invalid id: 173-15-1007
[15-06-2022 00:24:14]: (INFO) => invalid id: 181-15-1007
[15-06-2022 00:24:15]: (INFO) => invalid id: 182-15-1007
[15-06-2022 00:24:15]: (INFO) => valid id: 183-15-1007
[15-06-2022 00:24:15]: (INFO) => invalid id: 191-15-1007
[15-06-2022 00:24:15]: (INFO) => invalid id: 192-15-1007
[15-06-2022 00:24:15]: (INFO) => invalid id: 193-15-1007
[15-06-2022 00:24:15]: (INFO) => invalid id: 201-15-1007
[15-06-2022 00:24:15]: (INFO) => invalid id: 202-15-1007
[15-06-2022 00:24:15]: (INFO) => invalid id: 203-15-1007
[15-06-2022 00:24:15]: (INFO) => invalid id: 211-15-1007
[15-06-2022 00:24:15]: (INFO) => invalid id: 212-15-1007
[15-06-2022 00:24:15]: (INFO) => invalid id: 213-15-1007
[15-06-2022 00:24:15]: (INFO) => invalid id: 221-15-1007
[15-06-2022 00:24:15]: (INFO) => invalid id: 222-15-1007
[15-06-2022 00:24:15]: (INFO) => invalid id: 223-15-1007
[15-06-2022 00:24:15]: (INFO) => invalid id: 141-15-1008
[15-06-2022 00:24:15]: (INFO) => invalid id: 142-15-1008
[15-06-2022 00:24:15]: (INFO) => invalid id: 143-15-1008
[15-06-2022 00:24:15]: (INFO) => invalid id: 151-15-1008
[15-06-2022 00:24:15]: (INFO) => invalid id: 152-15-1008
[15-06-2022 00:24:16]: (INFO) => invalid id: 153-15-1008
[15-06-2022 00:24:16]: (INFO) => valid id: 161-15-1008
[15-06-2022 00:24:16]: (INFO) => invalid id: 162-15-1008
[15-06-2022 00:24:16]: (INFO) => invalid id: 163-15-1008
[15-06-2022 00:24:16]: (INFO) => invalid id: 171-15-1008
[15-06-2022 00:24:16]: (INFO) => invalid id: 172-15-1008
[15-06-2022 00:24:16]: (INFO) => invalid id: 173-15-1008
[15-06-2022 00:24:16]: (INFO) => invalid id: 181-15-1008
[15-06-2022 00:24:16]: (INFO) => invalid id: 182-15-1008
[15-06-2022 00:24:16]: (INFO) => valid id: 183-15-1008
[15-06-2022 00:24:16]: (INFO) => invalid id: 191-15-1008
[15-06-2022 00:24:16]: (INFO) => invalid id: 192-15-1008
[15-06-2022 00:24:16]: (INFO) => invalid id: 193-15-1008
[15-06-2022 00:24:17]: (INFO) => invalid id: 201-15-1008
[15-06-2022 00:24:17]: (INFO) => invalid id: 202-15-1008
[15-06-2022 00:24:17]: (INFO) => invalid id: 203-15-1008
[15-06-2022 00:24:17]: (INFO) => invalid id: 211-15-1008
[15-06-2022 00:24:17]: (INFO) => invalid id: 212-15-1008
[15-06-2022 00:24:17]: (INFO) => invalid id: 213-15-1008
[15-06-2022 00:24:17]: (INFO) => invalid id: 221-15-1008
[15-06-2022 00:24:17]: (INFO) => invalid id: 222-15-1008
[15-06-2022 00:24:17]: (INFO) => invalid id: 223-15-1008
[15-06-2022 00:24:17]: (INFO) => invalid id: 141-15-1009
[15-06-2022 00:24:17]: (INFO) => invalid id: 142-15-1009
[15-06-2022 00:24:17]: (INFO) => invalid id: 143-15-1009
[15-06-2022 00:24:17]: (INFO) => invalid id: 151-15-1009
[15-06-2022 00:24:18]: (INFO) => invalid id: 152-15-1009
[15-06-2022 00:24:18]: (INFO) => invalid id: 153-15-1009
[15-06-2022 00:24:18]: (INFO) => valid id: 161-15-1009
[15-06-2022 00:24:18]: (INFO) => invalid id: 162-15-1009
[15-06-2022 00:24:18]: (INFO) => invalid id: 163-15-1009
[15-06-2022 00:24:18]: (INFO) => invalid id: 171-15-1009
[15-06-2022 00:24:18]: (INFO) => invalid id: 172-15-1009
[15-06-2022 00:24:18]: (INFO) => invalid id: 173-15-1009
[15-06-2022 00:24:18]: (INFO) => invalid id: 181-15-1009
[15-06-2022 00:24:18]: (INFO) => invalid id: 182-15-1009
[15-06-2022 00:24:19]: (INFO) => valid id: 183-15-1009
[15-06-2022 00:24:19]: (INFO) => invalid id: 191-15-1009
[15-06-2022 00:24:19]: (INFO) => invalid id: 192-15-1009
[15-06-2022 00:24:19]: (INFO) => invalid id: 193-15-1009
[15-06-2022 00:24:19]: (INFO) => invalid id: 201-15-1009
[15-06-2022 00:24:19]: (INFO) => invalid id: 202-15-1009
[15-06-2022 00:24:19]: (INFO) => invalid id: 203-15-1009
[15-06-2022 00:24:19]: (INFO) => invalid id: 211-15-1009
[15-06-2022 00:24:19]: (INFO) => invalid id: 212-15-1009
[15-06-2022 00:24:19]: (INFO) => invalid id: 213-15-1009
[15-06-2022 00:24:19]: (INFO) => invalid id: 221-15-1009
[15-06-2022 00:24:19]: (INFO) => invalid id: 222-15-1009
[15-06-2022 00:24:20]: (INFO) => invalid id: 223-15-1009
[15-06-2022 00:24:20]: (INFO) => invalid id: 141-15-1010
[15-06-2022 00:24:20]: (INFO) => invalid id: 142-15-1010
[15-06-2022 00:24:20]: (INFO) => invalid id: 143-15-1010
[15-06-2022 00:24:20]: (INFO) => invalid id: 151-15-1010
[15-06-2022 00:24:20]: (INFO) => invalid id: 152-15-1010
[15-06-2022 00:24:20]: (INFO) => invalid id: 153-15-1010
[15-06-2022 00:24:20]: (INFO) => valid id: 161-15-1010
[15-06-2022 00:24:20]: (INFO) => invalid id: 162-15-1010
[15-06-2022 00:24:20]: (INFO) => invalid id: 163-15-1010
[15-06-2022 00:24:20]: (INFO) => invalid id: 171-15-1010
[15-06-2022 00:24:20]: (INFO) => invalid id: 172-15-1010
[15-06-2022 00:24:20]: (INFO) => invalid id: 173-15-1010
[15-06-2022 00:24:21]: (INFO) => invalid id: 181-15-1010
[15-06-2022 00:24:21]: (INFO) => invalid id: 182-15-1010
[15-06-2022 00:24:21]: (INFO) => valid id: 183-15-1010
[15-06-2022 00:24:21]: (INFO) => invalid id: 191-15-1010
[15-06-2022 00:24:21]: (INFO) => invalid id: 192-15-1010
[15-06-2022 00:24:21]: (INFO) => invalid id: 193-15-1010
[15-06-2022 00:24:21]: (INFO) => invalid id: 201-15-1010
[15-06-2022 00:24:21]: (INFO) => invalid id: 202-15-1010
[15-06-2022 00:24:21]: (INFO) => invalid id: 203-15-1010
[15-06-2022 00:24:21]: (INFO) => invalid id: 211-15-1010
[15-06-2022 00:24:21]: (INFO) => invalid id: 212-15-1010
[15-06-2022 00:24:21]: (INFO) => invalid id: 213-15-1010
[15-06-2022 00:24:21]: (INFO) => invalid id: 221-15-1010
[15-06-2022 00:24:22]: (INFO) => invalid id: 222-15-1010
[15-06-2022 00:24:22]: (INFO) => invalid id: 223-15-1010
[15-06-2022 00:24:22]: (INFO) => invalid id: 141-15-1011
[15-06-2022 00:24:22]: (INFO) => invalid id: 142-15-1011
[15-06-2022 00:24:22]: (INFO) => invalid id: 143-15-1011
[15-06-2022 00:24:22]: (INFO) => invalid id: 151-15-1011
[15-06-2022 00:24:22]: (INFO) => invalid id: 152-15-1011
[15-06-2022 00:24:22]: (INFO) => invalid id: 153-15-1011
[15-06-2022 00:24:22]: (INFO) => valid id: 161-15-1011
[15-06-2022 00:24:22]: (INFO) => invalid id: 162-15-1011
[15-06-2022 00:24:22]: (INFO) => invalid id: 163-15-1011
[15-06-2022 00:24:22]: (INFO) => invalid id: 171-15-1011
[15-06-2022 00:24:23]: (INFO) => invalid id: 172-15-1011
[15-06-2022 00:24:23]: (INFO) => invalid id: 173-15-1011
[15-06-2022 00:24:23]: (INFO) => invalid id: 181-15-1011
[15-06-2022 00:24:23]: (INFO) => invalid id: 182-15-1011
[15-06-2022 00:24:23]: (INFO) => valid id: 183-15-1011
[15-06-2022 00:24:23]: (INFO) => invalid id: 191-15-1011
[15-06-2022 00:24:23]: (INFO) => invalid id: 192-15-1011
[15-06-2022 00:24:23]: (INFO) => invalid id: 193-15-1011
[15-06-2022 00:24:23]: (INFO) => invalid id: 201-15-1011
[15-06-2022 00:24:23]: (INFO) => invalid id: 202-15-1011
[15-06-2022 00:24:24]: (INFO) => invalid id: 203-15-1011
[15-06-2022 00:24:24]: (INFO) => invalid id: 211-15-1011
[15-06-2022 00:24:24]: (INFO) => invalid id: 212-15-1011
[15-06-2022 00:24:24]: (INFO) => invalid id: 213-15-1011
[15-06-2022 00:24:24]: (INFO) => invalid id: 221-15-1011
[15-06-2022 00:24:24]: (INFO) => invalid id: 222-15-1011
[15-06-2022 00:24:24]: (INFO) => invalid id: 223-15-1011
[15-06-2022 00:24:24]: (INFO) => invalid id: 141-15-1012
[15-06-2022 00:24:24]: (INFO) => invalid id: 142-15-1012
[15-06-2022 00:24:24]: (INFO) => invalid id: 143-15-1012
[15-06-2022 00:24:24]: (INFO) => invalid id: 151-15-1012
[15-06-2022 00:24:24]: (INFO) => invalid id: 152-15-1012
[15-06-2022 00:24:24]: (INFO) => invalid id: 153-15-1012
[15-06-2022 00:24:24]: (INFO) => valid id: 161-15-1012
[15-06-2022 00:24:24]: (INFO) => invalid id: 162-15-1012
[15-06-2022 00:24:25]: (INFO) => invalid id: 163-15-1012
[15-06-2022 00:24:25]: (INFO) => invalid id: 171-15-1012
[15-06-2022 00:24:25]: (INFO) => invalid id: 172-15-1012
[15-06-2022 00:24:25]: (INFO) => invalid id: 173-15-1012
[15-06-2022 00:24:25]: (INFO) => invalid id: 181-15-1012
[15-06-2022 00:24:25]: (INFO) => invalid id: 182-15-1012
[15-06-2022 00:24:25]: (INFO) => valid id: 183-15-1012
[15-06-2022 00:24:25]: (INFO) => invalid id: 191-15-1012
[15-06-2022 00:24:25]: (INFO) => invalid id: 192-15-1012
[15-06-2022 00:24:25]: (INFO) => invalid id: 193-15-1012
[15-06-2022 00:24:25]: (INFO) => invalid id: 201-15-1012
[15-06-2022 00:24:25]: (INFO) => invalid id: 202-15-1012
[15-06-2022 00:24:25]: (INFO) => invalid id: 203-15-1012
[15-06-2022 00:24:25]: (INFO) => invalid id: 211-15-1012
[15-06-2022 00:24:25]: (INFO) => invalid id: 212-15-1012
[15-06-2022 00:24:25]: (INFO) => invalid id: 213-15-1012
[15-06-2022 00:24:25]: (INFO) => invalid id: 221-15-1012
[15-06-2022 00:24:26]: (INFO) => invalid id: 222-15-1012
[15-06-2022 00:24:26]: (INFO) => invalid id: 223-15-1012
[15-06-2022 00:24:26]: (INFO) => invalid id: 141-15-1013
[15-06-2022 00:24:26]: (INFO) => invalid id: 142-15-1013
[15-06-2022 00:24:26]: (INFO) => invalid id: 143-15-1013
[15-06-2022 00:24:26]: (INFO) => invalid id: 151-15-1013
[15-06-2022 00:24:26]: (INFO) => invalid id: 152-15-1013
[15-06-2022 00:24:26]: (INFO) => invalid id: 153-15-1013
[15-06-2022 00:24:26]: (INFO) => valid id: 161-15-1013
[15-06-2022 00:24:26]: (INFO) => invalid id: 162-15-1013
[15-06-2022 00:24:26]: (INFO) => invalid id: 163-15-1013
[15-06-2022 00:24:26]: (INFO) => invalid id: 171-15-1013
[15-06-2022 00:24:26]: (INFO) => invalid id: 172-15-1013
[15-06-2022 00:24:26]: (INFO) => invalid id: 173-15-1013
[15-06-2022 00:24:26]: (INFO) => invalid id: 181-15-1013
[15-06-2022 00:24:27]: (INFO) => invalid id: 182-15-1013
[15-06-2022 00:24:27]: (INFO) => valid id: 183-15-1013
[15-06-2022 00:24:27]: (INFO) => invalid id: 191-15-1013
[15-06-2022 00:24:27]: (INFO) => invalid id: 192-15-1013
[15-06-2022 00:24:27]: (INFO) => invalid id: 193-15-1013
[15-06-2022 00:24:27]: (INFO) => invalid id: 201-15-1013
[15-06-2022 00:24:27]: (INFO) => invalid id: 202-15-1013
[15-06-2022 00:24:27]: (INFO) => invalid id: 203-15-1013
[15-06-2022 00:24:27]: (INFO) => invalid id: 211-15-1013
[15-06-2022 00:24:27]: (INFO) => invalid id: 212-15-1013
[15-06-2022 00:24:27]: (INFO) => invalid id: 213-15-1013
[15-06-2022 00:24:27]: (INFO) => invalid id: 221-15-1013
[15-06-2022 00:24:28]: (INFO) => invalid id: 222-15-1013
[15-06-2022 00:24:28]: (INFO) => invalid id: 223-15-1013
[15-06-2022 00:24:28]: (INFO) => invalid id: 141-15-1014
[15-06-2022 00:24:28]: (INFO) => invalid id: 142-15-1014
[15-06-2022 00:24:28]: (INFO) => invalid id: 143-15-1014
[15-06-2022 00:24:28]: (INFO) => invalid id: 151-15-1014
[15-06-2022 00:24:28]: (INFO) => invalid id: 152-15-1014
[15-06-2022 00:24:28]: (INFO) => invalid id: 153-15-1014
[15-06-2022 00:24:29]: (INFO) => valid id: 161-15-1014
[15-06-2022 00:24:29]: (INFO) => invalid id: 162-15-1014
[15-06-2022 00:24:29]: (INFO) => invalid id: 163-15-1014
[15-06-2022 00:24:29]: (INFO) => invalid id: 171-15-1014
[15-06-2022 00:24:29]: (INFO) => invalid id: 172-15-1014
[15-06-2022 00:24:29]: (INFO) => invalid id: 173-15-1014
[15-06-2022 00:24:29]: (INFO) => invalid id: 181-15-1014
[15-06-2022 00:24:29]: (INFO) => invalid id: 182-15-1014
[15-06-2022 00:24:29]: (INFO) => valid id: 183-15-1014
[15-06-2022 00:24:29]: (INFO) => invalid id: 191-15-1014
[15-06-2022 00:24:30]: (INFO) => invalid id: 192-15-1014
[15-06-2022 00:24:30]: (INFO) => invalid id: 193-15-1014
[15-06-2022 00:24:30]: (INFO) => invalid id: 201-15-1014
[15-06-2022 00:24:30]: (INFO) => invalid id: 202-15-1014
[15-06-2022 00:24:30]: (INFO) => invalid id: 203-15-1014
[15-06-2022 00:24:30]: (INFO) => invalid id: 211-15-1014
[15-06-2022 00:24:30]: (INFO) => invalid id: 212-15-1014
[15-06-2022 00:24:30]: (INFO) => invalid id: 213-15-1014
[15-06-2022 00:24:30]: (INFO) => invalid id: 221-15-1014
[15-06-2022 00:24:30]: (INFO) => invalid id: 222-15-1014
[15-06-2022 00:24:30]: (INFO) => invalid id: 223-15-1014
[15-06-2022 00:24:30]: (INFO) => invalid id: 141-15-1015
[15-06-2022 00:24:30]: (INFO) => invalid id: 142-15-1015
[15-06-2022 00:24:30]: (INFO) => invalid id: 143-15-1015
[15-06-2022 00:24:30]: (INFO) => invalid id: 151-15-1015
[15-06-2022 00:24:30]: (INFO) => invalid id: 152-15-1015
[15-06-2022 00:24:31]: (INFO) => invalid id: 153-15-1015
[15-06-2022 00:24:31]: (INFO) => valid id: 161-15-1015
[15-06-2022 00:24:31]: (INFO) => invalid id: 162-15-1015
[15-06-2022 00:24:31]: (INFO) => invalid id: 163-15-1015
[15-06-2022 00:24:31]: (INFO) => invalid id: 171-15-1015
[15-06-2022 00:24:31]: (INFO) => invalid id: 172-15-1015
[15-06-2022 00:24:31]: (INFO) => invalid id: 173-15-1015
[15-06-2022 00:24:31]: (INFO) => invalid id: 181-15-1015
[15-06-2022 00:24:31]: (INFO) => invalid id: 182-15-1015
[15-06-2022 00:24:31]: (INFO) => valid id: 183-15-1015
[15-06-2022 00:24:31]: (INFO) => invalid id: 191-15-1015
[15-06-2022 00:24:31]: (INFO) => invalid id: 192-15-1015
[15-06-2022 00:24:31]: (INFO) => invalid id: 193-15-1015
[15-06-2022 00:24:32]: (INFO) => invalid id: 201-15-1015
[15-06-2022 00:24:32]: (INFO) => invalid id: 202-15-1015
[15-06-2022 00:24:32]: (INFO) => invalid id: 203-15-1015
[15-06-2022 00:24:32]: (INFO) => invalid id: 211-15-1015
[15-06-2022 00:24:32]: (INFO) => invalid id: 212-15-1015
[15-06-2022 00:24:32]: (INFO) => invalid id: 213-15-1015
[15-06-2022 00:24:32]: (INFO) => invalid id: 221-15-1015
[15-06-2022 00:24:32]: (INFO) => invalid id: 222-15-1015
[15-06-2022 00:24:32]: (INFO) => invalid id: 223-15-1015
[15-06-2022 00:24:33]: (INFO) => invalid id: 141-15-1016
[15-06-2022 00:24:33]: (INFO) => invalid id: 142-15-1016
[15-06-2022 00:24:33]: (INFO) => invalid id: 143-15-1016
[15-06-2022 00:24:33]: (INFO) => invalid id: 151-15-1016
[15-06-2022 00:24:33]: (INFO) => invalid id: 152-15-1016
[15-06-2022 00:24:33]: (INFO) => invalid id: 153-15-1016
[15-06-2022 00:24:33]: (INFO) => valid id: 161-15-1016
[15-06-2022 00:24:33]: (INFO) => invalid id: 162-15-1016
[15-06-2022 00:24:33]: (INFO) => invalid id: 163-15-1016
[15-06-2022 00:24:33]: (INFO) => invalid id: 171-15-1016
[15-06-2022 00:24:33]: (INFO) => invalid id: 172-15-1016
[15-06-2022 00:24:33]: (INFO) => invalid id: 173-15-1016
[15-06-2022 00:24:33]: (INFO) => invalid id: 181-15-1016
[15-06-2022 00:24:33]: (INFO) => invalid id: 182-15-1016
[15-06-2022 00:24:33]: (INFO) => valid id: 183-15-1016
[15-06-2022 00:24:34]: (INFO) => invalid id: 191-15-1016
[15-06-2022 00:24:34]: (INFO) => invalid id: 192-15-1016
[15-06-2022 00:24:34]: (INFO) => invalid id: 193-15-1016
[15-06-2022 00:24:34]: (INFO) => invalid id: 201-15-1016
[15-06-2022 00:24:34]: (INFO) => invalid id: 202-15-1016
[15-06-2022 00:24:34]: (INFO) => invalid id: 203-15-1016
[15-06-2022 00:24:34]: (INFO) => invalid id: 211-15-1016
[15-06-2022 00:24:34]: (INFO) => invalid id: 212-15-1016
[15-06-2022 00:24:34]: (INFO) => invalid id: 213-15-1016
[15-06-2022 00:24:34]: (INFO) => invalid id: 221-15-1016
[15-06-2022 00:24:34]: (INFO) => invalid id: 222-15-1016
[15-06-2022 00:24:34]: (INFO) => invalid id: 223-15-1016
[15-06-2022 00:24:34]: (INFO) => invalid id: 141-15-1017
[15-06-2022 00:24:34]: (INFO) => invalid id: 142-15-1017
[15-06-2022 00:24:34]: (INFO) => invalid id: 143-15-1017
[15-06-2022 00:24:34]: (INFO) => invalid id: 151-15-1017
[15-06-2022 00:24:34]: (INFO) => invalid id: 152-15-1017
[15-06-2022 00:24:35]: (INFO) => invalid id: 153-15-1017
[15-06-2022 00:24:35]: (INFO) => valid id: 161-15-1017
[15-06-2022 00:24:35]: (INFO) => invalid id: 162-15-1017
[15-06-2022 00:24:35]: (INFO) => invalid id: 163-15-1017
[15-06-2022 00:24:35]: (INFO) => invalid id: 171-15-1017
[15-06-2022 00:24:35]: (INFO) => invalid id: 172-15-1017
[15-06-2022 00:24:35]: (INFO) => invalid id: 173-15-1017
[15-06-2022 00:24:35]: (INFO) => invalid id: 181-15-1017
[15-06-2022 00:24:35]: (INFO) => invalid id: 182-15-1017
[15-06-2022 00:24:35]: (INFO) => invalid id: 183-15-1017
[15-06-2022 00:24:35]: (INFO) => valid id: 191-15-1017
[15-06-2022 00:24:35]: (INFO) => invalid id: 192-15-1017
[15-06-2022 00:24:35]: (INFO) => invalid id: 193-15-1017
[15-06-2022 00:24:35]: (INFO) => invalid id: 201-15-1017
[15-06-2022 00:24:35]: (INFO) => invalid id: 202-15-1017
[15-06-2022 00:24:35]: (INFO) => invalid id: 203-15-1017
[15-06-2022 00:24:36]: (INFO) => invalid id: 211-15-1017
[15-06-2022 00:24:36]: (INFO) => invalid id: 212-15-1017
[15-06-2022 00:24:36]: (INFO) => invalid id: 213-15-1017
[15-06-2022 00:24:36]: (INFO) => invalid id: 221-15-1017
[15-06-2022 00:24:36]: (INFO) => invalid id: 222-15-1017
[15-06-2022 00:24:36]: (INFO) => invalid id: 223-15-1017
[15-06-2022 00:24:36]: (INFO) => invalid id: 141-15-1018
[15-06-2022 00:24:36]: (INFO) => invalid id: 142-15-1018
[15-06-2022 00:24:36]: (INFO) => invalid id: 143-15-1018
[15-06-2022 00:24:36]: (INFO) => invalid id: 151-15-1018
[15-06-2022 00:24:36]: (INFO) => invalid id: 152-15-1018
[15-06-2022 00:24:36]: (INFO) => invalid id: 153-15-1018
[15-06-2022 00:24:36]: (INFO) => valid id: 161-15-1018
[15-06-2022 00:24:36]: (INFO) => invalid id: 162-15-1018
[15-06-2022 00:24:36]: (INFO) => invalid id: 163-15-1018
[15-06-2022 00:24:37]: (INFO) => invalid id: 171-15-1018
[15-06-2022 00:24:37]: (INFO) => invalid id: 172-15-1018
[15-06-2022 00:24:37]: (INFO) => invalid id: 173-15-1018
[15-06-2022 00:24:37]: (INFO) => invalid id: 181-15-1018
[15-06-2022 00:24:37]: (INFO) => invalid id: 182-15-1018
[15-06-2022 00:24:37]: (INFO) => invalid id: 183-15-1018
[15-06-2022 00:24:37]: (INFO) => valid id: 191-15-1018
[15-06-2022 00:24:37]: (INFO) => invalid id: 192-15-1018
[15-06-2022 00:24:37]: (INFO) => invalid id: 193-15-1018
[15-06-2022 00:24:38]: (INFO) => invalid id: 201-15-1018
[15-06-2022 00:24:38]: (INFO) => invalid id: 202-15-1018
[15-06-2022 00:24:38]: (INFO) => invalid id: 203-15-1018
[15-06-2022 00:24:38]: (INFO) => invalid id: 211-15-1018
[15-06-2022 00:24:38]: (INFO) => invalid id: 212-15-1018
[15-06-2022 00:24:38]: (INFO) => invalid id: 213-15-1018
[15-06-2022 00:24:38]: (INFO) => invalid id: 221-15-1018
[15-06-2022 00:24:38]: (INFO) => invalid id: 222-15-1018
[15-06-2022 00:24:38]: (INFO) => invalid id: 223-15-1018
[15-06-2022 00:24:38]: (INFO) => invalid id: 141-15-1019
[15-06-2022 00:24:38]: (INFO) => invalid id: 142-15-1019
[15-06-2022 00:24:38]: (INFO) => invalid id: 143-15-1019
[15-06-2022 00:24:38]: (INFO) => invalid id: 151-15-1019
[15-06-2022 00:24:38]: (INFO) => invalid id: 152-15-1019
[15-06-2022 00:24:39]: (INFO) => invalid id: 153-15-1019
[15-06-2022 00:24:39]: (INFO) => valid id: 161-15-1019
[15-06-2022 00:24:39]: (INFO) => invalid id: 162-15-1019
[15-06-2022 00:24:39]: (INFO) => invalid id: 163-15-1019
[15-06-2022 00:24:39]: (INFO) => invalid id: 171-15-1019
[15-06-2022 00:24:39]: (INFO) => invalid id: 172-15-1019
[15-06-2022 00:24:39]: (INFO) => invalid id: 173-15-1019
[15-06-2022 00:24:39]: (INFO) => invalid id: 181-15-1019
[15-06-2022 00:24:39]: (INFO) => invalid id: 182-15-1019
[15-06-2022 00:24:39]: (INFO) => invalid id: 183-15-1019
[15-06-2022 00:24:39]: (INFO) => valid id: 191-15-1019
[15-06-2022 00:24:39]: (INFO) => invalid id: 192-15-1019
[15-06-2022 00:24:40]: (INFO) => invalid id: 193-15-1019
[15-06-2022 00:24:40]: (INFO) => invalid id: 201-15-1019
[15-06-2022 00:24:40]: (INFO) => invalid id: 202-15-1019
[15-06-2022 00:24:40]: (INFO) => invalid id: 203-15-1019
[15-06-2022 00:24:40]: (INFO) => invalid id: 211-15-1019
[15-06-2022 00:24:40]: (INFO) => invalid id: 212-15-1019
[15-06-2022 00:24:40]: (INFO) => invalid id: 213-15-1019
[15-06-2022 00:24:40]: (INFO) => invalid id: 221-15-1019
[15-06-2022 00:24:41]: (INFO) => invalid id: 222-15-1019
[15-06-2022 00:24:41]: (INFO) => invalid id: 223-15-1019
[15-06-2022 00:24:41]: (INFO) => invalid id: 141-15-1020
[15-06-2022 00:24:41]: (INFO) => invalid id: 142-15-1020
[15-06-2022 00:24:41]: (INFO) => invalid id: 143-15-1020
[15-06-2022 00:24:41]: (INFO) => invalid id: 151-15-1020
[15-06-2022 00:24:41]: (INFO) => invalid id: 152-15-1020
[15-06-2022 00:24:41]: (INFO) => invalid id: 153-15-1020
[15-06-2022 00:24:42]: (INFO) => valid id: 161-15-1020
[15-06-2022 00:24:42]: (INFO) => invalid id: 162-15-1020
[15-06-2022 00:24:42]: (INFO) => invalid id: 163-15-1020
[15-06-2022 00:24:42]: (INFO) => invalid id: 171-15-1020
[15-06-2022 00:24:42]: (INFO) => invalid id: 172-15-1020
[15-06-2022 00:24:42]: (INFO) => invalid id: 173-15-1020
[15-06-2022 00:24:42]: (INFO) => invalid id: 181-15-1020
[15-06-2022 00:24:42]: (INFO) => invalid id: 182-15-1020
[15-06-2022 00:24:42]: (INFO) => invalid id: 183-15-1020
[15-06-2022 00:24:42]: (INFO) => valid id: 191-15-1020
[15-06-2022 00:24:43]: (INFO) => invalid id: 192-15-1020
[15-06-2022 00:24:43]: (INFO) => invalid id: 193-15-1020
[15-06-2022 00:24:43]: (INFO) => invalid id: 201-15-1020
[15-06-2022 00:24:43]: (INFO) => invalid id: 202-15-1020
[15-06-2022 00:24:43]: (INFO) => invalid id: 203-15-1020
[15-06-2022 00:24:43]: (INFO) => invalid id: 211-15-1020
[15-06-2022 00:24:43]: (INFO) => invalid id: 212-15-1020
[15-06-2022 00:24:43]: (INFO) => invalid id: 213-15-1020
[15-06-2022 00:24:43]: (INFO) => invalid id: 221-15-1020
[15-06-2022 00:24:43]: (INFO) => invalid id: 222-15-1020
[15-06-2022 00:24:44]: (INFO) => invalid id: 223-15-1020
[15-06-2022 00:24:44]: (INFO) => invalid id: 141-15-1021
[15-06-2022 00:24:44]: (INFO) => invalid id: 142-15-1021
[15-06-2022 00:24:44]: (INFO) => invalid id: 143-15-1021
[15-06-2022 00:24:44]: (INFO) => invalid id: 151-15-1021
[15-06-2022 00:24:44]: (INFO) => invalid id: 152-15-1021
[15-06-2022 00:24:44]: (INFO) => invalid id: 153-15-1021
[15-06-2022 00:24:44]: (INFO) => valid id: 161-15-1021
[15-06-2022 00:24:44]: (INFO) => invalid id: 162-15-1021
[15-06-2022 00:24:44]: (INFO) => invalid id: 163-15-1021
[15-06-2022 00:24:44]: (INFO) => invalid id: 171-15-1021
[15-06-2022 00:24:44]: (INFO) => invalid id: 172-15-1021
[15-06-2022 00:24:44]: (INFO) => invalid id: 173-15-1021
[15-06-2022 00:24:45]: (INFO) => invalid id: 181-15-1021
[15-06-2022 00:24:45]: (INFO) => invalid id: 182-15-1021
[15-06-2022 00:24:45]: (INFO) => invalid id: 183-15-1021
[15-06-2022 00:24:45]: (INFO) => valid id: 191-15-1021
[15-06-2022 00:24:45]: (INFO) => invalid id: 192-15-1021
[15-06-2022 00:24:45]: (INFO) => invalid id: 193-15-1021
[15-06-2022 00:24:45]: (INFO) => invalid id: 201-15-1021
[15-06-2022 00:24:45]: (INFO) => invalid id: 202-15-1021
[15-06-2022 00:24:46]: (INFO) => invalid id: 203-15-1021
[15-06-2022 00:24:46]: (INFO) => invalid id: 211-15-1021
[15-06-2022 00:24:46]: (INFO) => invalid id: 212-15-1021
[15-06-2022 00:24:46]: (INFO) => invalid id: 213-15-1021
[15-06-2022 00:24:46]: (INFO) => invalid id: 221-15-1021
[15-06-2022 00:24:46]: (INFO) => invalid id: 222-15-1021
[15-06-2022 00:24:46]: (INFO) => invalid id: 223-15-1021
[15-06-2022 00:24:46]: (INFO) => invalid id: 141-15-1022
[15-06-2022 00:24:46]: (INFO) => invalid id: 142-15-1022
[15-06-2022 00:24:46]: (INFO) => invalid id: 143-15-1022
[15-06-2022 00:24:47]: (INFO) => invalid id: 151-15-1022
[15-06-2022 00:24:47]: (INFO) => invalid id: 152-15-1022
[15-06-2022 00:24:47]: (INFO) => invalid id: 153-15-1022
[15-06-2022 00:24:47]: (INFO) => valid id: 161-15-1022
[15-06-2022 00:24:47]: (INFO) => invalid id: 162-15-1022
[15-06-2022 00:24:47]: (INFO) => invalid id: 163-15-1022
[15-06-2022 00:24:47]: (INFO) => invalid id: 171-15-1022
[15-06-2022 00:24:47]: (INFO) => invalid id: 172-15-1022
[15-06-2022 00:24:47]: (INFO) => invalid id: 173-15-1022
[15-06-2022 00:24:48]: (INFO) => invalid id: 181-15-1022
[15-06-2022 00:24:48]: (INFO) => invalid id: 182-15-1022
[15-06-2022 00:24:48]: (INFO) => invalid id: 183-15-1022
[15-06-2022 00:24:48]: (INFO) => valid id: 191-15-1022
[15-06-2022 00:24:48]: (INFO) => invalid id: 192-15-1022
[15-06-2022 00:24:48]: (INFO) => invalid id: 193-15-1022
[15-06-2022 00:24:48]: (INFO) => invalid id: 201-15-1022
[15-06-2022 00:24:48]: (INFO) => invalid id: 202-15-1022
[15-06-2022 00:24:48]: (INFO) => invalid id: 203-15-1022
[15-06-2022 00:24:48]: (INFO) => invalid id: 211-15-1022
[15-06-2022 00:24:48]: (INFO) => invalid id: 212-15-1022
[15-06-2022 00:24:48]: (INFO) => invalid id: 213-15-1022
[15-06-2022 00:24:49]: (INFO) => invalid id: 221-15-1022
[15-06-2022 00:24:49]: (INFO) => invalid id: 222-15-1022
[15-06-2022 00:24:49]: (INFO) => invalid id: 223-15-1022
[15-06-2022 00:24:49]: (INFO) => invalid id: 141-15-1023
[15-06-2022 00:24:49]: (INFO) => invalid id: 142-15-1023
[15-06-2022 00:24:49]: (INFO) => invalid id: 143-15-1023
[15-06-2022 00:24:49]: (INFO) => invalid id: 151-15-1023
[15-06-2022 00:24:49]: (INFO) => invalid id: 152-15-1023
[15-06-2022 00:24:49]: (INFO) => invalid id: 153-15-1023
[15-06-2022 00:24:49]: (INFO) => valid id: 161-15-1023
[15-06-2022 00:24:49]: (INFO) => invalid id: 162-15-1023
[15-06-2022 00:24:49]: (INFO) => invalid id: 163-15-1023
[15-06-2022 00:24:50]: (INFO) => invalid id: 171-15-1023
[15-06-2022 00:24:50]: (INFO) => invalid id: 172-15-1023
[15-06-2022 00:24:50]: (INFO) => invalid id: 173-15-1023
[15-06-2022 00:24:50]: (INFO) => invalid id: 181-15-1023
[15-06-2022 00:24:50]: (INFO) => invalid id: 182-15-1023
[15-06-2022 00:24:50]: (INFO) => invalid id: 183-15-1023
[15-06-2022 00:24:50]: (INFO) => valid id: 191-15-1023
[15-06-2022 00:24:50]: (INFO) => invalid id: 192-15-1023
[15-06-2022 00:24:50]: (INFO) => invalid id: 193-15-1023
[15-06-2022 00:24:50]: (INFO) => invalid id: 201-15-1023
[15-06-2022 00:24:50]: (INFO) => invalid id: 202-15-1023
[15-06-2022 00:24:50]: (INFO) => invalid id: 203-15-1023
[15-06-2022 00:24:50]: (INFO) => invalid id: 211-15-1023
[15-06-2022 00:24:50]: (INFO) => invalid id: 212-15-1023
[15-06-2022 00:24:50]: (INFO) => invalid id: 213-15-1023
[15-06-2022 00:24:50]: (INFO) => invalid id: 221-15-1023
[15-06-2022 00:24:51]: (INFO) => invalid id: 222-15-1023
[15-06-2022 00:24:51]: (INFO) => invalid id: 223-15-1023
[15-06-2022 00:24:51]: (INFO) => invalid id: 141-15-1024
[15-06-2022 00:24:51]: (INFO) => invalid id: 142-15-1024
[15-06-2022 00:24:51]: (INFO) => invalid id: 143-15-1024
[15-06-2022 00:24:51]: (INFO) => invalid id: 151-15-1024
[15-06-2022 00:24:51]: (INFO) => invalid id: 152-15-1024
[15-06-2022 00:24:51]: (INFO) => invalid id: 153-15-1024
[15-06-2022 00:24:51]: (INFO) => valid id: 161-15-1024
[15-06-2022 00:24:51]: (INFO) => invalid id: 162-15-1024
[15-06-2022 00:24:51]: (INFO) => invalid id: 163-15-1024
[15-06-2022 00:24:51]: (INFO) => invalid id: 171-15-1024
[15-06-2022 00:24:51]: (INFO) => invalid id: 172-15-1024
[15-06-2022 00:24:51]: (INFO) => invalid id: 173-15-1024
[15-06-2022 00:24:51]: (INFO) => invalid id: 181-15-1024
[15-06-2022 00:24:51]: (INFO) => invalid id: 182-15-1024
[15-06-2022 00:24:51]: (INFO) => invalid id: 183-15-1024
[15-06-2022 00:24:52]: (INFO) => valid id: 191-15-1024
[15-06-2022 00:24:52]: (INFO) => invalid id: 192-15-1024
[15-06-2022 00:24:52]: (INFO) => invalid id: 193-15-1024
[15-06-2022 00:24:52]: (INFO) => invalid id: 201-15-1024
[15-06-2022 00:24:52]: (INFO) => invalid id: 202-15-1024
[15-06-2022 00:24:52]: (INFO) => invalid id: 203-15-1024
[15-06-2022 00:24:52]: (INFO) => invalid id: 211-15-1024
[15-06-2022 00:24:52]: (INFO) => invalid id: 212-15-1024
[15-06-2022 00:24:52]: (INFO) => invalid id: 213-15-1024
[15-06-2022 00:24:52]: (INFO) => invalid id: 221-15-1024
[15-06-2022 00:24:52]: (INFO) => invalid id: 222-15-1024
[15-06-2022 00:24:52]: (INFO) => invalid id: 223-15-1024
[15-06-2022 00:24:52]: (INFO) => invalid id: 141-15-1025
[15-06-2022 00:24:52]: (INFO) => invalid id: 142-15-1025
[15-06-2022 00:24:52]: (INFO) => invalid id: 143-15-1025
[15-06-2022 00:24:52]: (INFO) => invalid id: 151-15-1025
[15-06-2022 00:24:52]: (INFO) => invalid id: 152-15-1025
[15-06-2022 00:24:53]: (INFO) => invalid id: 153-15-1025
[15-06-2022 00:24:53]: (INFO) => valid id: 161-15-1025
[15-06-2022 00:24:53]: (INFO) => invalid id: 162-15-1025
[15-06-2022 00:24:53]: (INFO) => invalid id: 163-15-1025
[15-06-2022 00:24:53]: (INFO) => invalid id: 171-15-1025
[15-06-2022 00:24:53]: (INFO) => invalid id: 172-15-1025
[15-06-2022 00:24:53]: (INFO) => invalid id: 173-15-1025
[15-06-2022 00:24:53]: (INFO) => invalid id: 181-15-1025
[15-06-2022 00:24:53]: (INFO) => invalid id: 182-15-1025
[15-06-2022 00:24:53]: (INFO) => invalid id: 183-15-1025
[15-06-2022 00:24:54]: (INFO) => valid id: 191-15-1025
[15-06-2022 00:24:54]: (INFO) => invalid id: 192-15-1025
[15-06-2022 00:24:54]: (INFO) => invalid id: 193-15-1025
[15-06-2022 00:24:54]: (INFO) => invalid id: 201-15-1025
[15-06-2022 00:24:54]: (INFO) => invalid id: 202-15-1025
[15-06-2022 00:24:54]: (INFO) => invalid id: 203-15-1025
[15-06-2022 00:24:54]: (INFO) => invalid id: 211-15-1025
[15-06-2022 00:24:54]: (INFO) => invalid id: 212-15-1025
[15-06-2022 00:24:54]: (INFO) => invalid id: 213-15-1025
[15-06-2022 00:24:54]: (INFO) => invalid id: 221-15-1025
[15-06-2022 00:24:55]: (INFO) => invalid id: 222-15-1025
[15-06-2022 00:24:55]: (INFO) => invalid id: 223-15-1025
[15-06-2022 00:24:55]: (INFO) => invalid id: 141-15-1026
[15-06-2022 00:24:55]: (INFO) => invalid id: 142-15-1026
[15-06-2022 00:24:55]: (INFO) => invalid id: 143-15-1026
[15-06-2022 00:24:55]: (INFO) => invalid id: 151-15-1026
[15-06-2022 00:24:56]: (INFO) => invalid id: 152-15-1026
[15-06-2022 00:24:56]: (INFO) => invalid id: 153-15-1026
[15-06-2022 00:24:56]: (INFO) => valid id: 161-15-1026
[15-06-2022 00:24:56]: (INFO) => invalid id: 162-15-1026
[15-06-2022 00:24:56]: (INFO) => invalid id: 163-15-1026
[15-06-2022 00:24:56]: (INFO) => invalid id: 171-15-1026
[15-06-2022 00:24:56]: (INFO) => invalid id: 172-15-1026
[15-06-2022 00:24:57]: (INFO) => invalid id: 173-15-1026
[15-06-2022 00:24:57]: (INFO) => invalid id: 181-15-1026
[15-06-2022 00:24:57]: (INFO) => invalid id: 182-15-1026
[15-06-2022 00:24:57]: (INFO) => invalid id: 183-15-1026
[15-06-2022 00:24:57]: (INFO) => valid id: 191-15-1026
[15-06-2022 00:24:57]: (INFO) => invalid id: 192-15-1026
[15-06-2022 00:24:57]: (INFO) => invalid id: 193-15-1026
[15-06-2022 00:24:57]: (INFO) => invalid id: 201-15-1026
[15-06-2022 00:24:57]: (INFO) => invalid id: 202-15-1026
[15-06-2022 00:24:57]: (INFO) => invalid id: 203-15-1026
[15-06-2022 00:24:58]: (INFO) => invalid id: 211-15-1026
[15-06-2022 00:24:58]: (INFO) => invalid id: 212-15-1026
[15-06-2022 00:24:58]: (INFO) => invalid id: 213-15-1026
[15-06-2022 00:24:58]: (INFO) => invalid id: 221-15-1026
[15-06-2022 00:24:58]: (INFO) => invalid id: 222-15-1026
[15-06-2022 00:24:58]: (INFO) => invalid id: 223-15-1026
[15-06-2022 00:24:58]: (INFO) => invalid id: 141-15-1027
[15-06-2022 00:24:58]: (INFO) => invalid id: 142-15-1027
[15-06-2022 00:24:58]: (INFO) => invalid id: 143-15-1027
[15-06-2022 00:24:58]: (INFO) => invalid id: 151-15-1027
[15-06-2022 00:24:58]: (INFO) => invalid id: 152-15-1027
[15-06-2022 00:24:59]: (INFO) => invalid id: 153-15-1027
[15-06-2022 00:24:59]: (INFO) => valid id: 161-15-1027
[15-06-2022 00:24:59]: (INFO) => invalid id: 162-15-1027
[15-06-2022 00:24:59]: (INFO) => invalid id: 163-15-1027
[15-06-2022 00:24:59]: (INFO) => invalid id: 171-15-1027
[15-06-2022 00:24:59]: (INFO) => invalid id: 172-15-1027
[15-06-2022 00:24:59]: (INFO) => invalid id: 173-15-1027
[15-06-2022 00:24:59]: (INFO) => invalid id: 181-15-1027
[15-06-2022 00:25:00]: (INFO) => invalid id: 182-15-1027
[15-06-2022 00:25:00]: (INFO) => invalid id: 183-15-1027
[15-06-2022 00:25:00]: (INFO) => valid id: 191-15-1027
[15-06-2022 00:25:00]: (INFO) => invalid id: 192-15-1027
[15-06-2022 00:25:00]: (INFO) => invalid id: 193-15-1027
[15-06-2022 00:25:00]: (INFO) => invalid id: 201-15-1027
[15-06-2022 00:25:00]: (INFO) => invalid id: 202-15-1027
[15-06-2022 00:25:00]: (INFO) => invalid id: 203-15-1027
[15-06-2022 00:25:00]: (INFO) => invalid id: 211-15-1027
[15-06-2022 00:25:01]: (INFO) => invalid id: 212-15-1027
[15-06-2022 00:25:01]: (INFO) => invalid id: 213-15-1027
[15-06-2022 00:25:01]: (INFO) => invalid id: 221-15-1027
[15-06-2022 00:25:01]: (INFO) => invalid id: 222-15-1027
[15-06-2022 00:25:01]: (INFO) => invalid id: 223-15-1027
[15-06-2022 00:25:01]: (INFO) => invalid id: 141-15-1028
[15-06-2022 00:25:01]: (INFO) => invalid id: 142-15-1028
[15-06-2022 00:25:01]: (INFO) => invalid id: 143-15-1028
[15-06-2022 00:25:01]: (INFO) => invalid id: 151-15-1028
[15-06-2022 00:25:01]: (INFO) => invalid id: 152-15-1028
[15-06-2022 00:25:01]: (INFO) => invalid id: 153-15-1028
[15-06-2022 00:25:01]: (INFO) => invalid id: 161-15-1028
[15-06-2022 00:25:02]: (INFO) => valid id: 162-15-1028
[15-06-2022 00:25:02]: (INFO) => invalid id: 163-15-1028
[15-06-2022 00:25:02]: (INFO) => invalid id: 171-15-1028
[15-06-2022 00:25:02]: (INFO) => invalid id: 172-15-1028
[15-06-2022 00:25:02]: (INFO) => invalid id: 173-15-1028
[15-06-2022 00:25:02]: (INFO) => invalid id: 181-15-1028
[15-06-2022 00:25:02]: (INFO) => invalid id: 182-15-1028
[15-06-2022 00:25:02]: (INFO) => invalid id: 183-15-1028
[15-06-2022 00:25:02]: (INFO) => valid id: 191-15-1028
[15-06-2022 00:25:02]: (INFO) => invalid id: 192-15-1028
[15-06-2022 00:25:02]: (INFO) => invalid id: 193-15-1028
[15-06-2022 00:25:02]: (INFO) => invalid id: 201-15-1028
[15-06-2022 00:25:03]: (INFO) => invalid id: 202-15-1028
[15-06-2022 00:25:03]: (INFO) => invalid id: 203-15-1028
[15-06-2022 00:25:03]: (INFO) => invalid id: 211-15-1028
[15-06-2022 00:25:03]: (INFO) => invalid id: 212-15-1028
[15-06-2022 00:25:03]: (INFO) => invalid id: 213-15-1028
[15-06-2022 00:25:03]: (INFO) => invalid id: 221-15-1028
[15-06-2022 00:25:03]: (INFO) => invalid id: 222-15-1028
[15-06-2022 00:25:03]: (INFO) => invalid id: 223-15-1028
[15-06-2022 00:25:03]: (INFO) => invalid id: 141-15-1029
[15-06-2022 00:25:04]: (INFO) => invalid id: 142-15-1029
[15-06-2022 00:25:04]: (INFO) => invalid id: 143-15-1029
[15-06-2022 00:25:04]: (INFO) => invalid id: 151-15-1029
[15-06-2022 00:25:04]: (INFO) => invalid id: 152-15-1029
[15-06-2022 00:25:04]: (INFO) => invalid id: 153-15-1029
[15-06-2022 00:25:04]: (INFO) => invalid id: 161-15-1029
[15-06-2022 00:25:04]: (INFO) => valid id: 162-15-1029
[15-06-2022 00:25:04]: (INFO) => invalid id: 163-15-1029
[15-06-2022 00:25:04]: (INFO) => invalid id: 171-15-1029
[15-06-2022 00:25:04]: (INFO) => invalid id: 172-15-1029
[15-06-2022 00:25:05]: (INFO) => invalid id: 173-15-1029
[15-06-2022 00:25:05]: (INFO) => invalid id: 181-15-1029
[15-06-2022 00:25:05]: (INFO) => invalid id: 182-15-1029
[15-06-2022 00:25:05]: (INFO) => invalid id: 183-15-1029
[15-06-2022 00:25:05]: (INFO) => valid id: 191-15-1029
[15-06-2022 00:25:05]: (INFO) => invalid id: 192-15-1029
[15-06-2022 00:25:05]: (INFO) => invalid id: 193-15-1029
[15-06-2022 00:25:05]: (INFO) => invalid id: 201-15-1029
[15-06-2022 00:25:05]: (INFO) => invalid id: 202-15-1029
[15-06-2022 00:25:06]: (INFO) => invalid id: 203-15-1029
[15-06-2022 00:25:06]: (INFO) => invalid id: 211-15-1029
[15-06-2022 00:25:06]: (INFO) => invalid id: 212-15-1029
[15-06-2022 00:25:06]: (INFO) => invalid id: 213-15-1029
[15-06-2022 00:25:06]: (INFO) => invalid id: 221-15-1029
[15-06-2022 00:25:06]: (INFO) => invalid id: 222-15-1029
[15-06-2022 00:25:06]: (INFO) => invalid id: 223-15-1029
[15-06-2022 00:25:06]: (INFO) => invalid id: 141-15-1030
[15-06-2022 00:25:06]: (INFO) => invalid id: 142-15-1030
[15-06-2022 00:25:06]: (INFO) => invalid id: 143-15-1030
[15-06-2022 00:25:06]: (INFO) => invalid id: 151-15-1030
[15-06-2022 00:25:06]: (INFO) => invalid id: 152-15-1030
[15-06-2022 00:25:07]: (INFO) => invalid id: 153-15-1030
[15-06-2022 00:25:07]: (INFO) => invalid id: 161-15-1030
[15-06-2022 00:25:07]: (INFO) => valid id: 162-15-1030
[15-06-2022 00:25:07]: (INFO) => invalid id: 163-15-1030
[15-06-2022 00:25:07]: (INFO) => invalid id: 171-15-1030
[15-06-2022 00:25:07]: (INFO) => invalid id: 172-15-1030
[15-06-2022 00:25:07]: (INFO) => invalid id: 173-15-1030
[15-06-2022 00:25:07]: (INFO) => invalid id: 181-15-1030
[15-06-2022 00:25:07]: (INFO) => invalid id: 182-15-1030
[15-06-2022 00:25:08]: (INFO) => invalid id: 183-15-1030
[15-06-2022 00:25:08]: (INFO) => valid id: 191-15-1030
[15-06-2022 00:25:08]: (INFO) => invalid id: 192-15-1030
[15-06-2022 00:25:08]: (INFO) => invalid id: 193-15-1030
[15-06-2022 00:25:08]: (INFO) => invalid id: 201-15-1030
[15-06-2022 00:25:08]: (INFO) => invalid id: 202-15-1030
[15-06-2022 00:25:08]: (INFO) => invalid id: 203-15-1030
[15-06-2022 00:25:09]: (INFO) => invalid id: 211-15-1030
[15-06-2022 00:25:09]: (INFO) => invalid id: 212-15-1030
[15-06-2022 00:25:09]: (INFO) => invalid id: 213-15-1030
[15-06-2022 00:25:09]: (INFO) => invalid id: 221-15-1030
[15-06-2022 00:25:09]: (INFO) => invalid id: 222-15-1030
[15-06-2022 00:25:09]: (INFO) => invalid id: 223-15-1030
[15-06-2022 00:25:09]: (INFO) => invalid id: 141-15-1031
[15-06-2022 00:25:09]: (INFO) => invalid id: 142-15-1031
[15-06-2022 00:25:09]: (INFO) => invalid id: 143-15-1031
[15-06-2022 00:25:09]: (INFO) => invalid id: 151-15-1031
[15-06-2022 00:25:10]: (INFO) => invalid id: 152-15-1031
[15-06-2022 00:25:10]: (INFO) => invalid id: 153-15-1031
[15-06-2022 00:25:10]: (INFO) => invalid id: 161-15-1031
[15-06-2022 00:25:10]: (INFO) => valid id: 162-15-1031
[15-06-2022 00:25:10]: (INFO) => invalid id: 163-15-1031
[15-06-2022 00:25:10]: (INFO) => invalid id: 171-15-1031
[15-06-2022 00:25:10]: (INFO) => invalid id: 172-15-1031
[15-06-2022 00:25:10]: (INFO) => invalid id: 173-15-1031
[15-06-2022 00:25:10]: (INFO) => invalid id: 181-15-1031
[15-06-2022 00:25:10]: (INFO) => invalid id: 182-15-1031
[15-06-2022 00:25:11]: (INFO) => invalid id: 183-15-1031
[15-06-2022 00:25:11]: (INFO) => valid id: 191-15-1031
[15-06-2022 00:25:11]: (INFO) => invalid id: 192-15-1031
[15-06-2022 00:25:11]: (INFO) => invalid id: 193-15-1031
[15-06-2022 00:25:11]: (INFO) => invalid id: 201-15-1031
[15-06-2022 00:25:11]: (INFO) => invalid id: 202-15-1031
[15-06-2022 00:25:11]: (INFO) => invalid id: 203-15-1031
[15-06-2022 00:25:11]: (INFO) => invalid id: 211-15-1031
[15-06-2022 00:25:11]: (INFO) => invalid id: 212-15-1031
[15-06-2022 00:25:12]: (INFO) => invalid id: 213-15-1031
[15-06-2022 00:25:12]: (INFO) => invalid id: 221-15-1031
[15-06-2022 00:25:12]: (INFO) => invalid id: 222-15-1031
[15-06-2022 00:25:12]: (INFO) => invalid id: 223-15-1031
[15-06-2022 00:25:12]: (INFO) => invalid id: 141-15-1032
[15-06-2022 00:25:12]: (INFO) => invalid id: 142-15-1032
[15-06-2022 00:25:12]: (INFO) => invalid id: 143-15-1032
[15-06-2022 00:25:12]: (INFO) => invalid id: 151-15-1032
[15-06-2022 00:25:12]: (INFO) => invalid id: 152-15-1032
[15-06-2022 00:25:12]: (INFO) => invalid id: 153-15-1032
[15-06-2022 00:25:13]: (INFO) => invalid id: 161-15-1032
[15-06-2022 00:25:13]: (INFO) => valid id: 162-15-1032
[15-06-2022 00:25:13]: (INFO) => invalid id: 163-15-1032
[15-06-2022 00:25:13]: (INFO) => invalid id: 171-15-1032
[15-06-2022 00:25:13]: (INFO) => invalid id: 172-15-1032
[15-06-2022 00:25:13]: (INFO) => invalid id: 173-15-1032
[15-06-2022 00:25:13]: (INFO) => invalid id: 181-15-1032
[15-06-2022 00:25:13]: (INFO) => invalid id: 182-15-1032
[15-06-2022 00:25:13]: (INFO) => invalid id: 183-15-1032
[15-06-2022 00:25:14]: (INFO) => valid id: 191-15-1032
[15-06-2022 00:25:14]: (INFO) => invalid id: 192-15-1032
[15-06-2022 00:25:14]: (INFO) => invalid id: 193-15-1032
[15-06-2022 00:25:14]: (INFO) => invalid id: 201-15-1032
[15-06-2022 00:25:14]: (INFO) => invalid id: 202-15-1032
[15-06-2022 00:25:14]: (INFO) => invalid id: 203-15-1032
[15-06-2022 00:25:14]: (INFO) => invalid id: 211-15-1032
[15-06-2022 00:25:14]: (INFO) => invalid id: 212-15-1032
[15-06-2022 00:25:14]: (INFO) => invalid id: 213-15-1032
[15-06-2022 00:25:14]: (INFO) => invalid id: 221-15-1032
[15-06-2022 00:25:14]: (INFO) => invalid id: 222-15-1032
[15-06-2022 00:25:14]: (INFO) => invalid id: 223-15-1032
[15-06-2022 00:25:15]: (INFO) => invalid id: 141-15-1033
[15-06-2022 00:25:15]: (INFO) => invalid id: 142-15-1033
[15-06-2022 00:25:15]: (INFO) => invalid id: 143-15-1033
[15-06-2022 00:25:15]: (INFO) => invalid id: 151-15-1033
[15-06-2022 00:25:15]: (INFO) => invalid id: 152-15-1033
[15-06-2022 00:25:15]: (INFO) => invalid id: 153-15-1033
[15-06-2022 00:25:15]: (INFO) => invalid id: 161-15-1033
[15-06-2022 00:25:15]: (INFO) => valid id: 162-15-1033
[15-06-2022 00:25:15]: (INFO) => invalid id: 163-15-1033
[15-06-2022 00:25:15]: (INFO) => invalid id: 171-15-1033
[15-06-2022 00:25:15]: (INFO) => invalid id: 172-15-1033
[15-06-2022 00:25:15]: (INFO) => invalid id: 173-15-1033
[15-06-2022 00:25:15]: (INFO) => invalid id: 181-15-1033
[15-06-2022 00:25:15]: (INFO) => invalid id: 182-15-1033
[15-06-2022 00:25:15]: (INFO) => invalid id: 183-15-1033
[15-06-2022 00:25:15]: (INFO) => valid id: 191-15-1033
[15-06-2022 00:25:15]: (INFO) => invalid id: 192-15-1033
[15-06-2022 00:25:16]: (INFO) => invalid id: 193-15-1033
[15-06-2022 00:25:16]: (INFO) => invalid id: 201-15-1033
[15-06-2022 00:25:16]: (INFO) => invalid id: 202-15-1033
[15-06-2022 00:25:16]: (INFO) => invalid id: 203-15-1033
[15-06-2022 00:25:16]: (INFO) => invalid id: 211-15-1033
[15-06-2022 00:25:16]: (INFO) => invalid id: 212-15-1033
[15-06-2022 00:25:16]: (INFO) => invalid id: 213-15-1033
[15-06-2022 00:25:16]: (INFO) => invalid id: 221-15-1033
[15-06-2022 00:25:16]: (INFO) => invalid id: 222-15-1033
[15-06-2022 00:25:16]: (INFO) => invalid id: 223-15-1033
[15-06-2022 00:25:16]: (INFO) => invalid id: 141-15-1034
[15-06-2022 00:25:16]: (INFO) => invalid id: 142-15-1034
[15-06-2022 00:25:16]: (INFO) => invalid id: 143-15-1034
[15-06-2022 00:25:16]: (INFO) => invalid id: 151-15-1034
[15-06-2022 00:25:16]: (INFO) => invalid id: 152-15-1034
[15-06-2022 00:25:17]: (INFO) => invalid id: 153-15-1034
[15-06-2022 00:25:17]: (INFO) => invalid id: 161-15-1034
[15-06-2022 00:25:17]: (INFO) => valid id: 162-15-1034
[15-06-2022 00:25:17]: (INFO) => invalid id: 163-15-1034
[15-06-2022 00:25:17]: (INFO) => invalid id: 171-15-1034
[15-06-2022 00:25:17]: (INFO) => invalid id: 172-15-1034
[15-06-2022 00:25:17]: (INFO) => invalid id: 173-15-1034
[15-06-2022 00:25:17]: (INFO) => invalid id: 181-15-1034
[15-06-2022 00:25:17]: (INFO) => invalid id: 182-15-1034
[15-06-2022 00:25:17]: (INFO) => invalid id: 183-15-1034
[15-06-2022 00:25:17]: (INFO) => valid id: 191-15-1034
[15-06-2022 00:25:18]: (INFO) => invalid id: 192-15-1034
[15-06-2022 00:25:18]: (INFO) => invalid id: 193-15-1034
[15-06-2022 00:25:18]: (INFO) => invalid id: 201-15-1034
[15-06-2022 00:25:18]: (INFO) => invalid id: 202-15-1034
[15-06-2022 00:25:18]: (INFO) => invalid id: 203-15-1034
[15-06-2022 00:25:18]: (INFO) => invalid id: 211-15-1034
[15-06-2022 00:25:18]: (INFO) => invalid id: 212-15-1034
[15-06-2022 00:25:18]: (INFO) => invalid id: 213-15-1034
[15-06-2022 00:25:18]: (INFO) => invalid id: 221-15-1034
[15-06-2022 00:25:18]: (INFO) => invalid id: 222-15-1034
[15-06-2022 00:25:18]: (INFO) => invalid id: 223-15-1034
[15-06-2022 00:25:18]: (INFO) => invalid id: 141-15-1035
[15-06-2022 00:25:19]: (INFO) => invalid id: 142-15-1035
[15-06-2022 00:25:19]: (INFO) => invalid id: 143-15-1035
[15-06-2022 00:25:19]: (INFO) => invalid id: 151-15-1035
[15-06-2022 00:25:19]: (INFO) => invalid id: 152-15-1035
[15-06-2022 00:25:19]: (INFO) => invalid id: 153-15-1035
[15-06-2022 00:25:19]: (INFO) => invalid id: 161-15-1035
[15-06-2022 00:25:19]: (INFO) => valid id: 162-15-1035
[15-06-2022 00:25:19]: (INFO) => invalid id: 163-15-1035
[15-06-2022 00:25:19]: (INFO) => invalid id: 171-15-1035
[15-06-2022 00:25:19]: (INFO) => invalid id: 172-15-1035
[15-06-2022 00:25:19]: (INFO) => invalid id: 173-15-1035
[15-06-2022 00:25:19]: (INFO) => invalid id: 181-15-1035
[15-06-2022 00:25:20]: (INFO) => invalid id: 182-15-1035
[15-06-2022 00:25:20]: (INFO) => invalid id: 183-15-1035
[15-06-2022 00:25:20]: (INFO) => valid id: 191-15-1035
[15-06-2022 00:25:20]: (INFO) => invalid id: 192-15-1035
[15-06-2022 00:25:20]: (INFO) => invalid id: 193-15-1035
[15-06-2022 00:25:20]: (INFO) => invalid id: 201-15-1035
[15-06-2022 00:25:20]: (INFO) => invalid id: 202-15-1035
[15-06-2022 00:25:20]: (INFO) => invalid id: 203-15-1035
[15-06-2022 00:25:20]: (INFO) => invalid id: 211-15-1035
[15-06-2022 00:25:20]: (INFO) => invalid id: 212-15-1035
[15-06-2022 00:25:21]: (INFO) => invalid id: 213-15-1035
[15-06-2022 00:25:21]: (INFO) => invalid id: 221-15-1035
[15-06-2022 00:25:21]: (INFO) => invalid id: 222-15-1035
[15-06-2022 00:25:21]: (INFO) => invalid id: 223-15-1035
[15-06-2022 00:25:21]: (INFO) => invalid id: 141-15-1036
[15-06-2022 00:25:21]: (INFO) => invalid id: 142-15-1036
[15-06-2022 00:25:21]: (INFO) => invalid id: 143-15-1036
[15-06-2022 00:25:21]: (INFO) => invalid id: 151-15-1036
[15-06-2022 00:25:21]: (INFO) => invalid id: 152-15-1036
[15-06-2022 00:25:21]: (INFO) => invalid id: 153-15-1036
[15-06-2022 00:25:22]: (INFO) => invalid id: 161-15-1036
[15-06-2022 00:25:22]: (INFO) => valid id: 162-15-1036
[15-06-2022 00:25:22]: (INFO) => invalid id: 163-15-1036
[15-06-2022 00:25:22]: (INFO) => invalid id: 171-15-1036
[15-06-2022 00:25:22]: (INFO) => invalid id: 172-15-1036
[15-06-2022 00:25:22]: (INFO) => invalid id: 173-15-1036
[15-06-2022 00:25:22]: (INFO) => invalid id: 181-15-1036
[15-06-2022 00:25:22]: (INFO) => invalid id: 182-15-1036
[15-06-2022 00:25:22]: (INFO) => invalid id: 183-15-1036
[15-06-2022 00:25:22]: (INFO) => valid id: 191-15-1036
[15-06-2022 00:25:22]: (INFO) => invalid id: 192-15-1036
[15-06-2022 00:25:22]: (INFO) => invalid id: 193-15-1036
[15-06-2022 00:25:22]: (INFO) => invalid id: 201-15-1036
[15-06-2022 00:25:23]: (INFO) => invalid id: 202-15-1036
[15-06-2022 00:25:23]: (INFO) => invalid id: 203-15-1036
[15-06-2022 00:25:23]: (INFO) => invalid id: 211-15-1036
[15-06-2022 00:25:23]: (INFO) => invalid id: 212-15-1036
[15-06-2022 00:25:23]: (INFO) => invalid id: 213-15-1036
[15-06-2022 00:25:23]: (INFO) => invalid id: 221-15-1036
[15-06-2022 00:25:23]: (INFO) => invalid id: 222-15-1036
[15-06-2022 00:25:23]: (INFO) => invalid id: 223-15-1036
[15-06-2022 00:25:23]: (INFO) => invalid id: 141-15-1037
[15-06-2022 00:25:23]: (INFO) => invalid id: 142-15-1037
[15-06-2022 00:25:23]: (INFO) => invalid id: 143-15-1037
[15-06-2022 00:25:23]: (INFO) => invalid id: 151-15-1037
[15-06-2022 00:25:23]: (INFO) => invalid id: 152-15-1037
[15-06-2022 00:25:23]: (INFO) => invalid id: 153-15-1037
[15-06-2022 00:25:24]: (INFO) => invalid id: 161-15-1037
[15-06-2022 00:25:24]: (INFO) => valid id: 162-15-1037
[15-06-2022 00:25:24]: (INFO) => invalid id: 163-15-1037
[15-06-2022 00:25:24]: (INFO) => invalid id: 171-15-1037
[15-06-2022 00:25:24]: (INFO) => invalid id: 172-15-1037
[15-06-2022 00:25:24]: (INFO) => invalid id: 173-15-1037
[15-06-2022 00:25:24]: (INFO) => invalid id: 181-15-1037
[15-06-2022 00:25:24]: (INFO) => invalid id: 182-15-1037
[15-06-2022 00:25:24]: (INFO) => invalid id: 183-15-1037
[15-06-2022 00:25:24]: (INFO) => valid id: 191-15-1037
[15-06-2022 00:25:24]: (INFO) => invalid id: 192-15-1037
[15-06-2022 00:25:24]: (INFO) => invalid id: 193-15-1037
[15-06-2022 00:25:25]: (INFO) => invalid id: 201-15-1037
[15-06-2022 00:25:25]: (INFO) => invalid id: 202-15-1037
[15-06-2022 00:25:25]: (INFO) => invalid id: 203-15-1037
[15-06-2022 00:25:25]: (INFO) => invalid id: 211-15-1037
[15-06-2022 00:25:25]: (INFO) => invalid id: 212-15-1037
[15-06-2022 00:25:25]: (INFO) => invalid id: 213-15-1037
[15-06-2022 00:25:25]: (INFO) => invalid id: 221-15-1037
[15-06-2022 00:25:25]: (INFO) => invalid id: 222-15-1037
[15-06-2022 00:25:25]: (INFO) => invalid id: 223-15-1037
[15-06-2022 00:25:25]: (INFO) => invalid id: 141-15-1038
[15-06-2022 00:25:25]: (INFO) => invalid id: 142-15-1038
[15-06-2022 00:25:25]: (INFO) => invalid id: 143-15-1038
[15-06-2022 00:25:25]: (INFO) => invalid id: 151-15-1038
[15-06-2022 00:25:25]: (INFO) => invalid id: 152-15-1038
[15-06-2022 00:25:25]: (INFO) => invalid id: 153-15-1038
[15-06-2022 00:25:25]: (INFO) => invalid id: 161-15-1038
[15-06-2022 00:25:26]: (INFO) => valid id: 162-15-1038
[15-06-2022 00:25:26]: (INFO) => invalid id: 163-15-1038
[15-06-2022 00:25:26]: (INFO) => invalid id: 171-15-1038
[15-06-2022 00:25:26]: (INFO) => invalid id: 172-15-1038
[15-06-2022 00:25:26]: (INFO) => invalid id: 173-15-1038
[15-06-2022 00:25:26]: (INFO) => invalid id: 181-15-1038
[15-06-2022 00:25:26]: (INFO) => invalid id: 182-15-1038
[15-06-2022 00:25:26]: (INFO) => invalid id: 183-15-1038
[15-06-2022 00:25:26]: (INFO) => valid id: 191-15-1038
[15-06-2022 00:25:26]: (INFO) => invalid id: 192-15-1038
[15-06-2022 00:25:26]: (INFO) => invalid id: 193-15-1038
[15-06-2022 00:25:26]: (INFO) => invalid id: 201-15-1038
[15-06-2022 00:25:26]: (INFO) => invalid id: 202-15-1038
[15-06-2022 00:25:26]: (INFO) => invalid id: 203-15-1038
[15-06-2022 00:25:27]: (INFO) => invalid id: 211-15-1038
[15-06-2022 00:25:27]: (INFO) => invalid id: 212-15-1038
[15-06-2022 00:25:27]: (INFO) => invalid id: 213-15-1038
[15-06-2022 00:25:27]: (INFO) => invalid id: 221-15-1038
[15-06-2022 00:25:27]: (INFO) => invalid id: 222-15-1038
[15-06-2022 00:25:27]: (INFO) => invalid id: 223-15-1038
[15-06-2022 00:25:27]: (INFO) => invalid id: 141-15-1039
[15-06-2022 00:25:27]: (INFO) => invalid id: 142-15-1039
[15-06-2022 00:25:27]: (INFO) => invalid id: 143-15-1039
[15-06-2022 00:25:27]: (INFO) => invalid id: 151-15-1039
[15-06-2022 00:25:27]: (INFO) => invalid id: 152-15-1039
[15-06-2022 00:25:27]: (INFO) => invalid id: 153-15-1039
[15-06-2022 00:25:28]: (INFO) => invalid id: 161-15-1039
[15-06-2022 00:25:28]: (INFO) => valid id: 162-15-1039
[15-06-2022 00:25:28]: (INFO) => invalid id: 163-15-1039
[15-06-2022 00:25:28]: (INFO) => invalid id: 171-15-1039
[15-06-2022 00:25:28]: (INFO) => invalid id: 172-15-1039
[15-06-2022 00:25:28]: (INFO) => invalid id: 173-15-1039
[15-06-2022 00:25:28]: (INFO) => invalid id: 181-15-1039
[15-06-2022 00:25:28]: (INFO) => invalid id: 182-15-1039
[15-06-2022 00:25:28]: (INFO) => invalid id: 183-15-1039
[15-06-2022 00:25:28]: (INFO) => valid id: 191-15-1039
[15-06-2022 00:25:28]: (INFO) => invalid id: 192-15-1039
[15-06-2022 00:25:28]: (INFO) => invalid id: 193-15-1039
[15-06-2022 00:25:29]: (INFO) => invalid id: 201-15-1039
[15-06-2022 00:25:29]: (INFO) => invalid id: 202-15-1039
[15-06-2022 00:25:29]: (INFO) => invalid id: 203-15-1039
[15-06-2022 00:25:29]: (INFO) => invalid id: 211-15-1039
[15-06-2022 00:25:29]: (INFO) => invalid id: 212-15-1039
[15-06-2022 00:25:29]: (INFO) => invalid id: 213-15-1039
[15-06-2022 00:25:29]: (INFO) => invalid id: 221-15-1039
[15-06-2022 00:25:29]: (INFO) => invalid id: 222-15-1039
[15-06-2022 00:25:29]: (INFO) => invalid id: 223-15-1039
[15-06-2022 00:25:29]: (INFO) => invalid id: 141-15-1040
[15-06-2022 00:25:30]: (INFO) => invalid id: 142-15-1040
[15-06-2022 00:25:30]: (INFO) => invalid id: 143-15-1040
[15-06-2022 00:25:30]: (INFO) => invalid id: 151-15-1040
[15-06-2022 00:25:30]: (INFO) => invalid id: 152-15-1040
[15-06-2022 00:25:30]: (INFO) => invalid id: 153-15-1040
[15-06-2022 00:25:30]: (INFO) => invalid id: 161-15-1040
[15-06-2022 00:25:30]: (INFO) => valid id: 162-15-1040
[15-06-2022 00:25:30]: (INFO) => invalid id: 163-15-1040
[15-06-2022 00:25:30]: (INFO) => invalid id: 171-15-1040
[15-06-2022 00:25:30]: (INFO) => invalid id: 172-15-1040
[15-06-2022 00:25:30]: (INFO) => invalid id: 173-15-1040
[15-06-2022 00:25:31]: (INFO) => invalid id: 181-15-1040
[15-06-2022 00:25:31]: (INFO) => invalid id: 182-15-1040
[15-06-2022 00:25:31]: (INFO) => invalid id: 183-15-1040
[15-06-2022 00:25:31]: (INFO) => valid id: 191-15-1040
[15-06-2022 00:25:31]: (INFO) => invalid id: 192-15-1040
[15-06-2022 00:25:31]: (INFO) => invalid id: 193-15-1040
[15-06-2022 00:25:31]: (INFO) => invalid id: 201-15-1040
[15-06-2022 00:25:31]: (INFO) => invalid id: 202-15-1040
[15-06-2022 00:25:31]: (INFO) => invalid id: 203-15-1040
[15-06-2022 00:25:31]: (INFO) => invalid id: 211-15-1040
[15-06-2022 00:25:31]: (INFO) => invalid id: 212-15-1040
[15-06-2022 00:25:31]: (INFO) => invalid id: 213-15-1040
[15-06-2022 00:25:31]: (INFO) => invalid id: 221-15-1040
[15-06-2022 00:25:32]: (INFO) => invalid id: 222-15-1040
[15-06-2022 00:25:32]: (INFO) => invalid id: 223-15-1040
[15-06-2022 00:25:32]: (INFO) => invalid id: 141-15-1041
[15-06-2022 00:25:32]: (INFO) => invalid id: 142-15-1041
[15-06-2022 00:25:32]: (INFO) => invalid id: 143-15-1041
[15-06-2022 00:25:32]: (INFO) => invalid id: 151-15-1041
[15-06-2022 00:25:32]: (INFO) => invalid id: 152-15-1041
[15-06-2022 00:25:32]: (INFO) => invalid id: 153-15-1041
[15-06-2022 00:25:32]: (INFO) => invalid id: 161-15-1041
[15-06-2022 00:25:32]: (INFO) => valid id: 162-15-1041
[15-06-2022 00:25:32]: (INFO) => invalid id: 163-15-1041
[15-06-2022 00:25:32]: (INFO) => invalid id: 171-15-1041
[15-06-2022 00:25:33]: (INFO) => invalid id: 172-15-1041
[15-06-2022 00:25:33]: (INFO) => invalid id: 173-15-1041
[15-06-2022 00:25:33]: (INFO) => invalid id: 181-15-1041
[15-06-2022 00:25:33]: (INFO) => invalid id: 182-15-1041
[15-06-2022 00:25:33]: (INFO) => invalid id: 183-15-1041
[15-06-2022 00:25:33]: (INFO) => valid id: 191-15-1041
[15-06-2022 00:25:33]: (INFO) => invalid id: 192-15-1041
[15-06-2022 00:25:33]: (INFO) => invalid id: 193-15-1041
[15-06-2022 00:25:33]: (INFO) => invalid id: 201-15-1041
[15-06-2022 00:25:33]: (INFO) => invalid id: 202-15-1041
[15-06-2022 00:25:33]: (INFO) => invalid id: 203-15-1041
[15-06-2022 00:25:33]: (INFO) => invalid id: 211-15-1041
[15-06-2022 00:25:34]: (INFO) => invalid id: 212-15-1041
[15-06-2022 00:25:34]: (INFO) => invalid id: 213-15-1041
[15-06-2022 00:25:34]: (INFO) => invalid id: 221-15-1041
[15-06-2022 00:25:34]: (INFO) => invalid id: 222-15-1041
[15-06-2022 00:25:34]: (INFO) => invalid id: 223-15-1041
[15-06-2022 00:25:34]: (INFO) => invalid id: 141-15-1042
[15-06-2022 00:25:34]: (INFO) => invalid id: 142-15-1042
[15-06-2022 00:25:34]: (INFO) => invalid id: 143-15-1042
[15-06-2022 00:25:34]: (INFO) => invalid id: 151-15-1042
[15-06-2022 00:25:35]: (INFO) => invalid id: 152-15-1042
[15-06-2022 00:25:35]: (INFO) => invalid id: 153-15-1042
[15-06-2022 00:25:35]: (INFO) => invalid id: 161-15-1042
[15-06-2022 00:25:35]: (INFO) => valid id: 162-15-1042
[15-06-2022 00:25:35]: (INFO) => invalid id: 163-15-1042
[15-06-2022 00:25:35]: (INFO) => invalid id: 171-15-1042
[15-06-2022 00:25:35]: (INFO) => invalid id: 172-15-1042
[15-06-2022 00:25:35]: (INFO) => invalid id: 173-15-1042
[15-06-2022 00:25:35]: (INFO) => invalid id: 181-15-1042
[15-06-2022 00:25:35]: (INFO) => invalid id: 182-15-1042
[15-06-2022 00:25:36]: (INFO) => invalid id: 183-15-1042
[15-06-2022 00:25:36]: (INFO) => valid id: 191-15-1042
[15-06-2022 00:25:36]: (INFO) => invalid id: 192-15-1042
[15-06-2022 00:25:36]: (INFO) => invalid id: 193-15-1042
[15-06-2022 00:25:36]: (INFO) => invalid id: 201-15-1042
[15-06-2022 00:25:36]: (INFO) => invalid id: 202-15-1042
[15-06-2022 00:25:36]: (INFO) => invalid id: 203-15-1042
[15-06-2022 00:25:36]: (INFO) => invalid id: 211-15-1042
[15-06-2022 00:25:36]: (INFO) => invalid id: 212-15-1042
[15-06-2022 00:25:36]: (INFO) => invalid id: 213-15-1042
[15-06-2022 00:25:36]: (INFO) => invalid id: 221-15-1042
[15-06-2022 00:25:37]: (INFO) => invalid id: 222-15-1042
[15-06-2022 00:25:37]: (INFO) => invalid id: 223-15-1042
[15-06-2022 00:25:37]: (INFO) => invalid id: 141-15-1043
[15-06-2022 00:25:37]: (INFO) => invalid id: 142-15-1043
[15-06-2022 00:25:37]: (INFO) => invalid id: 143-15-1043
[15-06-2022 00:25:37]: (INFO) => invalid id: 151-15-1043
[15-06-2022 00:25:37]: (INFO) => invalid id: 152-15-1043
[15-06-2022 00:25:38]: (INFO) => invalid id: 153-15-1043
[15-06-2022 00:25:38]: (INFO) => invalid id: 161-15-1043
[15-06-2022 00:25:38]: (INFO) => valid id: 162-15-1043
[15-06-2022 00:25:38]: (INFO) => invalid id: 163-15-1043
[15-06-2022 00:25:38]: (INFO) => invalid id: 171-15-1043
[15-06-2022 00:25:38]: (INFO) => invalid id: 172-15-1043
[15-06-2022 00:25:38]: (INFO) => invalid id: 173-15-1043
[15-06-2022 00:25:38]: (INFO) => invalid id: 181-15-1043
[15-06-2022 00:25:38]: (INFO) => invalid id: 182-15-1043
[15-06-2022 00:25:39]: (INFO) => invalid id: 183-15-1043
[15-06-2022 00:25:39]: (INFO) => valid id: 191-15-1043
[15-06-2022 00:25:39]: (INFO) => invalid id: 192-15-1043
[15-06-2022 00:25:39]: (INFO) => invalid id: 193-15-1043
[15-06-2022 00:25:39]: (INFO) => invalid id: 201-15-1043
[15-06-2022 00:25:39]: (INFO) => invalid id: 202-15-1043
