# Logfile created on 2022-06-16 09:52:06 +0600 by logger.rb/v1.4.2
[16-06-2022 09:52:06]: (INFO) => semester codes: ["141", "142", "143", "151", "152", "153", "161", "162", "163", "171", "172", "173", "181", "182", "183", "191", "192", "193", "201", "202", "203", "211", "212", "213", "221", "222", "223"]
[16-06-2022 09:52:06]: (INFO) => total_semester_codes: 27
[16-06-2022 09:52:06]: (INFO) => id range: 4185 .. 6000
[16-06-2022 09:52:07]: (INFO) => invalid id: 141-15-4185
[16-06-2022 09:52:07]: (INFO) => valid id: 142-15-4185
[16-06-2022 09:52:08]: (INFO) => invalid id: 143-15-4185
[16-06-2022 09:52:08]: (INFO) => invalid id: 151-15-4185
[16-06-2022 09:52:09]: (INFO) => invalid id: 152-15-4185
[16-06-2022 09:52:09]: (INFO) => invalid id: 153-15-4185
[16-06-2022 09:52:10]: (INFO) => invalid id: 161-15-4185
[16-06-2022 09:52:11]: (INFO) => invalid id: 162-15-4185
[16-06-2022 09:52:11]: (INFO) => invalid id: 163-15-4185
[16-06-2022 09:52:12]: (INFO) => invalid id: 171-15-4185
[16-06-2022 09:52:12]: (INFO) => invalid id: 172-15-4185
[16-06-2022 09:52:13]: (INFO) => invalid id: 173-15-4185
[16-06-2022 09:52:13]: (INFO) => invalid id: 181-15-4185
[16-06-2022 09:52:14]: (INFO) => invalid id: 182-15-4185
[16-06-2022 09:52:14]: (INFO) => invalid id: 183-15-4185
[16-06-2022 09:52:15]: (INFO) => invalid id: 191-15-4185
[16-06-2022 09:52:15]: (INFO) => invalid id: 192-15-4185
[16-06-2022 09:52:16]: (INFO) => invalid id: 193-15-4185
[16-06-2022 09:52:16]: (INFO) => invalid id: 201-15-4185
[16-06-2022 09:52:17]: (INFO) => invalid id: 202-15-4185
[16-06-2022 09:52:18]: (INFO) => invalid id: 203-15-4185
[16-06-2022 09:52:19]: (INFO) => invalid id: 211-15-4185
[16-06-2022 09:52:19]: (INFO) => valid id: 212-15-4185
[16-06-2022 09:52:21]: (INFO) => invalid id: 213-15-4185
[16-06-2022 09:52:21]: (INFO) => invalid id: 221-15-4185
[16-06-2022 09:52:22]: (INFO) => invalid id: 222-15-4185
[16-06-2022 09:52:22]: (INFO) => invalid id: 223-15-4185
[16-06-2022 09:52:23]: (INFO) => invalid id: 141-15-4186
[16-06-2022 09:52:23]: (INFO) => valid id: 142-15-4186
[16-06-2022 09:52:24]: (INFO) => invalid id: 143-15-4186
[16-06-2022 09:52:24]: (INFO) => invalid id: 151-15-4186
[16-06-2022 09:52:25]: (INFO) => invalid id: 152-15-4186
[16-06-2022 09:52:25]: (INFO) => invalid id: 153-15-4186
[16-06-2022 09:52:26]: (INFO) => invalid id: 161-15-4186
[16-06-2022 09:52:27]: (INFO) => invalid id: 162-15-4186
[16-06-2022 09:52:27]: (INFO) => invalid id: 163-15-4186
[16-06-2022 09:52:27]: (INFO) => invalid id: 171-15-4186
[16-06-2022 09:52:28]: (INFO) => invalid id: 172-15-4186
[16-06-2022 09:52:28]: (INFO) => invalid id: 173-15-4186
[16-06-2022 09:52:29]: (INFO) => invalid id: 181-15-4186
[16-06-2022 09:52:30]: (INFO) => invalid id: 182-15-4186
[16-06-2022 09:52:30]: (INFO) => invalid id: 183-15-4186
[16-06-2022 09:52:31]: (INFO) => invalid id: 191-15-4186
[16-06-2022 09:52:32]: (INFO) => invalid id: 192-15-4186
[16-06-2022 09:52:33]: (INFO) => invalid id: 193-15-4186
[16-06-2022 09:52:34]: (INFO) => invalid id: 201-15-4186
[16-06-2022 09:52:36]: (INFO) => invalid id: 202-15-4186
[16-06-2022 09:52:36]: (INFO) => invalid id: 203-15-4186
[16-06-2022 09:52:37]: (INFO) => invalid id: 211-15-4186
[16-06-2022 09:52:37]: (INFO) => valid id: 212-15-4186
[16-06-2022 09:52:37]: (INFO) => invalid id: 213-15-4186
[16-06-2022 09:52:38]: (INFO) => invalid id: 221-15-4186
[16-06-2022 09:52:39]: (INFO) => invalid id: 222-15-4186
[16-06-2022 09:52:39]: (INFO) => invalid id: 223-15-4186
[16-06-2022 09:52:40]: (INFO) => invalid id: 141-15-4187
[16-06-2022 09:52:40]: (INFO) => valid id: 142-15-4187
[16-06-2022 09:52:40]: (INFO) => invalid id: 143-15-4187
[16-06-2022 09:52:41]: (INFO) => invalid id: 151-15-4187
[16-06-2022 09:52:42]: (INFO) => invalid id: 152-15-4187
[16-06-2022 09:52:42]: (INFO) => invalid id: 153-15-4187
[16-06-2022 09:52:43]: (INFO) => invalid id: 161-15-4187
[16-06-2022 09:52:43]: (INFO) => invalid id: 162-15-4187
[16-06-2022 09:52:44]: (INFO) => invalid id: 163-15-4187
[16-06-2022 09:52:44]: (INFO) => invalid id: 171-15-4187
[16-06-2022 09:52:45]: (INFO) => invalid id: 172-15-4187
[16-06-2022 09:52:45]: (INFO) => invalid id: 173-15-4187
[16-06-2022 09:52:46]: (INFO) => invalid id: 181-15-4187
[16-06-2022 09:52:46]: (INFO) => invalid id: 182-15-4187
[16-06-2022 09:52:47]: (INFO) => invalid id: 183-15-4187
[16-06-2022 09:52:47]: (INFO) => invalid id: 191-15-4187
[16-06-2022 09:52:48]: (INFO) => invalid id: 192-15-4187
[16-06-2022 09:52:48]: (INFO) => invalid id: 193-15-4187
[16-06-2022 09:52:49]: (INFO) => invalid id: 201-15-4187
[16-06-2022 09:52:49]: (INFO) => invalid id: 202-15-4187
[16-06-2022 09:52:50]: (INFO) => invalid id: 203-15-4187
[16-06-2022 09:52:50]: (INFO) => invalid id: 211-15-4187
[16-06-2022 09:52:51]: (INFO) => valid id: 212-15-4187
[16-06-2022 09:52:51]: (INFO) => invalid id: 213-15-4187
[16-06-2022 09:52:52]: (INFO) => invalid id: 221-15-4187
[16-06-2022 09:52:52]: (INFO) => invalid id: 222-15-4187
[16-06-2022 09:52:53]: (INFO) => invalid id: 223-15-4187
[16-06-2022 09:52:53]: (INFO) => invalid id: 141-15-4188
[16-06-2022 09:52:54]: (INFO) => valid id: 142-15-4188
[16-06-2022 09:52:54]: (INFO) => invalid id: 143-15-4188
[16-06-2022 09:52:55]: (INFO) => invalid id: 151-15-4188
[16-06-2022 09:52:55]: (INFO) => invalid id: 152-15-4188
[16-06-2022 09:52:56]: (INFO) => invalid id: 153-15-4188
[16-06-2022 09:52:56]: (INFO) => invalid id: 161-15-4188
[16-06-2022 09:52:57]: (INFO) => invalid id: 162-15-4188
[16-06-2022 09:52:58]: (INFO) => invalid id: 163-15-4188
[16-06-2022 09:52:59]: (INFO) => invalid id: 171-15-4188
[16-06-2022 09:53:00]: (INFO) => invalid id: 172-15-4188
[16-06-2022 09:53:01]: (INFO) => invalid id: 173-15-4188
[16-06-2022 09:53:01]: (INFO) => invalid id: 181-15-4188
[16-06-2022 09:53:07]: (INFO) => invalid id: 182-15-4188
[16-06-2022 09:53:08]: (INFO) => invalid id: 183-15-4188
[16-06-2022 09:53:09]: (INFO) => invalid id: 191-15-4188
[16-06-2022 09:53:09]: (INFO) => invalid id: 192-15-4188
[16-06-2022 09:53:10]: (INFO) => invalid id: 193-15-4188
[16-06-2022 09:53:10]: (INFO) => invalid id: 201-15-4188
[16-06-2022 09:53:11]: (INFO) => invalid id: 202-15-4188
[16-06-2022 09:53:12]: (INFO) => invalid id: 203-15-4188
[16-06-2022 09:53:13]: (INFO) => invalid id: 211-15-4188
[16-06-2022 09:53:14]: (INFO) => valid id: 212-15-4188
[16-06-2022 09:53:15]: (INFO) => invalid id: 213-15-4188
[16-06-2022 09:53:16]: (INFO) => invalid id: 221-15-4188
[16-06-2022 09:53:17]: (INFO) => invalid id: 222-15-4188
[16-06-2022 09:53:17]: (INFO) => invalid id: 223-15-4188
[16-06-2022 09:53:18]: (INFO) => invalid id: 141-15-4189
[16-06-2022 09:53:18]: (INFO) => valid id: 142-15-4189
[16-06-2022 09:53:19]: (INFO) => invalid id: 143-15-4189
[16-06-2022 09:53:20]: (INFO) => invalid id: 151-15-4189
[16-06-2022 09:53:21]: (INFO) => invalid id: 152-15-4189
[16-06-2022 09:53:22]: (INFO) => invalid id: 153-15-4189
[16-06-2022 09:53:23]: (INFO) => invalid id: 161-15-4189
[16-06-2022 09:53:25]: (INFO) => invalid id: 162-15-4189
[16-06-2022 09:53:25]: (INFO) => invalid id: 163-15-4189
[16-06-2022 09:53:26]: (INFO) => invalid id: 171-15-4189
[16-06-2022 09:53:27]: (INFO) => invalid id: 172-15-4189
[16-06-2022 09:53:28]: (INFO) => invalid id: 173-15-4189
[16-06-2022 09:53:29]: (INFO) => invalid id: 181-15-4189
[16-06-2022 09:53:29]: (INFO) => invalid id: 182-15-4189
[16-06-2022 09:53:30]: (INFO) => invalid id: 183-15-4189
[16-06-2022 09:53:31]: (INFO) => invalid id: 191-15-4189
[16-06-2022 09:53:31]: (INFO) => invalid id: 192-15-4189
[16-06-2022 09:53:32]: (INFO) => invalid id: 193-15-4189
[16-06-2022 09:53:32]: (INFO) => invalid id: 201-15-4189
[16-06-2022 09:53:33]: (INFO) => invalid id: 202-15-4189
[16-06-2022 09:53:34]: (INFO) => invalid id: 203-15-4189
[16-06-2022 09:53:34]: (INFO) => invalid id: 211-15-4189
[16-06-2022 09:53:35]: (INFO) => valid id: 212-15-4189
[16-06-2022 09:53:35]: (INFO) => invalid id: 213-15-4189
[16-06-2022 09:53:36]: (INFO) => invalid id: 221-15-4189
[16-06-2022 09:53:37]: (INFO) => invalid id: 222-15-4189
[16-06-2022 09:53:37]: (INFO) => invalid id: 223-15-4189
[16-06-2022 09:53:38]: (INFO) => invalid id: 141-15-4190
[16-06-2022 09:53:39]: (INFO) => valid id: 142-15-4190
[16-06-2022 09:53:40]: (INFO) => invalid id: 143-15-4190
[16-06-2022 09:53:40]: (INFO) => invalid id: 151-15-4190
[16-06-2022 09:53:41]: (INFO) => invalid id: 152-15-4190
[16-06-2022 09:53:42]: (INFO) => invalid id: 153-15-4190
[16-06-2022 09:53:45]: (INFO) => invalid id: 161-15-4190
[16-06-2022 09:53:49]: (INFO) => invalid id: 162-15-4190
[16-06-2022 09:53:50]: (INFO) => invalid id: 163-15-4190
[16-06-2022 09:53:50]: (INFO) => invalid id: 171-15-4190
[16-06-2022 09:53:51]: (INFO) => invalid id: 172-15-4190
[16-06-2022 09:53:52]: (INFO) => invalid id: 173-15-4190
[16-06-2022 09:53:52]: (INFO) => invalid id: 181-15-4190
[16-06-2022 09:53:53]: (INFO) => invalid id: 182-15-4190
[16-06-2022 09:53:54]: (INFO) => invalid id: 183-15-4190
[16-06-2022 09:53:54]: (INFO) => invalid id: 191-15-4190
[16-06-2022 09:53:55]: (INFO) => invalid id: 192-15-4190
[16-06-2022 09:53:55]: (INFO) => invalid id: 193-15-4190
[16-06-2022 09:53:56]: (INFO) => invalid id: 201-15-4190
[16-06-2022 09:53:57]: (INFO) => invalid id: 202-15-4190
[16-06-2022 09:53:57]: (INFO) => invalid id: 203-15-4190
[16-06-2022 09:53:58]: (INFO) => invalid id: 211-15-4190
[16-06-2022 09:53:59]: (INFO) => valid id: 212-15-4190
[16-06-2022 09:53:59]: (INFO) => invalid id: 213-15-4190
[16-06-2022 09:54:00]: (INFO) => invalid id: 221-15-4190
[16-06-2022 09:54:01]: (INFO) => invalid id: 222-15-4190
[16-06-2022 09:54:01]: (INFO) => invalid id: 223-15-4190
[16-06-2022 09:54:02]: (INFO) => invalid id: 141-15-4191
[16-06-2022 09:54:02]: (INFO) => valid id: 142-15-4191
[16-06-2022 09:54:03]: (INFO) => invalid id: 143-15-4191
[16-06-2022 09:54:04]: (INFO) => invalid id: 151-15-4191
[16-06-2022 09:54:04]: (INFO) => invalid id: 152-15-4191
[16-06-2022 09:54:05]: (INFO) => invalid id: 153-15-4191
[16-06-2022 09:54:06]: (INFO) => invalid id: 161-15-4191
[16-06-2022 09:54:06]: (INFO) => invalid id: 162-15-4191
[16-06-2022 09:54:07]: (INFO) => invalid id: 163-15-4191
[16-06-2022 09:54:07]: (INFO) => invalid id: 171-15-4191
[16-06-2022 09:54:09]: (INFO) => invalid id: 172-15-4191
[16-06-2022 09:54:09]: (INFO) => invalid id: 173-15-4191
[16-06-2022 09:54:10]: (INFO) => invalid id: 181-15-4191
[16-06-2022 09:54:11]: (INFO) => invalid id: 182-15-4191
[16-06-2022 09:54:11]: (INFO) => invalid id: 183-15-4191
[16-06-2022 09:54:12]: (INFO) => invalid id: 191-15-4191
[16-06-2022 09:54:13]: (INFO) => invalid id: 192-15-4191
[16-06-2022 09:54:13]: (INFO) => invalid id: 193-15-4191
[16-06-2022 09:54:14]: (INFO) => invalid id: 201-15-4191
[16-06-2022 09:54:15]: (INFO) => invalid id: 202-15-4191
[16-06-2022 09:54:15]: (INFO) => invalid id: 203-15-4191
[16-06-2022 09:54:16]: (INFO) => invalid id: 211-15-4191
[16-06-2022 09:54:16]: (INFO) => valid id: 212-15-4191
[16-06-2022 09:54:17]: (INFO) => invalid id: 213-15-4191
[16-06-2022 09:54:17]: (INFO) => invalid id: 221-15-4191
[16-06-2022 09:54:18]: (INFO) => invalid id: 222-15-4191
[16-06-2022 09:54:19]: (INFO) => invalid id: 223-15-4191
[16-06-2022 09:54:19]: (INFO) => invalid id: 141-15-4192
[16-06-2022 09:54:20]: (INFO) => valid id: 142-15-4192
[16-06-2022 09:54:20]: (INFO) => invalid id: 143-15-4192
[16-06-2022 09:54:21]: (INFO) => invalid id: 151-15-4192
[16-06-2022 09:54:22]: (INFO) => invalid id: 152-15-4192
[16-06-2022 09:54:22]: (INFO) => invalid id: 153-15-4192
[16-06-2022 09:54:23]: (INFO) => invalid id: 161-15-4192
[16-06-2022 09:54:23]: (INFO) => invalid id: 162-15-4192
[16-06-2022 09:54:24]: (INFO) => invalid id: 163-15-4192
[16-06-2022 09:54:25]: (INFO) => invalid id: 171-15-4192
[16-06-2022 09:54:25]: (INFO) => invalid id: 172-15-4192
[16-06-2022 09:54:26]: (INFO) => invalid id: 173-15-4192
[16-06-2022 09:54:27]: (INFO) => invalid id: 181-15-4192
[16-06-2022 09:54:27]: (INFO) => invalid id: 182-15-4192
[16-06-2022 09:54:28]: (INFO) => invalid id: 183-15-4192
[16-06-2022 09:54:29]: (INFO) => invalid id: 191-15-4192
[16-06-2022 09:54:29]: (INFO) => invalid id: 192-15-4192
[16-06-2022 09:54:30]: (INFO) => invalid id: 193-15-4192
[16-06-2022 09:54:30]: (INFO) => invalid id: 201-15-4192
[16-06-2022 09:54:31]: (INFO) => invalid id: 202-15-4192
[16-06-2022 09:54:32]: (INFO) => invalid id: 203-15-4192
[16-06-2022 09:54:32]: (INFO) => invalid id: 211-15-4192
[16-06-2022 09:54:33]: (INFO) => valid id: 212-15-4192
[16-06-2022 09:54:34]: (INFO) => invalid id: 213-15-4192
[16-06-2022 09:54:34]: (INFO) => invalid id: 221-15-4192
[16-06-2022 09:54:35]: (INFO) => invalid id: 222-15-4192
[16-06-2022 09:54:35]: (INFO) => invalid id: 223-15-4192
[16-06-2022 09:54:36]: (INFO) => invalid id: 141-15-4193
[16-06-2022 09:54:37]: (INFO) => valid id: 142-15-4193
[16-06-2022 09:54:43]: (INFO) => invalid id: 143-15-4193
[16-06-2022 09:54:44]: (INFO) => invalid id: 151-15-4193
[16-06-2022 09:54:44]: (INFO) => invalid id: 152-15-4193
[16-06-2022 09:54:45]: (INFO) => invalid id: 153-15-4193
[16-06-2022 09:54:46]: (INFO) => invalid id: 161-15-4193
[16-06-2022 09:54:46]: (INFO) => invalid id: 162-15-4193
[16-06-2022 09:54:47]: (INFO) => invalid id: 163-15-4193
[16-06-2022 09:54:47]: (INFO) => invalid id: 171-15-4193
[16-06-2022 09:54:48]: (INFO) => invalid id: 172-15-4193
[16-06-2022 09:54:49]: (INFO) => invalid id: 173-15-4193
[16-06-2022 09:54:49]: (INFO) => invalid id: 181-15-4193
[16-06-2022 09:54:50]: (INFO) => invalid id: 182-15-4193
[16-06-2022 09:54:51]: (INFO) => invalid id: 183-15-4193
[16-06-2022 09:54:51]: (INFO) => invalid id: 191-15-4193
[16-06-2022 09:54:52]: (INFO) => invalid id: 192-15-4193
[16-06-2022 09:54:57]: (INFO) => invalid id: 193-15-4193
[16-06-2022 09:54:58]: (INFO) => invalid id: 201-15-4193
[16-06-2022 09:54:59]: (INFO) => invalid id: 202-15-4193
[16-06-2022 09:54:59]: (INFO) => invalid id: 203-15-4193
[16-06-2022 09:55:00]: (INFO) => invalid id: 211-15-4193
[16-06-2022 09:55:00]: (INFO) => valid id: 212-15-4193
[16-06-2022 09:55:01]: (INFO) => invalid id: 213-15-4193
[16-06-2022 09:55:02]: (INFO) => invalid id: 221-15-4193
[16-06-2022 09:55:03]: (INFO) => invalid id: 222-15-4193
[16-06-2022 09:55:04]: (INFO) => invalid id: 223-15-4193
[16-06-2022 09:55:04]: (INFO) => invalid id: 141-15-4194
[16-06-2022 09:55:05]: (INFO) => valid id: 142-15-4194
[16-06-2022 09:55:05]: (INFO) => invalid id: 143-15-4194
[16-06-2022 09:55:06]: (INFO) => invalid id: 151-15-4194
[16-06-2022 09:55:12]: (INFO) => invalid id: 152-15-4194
[16-06-2022 09:55:13]: (INFO) => invalid id: 153-15-4194
[16-06-2022 09:55:13]: (INFO) => invalid id: 161-15-4194
[16-06-2022 09:55:14]: (INFO) => invalid id: 162-15-4194
[16-06-2022 09:55:20]: (INFO) => invalid id: 163-15-4194
[16-06-2022 09:55:21]: (INFO) => invalid id: 171-15-4194
[16-06-2022 09:55:21]: (INFO) => invalid id: 172-15-4194
[16-06-2022 09:55:22]: (INFO) => invalid id: 173-15-4194
[16-06-2022 09:55:22]: (INFO) => invalid id: 181-15-4194
[16-06-2022 09:55:23]: (INFO) => invalid id: 182-15-4194
[16-06-2022 09:55:24]: (INFO) => invalid id: 183-15-4194
[16-06-2022 09:55:24]: (INFO) => invalid id: 191-15-4194
[16-06-2022 09:55:26]: (INFO) => invalid id: 192-15-4194
[16-06-2022 09:55:26]: (INFO) => invalid id: 193-15-4194
[16-06-2022 09:55:28]: (INFO) => invalid id: 201-15-4194
[16-06-2022 09:55:29]: (INFO) => invalid id: 202-15-4194
[16-06-2022 09:55:31]: (INFO) => invalid id: 203-15-4194
[16-06-2022 09:55:34]: (INFO) => invalid id: 211-15-4194
[16-06-2022 09:55:35]: (INFO) => valid id: 212-15-4194
[16-06-2022 09:55:36]: (INFO) => invalid id: 213-15-4194
[16-06-2022 09:55:37]: (INFO) => invalid id: 221-15-4194
[16-06-2022 09:55:37]: (INFO) => invalid id: 222-15-4194
[16-06-2022 09:55:38]: (INFO) => invalid id: 223-15-4194
[16-06-2022 09:55:38]: (INFO) => invalid id: 141-15-4195
[16-06-2022 09:55:39]: (INFO) => valid id: 142-15-4195
[16-06-2022 09:55:40]: (INFO) => invalid id: 143-15-4195
[16-06-2022 09:55:40]: (INFO) => invalid id: 151-15-4195
[16-06-2022 09:55:41]: (INFO) => invalid id: 152-15-4195
[16-06-2022 09:55:41]: (INFO) => invalid id: 153-15-4195
[16-06-2022 09:55:42]: (INFO) => invalid id: 161-15-4195
[16-06-2022 09:55:43]: (INFO) => invalid id: 162-15-4195
[16-06-2022 09:55:44]: (INFO) => invalid id: 163-15-4195
[16-06-2022 09:55:51]: (INFO) => invalid id: 171-15-4195
[16-06-2022 09:55:51]: (INFO) => invalid id: 172-15-4195
[16-06-2022 09:55:52]: (INFO) => invalid id: 173-15-4195
[16-06-2022 09:55:53]: (INFO) => invalid id: 181-15-4195
[16-06-2022 09:55:53]: (INFO) => invalid id: 182-15-4195
[16-06-2022 09:55:59]: (INFO) => invalid id: 183-15-4195
[16-06-2022 09:56:00]: (INFO) => invalid id: 191-15-4195
[16-06-2022 09:56:00]: (INFO) => invalid id: 192-15-4195
[16-06-2022 09:56:01]: (INFO) => invalid id: 193-15-4195
[16-06-2022 09:56:02]: (INFO) => invalid id: 201-15-4195
[16-06-2022 09:56:02]: (INFO) => invalid id: 202-15-4195
[16-06-2022 09:56:03]: (INFO) => invalid id: 203-15-4195
[16-06-2022 09:56:03]: (INFO) => invalid id: 211-15-4195
[16-06-2022 09:56:04]: (INFO) => valid id: 212-15-4195
[16-06-2022 09:56:04]: (INFO) => invalid id: 213-15-4195
[16-06-2022 09:56:06]: (INFO) => invalid id: 221-15-4195
[16-06-2022 09:56:06]: (INFO) => invalid id: 222-15-4195
[16-06-2022 09:56:07]: (INFO) => invalid id: 223-15-4195
[16-06-2022 09:56:07]: (INFO) => invalid id: 141-15-4196
[16-06-2022 09:56:13]: (INFO) => valid id: 142-15-4196
[16-06-2022 09:56:13]: (INFO) => invalid id: 143-15-4196
[16-06-2022 09:56:14]: (INFO) => invalid id: 151-15-4196
[16-06-2022 09:56:20]: (INFO) => invalid id: 152-15-4196
[16-06-2022 09:56:20]: (INFO) => invalid id: 153-15-4196
[16-06-2022 09:56:21]: (INFO) => invalid id: 161-15-4196
[16-06-2022 09:56:21]: (INFO) => invalid id: 162-15-4196
[16-06-2022 09:56:23]: (INFO) => invalid id: 163-15-4196
[16-06-2022 09:56:23]: (INFO) => invalid id: 171-15-4196
[16-06-2022 09:56:25]: (INFO) => invalid id: 172-15-4196
[16-06-2022 09:56:25]: (INFO) => invalid id: 173-15-4196
[16-06-2022 09:56:26]: (INFO) => invalid id: 181-15-4196
[16-06-2022 09:56:27]: (INFO) => invalid id: 182-15-4196
[16-06-2022 09:56:27]: (INFO) => invalid id: 183-15-4196
[16-06-2022 09:56:28]: (INFO) => invalid id: 191-15-4196
[16-06-2022 09:56:29]: (INFO) => invalid id: 192-15-4196
[16-06-2022 09:56:30]: (INFO) => invalid id: 193-15-4196
[16-06-2022 09:56:30]: (INFO) => invalid id: 201-15-4196
[16-06-2022 09:56:31]: (INFO) => invalid id: 202-15-4196
[16-06-2022 09:56:31]: (INFO) => invalid id: 203-15-4196
[16-06-2022 09:56:32]: (INFO) => invalid id: 211-15-4196
[16-06-2022 09:56:33]: (INFO) => valid id: 212-15-4196
[16-06-2022 09:56:34]: (INFO) => invalid id: 213-15-4196
[16-06-2022 09:56:35]: (INFO) => invalid id: 221-15-4196
[16-06-2022 09:56:37]: (INFO) => invalid id: 222-15-4196
[16-06-2022 09:56:38]: (INFO) => invalid id: 223-15-4196
[16-06-2022 09:56:38]: (INFO) => invalid id: 141-15-4197
[16-06-2022 09:56:39]: (INFO) => valid id: 142-15-4197
[16-06-2022 09:56:40]: (INFO) => invalid id: 143-15-4197
[16-06-2022 09:56:40]: (INFO) => invalid id: 151-15-4197
[16-06-2022 09:56:41]: (INFO) => invalid id: 152-15-4197
[16-06-2022 09:56:42]: (INFO) => invalid id: 153-15-4197
[16-06-2022 09:56:47]: (INFO) => invalid id: 161-15-4197
[16-06-2022 09:56:50]: (INFO) => invalid id: 162-15-4197
[16-06-2022 09:56:50]: (INFO) => invalid id: 163-15-4197
[16-06-2022 09:56:51]: (INFO) => invalid id: 171-15-4197
[16-06-2022 09:56:52]: (INFO) => invalid id: 172-15-4197
[16-06-2022 09:56:54]: (INFO) => invalid id: 173-15-4197
[16-06-2022 09:56:59]: (INFO) => invalid id: 181-15-4197
[16-06-2022 09:57:00]: (INFO) => invalid id: 182-15-4197
[16-06-2022 09:57:00]: (INFO) => invalid id: 183-15-4197
[16-06-2022 09:57:01]: (INFO) => invalid id: 191-15-4197
[16-06-2022 09:57:01]: (INFO) => invalid id: 192-15-4197
[16-06-2022 09:57:02]: (INFO) => invalid id: 193-15-4197
[16-06-2022 09:57:05]: (INFO) => invalid id: 201-15-4197
[16-06-2022 09:57:05]: (INFO) => invalid id: 202-15-4197
[16-06-2022 09:57:06]: (INFO) => invalid id: 203-15-4197
[16-06-2022 09:57:06]: (INFO) => invalid id: 211-15-4197
[16-06-2022 09:57:12]: (INFO) => valid id: 212-15-4197
[16-06-2022 09:57:13]: (INFO) => invalid id: 213-15-4197
[16-06-2022 09:57:13]: (INFO) => invalid id: 221-15-4197
[16-06-2022 09:57:14]: (INFO) => invalid id: 222-15-4197
[16-06-2022 09:57:15]: (INFO) => invalid id: 223-15-4197
[16-06-2022 09:57:16]: (INFO) => invalid id: 141-15-4198
[16-06-2022 09:57:18]: (INFO) => valid id: 142-15-4198
[16-06-2022 09:57:18]: (INFO) => invalid id: 143-15-4198
[16-06-2022 09:57:19]: (INFO) => invalid id: 151-15-4198
[16-06-2022 09:57:20]: (INFO) => invalid id: 152-15-4198
[16-06-2022 09:57:20]: (INFO) => invalid id: 153-15-4198
[16-06-2022 09:57:21]: (INFO) => invalid id: 161-15-4198
[16-06-2022 09:57:23]: (INFO) => invalid id: 162-15-4198
[16-06-2022 09:57:25]: (INFO) => invalid id: 163-15-4198
[16-06-2022 09:57:30]: (INFO) => invalid id: 171-15-4198
[16-06-2022 09:57:32]: (INFO) => invalid id: 172-15-4198
[16-06-2022 09:57:34]: (INFO) => invalid id: 173-15-4198
[16-06-2022 09:57:34]: (INFO) => invalid id: 181-15-4198
[16-06-2022 09:57:35]: (INFO) => invalid id: 182-15-4198
[16-06-2022 09:57:36]: (INFO) => invalid id: 183-15-4198
[16-06-2022 09:57:37]: (INFO) => invalid id: 191-15-4198
[16-06-2022 09:57:37]: (INFO) => invalid id: 192-15-4198
[16-06-2022 09:57:38]: (INFO) => invalid id: 193-15-4198
[16-06-2022 09:57:39]: (INFO) => invalid id: 201-15-4198
[16-06-2022 09:57:40]: (INFO) => invalid id: 202-15-4198
[16-06-2022 09:57:41]: (INFO) => invalid id: 203-15-4198
[16-06-2022 09:57:44]: (INFO) => invalid id: 211-15-4198
[16-06-2022 09:57:45]: (INFO) => valid id: 212-15-4198
[16-06-2022 09:57:47]: (INFO) => invalid id: 213-15-4198
[16-06-2022 09:57:47]: (INFO) => invalid id: 221-15-4198
[16-06-2022 09:57:50]: (INFO) => invalid id: 222-15-4198
[16-06-2022 09:57:56]: (INFO) => invalid id: 223-15-4198
[16-06-2022 09:57:57]: (INFO) => invalid id: 141-15-4199
[16-06-2022 09:57:57]: (INFO) => valid id: 142-15-4199
[16-06-2022 09:57:58]: (INFO) => invalid id: 143-15-4199
[16-06-2022 09:57:59]: (INFO) => invalid id: 151-15-4199
[16-06-2022 09:57:59]: (INFO) => invalid id: 152-15-4199
[16-06-2022 09:58:00]: (INFO) => invalid id: 153-15-4199
[16-06-2022 09:58:01]: (INFO) => invalid id: 161-15-4199
[16-06-2022 09:58:02]: (INFO) => invalid id: 162-15-4199
[16-06-2022 09:58:07]: (INFO) => invalid id: 163-15-4199
[16-06-2022 09:58:08]: (INFO) => invalid id: 171-15-4199
[16-06-2022 09:58:13]: (INFO) => invalid id: 172-15-4199
[16-06-2022 09:58:14]: (INFO) => invalid id: 173-15-4199
[16-06-2022 09:58:15]: (INFO) => invalid id: 181-15-4199
[16-06-2022 09:58:15]: (INFO) => invalid id: 182-15-4199
[16-06-2022 09:58:16]: (INFO) => invalid id: 183-15-4199
[16-06-2022 09:58:16]: (INFO) => invalid id: 191-15-4199
[16-06-2022 09:58:17]: (INFO) => invalid id: 192-15-4199
[16-06-2022 09:58:18]: (INFO) => invalid id: 193-15-4199
[16-06-2022 09:58:19]: (INFO) => invalid id: 201-15-4199
[16-06-2022 09:58:19]: (INFO) => invalid id: 202-15-4199
[16-06-2022 09:58:21]: (INFO) => invalid id: 203-15-4199
[16-06-2022 09:58:23]: (INFO) => invalid id: 211-15-4199
[16-06-2022 09:58:24]: (INFO) => valid id: 212-15-4199
[16-06-2022 09:58:25]: (INFO) => invalid id: 213-15-4199
[16-06-2022 09:58:25]: (INFO) => invalid id: 221-15-4199
[16-06-2022 09:58:26]: (INFO) => invalid id: 222-15-4199
[16-06-2022 09:58:32]: (INFO) => invalid id: 223-15-4199
[16-06-2022 09:58:37]: (INFO) => invalid id: 141-15-4200
[16-06-2022 09:58:40]: (INFO) => valid id: 142-15-4200
[16-06-2022 09:58:41]: (INFO) => invalid id: 143-15-4200
[16-06-2022 09:58:41]: (INFO) => invalid id: 151-15-4200
[16-06-2022 09:58:42]: (INFO) => invalid id: 152-15-4200
[16-06-2022 09:58:43]: (INFO) => invalid id: 153-15-4200
[16-06-2022 09:58:43]: (INFO) => invalid id: 161-15-4200
[16-06-2022 09:58:44]: (INFO) => invalid id: 162-15-4200
[16-06-2022 09:58:45]: (INFO) => invalid id: 163-15-4200
[16-06-2022 09:58:45]: (INFO) => invalid id: 171-15-4200
[16-06-2022 09:58:46]: (INFO) => invalid id: 172-15-4200
[16-06-2022 09:58:47]: (INFO) => invalid id: 173-15-4200
[16-06-2022 09:58:47]: (INFO) => invalid id: 181-15-4200
[16-06-2022 09:58:48]: (INFO) => invalid id: 182-15-4200
[16-06-2022 09:58:49]: (INFO) => invalid id: 183-15-4200
[16-06-2022 09:58:50]: (INFO) => invalid id: 191-15-4200
[16-06-2022 09:58:50]: (INFO) => invalid id: 192-15-4200
[16-06-2022 09:58:56]: (INFO) => invalid id: 193-15-4200
[16-06-2022 09:58:56]: (INFO) => invalid id: 201-15-4200
[16-06-2022 09:58:57]: (INFO) => invalid id: 202-15-4200
[16-06-2022 09:58:57]: (INFO) => invalid id: 203-15-4200
[16-06-2022 09:58:58]: (INFO) => invalid id: 211-15-4200
[16-06-2022 09:58:59]: (INFO) => valid id: 212-15-4200
[16-06-2022 09:59:00]: (INFO) => invalid id: 213-15-4200
[16-06-2022 09:59:01]: (INFO) => invalid id: 221-15-4200
[16-06-2022 09:59:01]: (INFO) => invalid id: 222-15-4200
[16-06-2022 09:59:02]: (INFO) => invalid id: 223-15-4200
[16-06-2022 09:59:02]: (INFO) => invalid id: 141-15-4201
[16-06-2022 09:59:03]: (INFO) => valid id: 142-15-4201
[16-06-2022 09:59:04]: (INFO) => invalid id: 143-15-4201
[16-06-2022 09:59:04]: (INFO) => invalid id: 151-15-4201
[16-06-2022 09:59:05]: (INFO) => invalid id: 152-15-4201
[16-06-2022 09:59:06]: (INFO) => invalid id: 153-15-4201
[16-06-2022 09:59:06]: (INFO) => invalid id: 161-15-4201
[16-06-2022 09:59:07]: (INFO) => invalid id: 162-15-4201
[16-06-2022 09:59:08]: (INFO) => invalid id: 163-15-4201
[16-06-2022 09:59:09]: (INFO) => invalid id: 171-15-4201
[16-06-2022 09:59:30]: (INFO) => invalid id: 172-15-4201
[16-06-2022 09:59:31]: (INFO) => invalid id: 173-15-4201
[16-06-2022 09:59:33]: (INFO) => invalid id: 181-15-4201
[16-06-2022 09:59:34]: (INFO) => invalid id: 182-15-4201
[16-06-2022 09:59:34]: (INFO) => invalid id: 183-15-4201
[16-06-2022 09:59:38]: (INFO) => invalid id: 191-15-4201
[16-06-2022 09:59:39]: (INFO) => invalid id: 192-15-4201
[16-06-2022 09:59:39]: (INFO) => invalid id: 193-15-4201
[16-06-2022 09:59:40]: (INFO) => invalid id: 201-15-4201
[16-06-2022 09:59:41]: (INFO) => invalid id: 202-15-4201
[16-06-2022 09:59:41]: (INFO) => invalid id: 203-15-4201
[16-06-2022 09:59:42]: (INFO) => invalid id: 211-15-4201
[16-06-2022 09:59:42]: (INFO) => valid id: 212-15-4201
[16-06-2022 09:59:43]: (INFO) => invalid id: 213-15-4201
[16-06-2022 09:59:44]: (INFO) => invalid id: 221-15-4201
[16-06-2022 09:59:44]: (INFO) => invalid id: 222-15-4201
[16-06-2022 09:59:45]: (INFO) => invalid id: 223-15-4201
[16-06-2022 09:59:45]: (INFO) => invalid id: 141-15-4202
[16-06-2022 09:59:47]: (INFO) => valid id: 142-15-4202
[16-06-2022 09:59:48]: (INFO) => invalid id: 143-15-4202
[16-06-2022 09:59:49]: (INFO) => invalid id: 151-15-4202
[16-06-2022 09:59:49]: (INFO) => invalid id: 152-15-4202
[16-06-2022 09:59:50]: (INFO) => invalid id: 153-15-4202
[16-06-2022 09:59:51]: (INFO) => invalid id: 161-15-4202
[16-06-2022 09:59:51]: (INFO) => invalid id: 162-15-4202
[16-06-2022 09:59:52]: (INFO) => invalid id: 163-15-4202
[16-06-2022 09:59:52]: (INFO) => invalid id: 171-15-4202
[16-06-2022 09:59:53]: (INFO) => invalid id: 172-15-4202
[16-06-2022 09:59:54]: (INFO) => invalid id: 173-15-4202
[16-06-2022 09:59:55]: (INFO) => invalid id: 181-15-4202
[16-06-2022 09:59:55]: (INFO) => invalid id: 182-15-4202
[16-06-2022 09:59:56]: (INFO) => invalid id: 183-15-4202
[16-06-2022 10:00:07]: (INFO) => invalid id: 191-15-4202
[16-06-2022 10:00:09]: (INFO) => invalid id: 192-15-4202
[16-06-2022 10:00:10]: (INFO) => invalid id: 193-15-4202
[16-06-2022 10:00:11]: (INFO) => invalid id: 201-15-4202
[16-06-2022 10:00:12]: (INFO) => invalid id: 202-15-4202
[16-06-2022 10:00:14]: (INFO) => invalid id: 203-15-4202
[16-06-2022 10:00:15]: (INFO) => invalid id: 211-15-4202
[16-06-2022 10:00:15]: (INFO) => valid id: 212-15-4202
[16-06-2022 10:00:16]: (INFO) => invalid id: 213-15-4202
[16-06-2022 10:00:16]: (INFO) => invalid id: 221-15-4202
[16-06-2022 10:00:17]: (INFO) => invalid id: 222-15-4202
[16-06-2022 10:00:18]: (INFO) => invalid id: 223-15-4202
[16-06-2022 10:00:20]: (INFO) => invalid id: 141-15-4203
[16-06-2022 10:00:20]: (INFO) => valid id: 142-15-4203
[16-06-2022 10:00:21]: (INFO) => invalid id: 143-15-4203
[16-06-2022 10:00:21]: (INFO) => invalid id: 151-15-4203
[16-06-2022 10:00:28]: (INFO) => invalid id: 152-15-4203
[16-06-2022 10:00:29]: (INFO) => invalid id: 153-15-4203
[16-06-2022 10:00:30]: (INFO) => invalid id: 161-15-4203
[16-06-2022 10:00:31]: (INFO) => invalid id: 162-15-4203
[16-06-2022 10:00:32]: (INFO) => invalid id: 163-15-4203
[16-06-2022 10:00:33]: (INFO) => invalid id: 171-15-4203
[16-06-2022 10:00:42]: (INFO) => invalid id: 172-15-4203
[16-06-2022 10:00:44]: (INFO) => invalid id: 173-15-4203
[16-06-2022 10:00:45]: (INFO) => invalid id: 181-15-4203
[16-06-2022 10:00:47]: (INFO) => invalid id: 182-15-4203
[16-06-2022 10:00:49]: (INFO) => invalid id: 183-15-4203
[16-06-2022 10:00:50]: (INFO) => invalid id: 191-15-4203
[16-06-2022 10:00:50]: (INFO) => invalid id: 192-15-4203
[16-06-2022 10:00:51]: (INFO) => invalid id: 193-15-4203
[16-06-2022 10:00:52]: (INFO) => invalid id: 201-15-4203
[16-06-2022 10:00:52]: (INFO) => invalid id: 202-15-4203
[16-06-2022 10:00:53]: (INFO) => invalid id: 203-15-4203
[16-06-2022 10:00:54]: (INFO) => invalid id: 211-15-4203
[16-06-2022 10:00:55]: (INFO) => valid id: 212-15-4203
[16-06-2022 10:00:55]: (INFO) => invalid id: 213-15-4203
[16-06-2022 10:01:01]: (INFO) => invalid id: 221-15-4203
[16-06-2022 10:01:01]: (INFO) => invalid id: 222-15-4203
[16-06-2022 10:01:02]: (INFO) => invalid id: 223-15-4203
[16-06-2022 10:01:03]: (INFO) => invalid id: 141-15-4204
[16-06-2022 10:01:04]: (INFO) => valid id: 142-15-4204
[16-06-2022 10:01:05]: (INFO) => invalid id: 143-15-4204
[16-06-2022 10:01:05]: (INFO) => invalid id: 151-15-4204
[16-06-2022 10:01:06]: (INFO) => invalid id: 152-15-4204
[16-06-2022 10:01:07]: (INFO) => invalid id: 153-15-4204
[16-06-2022 10:01:07]: (INFO) => invalid id: 161-15-4204
[16-06-2022 10:01:08]: (INFO) => invalid id: 162-15-4204
[16-06-2022 10:01:09]: (INFO) => invalid id: 163-15-4204
[16-06-2022 10:01:10]: (INFO) => invalid id: 171-15-4204
[16-06-2022 10:01:11]: (INFO) => invalid id: 172-15-4204
[16-06-2022 10:01:11]: (INFO) => invalid id: 173-15-4204
[16-06-2022 10:01:12]: (INFO) => invalid id: 181-15-4204
[16-06-2022 10:01:13]: (INFO) => invalid id: 182-15-4204
[16-06-2022 10:01:14]: (INFO) => invalid id: 183-15-4204
[16-06-2022 10:01:14]: (INFO) => invalid id: 191-15-4204
[16-06-2022 10:01:15]: (INFO) => invalid id: 192-15-4204
[16-06-2022 10:01:16]: (INFO) => invalid id: 193-15-4204
[16-06-2022 10:01:17]: (INFO) => invalid id: 201-15-4204
[16-06-2022 10:01:17]: (INFO) => invalid id: 202-15-4204
[16-06-2022 10:01:19]: (INFO) => invalid id: 203-15-4204
[16-06-2022 10:01:20]: (INFO) => invalid id: 211-15-4204
[16-06-2022 10:01:21]: (INFO) => valid id: 212-15-4204
[16-06-2022 10:01:21]: (INFO) => invalid id: 213-15-4204
[16-06-2022 10:01:22]: (INFO) => invalid id: 221-15-4204
[16-06-2022 10:01:25]: (INFO) => invalid id: 222-15-4204
[16-06-2022 10:01:26]: (INFO) => invalid id: 223-15-4204
[16-06-2022 10:01:32]: (INFO) => invalid id: 141-15-4205
[16-06-2022 10:01:33]: (INFO) => valid id: 142-15-4205
[16-06-2022 10:01:34]: (INFO) => invalid id: 143-15-4205
[16-06-2022 10:01:34]: (INFO) => invalid id: 151-15-4205
[16-06-2022 10:01:35]: (INFO) => invalid id: 152-15-4205
[16-06-2022 10:01:36]: (INFO) => invalid id: 153-15-4205
[16-06-2022 10:01:36]: (INFO) => invalid id: 161-15-4205
[16-06-2022 10:01:38]: (INFO) => invalid id: 162-15-4205
[16-06-2022 10:01:39]: (INFO) => invalid id: 163-15-4205
[16-06-2022 10:01:40]: (INFO) => invalid id: 171-15-4205
[16-06-2022 10:01:43]: (INFO) => invalid id: 172-15-4205
[16-06-2022 10:01:51]: (INFO) => invalid id: 173-15-4205
[16-06-2022 10:01:52]: (INFO) => invalid id: 181-15-4205
[16-06-2022 10:01:52]: (INFO) => invalid id: 182-15-4205
[16-06-2022 10:01:53]: (INFO) => invalid id: 183-15-4205
[16-06-2022 10:01:54]: (INFO) => invalid id: 191-15-4205
[16-06-2022 10:01:55]: (INFO) => invalid id: 192-15-4205
[16-06-2022 10:01:56]: (INFO) => invalid id: 193-15-4205
[16-06-2022 10:01:56]: (INFO) => invalid id: 201-15-4205
[16-06-2022 10:01:57]: (INFO) => invalid id: 202-15-4205
[16-06-2022 10:01:58]: (INFO) => invalid id: 203-15-4205
[16-06-2022 10:01:59]: (INFO) => invalid id: 211-15-4205
[16-06-2022 10:02:00]: (INFO) => valid id: 212-15-4205
[16-06-2022 10:02:00]: (INFO) => invalid id: 213-15-4205
[16-06-2022 10:02:02]: (INFO) => invalid id: 221-15-4205
[16-06-2022 10:02:04]: (INFO) => invalid id: 222-15-4205
[16-06-2022 10:02:19]: (INFO) => invalid id: 223-15-4205
[16-06-2022 10:02:20]: (INFO) => invalid id: 141-15-4206
[16-06-2022 10:02:20]: (INFO) => valid id: 142-15-4206
[16-06-2022 10:02:21]: (INFO) => invalid id: 143-15-4206
[16-06-2022 10:02:23]: (INFO) => invalid id: 151-15-4206
[16-06-2022 10:02:24]: (INFO) => invalid id: 152-15-4206
[16-06-2022 10:02:24]: (INFO) => invalid id: 153-15-4206
[16-06-2022 10:02:25]: (INFO) => invalid id: 161-15-4206
[16-06-2022 10:02:25]: (INFO) => invalid id: 162-15-4206
[16-06-2022 10:02:26]: (INFO) => invalid id: 163-15-4206
[16-06-2022 10:02:27]: (INFO) => invalid id: 171-15-4206
[16-06-2022 10:02:27]: (INFO) => invalid id: 172-15-4206
[16-06-2022 10:02:28]: (INFO) => invalid id: 173-15-4206
[16-06-2022 10:02:28]: (INFO) => invalid id: 181-15-4206
[16-06-2022 10:02:29]: (INFO) => invalid id: 182-15-4206
[16-06-2022 10:02:31]: (INFO) => invalid id: 183-15-4206
[16-06-2022 10:02:33]: (INFO) => invalid id: 191-15-4206
[16-06-2022 10:02:40]: (INFO) => invalid id: 192-15-4206
[16-06-2022 10:02:42]: (INFO) => invalid id: 193-15-4206
[16-06-2022 10:02:44]: (INFO) => invalid id: 201-15-4206
[16-06-2022 10:02:47]: (INFO) => invalid id: 202-15-4206
[16-06-2022 10:02:49]: (INFO) => invalid id: 203-15-4206
[16-06-2022 10:02:52]: (INFO) => invalid id: 211-15-4206
[16-06-2022 10:02:58]: (INFO) => valid id: 212-15-4206
[16-06-2022 10:03:01]: (INFO) => invalid id: 213-15-4206
[16-06-2022 10:03:02]: (INFO) => invalid id: 221-15-4206
[16-06-2022 10:03:03]: (INFO) => invalid id: 222-15-4206
[16-06-2022 10:03:04]: (INFO) => invalid id: 223-15-4206
[16-06-2022 10:03:05]: (INFO) => invalid id: 141-15-4207
[16-06-2022 10:03:06]: (INFO) => valid id: 142-15-4207
[16-06-2022 10:03:07]: (INFO) => invalid id: 143-15-4207
[16-06-2022 10:03:07]: (INFO) => invalid id: 151-15-4207
[16-06-2022 10:03:08]: (INFO) => invalid id: 152-15-4207
[16-06-2022 10:03:08]: (INFO) => invalid id: 153-15-4207
[16-06-2022 10:03:09]: (INFO) => invalid id: 161-15-4207
[16-06-2022 10:03:10]: (INFO) => invalid id: 162-15-4207
[16-06-2022 10:03:10]: (INFO) => invalid id: 163-15-4207
[16-06-2022 10:03:11]: (INFO) => invalid id: 171-15-4207
[16-06-2022 10:03:12]: (INFO) => invalid id: 172-15-4207
[16-06-2022 10:03:12]: (INFO) => invalid id: 173-15-4207
[16-06-2022 10:03:13]: (INFO) => invalid id: 181-15-4207
[16-06-2022 10:03:14]: (INFO) => invalid id: 182-15-4207
[16-06-2022 10:03:14]: (INFO) => invalid id: 183-15-4207
[16-06-2022 10:03:15]: (INFO) => invalid id: 191-15-4207
[16-06-2022 10:03:16]: (INFO) => invalid id: 192-15-4207
[16-06-2022 10:03:17]: (INFO) => invalid id: 193-15-4207
[16-06-2022 10:03:17]: (INFO) => invalid id: 201-15-4207
[16-06-2022 10:03:18]: (INFO) => invalid id: 202-15-4207
[16-06-2022 10:03:19]: (INFO) => invalid id: 203-15-4207
[16-06-2022 10:03:20]: (INFO) => invalid id: 211-15-4207
[16-06-2022 10:03:20]: (INFO) => valid id: 212-15-4207
[16-06-2022 10:03:21]: (INFO) => invalid id: 213-15-4207
[16-06-2022 10:03:21]: (INFO) => invalid id: 221-15-4207
[16-06-2022 10:03:23]: (INFO) => invalid id: 222-15-4207
[16-06-2022 10:03:23]: (INFO) => invalid id: 223-15-4207
[16-06-2022 10:03:32]: (INFO) => invalid id: 141-15-4208
[16-06-2022 10:03:35]: (INFO) => valid id: 142-15-4208
[16-06-2022 10:03:36]: (INFO) => invalid id: 143-15-4208
[16-06-2022 10:03:37]: (INFO) => invalid id: 151-15-4208
[16-06-2022 10:03:38]: (INFO) => invalid id: 152-15-4208
[16-06-2022 10:03:39]: (INFO) => invalid id: 153-15-4208
[16-06-2022 10:03:40]: (INFO) => invalid id: 161-15-4208
[16-06-2022 10:03:41]: (INFO) => invalid id: 162-15-4208
[16-06-2022 10:03:42]: (INFO) => invalid id: 163-15-4208
[16-06-2022 10:03:43]: (INFO) => invalid id: 171-15-4208
[16-06-2022 10:03:45]: (INFO) => invalid id: 172-15-4208
[16-06-2022 10:03:46]: (INFO) => invalid id: 173-15-4208
[16-06-2022 10:03:46]: (INFO) => invalid id: 181-15-4208
[16-06-2022 10:03:48]: (INFO) => invalid id: 182-15-4208
[16-06-2022 10:03:48]: (INFO) => invalid id: 183-15-4208
[16-06-2022 10:03:49]: (INFO) => invalid id: 191-15-4208
[16-06-2022 10:03:49]: (INFO) => invalid id: 192-15-4208
[16-06-2022 10:03:50]: (INFO) => invalid id: 193-15-4208
[16-06-2022 10:03:51]: (INFO) => invalid id: 201-15-4208
[16-06-2022 10:03:51]: (INFO) => invalid id: 202-15-4208
[16-06-2022 10:03:52]: (INFO) => invalid id: 203-15-4208
[16-06-2022 10:03:53]: (INFO) => invalid id: 211-15-4208
[16-06-2022 10:03:53]: (INFO) => valid id: 212-15-4208
[16-06-2022 10:03:54]: (INFO) => invalid id: 213-15-4208
[16-06-2022 10:03:55]: (INFO) => invalid id: 221-15-4208
[16-06-2022 10:03:55]: (INFO) => invalid id: 222-15-4208
[16-06-2022 10:03:56]: (INFO) => invalid id: 223-15-4208
[16-06-2022 10:03:57]: (INFO) => invalid id: 141-15-4209
[16-06-2022 10:03:58]: (INFO) => valid id: 142-15-4209
[16-06-2022 10:03:58]: (INFO) => invalid id: 143-15-4209
[16-06-2022 10:03:59]: (INFO) => invalid id: 151-15-4209
[16-06-2022 10:04:00]: (INFO) => invalid id: 152-15-4209
[16-06-2022 10:04:00]: (INFO) => invalid id: 153-15-4209
[16-06-2022 10:04:01]: (INFO) => invalid id: 161-15-4209
[16-06-2022 10:04:02]: (INFO) => invalid id: 162-15-4209
[16-06-2022 10:04:02]: (INFO) => invalid id: 163-15-4209
[16-06-2022 10:04:03]: (INFO) => invalid id: 171-15-4209
[16-06-2022 10:04:04]: (INFO) => invalid id: 172-15-4209
[16-06-2022 10:04:04]: (INFO) => invalid id: 173-15-4209
[16-06-2022 10:04:05]: (INFO) => invalid id: 181-15-4209
[16-06-2022 10:04:06]: (INFO) => invalid id: 182-15-4209
[16-06-2022 10:04:06]: (INFO) => invalid id: 183-15-4209
[16-06-2022 10:04:07]: (INFO) => invalid id: 191-15-4209
[16-06-2022 10:04:08]: (INFO) => invalid id: 192-15-4209
[16-06-2022 10:04:08]: (INFO) => invalid id: 193-15-4209
[16-06-2022 10:04:09]: (INFO) => invalid id: 201-15-4209
[16-06-2022 10:04:09]: (INFO) => invalid id: 202-15-4209
[16-06-2022 10:04:10]: (INFO) => invalid id: 203-15-4209
[16-06-2022 10:04:11]: (INFO) => invalid id: 211-15-4209
[16-06-2022 10:04:11]: (INFO) => valid id: 212-15-4209
[16-06-2022 10:04:12]: (INFO) => invalid id: 213-15-4209
[16-06-2022 10:04:13]: (INFO) => invalid id: 221-15-4209
[16-06-2022 10:04:13]: (INFO) => invalid id: 222-15-4209
[16-06-2022 10:04:14]: (INFO) => invalid id: 223-15-4209
[16-06-2022 10:04:15]: (INFO) => invalid id: 141-15-4210
[16-06-2022 10:04:15]: (INFO) => valid id: 142-15-4210
[16-06-2022 10:04:16]: (INFO) => invalid id: 143-15-4210
[16-06-2022 10:04:17]: (INFO) => invalid id: 151-15-4210
[16-06-2022 10:04:18]: (INFO) => invalid id: 152-15-4210
[16-06-2022 10:04:20]: (INFO) => invalid id: 153-15-4210
[16-06-2022 10:04:23]: (INFO) => invalid id: 161-15-4210
[16-06-2022 10:04:30]: (INFO) => invalid id: 162-15-4210
[16-06-2022 10:04:31]: (INFO) => invalid id: 163-15-4210
[16-06-2022 10:04:32]: (INFO) => invalid id: 171-15-4210
[16-06-2022 10:04:33]: (INFO) => invalid id: 172-15-4210
[16-06-2022 10:04:34]: (INFO) => invalid id: 173-15-4210
[16-06-2022 10:04:37]: (INFO) => invalid id: 181-15-4210
[16-06-2022 10:04:39]: (INFO) => invalid id: 182-15-4210
[16-06-2022 10:04:40]: (INFO) => invalid id: 183-15-4210
[16-06-2022 10:04:42]: (INFO) => invalid id: 191-15-4210
[16-06-2022 10:04:46]: (INFO) => invalid id: 192-15-4210
[16-06-2022 10:04:47]: (INFO) => invalid id: 193-15-4210
[16-06-2022 10:04:56]: (INFO) => invalid id: 201-15-4210
[16-06-2022 10:04:56]: (INFO) => invalid id: 202-15-4210
[16-06-2022 10:04:57]: (INFO) => invalid id: 203-15-4210
[16-06-2022 10:04:57]: (INFO) => invalid id: 211-15-4210
[16-06-2022 10:05:03]: (INFO) => valid id: 212-15-4210
[16-06-2022 10:05:09]: (INFO) => invalid id: 213-15-4210
[16-06-2022 10:05:09]: (INFO) => invalid id: 221-15-4210
[16-06-2022 10:05:10]: (INFO) => invalid id: 222-15-4210
[16-06-2022 10:05:11]: (INFO) => invalid id: 223-15-4210
[16-06-2022 10:05:12]: (INFO) => invalid id: 141-15-4211
[16-06-2022 10:05:13]: (INFO) => valid id: 142-15-4211
[16-06-2022 10:05:14]: (INFO) => invalid id: 143-15-4211
[16-06-2022 10:05:14]: (INFO) => invalid id: 151-15-4211
[16-06-2022 10:05:15]: (INFO) => invalid id: 152-15-4211
[16-06-2022 10:05:16]: (INFO) => invalid id: 153-15-4211
[16-06-2022 10:05:16]: (INFO) => invalid id: 161-15-4211
[16-06-2022 10:05:17]: (INFO) => invalid id: 162-15-4211
[16-06-2022 10:05:21]: (INFO) => invalid id: 163-15-4211
[16-06-2022 10:05:22]: (INFO) => invalid id: 171-15-4211
[16-06-2022 10:05:23]: (INFO) => invalid id: 172-15-4211
[16-06-2022 10:05:24]: (INFO) => invalid id: 173-15-4211
[16-06-2022 10:05:24]: (INFO) => invalid id: 181-15-4211
[16-06-2022 10:05:25]: (INFO) => invalid id: 182-15-4211
[16-06-2022 10:05:26]: (INFO) => invalid id: 183-15-4211
[16-06-2022 10:05:28]: (INFO) => invalid id: 191-15-4211
[16-06-2022 10:05:33]: (INFO) => invalid id: 192-15-4211
[16-06-2022 10:05:34]: (INFO) => invalid id: 193-15-4211
[16-06-2022 10:05:34]: (INFO) => invalid id: 201-15-4211
[16-06-2022 10:05:35]: (INFO) => invalid id: 202-15-4211
[16-06-2022 10:05:36]: (INFO) => invalid id: 203-15-4211
[16-06-2022 10:05:37]: (INFO) => invalid id: 211-15-4211
[16-06-2022 10:05:37]: (INFO) => valid id: 212-15-4211
[16-06-2022 10:05:38]: (INFO) => invalid id: 213-15-4211
[16-06-2022 10:05:39]: (INFO) => invalid id: 221-15-4211
[16-06-2022 10:05:39]: (INFO) => invalid id: 222-15-4211
[16-06-2022 10:05:40]: (INFO) => invalid id: 223-15-4211
[16-06-2022 10:05:41]: (INFO) => invalid id: 141-15-4212
[16-06-2022 10:05:42]: (INFO) => valid id: 142-15-4212
[16-06-2022 10:05:43]: (INFO) => invalid id: 143-15-4212
[16-06-2022 10:05:44]: (INFO) => invalid id: 151-15-4212
[16-06-2022 10:05:45]: (INFO) => invalid id: 152-15-4212
[16-06-2022 10:05:45]: (INFO) => invalid id: 153-15-4212
[16-06-2022 10:05:46]: (INFO) => invalid id: 161-15-4212
[16-06-2022 10:05:47]: (INFO) => invalid id: 162-15-4212
[16-06-2022 10:05:48]: (INFO) => invalid id: 163-15-4212
[16-06-2022 10:05:49]: (INFO) => invalid id: 171-15-4212
[16-06-2022 10:05:50]: (INFO) => invalid id: 172-15-4212
[16-06-2022 10:05:51]: (INFO) => invalid id: 173-15-4212
[16-06-2022 10:05:52]: (INFO) => invalid id: 181-15-4212
[16-06-2022 10:05:54]: (INFO) => invalid id: 182-15-4212
[16-06-2022 10:05:55]: (INFO) => invalid id: 183-15-4212
[16-06-2022 10:05:56]: (INFO) => invalid id: 191-15-4212
[16-06-2022 10:05:57]: (INFO) => invalid id: 192-15-4212
[16-06-2022 10:05:57]: (INFO) => invalid id: 193-15-4212
[16-06-2022 10:05:58]: (INFO) => invalid id: 201-15-4212
[16-06-2022 10:05:59]: (INFO) => invalid id: 202-15-4212
[16-06-2022 10:06:00]: (INFO) => invalid id: 203-15-4212
[16-06-2022 10:06:01]: (INFO) => invalid id: 211-15-4212
[16-06-2022 10:06:02]: (INFO) => valid id: 212-15-4212
[16-06-2022 10:06:03]: (INFO) => invalid id: 213-15-4212
[16-06-2022 10:06:04]: (INFO) => invalid id: 221-15-4212
[16-06-2022 10:06:05]: (INFO) => invalid id: 222-15-4212
[16-06-2022 10:06:14]: (INFO) => invalid id: 223-15-4212
[16-06-2022 10:06:22]: (INFO) => invalid id: 141-15-4213
[16-06-2022 10:06:23]: (INFO) => valid id: 142-15-4213
[16-06-2022 10:06:23]: (INFO) => invalid id: 143-15-4213
[16-06-2022 10:06:27]: (INFO) => invalid id: 151-15-4213
[16-06-2022 10:06:28]: (INFO) => invalid id: 152-15-4213
[16-06-2022 10:06:30]: (INFO) => invalid id: 153-15-4213
[16-06-2022 10:06:32]: (INFO) => invalid id: 161-15-4213
[16-06-2022 10:06:34]: (INFO) => invalid id: 162-15-4213
[16-06-2022 10:06:35]: (INFO) => invalid id: 163-15-4213
[16-06-2022 10:06:38]: (INFO) => invalid id: 171-15-4213
[16-06-2022 10:06:39]: (INFO) => invalid id: 172-15-4213
[16-06-2022 10:06:41]: (INFO) => invalid id: 173-15-4213
[16-06-2022 10:06:43]: (INFO) => invalid id: 181-15-4213
[16-06-2022 10:06:45]: (INFO) => invalid id: 182-15-4213
[16-06-2022 10:06:47]: (INFO) => invalid id: 183-15-4213
[16-06-2022 10:06:47]: (INFO) => invalid id: 191-15-4213
[16-06-2022 10:06:48]: (INFO) => invalid id: 192-15-4213
[16-06-2022 10:06:49]: (INFO) => invalid id: 193-15-4213
[16-06-2022 10:06:50]: (INFO) => invalid id: 201-15-4213
[16-06-2022 10:06:50]: (INFO) => invalid id: 202-15-4213
[16-06-2022 10:06:51]: (INFO) => invalid id: 203-15-4213
[16-06-2022 10:06:52]: (INFO) => invalid id: 211-15-4213
[16-06-2022 10:06:52]: (INFO) => valid id: 212-15-4213
[16-06-2022 10:06:54]: (INFO) => invalid id: 213-15-4213
[16-06-2022 10:06:55]: (INFO) => invalid id: 221-15-4213
[16-06-2022 10:06:56]: (INFO) => invalid id: 222-15-4213
[16-06-2022 10:06:56]: (INFO) => invalid id: 223-15-4213
[16-06-2022 10:06:57]: (INFO) => invalid id: 141-15-4214
[16-06-2022 10:06:58]: (INFO) => valid id: 142-15-4214
[16-06-2022 10:06:59]: (INFO) => invalid id: 143-15-4214
[16-06-2022 10:07:00]: (INFO) => invalid id: 151-15-4214
[16-06-2022 10:07:01]: (INFO) => invalid id: 152-15-4214
[16-06-2022 10:07:02]: (INFO) => invalid id: 153-15-4214
[16-06-2022 10:07:02]: (INFO) => invalid id: 161-15-4214
[16-06-2022 10:07:03]: (INFO) => invalid id: 162-15-4214
[16-06-2022 10:07:03]: (INFO) => invalid id: 163-15-4214
[16-06-2022 10:07:04]: (INFO) => invalid id: 171-15-4214
[16-06-2022 10:07:05]: (INFO) => invalid id: 172-15-4214
[16-06-2022 10:07:06]: (INFO) => invalid id: 173-15-4214
[16-06-2022 10:07:06]: (INFO) => invalid id: 181-15-4214
[16-06-2022 10:07:07]: (INFO) => invalid id: 182-15-4214
[16-06-2022 10:07:09]: (INFO) => invalid id: 183-15-4214
[16-06-2022 10:07:09]: (INFO) => invalid id: 191-15-4214
[16-06-2022 10:07:10]: (INFO) => invalid id: 192-15-4214
[16-06-2022 10:07:10]: (INFO) => invalid id: 193-15-4214
[16-06-2022 10:07:11]: (INFO) => invalid id: 201-15-4214
[16-06-2022 10:07:11]: (INFO) => invalid id: 202-15-4214
[16-06-2022 10:07:12]: (INFO) => invalid id: 203-15-4214
[16-06-2022 10:07:13]: (INFO) => invalid id: 211-15-4214
[16-06-2022 10:07:14]: (INFO) => valid id: 212-15-4214
[16-06-2022 10:07:15]: (INFO) => invalid id: 213-15-4214
[16-06-2022 10:07:15]: (INFO) => invalid id: 221-15-4214
[16-06-2022 10:07:16]: (INFO) => invalid id: 222-15-4214
[16-06-2022 10:07:17]: (INFO) => invalid id: 223-15-4214
[16-06-2022 10:07:17]: (INFO) => invalid id: 141-15-4215
[16-06-2022 10:07:18]: (INFO) => valid id: 142-15-4215
[16-06-2022 10:07:19]: (INFO) => invalid id: 143-15-4215
[16-06-2022 10:07:20]: (INFO) => invalid id: 151-15-4215
[16-06-2022 10:07:20]: (INFO) => invalid id: 152-15-4215
[16-06-2022 10:07:21]: (INFO) => invalid id: 153-15-4215
[16-06-2022 10:07:22]: (INFO) => invalid id: 161-15-4215
[16-06-2022 10:07:23]: (INFO) => invalid id: 162-15-4215
[16-06-2022 10:07:24]: (INFO) => invalid id: 163-15-4215
[16-06-2022 10:07:25]: (INFO) => invalid id: 171-15-4215
[16-06-2022 10:07:26]: (INFO) => invalid id: 172-15-4215
[16-06-2022 10:07:26]: (INFO) => invalid id: 173-15-4215
[16-06-2022 10:07:27]: (INFO) => invalid id: 181-15-4215
[16-06-2022 10:07:28]: (INFO) => invalid id: 182-15-4215
[16-06-2022 10:07:29]: (INFO) => invalid id: 183-15-4215
[16-06-2022 10:07:30]: (INFO) => invalid id: 191-15-4215
[16-06-2022 10:07:30]: (INFO) => invalid id: 192-15-4215
[16-06-2022 10:07:31]: (INFO) => invalid id: 193-15-4215
[16-06-2022 10:07:32]: (INFO) => invalid id: 201-15-4215
[16-06-2022 10:07:32]: (INFO) => invalid id: 202-15-4215
[16-06-2022 10:07:33]: (INFO) => invalid id: 203-15-4215
[16-06-2022 10:07:34]: (INFO) => invalid id: 211-15-4215
[16-06-2022 10:07:35]: (INFO) => valid id: 212-15-4215
[16-06-2022 10:07:35]: (INFO) => invalid id: 213-15-4215
[16-06-2022 10:07:36]: (INFO) => invalid id: 221-15-4215
[16-06-2022 10:07:37]: (INFO) => invalid id: 222-15-4215
[16-06-2022 10:07:37]: (INFO) => invalid id: 223-15-4215
[16-06-2022 10:07:38]: (INFO) => invalid id: 141-15-4216
[16-06-2022 10:07:39]: (INFO) => valid id: 142-15-4216
[16-06-2022 10:07:39]: (INFO) => invalid id: 143-15-4216
[16-06-2022 10:07:41]: (INFO) => invalid id: 151-15-4216
[16-06-2022 10:07:42]: (INFO) => invalid id: 152-15-4216
[16-06-2022 10:07:42]: (INFO) => invalid id: 153-15-4216
[16-06-2022 10:07:43]: (INFO) => invalid id: 161-15-4216
[16-06-2022 10:07:44]: (INFO) => invalid id: 162-15-4216
[16-06-2022 10:07:45]: (INFO) => invalid id: 163-15-4216
[16-06-2022 10:07:45]: (INFO) => invalid id: 171-15-4216
[16-06-2022 10:07:46]: (INFO) => invalid id: 172-15-4216
[16-06-2022 10:07:46]: (INFO) => invalid id: 173-15-4216
[16-06-2022 10:07:47]: (INFO) => invalid id: 181-15-4216
[16-06-2022 10:07:47]: (INFO) => invalid id: 182-15-4216
[16-06-2022 10:07:49]: (INFO) => invalid id: 183-15-4216
[16-06-2022 10:07:50]: (INFO) => invalid id: 191-15-4216
[16-06-2022 10:07:50]: (INFO) => invalid id: 192-15-4216
[16-06-2022 10:07:51]: (INFO) => invalid id: 193-15-4216
[16-06-2022 10:07:51]: (INFO) => invalid id: 201-15-4216
[16-06-2022 10:07:52]: (INFO) => invalid id: 202-15-4216
[16-06-2022 10:07:53]: (INFO) => invalid id: 203-15-4216
[16-06-2022 10:07:54]: (INFO) => invalid id: 211-15-4216
[16-06-2022 10:07:55]: (INFO) => valid id: 212-15-4216
[16-06-2022 10:07:55]: (INFO) => invalid id: 213-15-4216
[16-06-2022 10:07:56]: (INFO) => invalid id: 221-15-4216
[16-06-2022 10:07:57]: (INFO) => invalid id: 222-15-4216
[16-06-2022 10:07:58]: (INFO) => invalid id: 223-15-4216
[16-06-2022 10:07:59]: (INFO) => invalid id: 141-15-4217
[16-06-2022 10:08:00]: (INFO) => valid id: 142-15-4217
[16-06-2022 10:08:01]: (INFO) => invalid id: 143-15-4217
[16-06-2022 10:08:01]: (INFO) => invalid id: 151-15-4217
[16-06-2022 10:08:10]: (INFO) => invalid id: 152-15-4217
[16-06-2022 10:08:11]: (INFO) => invalid id: 153-15-4217
[16-06-2022 10:08:12]: (INFO) => invalid id: 161-15-4217
[16-06-2022 10:08:13]: (INFO) => invalid id: 162-15-4217
[16-06-2022 10:08:14]: (INFO) => invalid id: 163-15-4217
[16-06-2022 10:08:14]: (INFO) => invalid id: 171-15-4217
[16-06-2022 10:08:15]: (INFO) => invalid id: 172-15-4217
[16-06-2022 10:08:16]: (INFO) => invalid id: 173-15-4217
[16-06-2022 10:08:22]: (INFO) => invalid id: 181-15-4217
[16-06-2022 10:08:23]: (INFO) => invalid id: 182-15-4217
[16-06-2022 10:08:23]: (INFO) => invalid id: 183-15-4217
[16-06-2022 10:08:24]: (INFO) => invalid id: 191-15-4217
[16-06-2022 10:08:25]: (INFO) => invalid id: 192-15-4217
[16-06-2022 10:08:26]: (INFO) => invalid id: 193-15-4217
[16-06-2022 10:08:27]: (INFO) => invalid id: 201-15-4217
[16-06-2022 10:08:28]: (INFO) => invalid id: 202-15-4217
[16-06-2022 10:08:29]: (INFO) => invalid id: 203-15-4217
[16-06-2022 10:08:29]: (INFO) => invalid id: 211-15-4217
[16-06-2022 10:08:30]: (INFO) => valid id: 212-15-4217
[16-06-2022 10:08:30]: (INFO) => invalid id: 213-15-4217
[16-06-2022 10:08:31]: (INFO) => invalid id: 221-15-4217
[16-06-2022 10:08:32]: (INFO) => invalid id: 222-15-4217
[16-06-2022 10:08:33]: (INFO) => invalid id: 223-15-4217
[16-06-2022 10:08:33]: (INFO) => invalid id: 141-15-4218
[16-06-2022 10:08:34]: (INFO) => valid id: 142-15-4218
[16-06-2022 10:08:34]: (INFO) => invalid id: 143-15-4218
[16-06-2022 10:08:35]: (INFO) => invalid id: 151-15-4218
[16-06-2022 10:08:37]: (INFO) => invalid id: 152-15-4218
[16-06-2022 10:08:37]: (INFO) => invalid id: 153-15-4218
[16-06-2022 10:08:38]: (INFO) => invalid id: 161-15-4218
[16-06-2022 10:08:38]: (INFO) => invalid id: 162-15-4218
[16-06-2022 10:08:39]: (INFO) => invalid id: 163-15-4218
[16-06-2022 10:08:40]: (INFO) => invalid id: 171-15-4218
[16-06-2022 10:08:40]: (INFO) => invalid id: 172-15-4218
[16-06-2022 10:08:41]: (INFO) => invalid id: 173-15-4218
[16-06-2022 10:08:43]: (INFO) => invalid id: 181-15-4218
[16-06-2022 10:08:44]: (INFO) => invalid id: 182-15-4218
[16-06-2022 10:08:44]: (INFO) => invalid id: 183-15-4218
[16-06-2022 10:08:45]: (INFO) => invalid id: 191-15-4218
[16-06-2022 10:08:46]: (INFO) => invalid id: 192-15-4218
[16-06-2022 10:08:46]: (INFO) => invalid id: 193-15-4218
[16-06-2022 10:08:47]: (INFO) => invalid id: 201-15-4218
[16-06-2022 10:08:47]: (INFO) => invalid id: 202-15-4218
[16-06-2022 10:08:48]: (INFO) => invalid id: 203-15-4218
[16-06-2022 10:08:49]: (INFO) => invalid id: 211-15-4218
[16-06-2022 10:08:49]: (INFO) => valid id: 212-15-4218
[16-06-2022 10:08:50]: (INFO) => invalid id: 213-15-4218
[16-06-2022 10:08:51]: (INFO) => invalid id: 221-15-4218
[16-06-2022 10:08:51]: (INFO) => invalid id: 222-15-4218
[16-06-2022 10:08:52]: (INFO) => invalid id: 223-15-4218
[16-06-2022 10:08:52]: (INFO) => invalid id: 141-15-4219
[16-06-2022 10:08:53]: (INFO) => invalid id: 142-15-4219
[16-06-2022 10:08:53]: (INFO) => valid id: 143-15-4219
[16-06-2022 10:08:54]: (INFO) => invalid id: 151-15-4219
[16-06-2022 10:08:55]: (INFO) => invalid id: 152-15-4219
[16-06-2022 10:08:56]: (INFO) => invalid id: 153-15-4219
[16-06-2022 10:08:56]: (INFO) => invalid id: 161-15-4219
[16-06-2022 10:08:57]: (INFO) => invalid id: 162-15-4219
[16-06-2022 10:08:58]: (INFO) => invalid id: 163-15-4219
[16-06-2022 10:08:58]: (INFO) => invalid id: 171-15-4219
[16-06-2022 10:08:59]: (INFO) => invalid id: 172-15-4219
[16-06-2022 10:09:04]: (INFO) => invalid id: 173-15-4219
[16-06-2022 10:09:05]: (INFO) => invalid id: 181-15-4219
[16-06-2022 10:09:06]: (INFO) => invalid id: 182-15-4219
[16-06-2022 10:09:06]: (INFO) => invalid id: 183-15-4219
[16-06-2022 10:09:07]: (INFO) => invalid id: 191-15-4219
[16-06-2022 10:09:08]: (INFO) => invalid id: 192-15-4219
[16-06-2022 10:09:09]: (INFO) => invalid id: 193-15-4219
[16-06-2022 10:09:10]: (INFO) => invalid id: 201-15-4219
[16-06-2022 10:09:11]: (INFO) => invalid id: 202-15-4219
[16-06-2022 10:09:11]: (INFO) => invalid id: 203-15-4219
[16-06-2022 10:09:12]: (INFO) => invalid id: 211-15-4219
[16-06-2022 10:09:13]: (INFO) => valid id: 212-15-4219
[16-06-2022 10:09:13]: (INFO) => invalid id: 213-15-4219
[16-06-2022 10:09:14]: (INFO) => invalid id: 221-15-4219
[16-06-2022 10:09:14]: (INFO) => invalid id: 222-15-4219
[16-06-2022 10:09:15]: (INFO) => invalid id: 223-15-4219
[16-06-2022 10:09:16]: (INFO) => invalid id: 141-15-4220
[16-06-2022 10:09:16]: (INFO) => invalid id: 142-15-4220
[16-06-2022 10:09:22]: (INFO) => valid id: 143-15-4220
[16-06-2022 10:09:22]: (INFO) => invalid id: 151-15-4220
[16-06-2022 10:09:23]: (INFO) => invalid id: 152-15-4220
[16-06-2022 10:09:24]: (INFO) => invalid id: 153-15-4220
[16-06-2022 10:09:24]: (INFO) => invalid id: 161-15-4220
[16-06-2022 10:09:30]: (INFO) => invalid id: 162-15-4220
[16-06-2022 10:09:32]: (INFO) => invalid id: 163-15-4220
[16-06-2022 10:09:33]: (INFO) => invalid id: 171-15-4220
[16-06-2022 10:09:34]: (INFO) => invalid id: 172-15-4220
[16-06-2022 10:09:35]: (INFO) => invalid id: 173-15-4220
[16-06-2022 10:09:37]: (INFO) => invalid id: 181-15-4220
[16-06-2022 10:09:38]: (INFO) => invalid id: 182-15-4220
[16-06-2022 10:09:39]: (INFO) => invalid id: 183-15-4220
[16-06-2022 10:09:40]: (INFO) => invalid id: 191-15-4220
[16-06-2022 10:09:41]: (INFO) => invalid id: 192-15-4220
[16-06-2022 10:09:42]: (INFO) => invalid id: 193-15-4220
[16-06-2022 10:09:43]: (INFO) => invalid id: 201-15-4220
[16-06-2022 10:09:45]: (INFO) => invalid id: 202-15-4220
[16-06-2022 10:09:46]: (INFO) => invalid id: 203-15-4220
[16-06-2022 10:09:47]: (INFO) => invalid id: 211-15-4220
[16-06-2022 10:09:48]: (INFO) => valid id: 212-15-4220
[16-06-2022 10:09:49]: (INFO) => invalid id: 213-15-4220
[16-06-2022 10:09:51]: (INFO) => invalid id: 221-15-4220
[16-06-2022 10:09:53]: (INFO) => invalid id: 222-15-4220
[16-06-2022 10:09:54]: (INFO) => invalid id: 223-15-4220
[16-06-2022 10:09:56]: (INFO) => invalid id: 141-15-4221
[16-06-2022 10:10:01]: (INFO) => invalid id: 142-15-4221
[16-06-2022 10:10:03]: (INFO) => valid id: 143-15-4221
[16-06-2022 10:10:06]: (INFO) => invalid id: 151-15-4221
[16-06-2022 10:10:08]: (INFO) => invalid id: 152-15-4221
[16-06-2022 10:10:09]: (INFO) => invalid id: 153-15-4221
[16-06-2022 10:10:10]: (INFO) => invalid id: 161-15-4221
[16-06-2022 10:10:11]: (INFO) => invalid id: 162-15-4221
[16-06-2022 10:10:19]: (INFO) => invalid id: 163-15-4221
[16-06-2022 10:10:21]: (INFO) => invalid id: 171-15-4221
[16-06-2022 10:10:23]: (INFO) => invalid id: 172-15-4221
[16-06-2022 10:10:23]: (INFO) => invalid id: 173-15-4221
[16-06-2022 10:10:24]: (INFO) => invalid id: 181-15-4221
[16-06-2022 10:10:26]: (INFO) => invalid id: 182-15-4221
[16-06-2022 10:10:26]: (INFO) => invalid id: 183-15-4221
[16-06-2022 10:10:28]: (INFO) => invalid id: 191-15-4221
[16-06-2022 10:10:29]: (INFO) => invalid id: 192-15-4221
[16-06-2022 10:10:29]: (INFO) => invalid id: 193-15-4221
[16-06-2022 10:10:30]: (INFO) => invalid id: 201-15-4221
[16-06-2022 10:10:31]: (INFO) => invalid id: 202-15-4221
[16-06-2022 10:10:32]: (INFO) => invalid id: 203-15-4221
[16-06-2022 10:10:33]: (INFO) => invalid id: 211-15-4221
[16-06-2022 10:10:33]: (INFO) => valid id: 212-15-4221
[16-06-2022 10:10:34]: (INFO) => invalid id: 213-15-4221
[16-06-2022 10:10:35]: (INFO) => invalid id: 221-15-4221
[16-06-2022 10:10:36]: (INFO) => invalid id: 222-15-4221
[16-06-2022 10:10:40]: (INFO) => invalid id: 223-15-4221
[16-06-2022 10:10:42]: (INFO) => invalid id: 141-15-4222
[16-06-2022 10:10:46]: (INFO) => invalid id: 142-15-4222
[16-06-2022 10:10:47]: (INFO) => valid id: 143-15-4222
[16-06-2022 10:10:48]: (INFO) => invalid id: 151-15-4222
[16-06-2022 10:10:49]: (INFO) => invalid id: 152-15-4222
[16-06-2022 10:10:50]: (INFO) => invalid id: 153-15-4222
[16-06-2022 10:10:51]: (INFO) => invalid id: 161-15-4222
[16-06-2022 10:10:55]: (INFO) => invalid id: 162-15-4222
[16-06-2022 10:10:57]: (INFO) => invalid id: 163-15-4222
[16-06-2022 10:11:00]: (INFO) => invalid id: 171-15-4222
[16-06-2022 10:11:02]: (INFO) => invalid id: 172-15-4222
[16-06-2022 10:11:03]: (INFO) => invalid id: 173-15-4222
[16-06-2022 10:11:05]: (INFO) => invalid id: 181-15-4222
[16-06-2022 10:11:06]: (INFO) => invalid id: 182-15-4222
[16-06-2022 10:11:07]: (INFO) => invalid id: 183-15-4222
[16-06-2022 10:11:08]: (INFO) => invalid id: 191-15-4222
[16-06-2022 10:11:09]: (INFO) => invalid id: 192-15-4222
[16-06-2022 10:11:10]: (INFO) => invalid id: 193-15-4222
[16-06-2022 10:11:11]: (INFO) => invalid id: 201-15-4222
[16-06-2022 10:11:13]: (INFO) => invalid id: 202-15-4222
[16-06-2022 10:11:15]: (INFO) => invalid id: 203-15-4222
[16-06-2022 10:11:16]: (INFO) => invalid id: 211-15-4222
[16-06-2022 10:11:17]: (INFO) => valid id: 212-15-4222
[16-06-2022 10:11:22]: (INFO) => invalid id: 213-15-4222
[16-06-2022 10:11:23]: (INFO) => invalid id: 221-15-4222
[16-06-2022 10:11:25]: (INFO) => invalid id: 222-15-4222
[16-06-2022 10:11:31]: (INFO) => invalid id: 223-15-4222
[16-06-2022 10:11:33]: (INFO) => invalid id: 141-15-4223
[16-06-2022 10:11:34]: (INFO) => invalid id: 142-15-4223
[16-06-2022 10:11:35]: (INFO) => valid id: 143-15-4223
[16-06-2022 10:11:36]: (INFO) => invalid id: 151-15-4223
[16-06-2022 10:11:38]: (INFO) => invalid id: 152-15-4223
[16-06-2022 10:11:39]: (INFO) => invalid id: 153-15-4223
[16-06-2022 10:11:40]: (INFO) => invalid id: 161-15-4223
[16-06-2022 10:11:42]: (INFO) => invalid id: 162-15-4223
[16-06-2022 10:11:43]: (INFO) => invalid id: 163-15-4223
[16-06-2022 10:11:44]: (INFO) => invalid id: 171-15-4223
[16-06-2022 10:11:45]: (INFO) => invalid id: 172-15-4223
[16-06-2022 10:11:51]: (INFO) => invalid id: 173-15-4223
[16-06-2022 10:11:51]: (INFO) => invalid id: 181-15-4223
[16-06-2022 10:11:52]: (INFO) => invalid id: 182-15-4223
[16-06-2022 10:11:54]: (INFO) => invalid id: 183-15-4223
[16-06-2022 10:12:00]: (INFO) => invalid id: 191-15-4223
[16-06-2022 10:12:01]: (INFO) => invalid id: 192-15-4223
[16-06-2022 10:12:02]: (INFO) => invalid id: 193-15-4223
[16-06-2022 10:12:03]: (INFO) => invalid id: 201-15-4223
[16-06-2022 10:12:05]: (INFO) => invalid id: 202-15-4223
[16-06-2022 10:12:06]: (INFO) => invalid id: 203-15-4223
[16-06-2022 10:12:06]: (INFO) => invalid id: 211-15-4223
[16-06-2022 10:12:07]: (INFO) => valid id: 212-15-4223
[16-06-2022 10:12:08]: (INFO) => invalid id: 213-15-4223
[16-06-2022 10:12:08]: (INFO) => invalid id: 221-15-4223
[16-06-2022 10:12:09]: (INFO) => invalid id: 222-15-4223
[16-06-2022 10:12:10]: (INFO) => invalid id: 223-15-4223
[16-06-2022 10:12:11]: (INFO) => invalid id: 141-15-4224
[16-06-2022 10:12:11]: (INFO) => invalid id: 142-15-4224
[16-06-2022 10:12:13]: (INFO) => valid id: 143-15-4224
[16-06-2022 10:12:15]: (INFO) => invalid id: 151-15-4224
[16-06-2022 10:12:16]: (INFO) => invalid id: 152-15-4224
[16-06-2022 10:12:17]: (INFO) => invalid id: 153-15-4224
[16-06-2022 10:12:18]: (INFO) => invalid id: 161-15-4224
[16-06-2022 10:12:19]: (INFO) => invalid id: 162-15-4224
[16-06-2022 10:12:20]: (INFO) => invalid id: 163-15-4224
[16-06-2022 10:12:22]: (INFO) => invalid id: 171-15-4224
[16-06-2022 10:12:23]: (INFO) => invalid id: 172-15-4224
[16-06-2022 10:12:24]: (INFO) => invalid id: 173-15-4224
[16-06-2022 10:12:24]: (INFO) => invalid id: 181-15-4224
[16-06-2022 10:12:25]: (INFO) => invalid id: 182-15-4224
[16-06-2022 10:12:26]: (INFO) => invalid id: 183-15-4224
[16-06-2022 10:12:31]: (INFO) => invalid id: 191-15-4224
[16-06-2022 10:12:32]: (INFO) => invalid id: 192-15-4224
[16-06-2022 10:12:32]: (INFO) => invalid id: 193-15-4224
[16-06-2022 10:12:33]: (INFO) => invalid id: 201-15-4224
[16-06-2022 10:12:33]: (INFO) => invalid id: 202-15-4224
[16-06-2022 10:12:34]: (INFO) => invalid id: 203-15-4224
[16-06-2022 10:12:35]: (INFO) => invalid id: 211-15-4224
[16-06-2022 10:12:36]: (INFO) => valid id: 212-15-4224
[16-06-2022 10:12:37]: (INFO) => invalid id: 213-15-4224
[16-06-2022 10:12:38]: (INFO) => invalid id: 221-15-4224
[16-06-2022 10:12:39]: (INFO) => invalid id: 222-15-4224
[16-06-2022 10:12:40]: (INFO) => invalid id: 223-15-4224
[16-06-2022 10:12:40]: (INFO) => invalid id: 141-15-4225
[16-06-2022 10:12:43]: (INFO) => invalid id: 142-15-4225
[16-06-2022 10:12:45]: (INFO) => valid id: 143-15-4225
[16-06-2022 10:12:47]: (INFO) => invalid id: 151-15-4225
[16-06-2022 10:12:47]: (INFO) => invalid id: 152-15-4225
[16-06-2022 10:12:48]: (INFO) => invalid id: 153-15-4225
[16-06-2022 10:12:49]: (INFO) => invalid id: 161-15-4225
[16-06-2022 10:12:49]: (INFO) => invalid id: 162-15-4225
[16-06-2022 10:12:50]: (INFO) => invalid id: 163-15-4225
[16-06-2022 10:12:50]: (INFO) => invalid id: 171-15-4225
[16-06-2022 10:12:51]: (INFO) => invalid id: 172-15-4225
[16-06-2022 10:12:52]: (INFO) => invalid id: 173-15-4225
[16-06-2022 10:12:52]: (INFO) => invalid id: 181-15-4225
[16-06-2022 10:12:53]: (INFO) => invalid id: 182-15-4225
[16-06-2022 10:12:54]: (INFO) => invalid id: 183-15-4225
[16-06-2022 10:12:54]: (INFO) => invalid id: 191-15-4225
[16-06-2022 10:12:55]: (INFO) => invalid id: 192-15-4225
[16-06-2022 10:12:56]: (INFO) => invalid id: 193-15-4225
[16-06-2022 10:12:57]: (INFO) => invalid id: 201-15-4225
[16-06-2022 10:12:58]: (INFO) => invalid id: 202-15-4225
[16-06-2022 10:12:58]: (INFO) => invalid id: 203-15-4225
[16-06-2022 10:12:59]: (INFO) => invalid id: 211-15-4225
[16-06-2022 10:12:59]: (INFO) => valid id: 212-15-4225
[16-06-2022 10:13:00]: (INFO) => invalid id: 213-15-4225
[16-06-2022 10:13:02]: (INFO) => invalid id: 221-15-4225
[16-06-2022 10:13:03]: (INFO) => invalid id: 222-15-4225
[16-06-2022 10:13:03]: (INFO) => invalid id: 223-15-4225
[16-06-2022 10:13:04]: (INFO) => invalid id: 141-15-4226
[16-06-2022 10:13:05]: (INFO) => invalid id: 142-15-4226
[16-06-2022 10:13:06]: (INFO) => valid id: 143-15-4226
[16-06-2022 10:13:08]: (INFO) => invalid id: 151-15-4226
[16-06-2022 10:13:08]: (INFO) => invalid id: 152-15-4226
[16-06-2022 10:13:09]: (INFO) => invalid id: 153-15-4226
[16-06-2022 10:13:10]: (INFO) => invalid id: 161-15-4226
[16-06-2022 10:13:10]: (INFO) => invalid id: 162-15-4226
[16-06-2022 10:13:11]: (INFO) => invalid id: 163-15-4226
[16-06-2022 10:13:12]: (INFO) => invalid id: 171-15-4226
[16-06-2022 10:13:12]: (INFO) => invalid id: 172-15-4226
[16-06-2022 10:13:13]: (INFO) => invalid id: 173-15-4226
[16-06-2022 10:13:14]: (INFO) => invalid id: 181-15-4226
[16-06-2022 10:13:14]: (INFO) => invalid id: 182-15-4226
[16-06-2022 10:13:15]: (INFO) => invalid id: 183-15-4226
[16-06-2022 10:13:16]: (INFO) => invalid id: 191-15-4226
[16-06-2022 10:13:17]: (INFO) => invalid id: 192-15-4226
[16-06-2022 10:13:17]: (INFO) => invalid id: 193-15-4226
[16-06-2022 10:13:18]: (INFO) => invalid id: 201-15-4226
[16-06-2022 10:13:19]: (INFO) => invalid id: 202-15-4226
[16-06-2022 10:13:19]: (INFO) => invalid id: 203-15-4226
[16-06-2022 10:13:20]: (INFO) => invalid id: 211-15-4226
[16-06-2022 10:13:20]: (INFO) => valid id: 212-15-4226
[16-06-2022 10:13:21]: (INFO) => invalid id: 213-15-4226
[16-06-2022 10:13:25]: (INFO) => invalid id: 221-15-4226
[16-06-2022 10:13:26]: (INFO) => invalid id: 222-15-4226
[16-06-2022 10:13:27]: (INFO) => invalid id: 223-15-4226
[16-06-2022 10:13:27]: (INFO) => invalid id: 141-15-4227
[16-06-2022 10:13:28]: (INFO) => invalid id: 142-15-4227
[16-06-2022 10:13:29]: (INFO) => valid id: 143-15-4227
[16-06-2022 10:13:29]: (INFO) => invalid id: 151-15-4227
[16-06-2022 10:13:30]: (INFO) => invalid id: 152-15-4227
[16-06-2022 10:13:30]: (INFO) => invalid id: 153-15-4227
[16-06-2022 10:13:32]: (INFO) => invalid id: 161-15-4227
[16-06-2022 10:13:32]: (INFO) => invalid id: 162-15-4227
[16-06-2022 10:13:33]: (INFO) => invalid id: 163-15-4227
[16-06-2022 10:13:34]: (INFO) => invalid id: 171-15-4227
[16-06-2022 10:13:34]: (INFO) => invalid id: 172-15-4227
[16-06-2022 10:13:35]: (INFO) => invalid id: 173-15-4227
[16-06-2022 10:13:35]: (INFO) => invalid id: 181-15-4227
[16-06-2022 10:13:36]: (INFO) => invalid id: 182-15-4227
[16-06-2022 10:13:38]: (INFO) => invalid id: 183-15-4227
[16-06-2022 10:13:40]: (INFO) => invalid id: 191-15-4227
[16-06-2022 10:13:40]: (INFO) => invalid id: 192-15-4227
[16-06-2022 10:13:41]: (INFO) => invalid id: 193-15-4227
[16-06-2022 10:13:42]: (INFO) => invalid id: 201-15-4227
[16-06-2022 10:13:43]: (INFO) => invalid id: 202-15-4227
[16-06-2022 10:13:43]: (INFO) => invalid id: 203-15-4227
[16-06-2022 10:13:44]: (INFO) => invalid id: 211-15-4227
[16-06-2022 10:13:46]: (INFO) => valid id: 212-15-4227
[16-06-2022 10:13:47]: (INFO) => invalid id: 213-15-4227
[16-06-2022 10:13:48]: (INFO) => invalid id: 221-15-4227
[16-06-2022 10:13:49]: (INFO) => invalid id: 222-15-4227
[16-06-2022 10:13:50]: (INFO) => invalid id: 223-15-4227
[16-06-2022 10:13:50]: (INFO) => invalid id: 141-15-4228
[16-06-2022 10:13:51]: (INFO) => invalid id: 142-15-4228
[16-06-2022 10:13:52]: (INFO) => valid id: 143-15-4228
[16-06-2022 10:13:53]: (INFO) => invalid id: 151-15-4228
[16-06-2022 10:13:53]: (INFO) => invalid id: 152-15-4228
[16-06-2022 10:13:54]: (INFO) => invalid id: 153-15-4228
[16-06-2022 10:13:54]: (INFO) => invalid id: 161-15-4228
[16-06-2022 10:13:56]: (INFO) => invalid id: 162-15-4228
[16-06-2022 10:13:56]: (INFO) => invalid id: 163-15-4228
[16-06-2022 10:13:57]: (INFO) => invalid id: 171-15-4228
[16-06-2022 10:13:58]: (INFO) => invalid id: 172-15-4228
[16-06-2022 10:13:59]: (INFO) => invalid id: 173-15-4228
[16-06-2022 10:14:00]: (INFO) => invalid id: 181-15-4228
[16-06-2022 10:14:00]: (INFO) => invalid id: 182-15-4228
[16-06-2022 10:14:01]: (INFO) => invalid id: 183-15-4228
[16-06-2022 10:14:02]: (INFO) => invalid id: 191-15-4228
[16-06-2022 10:14:02]: (INFO) => invalid id: 192-15-4228
[16-06-2022 10:14:03]: (INFO) => invalid id: 193-15-4228
[16-06-2022 10:14:05]: (INFO) => invalid id: 201-15-4228
[16-06-2022 10:14:10]: (INFO) => invalid id: 202-15-4228
[16-06-2022 10:14:11]: (INFO) => invalid id: 203-15-4228
[16-06-2022 10:14:12]: (INFO) => invalid id: 211-15-4228
[16-06-2022 10:14:13]: (INFO) => valid id: 212-15-4228
[16-06-2022 10:14:14]: (INFO) => invalid id: 213-15-4228
[16-06-2022 10:14:14]: (INFO) => invalid id: 221-15-4228
[16-06-2022 10:14:15]: (INFO) => invalid id: 222-15-4228
[16-06-2022 10:14:15]: (INFO) => invalid id: 223-15-4228
[16-06-2022 10:14:16]: (INFO) => invalid id: 141-15-4229
[16-06-2022 10:14:17]: (INFO) => invalid id: 142-15-4229
[16-06-2022 10:14:17]: (INFO) => valid id: 143-15-4229
[16-06-2022 10:14:18]: (INFO) => invalid id: 151-15-4229
[16-06-2022 10:14:18]: (INFO) => invalid id: 152-15-4229
[16-06-2022 10:14:19]: (INFO) => invalid id: 153-15-4229
[16-06-2022 10:14:20]: (INFO) => invalid id: 161-15-4229
[16-06-2022 10:14:20]: (INFO) => invalid id: 162-15-4229
[16-06-2022 10:14:21]: (INFO) => invalid id: 163-15-4229
[16-06-2022 10:14:21]: (INFO) => invalid id: 171-15-4229
[16-06-2022 10:14:22]: (INFO) => invalid id: 172-15-4229
[16-06-2022 10:14:24]: (INFO) => invalid id: 173-15-4229
[16-06-2022 10:14:25]: (INFO) => invalid id: 181-15-4229
[16-06-2022 10:14:26]: (INFO) => invalid id: 182-15-4229
[16-06-2022 10:14:26]: (INFO) => invalid id: 183-15-4229
[16-06-2022 10:14:27]: (INFO) => invalid id: 191-15-4229
[16-06-2022 10:14:28]: (INFO) => invalid id: 192-15-4229
[16-06-2022 10:14:28]: (INFO) => invalid id: 193-15-4229
[16-06-2022 10:14:29]: (INFO) => invalid id: 201-15-4229
[16-06-2022 10:14:30]: (INFO) => invalid id: 202-15-4229
[16-06-2022 10:14:30]: (INFO) => invalid id: 203-15-4229
[16-06-2022 10:14:31]: (INFO) => invalid id: 211-15-4229
[16-06-2022 10:14:32]: (INFO) => valid id: 212-15-4229
[16-06-2022 10:14:32]: (INFO) => invalid id: 213-15-4229
[16-06-2022 10:14:33]: (INFO) => invalid id: 221-15-4229
[16-06-2022 10:14:34]: (INFO) => invalid id: 222-15-4229
[16-06-2022 10:14:34]: (INFO) => invalid id: 223-15-4229
[16-06-2022 10:14:35]: (INFO) => invalid id: 141-15-4230
[16-06-2022 10:14:36]: (INFO) => invalid id: 142-15-4230
[16-06-2022 10:14:36]: (INFO) => valid id: 143-15-4230
[16-06-2022 10:14:38]: (INFO) => invalid id: 151-15-4230
[16-06-2022 10:14:39]: (INFO) => invalid id: 152-15-4230
[16-06-2022 10:14:40]: (INFO) => invalid id: 153-15-4230
[16-06-2022 10:14:40]: (INFO) => invalid id: 161-15-4230
[16-06-2022 10:14:41]: (INFO) => invalid id: 162-15-4230
[16-06-2022 10:14:42]: (INFO) => invalid id: 163-15-4230
[16-06-2022 10:14:42]: (INFO) => invalid id: 171-15-4230
[16-06-2022 10:14:43]: (INFO) => invalid id: 172-15-4230
[16-06-2022 10:14:43]: (INFO) => invalid id: 173-15-4230
[16-06-2022 10:14:44]: (INFO) => invalid id: 181-15-4230
[16-06-2022 10:14:45]: (INFO) => invalid id: 182-15-4230
[16-06-2022 10:14:45]: (INFO) => invalid id: 183-15-4230
[16-06-2022 10:14:46]: (INFO) => invalid id: 191-15-4230
[16-06-2022 10:14:46]: (INFO) => invalid id: 192-15-4230
[16-06-2022 10:14:47]: (INFO) => invalid id: 193-15-4230
[16-06-2022 10:14:48]: (INFO) => invalid id: 201-15-4230
[16-06-2022 10:14:48]: (INFO) => invalid id: 202-15-4230
[16-06-2022 10:14:49]: (INFO) => invalid id: 203-15-4230
[16-06-2022 10:14:49]: (INFO) => invalid id: 211-15-4230
[16-06-2022 10:14:50]: (INFO) => valid id: 212-15-4230
[16-06-2022 10:14:51]: (INFO) => invalid id: 213-15-4230
[16-06-2022 10:14:51]: (INFO) => invalid id: 221-15-4230
[16-06-2022 10:14:52]: (INFO) => invalid id: 222-15-4230
[16-06-2022 10:14:53]: (INFO) => invalid id: 223-15-4230
[16-06-2022 10:14:53]: (INFO) => invalid id: 141-15-4231
[16-06-2022 10:14:54]: (INFO) => invalid id: 142-15-4231
[16-06-2022 10:14:54]: (INFO) => valid id: 143-15-4231
[16-06-2022 10:14:55]: (INFO) => invalid id: 151-15-4231
[16-06-2022 10:14:56]: (INFO) => invalid id: 152-15-4231
[16-06-2022 10:14:57]: (INFO) => invalid id: 153-15-4231
[16-06-2022 10:14:58]: (INFO) => invalid id: 161-15-4231
[16-06-2022 10:15:00]: (INFO) => invalid id: 162-15-4231
[16-06-2022 10:15:00]: (INFO) => invalid id: 163-15-4231
[16-06-2022 10:15:02]: (INFO) => invalid id: 171-15-4231
[16-06-2022 10:15:03]: (INFO) => invalid id: 172-15-4231
[16-06-2022 10:15:04]: (INFO) => invalid id: 173-15-4231
[16-06-2022 10:15:04]: (INFO) => invalid id: 181-15-4231
[16-06-2022 10:15:05]: (INFO) => invalid id: 182-15-4231
[16-06-2022 10:15:06]: (INFO) => invalid id: 183-15-4231
[16-06-2022 10:15:06]: (INFO) => invalid id: 191-15-4231
[16-06-2022 10:15:07]: (INFO) => invalid id: 192-15-4231
[16-06-2022 10:15:09]: (INFO) => invalid id: 193-15-4231
[16-06-2022 10:15:10]: (INFO) => invalid id: 201-15-4231
[16-06-2022 10:15:11]: (INFO) => invalid id: 202-15-4231
[16-06-2022 10:15:12]: (INFO) => invalid id: 203-15-4231
[16-06-2022 10:15:29]: (INFO) => invalid id: 211-15-4231
[16-06-2022 10:15:30]: (INFO) => valid id: 212-15-4231
[16-06-2022 10:15:31]: (INFO) => invalid id: 213-15-4231
[16-06-2022 10:15:33]: (INFO) => invalid id: 221-15-4231
[16-06-2022 10:15:34]: (INFO) => invalid id: 222-15-4231
[16-06-2022 10:15:34]: (INFO) => invalid id: 223-15-4231
[16-06-2022 10:15:35]: (INFO) => invalid id: 141-15-4232
[16-06-2022 10:15:36]: (INFO) => invalid id: 142-15-4232
[16-06-2022 10:15:38]: (INFO) => valid id: 143-15-4232
[16-06-2022 10:15:39]: (INFO) => invalid id: 151-15-4232
[16-06-2022 10:15:42]: (INFO) => invalid id: 152-15-4232
[16-06-2022 10:15:45]: (INFO) => invalid id: 153-15-4232
[16-06-2022 10:15:46]: (INFO) => invalid id: 161-15-4232
[16-06-2022 10:15:47]: (INFO) => invalid id: 162-15-4232
[16-06-2022 10:15:49]: (INFO) => invalid id: 163-15-4232
[16-06-2022 10:15:50]: (INFO) => invalid id: 171-15-4232
[16-06-2022 10:15:50]: (INFO) => invalid id: 172-15-4232
[16-06-2022 10:15:53]: (INFO) => invalid id: 173-15-4232
[16-06-2022 10:15:55]: (INFO) => invalid id: 181-15-4232
[16-06-2022 10:15:55]: (INFO) => invalid id: 182-15-4232
[16-06-2022 10:15:57]: (INFO) => invalid id: 183-15-4232
[16-06-2022 10:15:58]: (INFO) => invalid id: 191-15-4232
[16-06-2022 10:15:59]: (INFO) => invalid id: 192-15-4232
[16-06-2022 10:16:00]: (INFO) => invalid id: 193-15-4232
[16-06-2022 10:16:02]: (INFO) => invalid id: 201-15-4232
[16-06-2022 10:16:06]: (INFO) => invalid id: 202-15-4232
[16-06-2022 10:16:08]: (INFO) => invalid id: 203-15-4232
[16-06-2022 10:16:08]: (INFO) => invalid id: 211-15-4232
[16-06-2022 10:16:09]: (INFO) => valid id: 212-15-4232
[16-06-2022 10:16:10]: (INFO) => invalid id: 213-15-4232
[16-06-2022 10:16:11]: (INFO) => invalid id: 221-15-4232
[16-06-2022 10:16:12]: (INFO) => invalid id: 222-15-4232
[16-06-2022 10:16:13]: (INFO) => invalid id: 223-15-4232
[16-06-2022 10:16:13]: (INFO) => invalid id: 141-15-4233
[16-06-2022 10:16:14]: (INFO) => invalid id: 142-15-4233
[16-06-2022 10:16:15]: (INFO) => valid id: 143-15-4233
[16-06-2022 10:16:15]: (INFO) => invalid id: 151-15-4233
[16-06-2022 10:16:19]: (INFO) => invalid id: 152-15-4233
[16-06-2022 10:16:20]: (INFO) => invalid id: 153-15-4233
[16-06-2022 10:16:20]: (INFO) => invalid id: 161-15-4233
[16-06-2022 10:16:21]: (INFO) => invalid id: 162-15-4233
[16-06-2022 10:16:21]: (INFO) => invalid id: 163-15-4233
[16-06-2022 10:16:22]: (INFO) => invalid id: 171-15-4233
[16-06-2022 10:16:23]: (INFO) => invalid id: 172-15-4233
[16-06-2022 10:16:24]: (INFO) => invalid id: 173-15-4233
[16-06-2022 10:16:26]: (INFO) => invalid id: 181-15-4233
[16-06-2022 10:16:29]: (INFO) => invalid id: 182-15-4233
[16-06-2022 10:16:30]: (INFO) => invalid id: 183-15-4233
[16-06-2022 10:16:36]: (INFO) => invalid id: 191-15-4233
[16-06-2022 10:16:38]: (INFO) => invalid id: 192-15-4233
[16-06-2022 10:16:44]: (INFO) => invalid id: 193-15-4233
[16-06-2022 10:16:45]: (INFO) => invalid id: 201-15-4233
[16-06-2022 10:16:46]: (INFO) => invalid id: 202-15-4233
[16-06-2022 10:16:50]: (INFO) => invalid id: 203-15-4233
[16-06-2022 10:16:52]: (INFO) => invalid id: 211-15-4233
[16-06-2022 10:16:53]: (INFO) => valid id: 212-15-4233
[16-06-2022 10:16:55]: (INFO) => invalid id: 213-15-4233
[16-06-2022 10:16:55]: (INFO) => invalid id: 221-15-4233
[16-06-2022 10:16:56]: (INFO) => invalid id: 222-15-4233
[16-06-2022 10:16:57]: (INFO) => invalid id: 223-15-4233
[16-06-2022 10:16:58]: (INFO) => invalid id: 141-15-4234
[16-06-2022 10:16:59]: (INFO) => invalid id: 142-15-4234
[16-06-2022 10:17:00]: (INFO) => valid id: 143-15-4234
[16-06-2022 10:17:00]: (INFO) => invalid id: 151-15-4234
[16-06-2022 10:17:01]: (INFO) => invalid id: 152-15-4234
[16-06-2022 10:17:02]: (INFO) => invalid id: 153-15-4234
[16-06-2022 10:17:02]: (INFO) => invalid id: 161-15-4234
[16-06-2022 10:17:03]: (INFO) => invalid id: 162-15-4234
[16-06-2022 10:17:04]: (INFO) => invalid id: 163-15-4234
[16-06-2022 10:17:04]: (INFO) => invalid id: 171-15-4234
[16-06-2022 10:17:05]: (INFO) => invalid id: 172-15-4234
[16-06-2022 10:17:05]: (INFO) => invalid id: 173-15-4234
[16-06-2022 10:17:06]: (INFO) => invalid id: 181-15-4234
[16-06-2022 10:17:06]: (INFO) => invalid id: 182-15-4234
[16-06-2022 10:17:07]: (INFO) => invalid id: 183-15-4234
[16-06-2022 10:17:08]: (INFO) => invalid id: 191-15-4234
[16-06-2022 10:17:08]: (INFO) => invalid id: 192-15-4234
[16-06-2022 10:17:09]: (INFO) => invalid id: 193-15-4234
[16-06-2022 10:17:09]: (INFO) => invalid id: 201-15-4234
[16-06-2022 10:17:11]: (INFO) => invalid id: 202-15-4234
[16-06-2022 10:17:12]: (INFO) => invalid id: 203-15-4234
[16-06-2022 10:17:15]: (INFO) => invalid id: 211-15-4234
[16-06-2022 10:17:15]: (INFO) => valid id: 212-15-4234
[16-06-2022 10:17:16]: (INFO) => invalid id: 213-15-4234
[16-06-2022 10:17:16]: (INFO) => invalid id: 221-15-4234
[16-06-2022 10:17:19]: (INFO) => invalid id: 222-15-4234
[16-06-2022 10:17:20]: (INFO) => invalid id: 223-15-4234
[16-06-2022 10:17:20]: (INFO) => invalid id: 141-15-4235
[16-06-2022 10:17:22]: (INFO) => invalid id: 142-15-4235
[16-06-2022 10:17:24]: (INFO) => valid id: 143-15-4235
[16-06-2022 10:17:27]: (INFO) => invalid id: 151-15-4235
[16-06-2022 10:17:28]: (INFO) => invalid id: 152-15-4235
[16-06-2022 10:17:30]: (INFO) => invalid id: 153-15-4235
[16-06-2022 10:17:37]: (INFO) => invalid id: 161-15-4235
[16-06-2022 10:17:37]: (INFO) => invalid id: 162-15-4235
[16-06-2022 10:17:38]: (INFO) => invalid id: 163-15-4235
[16-06-2022 10:17:39]: (INFO) => invalid id: 171-15-4235
[16-06-2022 10:17:40]: (INFO) => invalid id: 172-15-4235
[16-06-2022 10:17:40]: (INFO) => invalid id: 173-15-4235
[16-06-2022 10:17:41]: (INFO) => invalid id: 181-15-4235
[16-06-2022 10:17:44]: (INFO) => invalid id: 182-15-4235
[16-06-2022 10:17:44]: (INFO) => invalid id: 183-15-4235
[16-06-2022 10:17:45]: (INFO) => invalid id: 191-15-4235
[16-06-2022 10:17:46]: (INFO) => invalid id: 192-15-4235
[16-06-2022 10:17:47]: (INFO) => invalid id: 193-15-4235
[16-06-2022 10:17:54]: (INFO) => invalid id: 201-15-4235
[16-06-2022 10:17:56]: (INFO) => invalid id: 202-15-4235
[16-06-2022 10:17:57]: (INFO) => invalid id: 203-15-4235
[16-06-2022 10:17:58]: (INFO) => invalid id: 211-15-4235
[16-06-2022 10:17:58]: (INFO) => valid id: 212-15-4235
[16-06-2022 10:18:00]: (INFO) => invalid id: 213-15-4235
[16-06-2022 10:18:02]: (INFO) => invalid id: 221-15-4235
[16-06-2022 10:18:03]: (INFO) => invalid id: 222-15-4235
[16-06-2022 10:18:04]: (INFO) => invalid id: 223-15-4235
[16-06-2022 10:18:05]: (INFO) => invalid id: 141-15-4236
[16-06-2022 10:18:06]: (INFO) => invalid id: 142-15-4236
[16-06-2022 10:18:07]: (INFO) => valid id: 143-15-4236
[16-06-2022 10:18:08]: (INFO) => invalid id: 151-15-4236
[16-06-2022 10:18:09]: (INFO) => invalid id: 152-15-4236
[16-06-2022 10:18:10]: (INFO) => invalid id: 153-15-4236
[16-06-2022 10:18:11]: (INFO) => invalid id: 161-15-4236
[16-06-2022 10:18:12]: (INFO) => invalid id: 162-15-4236
[16-06-2022 10:18:12]: (INFO) => invalid id: 163-15-4236
[16-06-2022 10:18:13]: (INFO) => invalid id: 171-15-4236
[16-06-2022 10:18:14]: (INFO) => invalid id: 172-15-4236
[16-06-2022 10:18:14]: (INFO) => invalid id: 173-15-4236
[16-06-2022 10:18:15]: (INFO) => invalid id: 181-15-4236
[16-06-2022 10:18:22]: (INFO) => invalid id: 182-15-4236
[16-06-2022 10:18:24]: (INFO) => invalid id: 183-15-4236
[16-06-2022 10:18:25]: (INFO) => invalid id: 191-15-4236
[16-06-2022 10:18:25]: (INFO) => invalid id: 192-15-4236
[16-06-2022 10:18:27]: (INFO) => invalid id: 193-15-4236
[16-06-2022 10:18:28]: (INFO) => invalid id: 201-15-4236
[16-06-2022 10:18:29]: (INFO) => invalid id: 202-15-4236
[16-06-2022 10:18:30]: (INFO) => invalid id: 203-15-4236
[16-06-2022 10:18:30]: (INFO) => invalid id: 211-15-4236
[16-06-2022 10:18:31]: (INFO) => valid id: 212-15-4236
[16-06-2022 10:18:32]: (INFO) => invalid id: 213-15-4236
[16-06-2022 10:18:33]: (INFO) => invalid id: 221-15-4236
[16-06-2022 10:18:39]: (INFO) => invalid id: 222-15-4236
[16-06-2022 10:18:40]: (INFO) => invalid id: 223-15-4236
[16-06-2022 10:18:40]: (INFO) => invalid id: 141-15-4237
[16-06-2022 10:18:41]: (INFO) => invalid id: 142-15-4237
[16-06-2022 10:18:42]: (INFO) => valid id: 143-15-4237
[16-06-2022 10:18:43]: (INFO) => invalid id: 151-15-4237
[16-06-2022 10:18:44]: (INFO) => invalid id: 152-15-4237
[16-06-2022 10:18:45]: (INFO) => invalid id: 153-15-4237
[16-06-2022 10:18:52]: (INFO) => invalid id: 161-15-4237
[16-06-2022 10:18:54]: (INFO) => invalid id: 162-15-4237
[16-06-2022 10:18:55]: (INFO) => invalid id: 163-15-4237
[16-06-2022 10:18:55]: (INFO) => invalid id: 171-15-4237
[16-06-2022 10:18:56]: (INFO) => invalid id: 172-15-4237
[16-06-2022 10:18:58]: (INFO) => invalid id: 173-15-4237
[16-06-2022 10:19:01]: (INFO) => invalid id: 181-15-4237
[16-06-2022 10:19:02]: (INFO) => invalid id: 182-15-4237
[16-06-2022 10:19:06]: (INFO) => invalid id: 183-15-4237
[16-06-2022 10:19:08]: (INFO) => invalid id: 191-15-4237
[16-06-2022 10:19:11]: (INFO) => invalid id: 192-15-4237
[16-06-2022 10:19:18]: (INFO) => invalid id: 193-15-4237
[16-06-2022 10:19:20]: (INFO) => invalid id: 201-15-4237
[16-06-2022 10:19:21]: (INFO) => invalid id: 202-15-4237
[16-06-2022 10:19:31]: (INFO) => invalid id: 203-15-4237
[16-06-2022 10:19:33]: (INFO) => invalid id: 211-15-4237
[16-06-2022 10:19:34]: (INFO) => valid id: 212-15-4237
[16-06-2022 10:19:35]: (INFO) => invalid id: 213-15-4237
[16-06-2022 10:19:36]: (INFO) => invalid id: 221-15-4237
[16-06-2022 10:19:36]: (INFO) => invalid id: 222-15-4237
[16-06-2022 10:19:37]: (INFO) => invalid id: 223-15-4237
[16-06-2022 10:19:38]: (INFO) => invalid id: 141-15-4238
[16-06-2022 10:19:41]: (INFO) => invalid id: 142-15-4238
[16-06-2022 10:19:44]: (INFO) => valid id: 143-15-4238
[16-06-2022 10:19:47]: (INFO) => invalid id: 151-15-4238
[16-06-2022 10:19:48]: (INFO) => invalid id: 152-15-4238
[16-06-2022 10:19:48]: (INFO) => invalid id: 153-15-4238
[16-06-2022 10:19:49]: (INFO) => invalid id: 161-15-4238
[16-06-2022 10:19:54]: (INFO) => invalid id: 162-15-4238
[16-06-2022 10:20:00]: (INFO) => invalid id: 163-15-4238
[16-06-2022 10:20:03]: (INFO) => invalid id: 171-15-4238
[16-06-2022 10:20:03]: (INFO) => invalid id: 172-15-4238
[16-06-2022 10:20:04]: (INFO) => invalid id: 173-15-4238
[16-06-2022 10:20:05]: (INFO) => invalid id: 181-15-4238
[16-06-2022 10:20:05]: (INFO) => invalid id: 182-15-4238
[16-06-2022 10:20:06]: (INFO) => invalid id: 183-15-4238
[16-06-2022 10:20:07]: (INFO) => invalid id: 191-15-4238
[16-06-2022 10:20:08]: (INFO) => invalid id: 192-15-4238
[16-06-2022 10:20:09]: (INFO) => invalid id: 193-15-4238
[16-06-2022 10:20:11]: (INFO) => invalid id: 201-15-4238
[16-06-2022 10:20:13]: (INFO) => invalid id: 202-15-4238
[16-06-2022 10:20:15]: (INFO) => invalid id: 203-15-4238
[16-06-2022 10:20:16]: (INFO) => invalid id: 211-15-4238
[16-06-2022 10:20:17]: (INFO) => valid id: 212-15-4238
[16-06-2022 10:20:20]: (INFO) => invalid id: 213-15-4238
[16-06-2022 10:20:21]: (INFO) => invalid id: 221-15-4238
[16-06-2022 10:20:22]: (INFO) => invalid id: 222-15-4238
[16-06-2022 10:20:22]: (INFO) => invalid id: 223-15-4238
[16-06-2022 10:20:23]: (INFO) => invalid id: 141-15-4239
[16-06-2022 10:20:25]: (INFO) => invalid id: 142-15-4239
[16-06-2022 10:20:27]: (INFO) => valid id: 143-15-4239
[16-06-2022 10:20:28]: (INFO) => invalid id: 151-15-4239
[16-06-2022 10:20:29]: (INFO) => invalid id: 152-15-4239
[16-06-2022 10:20:30]: (INFO) => invalid id: 153-15-4239
[16-06-2022 10:20:31]: (INFO) => invalid id: 161-15-4239
[16-06-2022 10:20:31]: (INFO) => invalid id: 162-15-4239
[16-06-2022 10:20:32]: (INFO) => invalid id: 163-15-4239
[16-06-2022 10:20:33]: (INFO) => invalid id: 171-15-4239
[16-06-2022 10:20:33]: (INFO) => invalid id: 172-15-4239
[16-06-2022 10:20:38]: (INFO) => invalid id: 173-15-4239
[16-06-2022 10:20:40]: (INFO) => invalid id: 181-15-4239
[16-06-2022 10:20:41]: (INFO) => invalid id: 182-15-4239
[16-06-2022 10:20:42]: (INFO) => invalid id: 183-15-4239
[16-06-2022 10:20:43]: (INFO) => invalid id: 191-15-4239
[16-06-2022 10:20:43]: (INFO) => invalid id: 192-15-4239
[16-06-2022 10:20:44]: (INFO) => invalid id: 193-15-4239
[16-06-2022 10:20:44]: (INFO) => invalid id: 201-15-4239
[16-06-2022 10:20:45]: (INFO) => invalid id: 202-15-4239
[16-06-2022 10:20:45]: (INFO) => invalid id: 203-15-4239
[16-06-2022 10:20:46]: (INFO) => invalid id: 211-15-4239
[16-06-2022 10:20:47]: (INFO) => valid id: 212-15-4239
[16-06-2022 10:20:47]: (INFO) => invalid id: 213-15-4239
[16-06-2022 10:20:48]: (INFO) => invalid id: 221-15-4239
[16-06-2022 10:20:50]: (INFO) => invalid id: 222-15-4239
[16-06-2022 10:20:50]: (INFO) => invalid id: 223-15-4239
[16-06-2022 10:20:51]: (INFO) => invalid id: 141-15-4240
[16-06-2022 10:20:52]: (INFO) => invalid id: 142-15-4240
[16-06-2022 10:20:52]: (INFO) => valid id: 143-15-4240
[16-06-2022 10:20:53]: (INFO) => invalid id: 151-15-4240
[16-06-2022 10:20:54]: (INFO) => invalid id: 152-15-4240
[16-06-2022 10:20:54]: (INFO) => invalid id: 153-15-4240
[16-06-2022 10:20:55]: (INFO) => invalid id: 161-15-4240
[16-06-2022 10:20:56]: (INFO) => invalid id: 162-15-4240
[16-06-2022 10:20:57]: (INFO) => invalid id: 163-15-4240
[16-06-2022 10:20:58]: (INFO) => invalid id: 171-15-4240
[16-06-2022 10:20:59]: (INFO) => invalid id: 172-15-4240
[16-06-2022 10:21:01]: (INFO) => invalid id: 173-15-4240
[16-06-2022 10:21:03]: (INFO) => invalid id: 181-15-4240
[16-06-2022 10:21:04]: (INFO) => invalid id: 182-15-4240
[16-06-2022 10:21:07]: (INFO) => invalid id: 183-15-4240
[16-06-2022 10:21:10]: (INFO) => invalid id: 191-15-4240
[16-06-2022 10:21:12]: (INFO) => invalid id: 192-15-4240
[16-06-2022 10:21:12]: (INFO) => invalid id: 193-15-4240
[16-06-2022 10:21:14]: (INFO) => invalid id: 201-15-4240
[16-06-2022 10:21:14]: (INFO) => invalid id: 202-15-4240
[16-06-2022 10:21:16]: (INFO) => invalid id: 203-15-4240
[16-06-2022 10:21:21]: (INFO) => invalid id: 211-15-4240
[16-06-2022 10:21:27]: (INFO) => invalid id: 212-15-4240
[16-06-2022 10:21:33]: (INFO) => valid id: 213-15-4240
[16-06-2022 10:21:38]: (INFO) => invalid id: 221-15-4240
[16-06-2022 10:21:43]: (INFO) => invalid id: 222-15-4240
[16-06-2022 10:21:48]: (INFO) => invalid id: 223-15-4240
[16-06-2022 10:21:54]: (INFO) => invalid id: 141-15-4241
[16-06-2022 10:21:59]: (INFO) => invalid id: 142-15-4241
[16-06-2022 10:22:04]: (INFO) => valid id: 143-15-4241
[16-06-2022 10:22:09]: (INFO) => invalid id: 151-15-4241
[16-06-2022 10:22:14]: (INFO) => invalid id: 152-15-4241
[16-06-2022 10:22:20]: (INFO) => invalid id: 153-15-4241
[16-06-2022 10:22:25]: (INFO) => invalid id: 161-15-4241
[16-06-2022 10:22:30]: (INFO) => invalid id: 162-15-4241
[16-06-2022 10:22:36]: (INFO) => invalid id: 163-15-4241
[16-06-2022 10:22:42]: (INFO) => invalid id: 171-15-4241
[16-06-2022 10:22:48]: (INFO) => invalid id: 172-15-4241
[16-06-2022 10:22:53]: (INFO) => invalid id: 173-15-4241
[16-06-2022 10:22:58]: (INFO) => invalid id: 181-15-4241
[16-06-2022 10:23:03]: (INFO) => invalid id: 182-15-4241
[16-06-2022 10:23:09]: (INFO) => invalid id: 183-15-4241
[16-06-2022 10:23:14]: (INFO) => invalid id: 191-15-4241
[16-06-2022 10:23:19]: (INFO) => invalid id: 192-15-4241
[16-06-2022 10:23:24]: (INFO) => invalid id: 193-15-4241
[16-06-2022 10:23:29]: (INFO) => invalid id: 201-15-4241
[16-06-2022 10:23:35]: (INFO) => invalid id: 202-15-4241
[16-06-2022 10:23:40]: (INFO) => invalid id: 203-15-4241
[16-06-2022 10:23:45]: (INFO) => invalid id: 211-15-4241
[16-06-2022 10:23:50]: (INFO) => invalid id: 212-15-4241
[16-06-2022 10:23:56]: (INFO) => valid id: 213-15-4241
[16-06-2022 10:24:01]: (INFO) => invalid id: 221-15-4241
[16-06-2022 10:24:06]: (INFO) => invalid id: 222-15-4241
[16-06-2022 10:24:11]: (INFO) => invalid id: 223-15-4241
[16-06-2022 10:24:16]: (INFO) => invalid id: 141-15-4242
[16-06-2022 10:24:21]: (INFO) => invalid id: 142-15-4242
[16-06-2022 10:24:26]: (INFO) => valid id: 143-15-4242
[16-06-2022 10:24:32]: (INFO) => invalid id: 151-15-4242
[16-06-2022 10:24:37]: (INFO) => invalid id: 152-15-4242
[16-06-2022 10:24:42]: (INFO) => invalid id: 153-15-4242
[16-06-2022 10:24:47]: (INFO) => invalid id: 161-15-4242
[16-06-2022 10:24:52]: (INFO) => invalid id: 162-15-4242
[16-06-2022 10:24:57]: (INFO) => invalid id: 163-15-4242
[16-06-2022 10:25:02]: (INFO) => invalid id: 171-15-4242
[16-06-2022 10:25:08]: (INFO) => invalid id: 172-15-4242
[16-06-2022 10:25:13]: (INFO) => invalid id: 173-15-4242
[16-06-2022 10:25:18]: (INFO) => invalid id: 181-15-4242
[16-06-2022 10:25:23]: (INFO) => invalid id: 182-15-4242
[16-06-2022 10:25:28]: (INFO) => invalid id: 183-15-4242
[16-06-2022 10:25:33]: (INFO) => invalid id: 191-15-4242
[16-06-2022 10:25:38]: (INFO) => invalid id: 192-15-4242
[16-06-2022 10:25:44]: (INFO) => invalid id: 193-15-4242
[16-06-2022 10:25:49]: (INFO) => invalid id: 201-15-4242
[16-06-2022 10:25:54]: (INFO) => invalid id: 202-15-4242
[16-06-2022 10:25:59]: (INFO) => invalid id: 203-15-4242
[16-06-2022 10:26:04]: (INFO) => invalid id: 211-15-4242
[16-06-2022 10:26:09]: (INFO) => invalid id: 212-15-4242
[16-06-2022 10:26:14]: (INFO) => valid id: 213-15-4242
[16-06-2022 10:26:20]: (INFO) => invalid id: 221-15-4242
[16-06-2022 10:26:25]: (INFO) => invalid id: 222-15-4242
[16-06-2022 10:26:30]: (INFO) => invalid id: 223-15-4242
[16-06-2022 10:26:35]: (INFO) => invalid id: 141-15-4243
[16-06-2022 10:26:40]: (INFO) => invalid id: 142-15-4243
[16-06-2022 10:26:45]: (INFO) => valid id: 143-15-4243
[16-06-2022 10:26:50]: (INFO) => invalid id: 151-15-4243
[16-06-2022 10:27:01]: (INFO) => invalid id: 152-15-4243
[16-06-2022 10:27:06]: (INFO) => invalid id: 153-15-4243
[16-06-2022 10:27:12]: (INFO) => invalid id: 161-15-4243
[16-06-2022 10:27:18]: (INFO) => invalid id: 162-15-4243
[16-06-2022 10:27:23]: (INFO) => invalid id: 163-15-4243
[16-06-2022 10:27:29]: (INFO) => invalid id: 171-15-4243
[16-06-2022 10:27:34]: (INFO) => invalid id: 172-15-4243
[16-06-2022 10:27:39]: (INFO) => invalid id: 173-15-4243
[16-06-2022 10:27:44]: (INFO) => invalid id: 181-15-4243
[16-06-2022 10:27:49]: (INFO) => invalid id: 182-15-4243
[16-06-2022 10:27:54]: (INFO) => invalid id: 183-15-4243
[16-06-2022 10:27:59]: (INFO) => invalid id: 191-15-4243
[16-06-2022 10:28:05]: (INFO) => invalid id: 192-15-4243
[16-06-2022 10:28:10]: (INFO) => invalid id: 193-15-4243
[16-06-2022 10:28:16]: (INFO) => invalid id: 201-15-4243
[16-06-2022 10:28:21]: (INFO) => invalid id: 202-15-4243
[16-06-2022 10:28:26]: (INFO) => invalid id: 203-15-4243
[16-06-2022 10:28:31]: (INFO) => invalid id: 211-15-4243
[16-06-2022 10:28:37]: (INFO) => invalid id: 212-15-4243
[16-06-2022 10:28:42]: (INFO) => valid id: 213-15-4243
[16-06-2022 10:28:47]: (INFO) => invalid id: 221-15-4243
[16-06-2022 10:28:52]: (INFO) => invalid id: 222-15-4243
[16-06-2022 10:28:57]: (INFO) => invalid id: 223-15-4243
[16-06-2022 10:29:03]: (INFO) => invalid id: 141-15-4244
[16-06-2022 10:29:08]: (INFO) => invalid id: 142-15-4244
[16-06-2022 10:29:13]: (INFO) => valid id: 143-15-4244
[16-06-2022 10:29:18]: (INFO) => invalid id: 151-15-4244
[16-06-2022 10:29:23]: (INFO) => invalid id: 152-15-4244
[16-06-2022 10:29:29]: (INFO) => invalid id: 153-15-4244
[16-06-2022 10:29:34]: (INFO) => invalid id: 161-15-4244
[16-06-2022 10:29:40]: (INFO) => invalid id: 162-15-4244
[16-06-2022 10:29:46]: (INFO) => invalid id: 163-15-4244
[16-06-2022 10:29:51]: (INFO) => invalid id: 171-15-4244
[16-06-2022 10:29:56]: (INFO) => invalid id: 172-15-4244
[16-06-2022 10:30:02]: (INFO) => invalid id: 173-15-4244
[16-06-2022 10:30:07]: (INFO) => invalid id: 181-15-4244
[16-06-2022 10:30:12]: (INFO) => invalid id: 182-15-4244
[16-06-2022 10:30:17]: (INFO) => invalid id: 183-15-4244
[16-06-2022 10:30:22]: (INFO) => invalid id: 191-15-4244
[16-06-2022 10:30:29]: (INFO) => invalid id: 192-15-4244
[16-06-2022 10:30:34]: (INFO) => invalid id: 193-15-4244
[16-06-2022 10:30:39]: (INFO) => invalid id: 201-15-4244
[16-06-2022 10:30:45]: (INFO) => invalid id: 202-15-4244
[16-06-2022 10:30:50]: (INFO) => invalid id: 203-15-4244
[16-06-2022 10:30:55]: (INFO) => invalid id: 211-15-4244
[16-06-2022 10:31:00]: (INFO) => invalid id: 212-15-4244
[16-06-2022 10:31:05]: (INFO) => valid id: 213-15-4244
[16-06-2022 10:31:10]: (INFO) => invalid id: 221-15-4244
[16-06-2022 10:31:15]: (INFO) => invalid id: 222-15-4244
[16-06-2022 10:31:21]: (INFO) => invalid id: 223-15-4244
[16-06-2022 10:31:26]: (INFO) => invalid id: 141-15-4245
[16-06-2022 10:31:32]: (INFO) => invalid id: 142-15-4245
[16-06-2022 10:31:37]: (INFO) => valid id: 143-15-4245
[16-06-2022 10:31:43]: (INFO) => invalid id: 151-15-4245
[16-06-2022 10:31:48]: (INFO) => invalid id: 152-15-4245
[16-06-2022 10:31:55]: (INFO) => invalid id: 153-15-4245
[16-06-2022 10:32:00]: (INFO) => invalid id: 161-15-4245
[16-06-2022 10:32:05]: (INFO) => invalid id: 162-15-4245
[16-06-2022 10:32:10]: (INFO) => invalid id: 163-15-4245
[16-06-2022 10:32:15]: (INFO) => invalid id: 171-15-4245
[16-06-2022 10:32:20]: (INFO) => invalid id: 172-15-4245
[16-06-2022 10:32:25]: (INFO) => invalid id: 173-15-4245
[16-06-2022 10:32:31]: (INFO) => invalid id: 181-15-4245
[16-06-2022 10:32:36]: (INFO) => invalid id: 182-15-4245
[16-06-2022 10:32:41]: (INFO) => invalid id: 183-15-4245
[16-06-2022 10:32:46]: (INFO) => invalid id: 191-15-4245
[16-06-2022 10:32:51]: (INFO) => invalid id: 192-15-4245
[16-06-2022 10:32:56]: (INFO) => invalid id: 193-15-4245
[16-06-2022 10:33:01]: (INFO) => invalid id: 201-15-4245
[16-06-2022 10:33:06]: (INFO) => invalid id: 202-15-4245
[16-06-2022 10:33:12]: (INFO) => invalid id: 203-15-4245
[16-06-2022 10:33:17]: (INFO) => invalid id: 211-15-4245
[16-06-2022 10:33:22]: (INFO) => invalid id: 212-15-4245
[16-06-2022 10:33:27]: (INFO) => valid id: 213-15-4245
[16-06-2022 10:33:32]: (INFO) => invalid id: 221-15-4245
[16-06-2022 10:33:37]: (INFO) => invalid id: 222-15-4245
[16-06-2022 10:33:43]: (INFO) => invalid id: 223-15-4245
[16-06-2022 10:33:48]: (INFO) => invalid id: 141-15-4246
[16-06-2022 10:33:53]: (INFO) => invalid id: 142-15-4246
[16-06-2022 10:33:58]: (INFO) => valid id: 143-15-4246
[16-06-2022 10:34:03]: (INFO) => invalid id: 151-15-4246
[16-06-2022 10:34:09]: (INFO) => invalid id: 152-15-4246
[16-06-2022 10:34:14]: (INFO) => invalid id: 153-15-4246
[16-06-2022 10:34:19]: (INFO) => invalid id: 161-15-4246
[16-06-2022 10:34:24]: (INFO) => invalid id: 162-15-4246
[16-06-2022 10:34:29]: (INFO) => invalid id: 163-15-4246
[16-06-2022 10:34:34]: (INFO) => invalid id: 171-15-4246
[16-06-2022 10:34:40]: (INFO) => invalid id: 172-15-4246
[16-06-2022 10:34:45]: (INFO) => invalid id: 173-15-4246
[16-06-2022 10:34:50]: (INFO) => invalid id: 181-15-4246
[16-06-2022 10:34:55]: (INFO) => invalid id: 182-15-4246
[16-06-2022 10:35:00]: (INFO) => invalid id: 183-15-4246
[16-06-2022 10:35:05]: (INFO) => invalid id: 191-15-4246
[16-06-2022 10:35:10]: (INFO) => invalid id: 192-15-4246
[16-06-2022 10:35:16]: (INFO) => invalid id: 193-15-4246
[16-06-2022 10:35:21]: (INFO) => invalid id: 201-15-4246
[16-06-2022 10:35:26]: (INFO) => invalid id: 202-15-4246
[16-06-2022 10:35:31]: (INFO) => invalid id: 203-15-4246
[16-06-2022 10:35:37]: (INFO) => invalid id: 211-15-4246
[16-06-2022 10:35:42]: (INFO) => invalid id: 212-15-4246
[16-06-2022 10:35:47]: (INFO) => valid id: 213-15-4246
[16-06-2022 10:35:52]: (INFO) => invalid id: 221-15-4246
[16-06-2022 10:35:57]: (INFO) => invalid id: 222-15-4246
[16-06-2022 10:36:02]: (INFO) => invalid id: 223-15-4246
[16-06-2022 10:36:08]: (INFO) => invalid id: 141-15-4247
[16-06-2022 10:36:13]: (INFO) => invalid id: 142-15-4247
[16-06-2022 10:36:18]: (INFO) => valid id: 143-15-4247
[16-06-2022 10:36:23]: (INFO) => invalid id: 151-15-4247
[16-06-2022 10:36:28]: (INFO) => invalid id: 152-15-4247
[16-06-2022 10:36:33]: (INFO) => invalid id: 153-15-4247
[16-06-2022 10:36:39]: (INFO) => invalid id: 161-15-4247
[16-06-2022 10:36:44]: (INFO) => invalid id: 162-15-4247
[16-06-2022 10:36:49]: (INFO) => invalid id: 163-15-4247
[16-06-2022 10:36:54]: (INFO) => invalid id: 171-15-4247
[16-06-2022 10:36:59]: (INFO) => invalid id: 172-15-4247
[16-06-2022 10:37:05]: (INFO) => invalid id: 173-15-4247
[16-06-2022 10:37:10]: (INFO) => invalid id: 181-15-4247
[16-06-2022 10:37:15]: (INFO) => invalid id: 182-15-4247
[16-06-2022 10:37:20]: (INFO) => invalid id: 183-15-4247
[16-06-2022 10:37:25]: (INFO) => invalid id: 191-15-4247
[16-06-2022 10:37:30]: (INFO) => invalid id: 192-15-4247
[16-06-2022 10:37:36]: (INFO) => invalid id: 193-15-4247
[16-06-2022 10:37:41]: (INFO) => invalid id: 201-15-4247
[16-06-2022 10:37:46]: (INFO) => invalid id: 202-15-4247
[16-06-2022 10:37:51]: (INFO) => invalid id: 203-15-4247
[16-06-2022 10:37:56]: (INFO) => invalid id: 211-15-4247
[16-06-2022 10:38:01]: (INFO) => invalid id: 212-15-4247
[16-06-2022 10:38:06]: (INFO) => valid id: 213-15-4247
[16-06-2022 10:38:12]: (INFO) => invalid id: 221-15-4247
[16-06-2022 10:38:17]: (INFO) => invalid id: 222-15-4247
[16-06-2022 10:38:22]: (INFO) => invalid id: 223-15-4247
[16-06-2022 10:38:27]: (INFO) => invalid id: 141-15-4248
[16-06-2022 10:38:32]: (INFO) => invalid id: 142-15-4248
[16-06-2022 10:38:38]: (INFO) => valid id: 143-15-4248
[16-06-2022 10:38:43]: (INFO) => invalid id: 151-15-4248
[16-06-2022 10:38:48]: (INFO) => invalid id: 152-15-4248
[16-06-2022 10:38:53]: (INFO) => invalid id: 153-15-4248
[16-06-2022 10:38:58]: (INFO) => invalid id: 161-15-4248
[16-06-2022 10:39:03]: (INFO) => invalid id: 162-15-4248
[16-06-2022 10:39:16]: (INFO) => invalid id: 163-15-4248
[16-06-2022 10:39:21]: (INFO) => invalid id: 171-15-4248
[16-06-2022 10:39:27]: (INFO) => invalid id: 172-15-4248
[16-06-2022 10:39:32]: (INFO) => invalid id: 173-15-4248
[16-06-2022 10:39:37]: (INFO) => invalid id: 181-15-4248
[16-06-2022 10:39:42]: (INFO) => invalid id: 182-15-4248
[16-06-2022 10:39:48]: (INFO) => invalid id: 183-15-4248
[16-06-2022 10:39:58]: (INFO) => invalid id: 191-15-4248
[16-06-2022 10:40:03]: (INFO) => invalid id: 192-15-4248
[16-06-2022 10:40:08]: (INFO) => invalid id: 193-15-4248
[16-06-2022 10:40:13]: (INFO) => invalid id: 201-15-4248
[16-06-2022 10:40:19]: (INFO) => invalid id: 202-15-4248
[16-06-2022 10:40:24]: (INFO) => invalid id: 203-15-4248
[16-06-2022 10:40:29]: (INFO) => invalid id: 211-15-4248
[16-06-2022 10:40:34]: (INFO) => invalid id: 212-15-4248
[16-06-2022 10:40:39]: (INFO) => valid id: 213-15-4248
[16-06-2022 10:40:45]: (INFO) => invalid id: 221-15-4248
[16-06-2022 10:40:50]: (INFO) => invalid id: 222-15-4248
[16-06-2022 10:40:55]: (INFO) => invalid id: 223-15-4248
[16-06-2022 10:41:00]: (INFO) => invalid id: 141-15-4249
[16-06-2022 10:41:05]: (INFO) => invalid id: 142-15-4249
[16-06-2022 10:41:10]: (INFO) => valid id: 143-15-4249
[16-06-2022 10:41:16]: (INFO) => invalid id: 151-15-4249
[16-06-2022 10:41:21]: (INFO) => invalid id: 152-15-4249
[16-06-2022 10:41:26]: (INFO) => invalid id: 153-15-4249
[16-06-2022 10:41:31]: (INFO) => invalid id: 161-15-4249
[16-06-2022 10:41:36]: (INFO) => invalid id: 162-15-4249
[16-06-2022 10:41:41]: (INFO) => invalid id: 163-15-4249
[16-06-2022 10:41:47]: (INFO) => invalid id: 171-15-4249
[16-06-2022 10:41:52]: (INFO) => invalid id: 172-15-4249
[16-06-2022 10:41:58]: (INFO) => invalid id: 173-15-4249
[16-06-2022 10:42:03]: (INFO) => invalid id: 181-15-4249
[16-06-2022 10:42:08]: (INFO) => invalid id: 182-15-4249
[16-06-2022 10:42:13]: (INFO) => invalid id: 183-15-4249
[16-06-2022 10:42:18]: (INFO) => invalid id: 191-15-4249
[16-06-2022 10:42:23]: (INFO) => invalid id: 192-15-4249
[16-06-2022 10:42:29]: (INFO) => invalid id: 193-15-4249
[16-06-2022 10:42:34]: (INFO) => invalid id: 201-15-4249
[16-06-2022 10:42:39]: (INFO) => invalid id: 202-15-4249
[16-06-2022 10:42:44]: (INFO) => invalid id: 203-15-4249
