# Logfile created on 2022-06-18 20:37:39 +0600 by logger.rb/v1.5.1
[18-06-2022 20:37:39]: (INFO) => semester codes: ["141", "142", "143", "151", "152", "153", "161", "162", "163", "171", "172", "173", "181", "182", "183", "191", "192", "193", "201", "202", "203", "211", "212", "213", "221", "222", "223"]
[18-06-2022 20:37:39]: (INFO) => total_semester_codes: 27
[18-06-2022 20:37:39]: (INFO) => id range: 1000 .. 1500
[18-06-2022 20:37:39]: (INFO) => invalid id: 141-1-1000
[18-06-2022 20:37:39]: (INFO) => invalid id: 142-1-1000
[18-06-2022 20:37:39]: (INFO) => invalid id: 143-1-1000
[18-06-2022 20:37:39]: (INFO) => invalid id: 151-1-1000
[18-06-2022 20:37:39]: (INFO) => invalid id: 152-1-1000
[18-06-2022 20:37:40]: (INFO) => invalid id: 153-1-1000
[18-06-2022 20:37:40]: (INFO) => invalid id: 161-1-1000
[18-06-2022 20:37:40]: (INFO) => invalid id: 162-1-1000
[18-06-2022 20:37:40]: (INFO) => invalid id: 163-1-1000
[18-06-2022 20:37:40]: (INFO) => invalid id: 171-1-1000
[18-06-2022 20:37:40]: (INFO) => invalid id: 172-1-1000
[18-06-2022 20:37:40]: (INFO) => invalid id: 173-1-1000
[18-06-2022 20:37:40]: (INFO) => invalid id: 181-1-1000
[18-06-2022 20:37:40]: (INFO) => invalid id: 182-1-1000
[18-06-2022 20:37:40]: (INFO) => invalid id: 183-1-1000
[18-06-2022 20:37:41]: (INFO) => invalid id: 191-1-1000
[18-06-2022 20:37:41]: (INFO) => invalid id: 192-1-1000
[18-06-2022 20:37:41]: (INFO) => invalid id: 193-1-1000
[18-06-2022 20:37:41]: (INFO) => invalid id: 201-1-1000
[18-06-2022 20:37:41]: (INFO) => invalid id: 202-1-1000
[18-06-2022 20:37:41]: (INFO) => invalid id: 203-1-1000
[18-06-2022 20:37:41]: (INFO) => invalid id: 211-1-1000
[18-06-2022 20:37:41]: (INFO) => invalid id: 212-1-1000
[18-06-2022 20:37:41]: (INFO) => invalid id: 213-1-1000
[18-06-2022 20:37:42]: (INFO) => invalid id: 221-1-1000
[18-06-2022 20:37:42]: (INFO) => invalid id: 222-1-1000
[18-06-2022 20:37:42]: (INFO) => invalid id: 223-1-1000
[18-06-2022 20:37:42]: (INFO) => invalid id: 141-1-1001
[18-06-2022 20:37:42]: (INFO) => invalid id: 142-1-1001
[18-06-2022 20:37:42]: (INFO) => invalid id: 143-1-1001
[18-06-2022 20:37:42]: (INFO) => invalid id: 151-1-1001
[18-06-2022 20:37:42]: (INFO) => invalid id: 152-1-1001
[18-06-2022 20:37:42]: (INFO) => invalid id: 153-1-1001
[18-06-2022 20:37:42]: (INFO) => invalid id: 161-1-1001
[18-06-2022 20:37:42]: (INFO) => invalid id: 162-1-1001
[18-06-2022 20:37:42]: (INFO) => invalid id: 163-1-1001
[18-06-2022 20:37:42]: (INFO) => invalid id: 171-1-1001
[18-06-2022 20:37:42]: (INFO) => invalid id: 172-1-1001
[18-06-2022 20:37:42]: (INFO) => invalid id: 173-1-1001
[18-06-2022 20:37:42]: (INFO) => invalid id: 181-1-1001
[18-06-2022 20:37:43]: (INFO) => invalid id: 182-1-1001
[18-06-2022 20:37:43]: (INFO) => invalid id: 183-1-1001
[18-06-2022 20:37:43]: (INFO) => invalid id: 191-1-1001
[18-06-2022 20:37:43]: (INFO) => invalid id: 192-1-1001
[18-06-2022 20:37:43]: (INFO) => invalid id: 193-1-1001
[18-06-2022 20:37:44]: (INFO) => invalid id: 201-1-1001
[18-06-2022 20:37:44]: (INFO) => invalid id: 202-1-1001
[18-06-2022 20:37:44]: (INFO) => invalid id: 203-1-1001
[18-06-2022 20:37:44]: (INFO) => invalid id: 211-1-1001
[18-06-2022 20:37:44]: (INFO) => invalid id: 212-1-1001
[18-06-2022 20:37:44]: (INFO) => invalid id: 213-1-1001
[18-06-2022 20:37:44]: (INFO) => invalid id: 221-1-1001
[18-06-2022 20:37:45]: (INFO) => invalid id: 222-1-1001
[18-06-2022 20:37:45]: (INFO) => invalid id: 223-1-1001
[18-06-2022 20:37:45]: (INFO) => invalid id: 141-1-1002
[18-06-2022 20:37:45]: (INFO) => invalid id: 142-1-1002
[18-06-2022 20:37:45]: (INFO) => invalid id: 143-1-1002
[18-06-2022 20:37:45]: (INFO) => invalid id: 151-1-1002
[18-06-2022 20:37:45]: (INFO) => invalid id: 152-1-1002
[18-06-2022 20:37:45]: (INFO) => invalid id: 153-1-1002
[18-06-2022 20:37:46]: (INFO) => invalid id: 161-1-1002
[18-06-2022 20:37:46]: (INFO) => invalid id: 162-1-1002
[18-06-2022 20:37:46]: (INFO) => invalid id: 163-1-1002
[18-06-2022 20:37:46]: (INFO) => invalid id: 171-1-1002
[18-06-2022 20:37:47]: (INFO) => invalid id: 172-1-1002
[18-06-2022 20:37:47]: (INFO) => invalid id: 173-1-1002
[18-06-2022 20:37:47]: (INFO) => invalid id: 181-1-1002
[18-06-2022 20:37:47]: (INFO) => invalid id: 182-1-1002
[18-06-2022 20:37:47]: (INFO) => invalid id: 183-1-1002
[18-06-2022 20:37:47]: (INFO) => invalid id: 191-1-1002
[18-06-2022 20:37:52]: (INFO) => invalid id: 192-1-1002
[18-06-2022 20:37:53]: (INFO) => invalid id: 193-1-1002
[18-06-2022 20:37:53]: (INFO) => invalid id: 201-1-1002
[18-06-2022 20:37:53]: (INFO) => invalid id: 202-1-1002
[18-06-2022 20:37:53]: (INFO) => invalid id: 203-1-1002
[18-06-2022 20:37:53]: (INFO) => invalid id: 211-1-1002
[18-06-2022 20:37:53]: (INFO) => invalid id: 212-1-1002
[18-06-2022 20:37:53]: (INFO) => invalid id: 213-1-1002
[18-06-2022 20:37:53]: (INFO) => invalid id: 221-1-1002
[18-06-2022 20:37:53]: (INFO) => invalid id: 222-1-1002
[18-06-2022 20:37:53]: (INFO) => invalid id: 223-1-1002
[18-06-2022 20:37:53]: (INFO) => invalid id: 141-1-1003
[18-06-2022 20:37:54]: (INFO) => invalid id: 142-1-1003
[18-06-2022 20:37:54]: (INFO) => invalid id: 143-1-1003
[18-06-2022 20:37:54]: (INFO) => invalid id: 151-1-1003
[18-06-2022 20:37:54]: (INFO) => invalid id: 152-1-1003
[18-06-2022 20:37:54]: (INFO) => invalid id: 153-1-1003
[18-06-2022 20:37:54]: (INFO) => invalid id: 161-1-1003
[18-06-2022 20:37:54]: (INFO) => invalid id: 162-1-1003
[18-06-2022 20:37:54]: (INFO) => invalid id: 163-1-1003
[18-06-2022 20:37:54]: (INFO) => invalid id: 171-1-1003
[18-06-2022 20:37:54]: (INFO) => invalid id: 172-1-1003
[18-06-2022 20:37:54]: (INFO) => invalid id: 173-1-1003
[18-06-2022 20:37:54]: (INFO) => invalid id: 181-1-1003
[18-06-2022 20:37:55]: (INFO) => invalid id: 182-1-1003
[18-06-2022 20:37:55]: (INFO) => invalid id: 183-1-1003
[18-06-2022 20:37:55]: (INFO) => invalid id: 191-1-1003
[18-06-2022 20:37:55]: (INFO) => invalid id: 192-1-1003
[18-06-2022 20:37:55]: (INFO) => invalid id: 193-1-1003
[18-06-2022 20:37:55]: (INFO) => invalid id: 201-1-1003
[18-06-2022 20:37:56]: (INFO) => invalid id: 202-1-1003
[18-06-2022 20:37:56]: (INFO) => invalid id: 203-1-1003
[18-06-2022 20:37:56]: (INFO) => invalid id: 211-1-1003
[18-06-2022 20:37:56]: (INFO) => invalid id: 212-1-1003
[18-06-2022 20:37:56]: (INFO) => invalid id: 213-1-1003
[18-06-2022 20:37:56]: (INFO) => invalid id: 221-1-1003
[18-06-2022 20:37:56]: (INFO) => invalid id: 222-1-1003
[18-06-2022 20:37:56]: (INFO) => invalid id: 223-1-1003
[18-06-2022 20:37:56]: (INFO) => invalid id: 141-1-1004
[18-06-2022 20:37:56]: (INFO) => invalid id: 142-1-1004
[18-06-2022 20:37:56]: (INFO) => invalid id: 143-1-1004
[18-06-2022 20:37:56]: (INFO) => invalid id: 151-1-1004
[18-06-2022 20:37:56]: (INFO) => invalid id: 152-1-1004
[18-06-2022 20:37:56]: (INFO) => invalid id: 153-1-1004
[18-06-2022 20:37:56]: (INFO) => invalid id: 161-1-1004
[18-06-2022 20:37:56]: (INFO) => invalid id: 162-1-1004
[18-06-2022 20:37:57]: (INFO) => invalid id: 163-1-1004
[18-06-2022 20:37:57]: (INFO) => invalid id: 171-1-1004
[18-06-2022 20:37:57]: (INFO) => invalid id: 172-1-1004
[18-06-2022 20:37:57]: (INFO) => invalid id: 173-1-1004
[18-06-2022 20:37:57]: (INFO) => invalid id: 181-1-1004
[18-06-2022 20:37:57]: (INFO) => invalid id: 182-1-1004
[18-06-2022 20:37:57]: (INFO) => invalid id: 183-1-1004
[18-06-2022 20:37:57]: (INFO) => invalid id: 191-1-1004
[18-06-2022 20:37:57]: (INFO) => invalid id: 192-1-1004
[18-06-2022 20:37:58]: (INFO) => invalid id: 193-1-1004
[18-06-2022 20:37:58]: (INFO) => invalid id: 201-1-1004
[18-06-2022 20:37:58]: (INFO) => invalid id: 202-1-1004
[18-06-2022 20:37:58]: (INFO) => invalid id: 203-1-1004
[18-06-2022 20:37:59]: (INFO) => invalid id: 211-1-1004
[18-06-2022 20:37:59]: (INFO) => invalid id: 212-1-1004
[18-06-2022 20:37:59]: (INFO) => invalid id: 213-1-1004
[18-06-2022 20:37:59]: (INFO) => invalid id: 221-1-1004
[18-06-2022 20:37:59]: (INFO) => invalid id: 222-1-1004
[18-06-2022 20:37:59]: (INFO) => invalid id: 223-1-1004
[18-06-2022 20:37:59]: (INFO) => invalid id: 141-1-1005
[18-06-2022 20:37:59]: (INFO) => invalid id: 142-1-1005
[18-06-2022 20:37:59]: (INFO) => invalid id: 143-1-1005
[18-06-2022 20:37:59]: (INFO) => invalid id: 151-1-1005
[18-06-2022 20:37:59]: (INFO) => invalid id: 152-1-1005
[18-06-2022 20:37:59]: (INFO) => invalid id: 153-1-1005
[18-06-2022 20:37:59]: (INFO) => invalid id: 161-1-1005
[18-06-2022 20:38:00]: (INFO) => invalid id: 162-1-1005
[18-06-2022 20:38:00]: (INFO) => invalid id: 163-1-1005
[18-06-2022 20:38:00]: (INFO) => invalid id: 171-1-1005
[18-06-2022 20:38:00]: (INFO) => invalid id: 172-1-1005
[18-06-2022 20:38:00]: (INFO) => invalid id: 173-1-1005
[18-06-2022 20:38:00]: (INFO) => invalid id: 181-1-1005
[18-06-2022 20:38:00]: (INFO) => invalid id: 182-1-1005
[18-06-2022 20:38:00]: (INFO) => invalid id: 183-1-1005
[18-06-2022 20:38:00]: (INFO) => invalid id: 191-1-1005
[18-06-2022 20:38:00]: (INFO) => invalid id: 192-1-1005
[18-06-2022 20:38:00]: (INFO) => invalid id: 193-1-1005
[18-06-2022 20:38:00]: (INFO) => invalid id: 201-1-1005
[18-06-2022 20:38:01]: (INFO) => invalid id: 202-1-1005
[18-06-2022 20:38:01]: (INFO) => invalid id: 203-1-1005
[18-06-2022 20:38:01]: (INFO) => invalid id: 211-1-1005
[18-06-2022 20:38:01]: (INFO) => invalid id: 212-1-1005
[18-06-2022 20:38:01]: (INFO) => invalid id: 213-1-1005
[18-06-2022 20:38:01]: (INFO) => invalid id: 221-1-1005
[18-06-2022 20:38:01]: (INFO) => invalid id: 222-1-1005
[18-06-2022 20:38:01]: (INFO) => invalid id: 223-1-1005
[18-06-2022 20:38:01]: (INFO) => invalid id: 141-1-1006
[18-06-2022 20:38:01]: (INFO) => invalid id: 142-1-1006
[18-06-2022 20:38:01]: (INFO) => invalid id: 143-1-1006
[18-06-2022 20:38:01]: (INFO) => invalid id: 151-1-1006
[18-06-2022 20:38:01]: (INFO) => invalid id: 152-1-1006
[18-06-2022 20:38:02]: (INFO) => invalid id: 153-1-1006
[18-06-2022 20:38:02]: (INFO) => invalid id: 161-1-1006
[18-06-2022 20:38:02]: (INFO) => invalid id: 162-1-1006
[18-06-2022 20:38:02]: (INFO) => invalid id: 163-1-1006
[18-06-2022 20:38:02]: (INFO) => invalid id: 171-1-1006
[18-06-2022 20:38:02]: (INFO) => invalid id: 172-1-1006
[18-06-2022 20:38:02]: (INFO) => invalid id: 173-1-1006
[18-06-2022 20:38:02]: (INFO) => invalid id: 181-1-1006
[18-06-2022 20:38:02]: (INFO) => invalid id: 182-1-1006
[18-06-2022 20:38:02]: (INFO) => invalid id: 183-1-1006
[18-06-2022 20:38:02]: (INFO) => invalid id: 191-1-1006
[18-06-2022 20:38:02]: (INFO) => invalid id: 192-1-1006
[18-06-2022 20:38:02]: (INFO) => invalid id: 193-1-1006
[18-06-2022 20:38:03]: (INFO) => invalid id: 201-1-1006
[18-06-2022 20:38:03]: (INFO) => invalid id: 202-1-1006
[18-06-2022 20:38:03]: (INFO) => invalid id: 203-1-1006
[18-06-2022 20:38:03]: (INFO) => invalid id: 211-1-1006
[18-06-2022 20:38:03]: (INFO) => invalid id: 212-1-1006
[18-06-2022 20:38:03]: (INFO) => invalid id: 213-1-1006
[18-06-2022 20:38:03]: (INFO) => invalid id: 221-1-1006
[18-06-2022 20:38:03]: (INFO) => invalid id: 222-1-1006
[18-06-2022 20:38:03]: (INFO) => invalid id: 223-1-1006
[18-06-2022 20:38:03]: (INFO) => invalid id: 141-1-1007
[18-06-2022 20:38:03]: (INFO) => invalid id: 142-1-1007
[18-06-2022 20:38:03]: (INFO) => invalid id: 143-1-1007
[18-06-2022 20:38:04]: (INFO) => invalid id: 151-1-1007
[18-06-2022 20:38:04]: (INFO) => invalid id: 152-1-1007
[18-06-2022 20:38:04]: (INFO) => invalid id: 153-1-1007
[18-06-2022 20:38:04]: (INFO) => invalid id: 161-1-1007
[18-06-2022 20:38:04]: (INFO) => invalid id: 162-1-1007
