# Logfile created on 2022-06-18 20:35:10 +0600 by logger.rb/v1.5.1
[18-06-2022 20:35:10]: (INFO) => semester codes: ["141", "142", "143", "151", "152", "153", "161", "162", "163", "171", "172", "173", "181", "182", "183", "191", "192", "193", "201", "202", "203", "211", "212", "213", "221", "222", "223"]
[18-06-2022 20:35:10]: (INFO) => total_semester_codes: 27
[18-06-2022 20:35:10]: (INFO) => id range: 0001 .. 999
[18-06-2022 20:35:14]: (INFO) => invalid id: 141-1-1
[18-06-2022 20:35:16]: (INFO) => invalid id: 142-1-1
[18-06-2022 20:35:18]: (INFO) => invalid id: 143-1-1
[18-06-2022 20:35:19]: (INFO) => invalid id: 151-1-1
[18-06-2022 20:35:21]: (INFO) => invalid id: 152-1-1
[18-06-2022 20:35:21]: (INFO) => invalid id: 153-1-1
[18-06-2022 20:35:21]: (INFO) => invalid id: 161-1-1
[18-06-2022 20:35:21]: (INFO) => invalid id: 162-1-1
[18-06-2022 20:35:21]: (INFO) => invalid id: 163-1-1
[18-06-2022 20:35:21]: (INFO) => invalid id: 171-1-1
[18-06-2022 20:35:22]: (INFO) => invalid id: 172-1-1
[18-06-2022 20:35:22]: (INFO) => invalid id: 173-1-1
[18-06-2022 20:35:22]: (INFO) => invalid id: 181-1-1
[18-06-2022 20:35:23]: (INFO) => invalid id: 182-1-1
[18-06-2022 20:35:23]: (INFO) => invalid id: 183-1-1
[18-06-2022 20:35:34]: (INFO) => invalid id: 191-1-1
[18-06-2022 20:35:34]: (INFO) => invalid id: 192-1-1
[18-06-2022 20:35:35]: (INFO) => invalid id: 193-1-1
[18-06-2022 20:35:35]: (INFO) => invalid id: 201-1-1
[18-06-2022 20:35:35]: (INFO) => invalid id: 202-1-1
[18-06-2022 20:35:35]: (INFO) => invalid id: 203-1-1
[18-06-2022 20:35:35]: (INFO) => invalid id: 211-1-1
[18-06-2022 20:35:35]: (INFO) => invalid id: 212-1-1
[18-06-2022 20:35:35]: (INFO) => invalid id: 213-1-1
[18-06-2022 20:35:35]: (INFO) => invalid id: 221-1-1
[18-06-2022 20:35:35]: (INFO) => invalid id: 222-1-1
[18-06-2022 20:35:35]: (INFO) => invalid id: 223-1-1
[18-06-2022 20:35:35]: (INFO) => invalid id: 141-1-2
[18-06-2022 20:35:36]: (INFO) => invalid id: 142-1-2
[18-06-2022 20:35:36]: (INFO) => invalid id: 143-1-2
[18-06-2022 20:35:36]: (INFO) => invalid id: 151-1-2
[18-06-2022 20:35:36]: (INFO) => invalid id: 152-1-2
[18-06-2022 20:35:36]: (INFO) => invalid id: 153-1-2
[18-06-2022 20:35:36]: (INFO) => invalid id: 161-1-2
[18-06-2022 20:35:36]: (INFO) => invalid id: 162-1-2
[18-06-2022 20:35:36]: (INFO) => invalid id: 163-1-2
[18-06-2022 20:35:36]: (INFO) => invalid id: 171-1-2
[18-06-2022 20:35:36]: (INFO) => invalid id: 172-1-2
[18-06-2022 20:35:36]: (INFO) => invalid id: 173-1-2
[18-06-2022 20:35:37]: (INFO) => invalid id: 181-1-2
[18-06-2022 20:35:37]: (INFO) => invalid id: 182-1-2
[18-06-2022 20:35:37]: (INFO) => invalid id: 183-1-2
[18-06-2022 20:35:37]: (INFO) => invalid id: 191-1-2
[18-06-2022 20:35:37]: (INFO) => invalid id: 192-1-2
[18-06-2022 20:35:37]: (INFO) => invalid id: 193-1-2
[18-06-2022 20:35:37]: (INFO) => invalid id: 201-1-2
[18-06-2022 20:35:37]: (INFO) => invalid id: 202-1-2
[18-06-2022 20:35:38]: (INFO) => invalid id: 203-1-2
[18-06-2022 20:35:38]: (INFO) => invalid id: 211-1-2
[18-06-2022 20:35:38]: (INFO) => invalid id: 212-1-2
[18-06-2022 20:35:38]: (INFO) => invalid id: 213-1-2
[18-06-2022 20:35:38]: (INFO) => invalid id: 221-1-2
[18-06-2022 20:35:38]: (INFO) => invalid id: 222-1-2
[18-06-2022 20:35:38]: (INFO) => invalid id: 223-1-2
[18-06-2022 20:35:38]: (INFO) => invalid id: 141-1-3
[18-06-2022 20:35:38]: (INFO) => invalid id: 142-1-3
[18-06-2022 20:35:38]: (INFO) => invalid id: 143-1-3
[18-06-2022 20:35:39]: (INFO) => invalid id: 151-1-3
[18-06-2022 20:35:39]: (INFO) => invalid id: 152-1-3
[18-06-2022 20:35:39]: (INFO) => invalid id: 153-1-3
[18-06-2022 20:35:39]: (INFO) => invalid id: 161-1-3
[18-06-2022 20:35:39]: (INFO) => invalid id: 162-1-3
[18-06-2022 20:35:39]: (INFO) => invalid id: 163-1-3
[18-06-2022 20:35:39]: (INFO) => invalid id: 171-1-3
[18-06-2022 20:35:40]: (INFO) => invalid id: 172-1-3
[18-06-2022 20:35:40]: (INFO) => invalid id: 173-1-3
[18-06-2022 20:35:40]: (INFO) => invalid id: 181-1-3
[18-06-2022 20:35:40]: (INFO) => invalid id: 182-1-3
[18-06-2022 20:35:40]: (INFO) => invalid id: 183-1-3
[18-06-2022 20:35:40]: (INFO) => invalid id: 191-1-3
[18-06-2022 20:35:40]: (INFO) => invalid id: 192-1-3
[18-06-2022 20:35:40]: (INFO) => invalid id: 193-1-3
[18-06-2022 20:35:40]: (INFO) => invalid id: 201-1-3
[18-06-2022 20:35:40]: (INFO) => invalid id: 202-1-3
[18-06-2022 20:35:40]: (INFO) => invalid id: 203-1-3
[18-06-2022 20:35:41]: (INFO) => invalid id: 211-1-3
[18-06-2022 20:35:41]: (INFO) => invalid id: 212-1-3
[18-06-2022 20:35:41]: (INFO) => invalid id: 213-1-3
[18-06-2022 20:35:41]: (INFO) => invalid id: 221-1-3
[18-06-2022 20:35:41]: (INFO) => invalid id: 222-1-3
[18-06-2022 20:35:41]: (INFO) => invalid id: 223-1-3
[18-06-2022 20:35:41]: (INFO) => invalid id: 141-1-4
[18-06-2022 20:35:41]: (INFO) => invalid id: 142-1-4
[18-06-2022 20:35:41]: (INFO) => invalid id: 143-1-4
[18-06-2022 20:35:41]: (INFO) => invalid id: 151-1-4
[18-06-2022 20:35:41]: (INFO) => invalid id: 152-1-4
[18-06-2022 20:35:41]: (INFO) => invalid id: 153-1-4
[18-06-2022 20:35:41]: (INFO) => invalid id: 161-1-4
[18-06-2022 20:35:42]: (INFO) => invalid id: 162-1-4
[18-06-2022 20:35:42]: (INFO) => invalid id: 163-1-4
[18-06-2022 20:35:42]: (INFO) => invalid id: 171-1-4
[18-06-2022 20:35:42]: (INFO) => invalid id: 172-1-4
[18-06-2022 20:35:42]: (INFO) => invalid id: 173-1-4
[18-06-2022 20:35:42]: (INFO) => invalid id: 181-1-4
[18-06-2022 20:35:42]: (INFO) => invalid id: 182-1-4
[18-06-2022 20:35:42]: (INFO) => invalid id: 183-1-4
[18-06-2022 20:35:43]: (INFO) => invalid id: 191-1-4
[18-06-2022 20:35:43]: (INFO) => invalid id: 192-1-4
[18-06-2022 20:35:43]: (INFO) => invalid id: 193-1-4
[18-06-2022 20:35:43]: (INFO) => invalid id: 201-1-4
[18-06-2022 20:35:43]: (INFO) => invalid id: 202-1-4
[18-06-2022 20:35:43]: (INFO) => invalid id: 203-1-4
[18-06-2022 20:35:43]: (INFO) => invalid id: 211-1-4
[18-06-2022 20:35:43]: (INFO) => invalid id: 212-1-4
[18-06-2022 20:35:44]: (INFO) => invalid id: 213-1-4
[18-06-2022 20:35:44]: (INFO) => invalid id: 221-1-4
[18-06-2022 20:35:44]: (INFO) => invalid id: 222-1-4
[18-06-2022 20:35:44]: (INFO) => invalid id: 223-1-4
[18-06-2022 20:35:44]: (INFO) => invalid id: 141-1-5
[18-06-2022 20:35:44]: (INFO) => invalid id: 142-1-5
[18-06-2022 20:35:44]: (INFO) => invalid id: 143-1-5
[18-06-2022 20:35:44]: (INFO) => invalid id: 151-1-5
[18-06-2022 20:35:45]: (INFO) => invalid id: 152-1-5
[18-06-2022 20:35:45]: (INFO) => invalid id: 153-1-5
[18-06-2022 20:35:45]: (INFO) => invalid id: 161-1-5
[18-06-2022 20:35:45]: (INFO) => invalid id: 162-1-5
[18-06-2022 20:35:45]: (INFO) => invalid id: 163-1-5
[18-06-2022 20:35:45]: (INFO) => invalid id: 171-1-5
[18-06-2022 20:35:45]: (INFO) => invalid id: 172-1-5
[18-06-2022 20:35:45]: (INFO) => invalid id: 173-1-5
[18-06-2022 20:35:45]: (INFO) => invalid id: 181-1-5
[18-06-2022 20:35:46]: (INFO) => invalid id: 182-1-5
[18-06-2022 20:35:46]: (INFO) => invalid id: 183-1-5
[18-06-2022 20:35:46]: (INFO) => invalid id: 191-1-5
[18-06-2022 20:35:46]: (INFO) => invalid id: 192-1-5
[18-06-2022 20:35:46]: (INFO) => invalid id: 193-1-5
[18-06-2022 20:35:46]: (INFO) => invalid id: 201-1-5
[18-06-2022 20:35:46]: (INFO) => invalid id: 202-1-5
[18-06-2022 20:35:46]: (INFO) => invalid id: 203-1-5
[18-06-2022 20:35:47]: (INFO) => invalid id: 211-1-5
[18-06-2022 20:35:47]: (INFO) => invalid id: 212-1-5
[18-06-2022 20:35:47]: (INFO) => invalid id: 213-1-5
[18-06-2022 20:35:47]: (INFO) => invalid id: 221-1-5
[18-06-2022 20:35:47]: (INFO) => invalid id: 222-1-5
[18-06-2022 20:35:47]: (INFO) => invalid id: 223-1-5
[18-06-2022 20:35:47]: (INFO) => invalid id: 141-1-6
[18-06-2022 20:35:48]: (INFO) => invalid id: 142-1-6
[18-06-2022 20:35:48]: (INFO) => invalid id: 143-1-6
[18-06-2022 20:35:48]: (INFO) => invalid id: 151-1-6
[18-06-2022 20:35:48]: (INFO) => invalid id: 152-1-6
[18-06-2022 20:35:48]: (INFO) => invalid id: 153-1-6
[18-06-2022 20:35:48]: (INFO) => invalid id: 161-1-6
[18-06-2022 20:35:49]: (INFO) => invalid id: 162-1-6
[18-06-2022 20:35:49]: (INFO) => invalid id: 163-1-6
[18-06-2022 20:35:49]: (INFO) => invalid id: 171-1-6
[18-06-2022 20:35:49]: (INFO) => invalid id: 172-1-6
[18-06-2022 20:35:49]: (INFO) => invalid id: 173-1-6
[18-06-2022 20:35:49]: (INFO) => invalid id: 181-1-6
[18-06-2022 20:35:49]: (INFO) => invalid id: 182-1-6
[18-06-2022 20:35:49]: (INFO) => invalid id: 183-1-6
[18-06-2022 20:35:50]: (INFO) => invalid id: 191-1-6
[18-06-2022 20:35:50]: (INFO) => invalid id: 192-1-6
[18-06-2022 20:35:50]: (INFO) => invalid id: 193-1-6
[18-06-2022 20:35:50]: (INFO) => invalid id: 201-1-6
[18-06-2022 20:35:50]: (INFO) => invalid id: 202-1-6
[18-06-2022 20:35:50]: (INFO) => invalid id: 203-1-6
[18-06-2022 20:35:50]: (INFO) => invalid id: 211-1-6
[18-06-2022 20:35:51]: (INFO) => invalid id: 212-1-6
[18-06-2022 20:35:51]: (INFO) => invalid id: 213-1-6
[18-06-2022 20:35:51]: (INFO) => invalid id: 221-1-6
[18-06-2022 20:35:51]: (INFO) => invalid id: 222-1-6
[18-06-2022 20:35:51]: (INFO) => invalid id: 223-1-6
[18-06-2022 20:35:51]: (INFO) => invalid id: 141-1-7
[18-06-2022 20:35:52]: (INFO) => invalid id: 142-1-7
[18-06-2022 20:35:52]: (INFO) => invalid id: 143-1-7
[18-06-2022 20:35:52]: (INFO) => invalid id: 151-1-7
[18-06-2022 20:35:52]: (INFO) => invalid id: 152-1-7
[18-06-2022 20:35:52]: (INFO) => invalid id: 153-1-7
[18-06-2022 20:35:52]: (INFO) => invalid id: 161-1-7
[18-06-2022 20:35:53]: (INFO) => invalid id: 162-1-7
[18-06-2022 20:35:53]: (INFO) => invalid id: 163-1-7
[18-06-2022 20:35:53]: (INFO) => invalid id: 171-1-7
[18-06-2022 20:35:53]: (INFO) => invalid id: 172-1-7
[18-06-2022 20:35:53]: (INFO) => invalid id: 173-1-7
[18-06-2022 20:35:54]: (INFO) => invalid id: 181-1-7
[18-06-2022 20:35:54]: (INFO) => invalid id: 182-1-7
[18-06-2022 20:35:54]: (INFO) => invalid id: 183-1-7
[18-06-2022 20:35:54]: (INFO) => invalid id: 191-1-7
[18-06-2022 20:35:54]: (INFO) => invalid id: 192-1-7
[18-06-2022 20:35:54]: (INFO) => invalid id: 193-1-7
[18-06-2022 20:35:54]: (INFO) => invalid id: 201-1-7
[18-06-2022 20:35:54]: (INFO) => invalid id: 202-1-7
[18-06-2022 20:35:55]: (INFO) => invalid id: 203-1-7
[18-06-2022 20:35:55]: (INFO) => invalid id: 211-1-7
[18-06-2022 20:35:55]: (INFO) => invalid id: 212-1-7
[18-06-2022 20:35:55]: (INFO) => invalid id: 213-1-7
[18-06-2022 20:35:55]: (INFO) => invalid id: 221-1-7
[18-06-2022 20:35:55]: (INFO) => invalid id: 222-1-7
[18-06-2022 20:35:55]: (INFO) => invalid id: 223-1-7
[18-06-2022 20:35:55]: (INFO) => invalid id: 141-1-8
[18-06-2022 20:35:55]: (INFO) => invalid id: 142-1-8
[18-06-2022 20:35:56]: (INFO) => invalid id: 143-1-8
[18-06-2022 20:35:56]: (INFO) => invalid id: 151-1-8
[18-06-2022 20:35:56]: (INFO) => invalid id: 152-1-8
[18-06-2022 20:35:56]: (INFO) => invalid id: 153-1-8
[18-06-2022 20:35:56]: (INFO) => invalid id: 161-1-8
[18-06-2022 20:35:57]: (INFO) => invalid id: 162-1-8
[18-06-2022 20:35:57]: (INFO) => invalid id: 163-1-8
[18-06-2022 20:35:57]: (INFO) => invalid id: 171-1-8
[18-06-2022 20:35:57]: (INFO) => invalid id: 172-1-8
[18-06-2022 20:35:57]: (INFO) => invalid id: 173-1-8
[18-06-2022 20:35:57]: (INFO) => invalid id: 181-1-8
[18-06-2022 20:35:57]: (INFO) => invalid id: 182-1-8
[18-06-2022 20:35:58]: (INFO) => invalid id: 183-1-8
[18-06-2022 20:35:58]: (INFO) => invalid id: 191-1-8
[18-06-2022 20:35:59]: (INFO) => invalid id: 192-1-8
[18-06-2022 20:35:59]: (INFO) => invalid id: 193-1-8
[18-06-2022 20:35:59]: (INFO) => invalid id: 201-1-8
[18-06-2022 20:35:59]: (INFO) => invalid id: 202-1-8
[18-06-2022 20:35:59]: (INFO) => invalid id: 203-1-8
[18-06-2022 20:35:59]: (INFO) => invalid id: 211-1-8
[18-06-2022 20:35:59]: (INFO) => invalid id: 212-1-8
[18-06-2022 20:36:00]: (INFO) => invalid id: 213-1-8
[18-06-2022 20:36:00]: (INFO) => invalid id: 221-1-8
[18-06-2022 20:36:00]: (INFO) => invalid id: 222-1-8
[18-06-2022 20:36:00]: (INFO) => invalid id: 223-1-8
[18-06-2022 20:36:00]: (INFO) => invalid id: 141-1-9
[18-06-2022 20:36:00]: (INFO) => invalid id: 142-1-9
[18-06-2022 20:36:00]: (INFO) => invalid id: 143-1-9
[18-06-2022 20:36:01]: (INFO) => invalid id: 151-1-9
[18-06-2022 20:36:01]: (INFO) => invalid id: 152-1-9
[18-06-2022 20:36:01]: (INFO) => invalid id: 153-1-9
[18-06-2022 20:36:01]: (INFO) => invalid id: 161-1-9
[18-06-2022 20:36:01]: (INFO) => invalid id: 162-1-9
[18-06-2022 20:36:01]: (INFO) => invalid id: 163-1-9
[18-06-2022 20:36:01]: (INFO) => invalid id: 171-1-9
[18-06-2022 20:36:01]: (INFO) => invalid id: 172-1-9
[18-06-2022 20:36:02]: (INFO) => invalid id: 173-1-9
[18-06-2022 20:36:02]: (INFO) => invalid id: 181-1-9
[18-06-2022 20:36:02]: (INFO) => invalid id: 182-1-9
[18-06-2022 20:36:02]: (INFO) => invalid id: 183-1-9
[18-06-2022 20:36:02]: (INFO) => invalid id: 191-1-9
[18-06-2022 20:36:02]: (INFO) => invalid id: 192-1-9
[18-06-2022 20:36:02]: (INFO) => invalid id: 193-1-9
[18-06-2022 20:36:02]: (INFO) => invalid id: 201-1-9
[18-06-2022 20:36:03]: (INFO) => invalid id: 202-1-9
[18-06-2022 20:36:03]: (INFO) => invalid id: 203-1-9
[18-06-2022 20:36:03]: (INFO) => invalid id: 211-1-9
[18-06-2022 20:36:03]: (INFO) => invalid id: 212-1-9
[18-06-2022 20:36:03]: (INFO) => invalid id: 213-1-9
[18-06-2022 20:36:03]: (INFO) => invalid id: 221-1-9
[18-06-2022 20:36:04]: (INFO) => invalid id: 222-1-9
[18-06-2022 20:36:04]: (INFO) => invalid id: 223-1-9
[18-06-2022 20:36:04]: (INFO) => invalid id: 141-1-01
[18-06-2022 20:36:04]: (INFO) => invalid id: 142-1-01
[18-06-2022 20:36:04]: (INFO) => invalid id: 143-1-01
[18-06-2022 20:36:04]: (INFO) => invalid id: 151-1-01
[18-06-2022 20:36:04]: (INFO) => invalid id: 152-1-01
[18-06-2022 20:36:05]: (INFO) => invalid id: 153-1-01
[18-06-2022 20:36:05]: (INFO) => invalid id: 161-1-01
[18-06-2022 20:36:05]: (INFO) => invalid id: 162-1-01
[18-06-2022 20:36:05]: (INFO) => invalid id: 163-1-01
[18-06-2022 20:36:05]: (INFO) => invalid id: 171-1-01
[18-06-2022 20:36:06]: (INFO) => invalid id: 172-1-01
[18-06-2022 20:36:06]: (INFO) => invalid id: 173-1-01
[18-06-2022 20:36:06]: (INFO) => invalid id: 181-1-01
[18-06-2022 20:36:06]: (INFO) => invalid id: 182-1-01
[18-06-2022 20:36:11]: (INFO) => invalid id: 183-1-01
[18-06-2022 20:36:11]: (INFO) => invalid id: 191-1-01
[18-06-2022 20:36:11]: (INFO) => invalid id: 192-1-01
[18-06-2022 20:36:11]: (INFO) => invalid id: 193-1-01
[18-06-2022 20:36:12]: (INFO) => invalid id: 201-1-01
[18-06-2022 20:36:12]: (INFO) => invalid id: 202-1-01
[18-06-2022 20:36:12]: (INFO) => invalid id: 203-1-01
[18-06-2022 20:36:12]: (INFO) => invalid id: 211-1-01
[18-06-2022 20:36:12]: (INFO) => invalid id: 212-1-01
[18-06-2022 20:36:12]: (INFO) => invalid id: 213-1-01
[18-06-2022 20:36:12]: (INFO) => invalid id: 221-1-01
[18-06-2022 20:36:12]: (INFO) => invalid id: 222-1-01
[18-06-2022 20:36:12]: (INFO) => invalid id: 223-1-01
[18-06-2022 20:36:12]: (INFO) => invalid id: 141-1-02
[18-06-2022 20:36:13]: (INFO) => invalid id: 142-1-02
[18-06-2022 20:36:13]: (INFO) => invalid id: 143-1-02
[18-06-2022 20:36:13]: (INFO) => invalid id: 151-1-02
[18-06-2022 20:36:13]: (INFO) => invalid id: 152-1-02
[18-06-2022 20:36:13]: (INFO) => invalid id: 153-1-02
[18-06-2022 20:36:13]: (INFO) => invalid id: 161-1-02
[18-06-2022 20:36:14]: (INFO) => invalid id: 162-1-02
[18-06-2022 20:36:14]: (INFO) => invalid id: 163-1-02
[18-06-2022 20:36:14]: (INFO) => invalid id: 171-1-02
[18-06-2022 20:36:14]: (INFO) => invalid id: 172-1-02
[18-06-2022 20:36:14]: (INFO) => invalid id: 173-1-02
[18-06-2022 20:36:14]: (INFO) => invalid id: 181-1-02
[18-06-2022 20:36:15]: (INFO) => invalid id: 182-1-02
[18-06-2022 20:36:15]: (INFO) => invalid id: 183-1-02
[18-06-2022 20:36:15]: (INFO) => invalid id: 191-1-02
[18-06-2022 20:36:15]: (INFO) => invalid id: 192-1-02
[18-06-2022 20:36:15]: (INFO) => invalid id: 193-1-02
[18-06-2022 20:36:15]: (INFO) => invalid id: 201-1-02
[18-06-2022 20:36:15]: (INFO) => invalid id: 202-1-02
[18-06-2022 20:36:15]: (INFO) => invalid id: 203-1-02
[18-06-2022 20:36:16]: (INFO) => invalid id: 211-1-02
[18-06-2022 20:36:16]: (INFO) => invalid id: 212-1-02
[18-06-2022 20:36:16]: (INFO) => invalid id: 213-1-02
[18-06-2022 20:36:16]: (INFO) => invalid id: 221-1-02
[18-06-2022 20:36:16]: (INFO) => invalid id: 222-1-02
[18-06-2022 20:36:16]: (INFO) => invalid id: 223-1-02
[18-06-2022 20:36:16]: (INFO) => invalid id: 141-1-03
[18-06-2022 20:36:16]: (INFO) => invalid id: 142-1-03
[18-06-2022 20:36:16]: (INFO) => invalid id: 143-1-03
[18-06-2022 20:36:17]: (INFO) => invalid id: 151-1-03
[18-06-2022 20:36:17]: (INFO) => invalid id: 152-1-03
[18-06-2022 20:36:17]: (INFO) => invalid id: 153-1-03
[18-06-2022 20:36:17]: (INFO) => invalid id: 161-1-03
[18-06-2022 20:36:17]: (INFO) => invalid id: 162-1-03
[18-06-2022 20:36:17]: (INFO) => invalid id: 163-1-03
[18-06-2022 20:36:17]: (INFO) => invalid id: 171-1-03
[18-06-2022 20:36:17]: (INFO) => invalid id: 172-1-03
[18-06-2022 20:36:18]: (INFO) => invalid id: 173-1-03
[18-06-2022 20:36:18]: (INFO) => invalid id: 181-1-03
[18-06-2022 20:36:18]: (INFO) => invalid id: 182-1-03
[18-06-2022 20:36:18]: (INFO) => invalid id: 183-1-03
[18-06-2022 20:36:18]: (INFO) => invalid id: 191-1-03
[18-06-2022 20:36:18]: (INFO) => invalid id: 192-1-03
[18-06-2022 20:36:19]: (INFO) => invalid id: 193-1-03
[18-06-2022 20:36:19]: (INFO) => invalid id: 201-1-03
[18-06-2022 20:36:19]: (INFO) => invalid id: 202-1-03
[18-06-2022 20:36:19]: (INFO) => invalid id: 203-1-03
[18-06-2022 20:36:19]: (INFO) => invalid id: 211-1-03
[18-06-2022 20:36:19]: (INFO) => invalid id: 212-1-03
[18-06-2022 20:36:19]: (INFO) => invalid id: 213-1-03
[18-06-2022 20:36:20]: (INFO) => invalid id: 221-1-03
[18-06-2022 20:36:20]: (INFO) => invalid id: 222-1-03
[18-06-2022 20:36:20]: (INFO) => invalid id: 223-1-03
[18-06-2022 20:36:20]: (INFO) => invalid id: 141-1-04
[18-06-2022 20:36:20]: (INFO) => invalid id: 142-1-04
[18-06-2022 20:36:20]: (INFO) => invalid id: 143-1-04
[18-06-2022 20:36:20]: (INFO) => invalid id: 151-1-04
[18-06-2022 20:36:21]: (INFO) => invalid id: 152-1-04
[18-06-2022 20:36:21]: (INFO) => invalid id: 153-1-04
[18-06-2022 20:36:21]: (INFO) => invalid id: 161-1-04
[18-06-2022 20:36:21]: (INFO) => invalid id: 162-1-04
[18-06-2022 20:36:21]: (INFO) => invalid id: 163-1-04
[18-06-2022 20:36:21]: (INFO) => invalid id: 171-1-04
[18-06-2022 20:36:21]: (INFO) => invalid id: 172-1-04
[18-06-2022 20:36:21]: (INFO) => invalid id: 173-1-04
[18-06-2022 20:36:21]: (INFO) => invalid id: 181-1-04
[18-06-2022 20:36:22]: (INFO) => invalid id: 182-1-04
[18-06-2022 20:36:22]: (INFO) => invalid id: 183-1-04
[18-06-2022 20:36:22]: (INFO) => invalid id: 191-1-04
[18-06-2022 20:36:22]: (INFO) => invalid id: 192-1-04
[18-06-2022 20:36:22]: (INFO) => invalid id: 193-1-04
[18-06-2022 20:36:22]: (INFO) => invalid id: 201-1-04
[18-06-2022 20:36:22]: (INFO) => invalid id: 202-1-04
[18-06-2022 20:36:22]: (INFO) => invalid id: 203-1-04
[18-06-2022 20:36:22]: (INFO) => invalid id: 211-1-04
[18-06-2022 20:36:23]: (INFO) => invalid id: 212-1-04
[18-06-2022 20:36:23]: (INFO) => invalid id: 213-1-04
[18-06-2022 20:36:23]: (INFO) => invalid id: 221-1-04
[18-06-2022 20:36:23]: (INFO) => invalid id: 222-1-04
[18-06-2022 20:36:23]: (INFO) => invalid id: 223-1-04
[18-06-2022 20:36:23]: (INFO) => invalid id: 141-1-05
[18-06-2022 20:36:24]: (INFO) => invalid id: 142-1-05
[18-06-2022 20:36:24]: (INFO) => invalid id: 143-1-05
[18-06-2022 20:36:24]: (INFO) => invalid id: 151-1-05
[18-06-2022 20:36:24]: (INFO) => invalid id: 152-1-05
[18-06-2022 20:36:24]: (INFO) => invalid id: 153-1-05
[18-06-2022 20:36:24]: (INFO) => invalid id: 161-1-05
[18-06-2022 20:36:24]: (INFO) => invalid id: 162-1-05
[18-06-2022 20:36:25]: (INFO) => invalid id: 163-1-05
[18-06-2022 20:36:25]: (INFO) => invalid id: 171-1-05
[18-06-2022 20:36:25]: (INFO) => invalid id: 172-1-05
[18-06-2022 20:36:25]: (INFO) => invalid id: 173-1-05
[18-06-2022 20:36:25]: (INFO) => invalid id: 181-1-05
[18-06-2022 20:36:25]: (INFO) => invalid id: 182-1-05
[18-06-2022 20:36:26]: (INFO) => invalid id: 183-1-05
[18-06-2022 20:36:26]: (INFO) => invalid id: 191-1-05
[18-06-2022 20:36:26]: (INFO) => invalid id: 192-1-05
[18-06-2022 20:36:26]: (INFO) => invalid id: 193-1-05
[18-06-2022 20:36:26]: (INFO) => invalid id: 201-1-05
[18-06-2022 20:36:26]: (INFO) => invalid id: 202-1-05
[18-06-2022 20:36:26]: (INFO) => invalid id: 203-1-05
[18-06-2022 20:36:27]: (INFO) => invalid id: 211-1-05
[18-06-2022 20:36:27]: (INFO) => invalid id: 212-1-05
[18-06-2022 20:36:27]: (INFO) => invalid id: 213-1-05
[18-06-2022 20:36:27]: (INFO) => invalid id: 221-1-05
[18-06-2022 20:36:27]: (INFO) => invalid id: 222-1-05
[18-06-2022 20:36:27]: (INFO) => invalid id: 223-1-05
[18-06-2022 20:36:27]: (INFO) => invalid id: 141-1-06
[18-06-2022 20:36:28]: (INFO) => invalid id: 142-1-06
[18-06-2022 20:36:28]: (INFO) => invalid id: 143-1-06
[18-06-2022 20:36:28]: (INFO) => invalid id: 151-1-06
[18-06-2022 20:36:28]: (INFO) => invalid id: 152-1-06
[18-06-2022 20:36:28]: (INFO) => invalid id: 153-1-06
[18-06-2022 20:36:28]: (INFO) => invalid id: 161-1-06
[18-06-2022 20:36:28]: (INFO) => invalid id: 162-1-06
[18-06-2022 20:36:29]: (INFO) => invalid id: 163-1-06
[18-06-2022 20:36:29]: (INFO) => invalid id: 171-1-06
[18-06-2022 20:36:29]: (INFO) => invalid id: 172-1-06
[18-06-2022 20:36:29]: (INFO) => invalid id: 173-1-06
[18-06-2022 20:36:29]: (INFO) => invalid id: 181-1-06
[18-06-2022 20:36:29]: (INFO) => invalid id: 182-1-06
[18-06-2022 20:36:30]: (INFO) => invalid id: 183-1-06
[18-06-2022 20:36:30]: (INFO) => invalid id: 191-1-06
[18-06-2022 20:36:30]: (INFO) => invalid id: 192-1-06
[18-06-2022 20:36:30]: (INFO) => invalid id: 193-1-06
[18-06-2022 20:36:30]: (INFO) => invalid id: 201-1-06
[18-06-2022 20:36:30]: (INFO) => invalid id: 202-1-06
[18-06-2022 20:36:30]: (INFO) => invalid id: 203-1-06
[18-06-2022 20:36:30]: (INFO) => invalid id: 211-1-06
[18-06-2022 20:36:31]: (INFO) => invalid id: 212-1-06
[18-06-2022 20:36:31]: (INFO) => invalid id: 213-1-06
[18-06-2022 20:36:31]: (INFO) => invalid id: 221-1-06
[18-06-2022 20:36:31]: (INFO) => invalid id: 222-1-06
[18-06-2022 20:36:31]: (INFO) => invalid id: 223-1-06
[18-06-2022 20:36:31]: (INFO) => invalid id: 141-1-07
[18-06-2022 20:36:31]: (INFO) => invalid id: 142-1-07
[18-06-2022 20:36:31]: (INFO) => invalid id: 143-1-07
[18-06-2022 20:36:32]: (INFO) => invalid id: 151-1-07
[18-06-2022 20:36:32]: (INFO) => invalid id: 152-1-07
[18-06-2022 20:36:32]: (INFO) => invalid id: 153-1-07
[18-06-2022 20:36:32]: (INFO) => invalid id: 161-1-07
[18-06-2022 20:36:32]: (INFO) => invalid id: 162-1-07
[18-06-2022 20:36:32]: (INFO) => invalid id: 163-1-07
[18-06-2022 20:36:32]: (INFO) => invalid id: 171-1-07
[18-06-2022 20:36:32]: (INFO) => invalid id: 172-1-07
[18-06-2022 20:36:32]: (INFO) => invalid id: 173-1-07
[18-06-2022 20:36:33]: (INFO) => invalid id: 181-1-07
[18-06-2022 20:36:33]: (INFO) => invalid id: 182-1-07
[18-06-2022 20:36:33]: (INFO) => invalid id: 183-1-07
[18-06-2022 20:36:33]: (INFO) => invalid id: 191-1-07
[18-06-2022 20:36:33]: (INFO) => invalid id: 192-1-07
[18-06-2022 20:36:33]: (INFO) => invalid id: 193-1-07
[18-06-2022 20:36:33]: (INFO) => invalid id: 201-1-07
[18-06-2022 20:36:34]: (INFO) => invalid id: 202-1-07
[18-06-2022 20:36:34]: (INFO) => invalid id: 203-1-07
[18-06-2022 20:36:34]: (INFO) => invalid id: 211-1-07
[18-06-2022 20:36:34]: (INFO) => invalid id: 212-1-07
[18-06-2022 20:36:34]: (INFO) => invalid id: 213-1-07
[18-06-2022 20:36:34]: (INFO) => invalid id: 221-1-07
[18-06-2022 20:36:35]: (INFO) => invalid id: 222-1-07
[18-06-2022 20:36:35]: (INFO) => invalid id: 223-1-07
[18-06-2022 20:36:35]: (INFO) => invalid id: 141-1-08
[18-06-2022 20:36:35]: (INFO) => invalid id: 142-1-08
[18-06-2022 20:36:35]: (INFO) => invalid id: 143-1-08
[18-06-2022 20:36:35]: (INFO) => invalid id: 151-1-08
[18-06-2022 20:36:36]: (INFO) => invalid id: 152-1-08
[18-06-2022 20:36:36]: (INFO) => invalid id: 153-1-08
[18-06-2022 20:36:36]: (INFO) => invalid id: 161-1-08
[18-06-2022 20:36:36]: (INFO) => invalid id: 162-1-08
[18-06-2022 20:36:36]: (INFO) => invalid id: 163-1-08
[18-06-2022 20:36:36]: (INFO) => invalid id: 171-1-08
[18-06-2022 20:36:36]: (INFO) => invalid id: 172-1-08
[18-06-2022 20:36:36]: (INFO) => invalid id: 173-1-08
[18-06-2022 20:36:37]: (INFO) => invalid id: 181-1-08
[18-06-2022 20:36:37]: (INFO) => invalid id: 182-1-08
[18-06-2022 20:36:37]: (INFO) => invalid id: 183-1-08
[18-06-2022 20:36:37]: (INFO) => invalid id: 191-1-08
[18-06-2022 20:36:37]: (INFO) => invalid id: 192-1-08
[18-06-2022 20:36:38]: (INFO) => invalid id: 193-1-08
[18-06-2022 20:36:38]: (INFO) => invalid id: 201-1-08
[18-06-2022 20:36:38]: (INFO) => invalid id: 202-1-08
[18-06-2022 20:36:38]: (INFO) => invalid id: 203-1-08
[18-06-2022 20:36:38]: (INFO) => invalid id: 211-1-08
[18-06-2022 20:36:38]: (INFO) => invalid id: 212-1-08
[18-06-2022 20:36:39]: (INFO) => invalid id: 213-1-08
[18-06-2022 20:36:39]: (INFO) => invalid id: 221-1-08
[18-06-2022 20:36:39]: (INFO) => invalid id: 222-1-08
[18-06-2022 20:36:39]: (INFO) => invalid id: 223-1-08
[18-06-2022 20:36:40]: (INFO) => invalid id: 141-1-09
[18-06-2022 20:36:40]: (INFO) => invalid id: 142-1-09
[18-06-2022 20:36:40]: (INFO) => invalid id: 143-1-09
[18-06-2022 20:36:41]: (INFO) => invalid id: 151-1-09
[18-06-2022 20:36:41]: (INFO) => invalid id: 152-1-09
[18-06-2022 20:36:41]: (INFO) => invalid id: 153-1-09
[18-06-2022 20:36:42]: (INFO) => invalid id: 161-1-09
[18-06-2022 20:36:42]: (INFO) => invalid id: 162-1-09
[18-06-2022 20:36:42]: (INFO) => invalid id: 163-1-09
[18-06-2022 20:36:42]: (INFO) => invalid id: 171-1-09
[18-06-2022 20:36:43]: (INFO) => invalid id: 172-1-09
[18-06-2022 20:36:43]: (INFO) => invalid id: 173-1-09
[18-06-2022 20:36:43]: (INFO) => invalid id: 181-1-09
[18-06-2022 20:36:44]: (INFO) => invalid id: 182-1-09
[18-06-2022 20:36:44]: (INFO) => invalid id: 183-1-09
[18-06-2022 20:36:44]: (INFO) => invalid id: 191-1-09
[18-06-2022 20:36:44]: (INFO) => invalid id: 192-1-09
[18-06-2022 20:36:44]: (INFO) => invalid id: 193-1-09
[18-06-2022 20:36:45]: (INFO) => invalid id: 201-1-09
[18-06-2022 20:36:45]: (INFO) => invalid id: 202-1-09
[18-06-2022 20:36:45]: (INFO) => invalid id: 203-1-09
[18-06-2022 20:36:45]: (INFO) => invalid id: 211-1-09
[18-06-2022 20:36:45]: (INFO) => invalid id: 212-1-09
[18-06-2022 20:36:45]: (INFO) => invalid id: 213-1-09
[18-06-2022 20:36:45]: (INFO) => invalid id: 221-1-09
[18-06-2022 20:36:45]: (INFO) => invalid id: 222-1-09
[18-06-2022 20:36:46]: (INFO) => invalid id: 223-1-09
[18-06-2022 20:36:46]: (INFO) => invalid id: 141-1-10
[18-06-2022 20:36:46]: (INFO) => invalid id: 142-1-10
[18-06-2022 20:36:46]: (INFO) => invalid id: 143-1-10
[18-06-2022 20:36:46]: (INFO) => invalid id: 151-1-10
[18-06-2022 20:36:46]: (INFO) => invalid id: 152-1-10
[18-06-2022 20:36:46]: (INFO) => invalid id: 153-1-10
[18-06-2022 20:36:46]: (INFO) => invalid id: 161-1-10
[18-06-2022 20:36:46]: (INFO) => invalid id: 162-1-10
[18-06-2022 20:36:46]: (INFO) => invalid id: 163-1-10
[18-06-2022 20:36:47]: (INFO) => invalid id: 171-1-10
[18-06-2022 20:36:47]: (INFO) => invalid id: 172-1-10
[18-06-2022 20:36:47]: (INFO) => invalid id: 173-1-10
[18-06-2022 20:36:47]: (INFO) => invalid id: 181-1-10
[18-06-2022 20:36:47]: (INFO) => invalid id: 182-1-10
[18-06-2022 20:36:47]: (INFO) => invalid id: 183-1-10
[18-06-2022 20:36:47]: (INFO) => invalid id: 191-1-10
[18-06-2022 20:36:47]: (INFO) => invalid id: 192-1-10
[18-06-2022 20:36:47]: (INFO) => invalid id: 193-1-10
[18-06-2022 20:36:47]: (INFO) => invalid id: 201-1-10
[18-06-2022 20:36:47]: (INFO) => invalid id: 202-1-10
[18-06-2022 20:36:47]: (INFO) => invalid id: 203-1-10
[18-06-2022 20:36:48]: (INFO) => invalid id: 211-1-10
[18-06-2022 20:36:48]: (INFO) => invalid id: 212-1-10
[18-06-2022 20:36:48]: (INFO) => invalid id: 213-1-10
[18-06-2022 20:36:48]: (INFO) => invalid id: 221-1-10
[18-06-2022 20:36:48]: (INFO) => invalid id: 222-1-10
[18-06-2022 20:36:48]: (INFO) => invalid id: 223-1-10
[18-06-2022 20:36:48]: (INFO) => invalid id: 141-1-11
[18-06-2022 20:36:48]: (INFO) => invalid id: 142-1-11
[18-06-2022 20:36:48]: (INFO) => invalid id: 143-1-11
[18-06-2022 20:36:48]: (INFO) => invalid id: 151-1-11
[18-06-2022 20:36:48]: (INFO) => invalid id: 152-1-11
[18-06-2022 20:36:48]: (INFO) => invalid id: 153-1-11
[18-06-2022 20:36:49]: (INFO) => invalid id: 161-1-11
[18-06-2022 20:36:49]: (INFO) => invalid id: 162-1-11
[18-06-2022 20:36:49]: (INFO) => invalid id: 163-1-11
[18-06-2022 20:36:49]: (INFO) => invalid id: 171-1-11
[18-06-2022 20:36:49]: (INFO) => invalid id: 172-1-11
[18-06-2022 20:36:49]: (INFO) => invalid id: 173-1-11
[18-06-2022 20:36:49]: (INFO) => invalid id: 181-1-11
[18-06-2022 20:36:49]: (INFO) => invalid id: 182-1-11
[18-06-2022 20:36:49]: (INFO) => invalid id: 183-1-11
[18-06-2022 20:36:49]: (INFO) => invalid id: 191-1-11
[18-06-2022 20:36:49]: (INFO) => invalid id: 192-1-11
[18-06-2022 20:36:50]: (INFO) => invalid id: 193-1-11
[18-06-2022 20:36:50]: (INFO) => invalid id: 201-1-11
[18-06-2022 20:36:50]: (INFO) => invalid id: 202-1-11
[18-06-2022 20:36:50]: (INFO) => invalid id: 203-1-11
[18-06-2022 20:36:50]: (INFO) => invalid id: 211-1-11
[18-06-2022 20:36:50]: (INFO) => invalid id: 212-1-11
[18-06-2022 20:36:50]: (INFO) => invalid id: 213-1-11
[18-06-2022 20:36:50]: (INFO) => invalid id: 221-1-11
[18-06-2022 20:36:50]: (INFO) => invalid id: 222-1-11
[18-06-2022 20:36:50]: (INFO) => invalid id: 223-1-11
[18-06-2022 20:36:50]: (INFO) => invalid id: 141-1-12
[18-06-2022 20:36:50]: (INFO) => invalid id: 142-1-12
[18-06-2022 20:36:51]: (INFO) => invalid id: 143-1-12
[18-06-2022 20:36:51]: (INFO) => invalid id: 151-1-12
[18-06-2022 20:36:51]: (INFO) => invalid id: 152-1-12
[18-06-2022 20:36:51]: (INFO) => invalid id: 153-1-12
[18-06-2022 20:36:51]: (INFO) => invalid id: 161-1-12
[18-06-2022 20:36:51]: (INFO) => invalid id: 162-1-12
[18-06-2022 20:36:51]: (INFO) => invalid id: 163-1-12
[18-06-2022 20:36:51]: (INFO) => invalid id: 171-1-12
[18-06-2022 20:36:51]: (INFO) => invalid id: 172-1-12
[18-06-2022 20:36:51]: (INFO) => invalid id: 173-1-12
[18-06-2022 20:36:51]: (INFO) => invalid id: 181-1-12
[18-06-2022 20:36:52]: (INFO) => invalid id: 182-1-12
[18-06-2022 20:36:52]: (INFO) => invalid id: 183-1-12
[18-06-2022 20:36:52]: (INFO) => invalid id: 191-1-12
[18-06-2022 20:36:52]: (INFO) => invalid id: 192-1-12
[18-06-2022 20:36:52]: (INFO) => invalid id: 193-1-12
[18-06-2022 20:36:52]: (INFO) => invalid id: 201-1-12
[18-06-2022 20:36:52]: (INFO) => invalid id: 202-1-12
[18-06-2022 20:36:52]: (INFO) => invalid id: 203-1-12
[18-06-2022 20:36:52]: (INFO) => invalid id: 211-1-12
[18-06-2022 20:36:52]: (INFO) => invalid id: 212-1-12
[18-06-2022 20:36:52]: (INFO) => invalid id: 213-1-12
[18-06-2022 20:36:52]: (INFO) => invalid id: 221-1-12
[18-06-2022 20:36:53]: (INFO) => invalid id: 222-1-12
[18-06-2022 20:36:53]: (INFO) => invalid id: 223-1-12
[18-06-2022 20:36:53]: (INFO) => invalid id: 141-1-13
[18-06-2022 20:36:53]: (INFO) => invalid id: 142-1-13
[18-06-2022 20:36:53]: (INFO) => invalid id: 143-1-13
[18-06-2022 20:36:53]: (INFO) => invalid id: 151-1-13
[18-06-2022 20:36:53]: (INFO) => invalid id: 152-1-13
[18-06-2022 20:36:53]: (INFO) => invalid id: 153-1-13
[18-06-2022 20:36:53]: (INFO) => invalid id: 161-1-13
[18-06-2022 20:36:53]: (INFO) => invalid id: 162-1-13
[18-06-2022 20:36:53]: (INFO) => invalid id: 163-1-13
[18-06-2022 20:36:54]: (INFO) => invalid id: 171-1-13
[18-06-2022 20:36:54]: (INFO) => invalid id: 172-1-13
[18-06-2022 20:36:54]: (INFO) => invalid id: 173-1-13
[18-06-2022 20:36:54]: (INFO) => invalid id: 181-1-13
[18-06-2022 20:36:54]: (INFO) => invalid id: 182-1-13
[18-06-2022 20:36:54]: (INFO) => invalid id: 183-1-13
[18-06-2022 20:36:54]: (INFO) => invalid id: 191-1-13
[18-06-2022 20:36:54]: (INFO) => invalid id: 192-1-13
[18-06-2022 20:36:54]: (INFO) => invalid id: 193-1-13
[18-06-2022 20:36:54]: (INFO) => invalid id: 201-1-13
[18-06-2022 20:36:54]: (INFO) => invalid id: 202-1-13
[18-06-2022 20:36:55]: (INFO) => invalid id: 203-1-13
[18-06-2022 20:36:55]: (INFO) => invalid id: 211-1-13
[18-06-2022 20:36:55]: (INFO) => invalid id: 212-1-13
[18-06-2022 20:36:55]: (INFO) => invalid id: 213-1-13
[18-06-2022 20:36:55]: (INFO) => invalid id: 221-1-13
[18-06-2022 20:36:55]: (INFO) => invalid id: 222-1-13
[18-06-2022 20:36:55]: (INFO) => invalid id: 223-1-13
[18-06-2022 20:36:55]: (INFO) => invalid id: 141-1-14
[18-06-2022 20:36:55]: (INFO) => invalid id: 142-1-14
[18-06-2022 20:36:55]: (INFO) => invalid id: 143-1-14
[18-06-2022 20:36:56]: (INFO) => invalid id: 151-1-14
[18-06-2022 20:36:56]: (INFO) => invalid id: 152-1-14
[18-06-2022 20:36:56]: (INFO) => invalid id: 153-1-14
[18-06-2022 20:36:56]: (INFO) => invalid id: 161-1-14
[18-06-2022 20:36:56]: (INFO) => invalid id: 162-1-14
[18-06-2022 20:36:56]: (INFO) => invalid id: 163-1-14
[18-06-2022 20:36:56]: (INFO) => invalid id: 171-1-14
[18-06-2022 20:36:56]: (INFO) => invalid id: 172-1-14
[18-06-2022 20:36:57]: (INFO) => invalid id: 173-1-14
[18-06-2022 20:36:57]: (INFO) => invalid id: 181-1-14
[18-06-2022 20:36:57]: (INFO) => invalid id: 182-1-14
[18-06-2022 20:36:57]: (INFO) => invalid id: 183-1-14
[18-06-2022 20:36:57]: (INFO) => invalid id: 191-1-14
[18-06-2022 20:36:57]: (INFO) => invalid id: 192-1-14
[18-06-2022 20:36:57]: (INFO) => invalid id: 193-1-14
[18-06-2022 20:36:57]: (INFO) => invalid id: 201-1-14
[18-06-2022 20:36:57]: (INFO) => invalid id: 202-1-14
[18-06-2022 20:36:58]: (INFO) => invalid id: 203-1-14
[18-06-2022 20:36:58]: (INFO) => invalid id: 211-1-14
[18-06-2022 20:36:58]: (INFO) => invalid id: 212-1-14
[18-06-2022 20:36:58]: (INFO) => invalid id: 213-1-14
[18-06-2022 20:36:58]: (INFO) => invalid id: 221-1-14
[18-06-2022 20:36:58]: (INFO) => invalid id: 222-1-14
[18-06-2022 20:36:58]: (INFO) => invalid id: 223-1-14
[18-06-2022 20:36:58]: (INFO) => invalid id: 141-1-15
[18-06-2022 20:36:58]: (INFO) => invalid id: 142-1-15
[18-06-2022 20:36:59]: (INFO) => invalid id: 143-1-15
[18-06-2022 20:36:59]: (INFO) => invalid id: 151-1-15
[18-06-2022 20:36:59]: (INFO) => invalid id: 152-1-15
[18-06-2022 20:36:59]: (INFO) => invalid id: 153-1-15
[18-06-2022 20:36:59]: (INFO) => invalid id: 161-1-15
[18-06-2022 20:36:59]: (INFO) => invalid id: 162-1-15
[18-06-2022 20:36:59]: (INFO) => invalid id: 163-1-15
[18-06-2022 20:37:00]: (INFO) => invalid id: 171-1-15
[18-06-2022 20:37:00]: (INFO) => invalid id: 172-1-15
[18-06-2022 20:37:00]: (INFO) => invalid id: 173-1-15
[18-06-2022 20:37:00]: (INFO) => invalid id: 181-1-15
[18-06-2022 20:37:00]: (INFO) => invalid id: 182-1-15
[18-06-2022 20:37:00]: (INFO) => invalid id: 183-1-15
[18-06-2022 20:37:00]: (INFO) => invalid id: 191-1-15
[18-06-2022 20:37:00]: (INFO) => invalid id: 192-1-15
[18-06-2022 20:37:00]: (INFO) => invalid id: 193-1-15
[18-06-2022 20:37:00]: (INFO) => invalid id: 201-1-15
[18-06-2022 20:37:00]: (INFO) => invalid id: 202-1-15
[18-06-2022 20:37:00]: (INFO) => invalid id: 203-1-15
[18-06-2022 20:37:00]: (INFO) => invalid id: 211-1-15
[18-06-2022 20:37:00]: (INFO) => invalid id: 212-1-15
[18-06-2022 20:37:01]: (INFO) => invalid id: 213-1-15
[18-06-2022 20:37:01]: (INFO) => invalid id: 221-1-15
[18-06-2022 20:37:01]: (INFO) => invalid id: 222-1-15
[18-06-2022 20:37:01]: (INFO) => invalid id: 223-1-15
[18-06-2022 20:37:01]: (INFO) => invalid id: 141-1-16
[18-06-2022 20:37:01]: (INFO) => invalid id: 142-1-16
[18-06-2022 20:37:01]: (INFO) => invalid id: 143-1-16
[18-06-2022 20:37:01]: (INFO) => invalid id: 151-1-16
[18-06-2022 20:37:01]: (INFO) => invalid id: 152-1-16
[18-06-2022 20:37:01]: (INFO) => invalid id: 153-1-16
[18-06-2022 20:37:01]: (INFO) => invalid id: 161-1-16
[18-06-2022 20:37:02]: (INFO) => invalid id: 162-1-16
[18-06-2022 20:37:02]: (INFO) => invalid id: 163-1-16
[18-06-2022 20:37:02]: (INFO) => invalid id: 171-1-16
[18-06-2022 20:37:02]: (INFO) => invalid id: 172-1-16
[18-06-2022 20:37:02]: (INFO) => invalid id: 173-1-16
[18-06-2022 20:37:02]: (INFO) => invalid id: 181-1-16
[18-06-2022 20:37:02]: (INFO) => invalid id: 182-1-16
[18-06-2022 20:37:02]: (INFO) => invalid id: 183-1-16
[18-06-2022 20:37:02]: (INFO) => invalid id: 191-1-16
[18-06-2022 20:37:02]: (INFO) => invalid id: 192-1-16
[18-06-2022 20:37:02]: (INFO) => invalid id: 193-1-16
[18-06-2022 20:37:02]: (INFO) => invalid id: 201-1-16
[18-06-2022 20:37:03]: (INFO) => invalid id: 202-1-16
[18-06-2022 20:37:03]: (INFO) => invalid id: 203-1-16
[18-06-2022 20:37:03]: (INFO) => invalid id: 211-1-16
[18-06-2022 20:37:03]: (INFO) => invalid id: 212-1-16
[18-06-2022 20:37:03]: (INFO) => invalid id: 213-1-16
[18-06-2022 20:37:03]: (INFO) => invalid id: 221-1-16
[18-06-2022 20:37:03]: (INFO) => invalid id: 222-1-16
[18-06-2022 20:37:03]: (INFO) => invalid id: 223-1-16
[18-06-2022 20:37:03]: (INFO) => invalid id: 141-1-17
[18-06-2022 20:37:03]: (INFO) => invalid id: 142-1-17
[18-06-2022 20:37:03]: (INFO) => invalid id: 143-1-17
[18-06-2022 20:37:03]: (INFO) => invalid id: 151-1-17
[18-06-2022 20:37:04]: (INFO) => invalid id: 152-1-17
[18-06-2022 20:37:04]: (INFO) => invalid id: 153-1-17
[18-06-2022 20:37:04]: (INFO) => invalid id: 161-1-17
[18-06-2022 20:37:04]: (INFO) => invalid id: 162-1-17
[18-06-2022 20:37:04]: (INFO) => invalid id: 163-1-17
[18-06-2022 20:37:04]: (INFO) => invalid id: 171-1-17
[18-06-2022 20:37:05]: (INFO) => invalid id: 172-1-17
[18-06-2022 20:37:05]: (INFO) => invalid id: 173-1-17
[18-06-2022 20:37:05]: (INFO) => invalid id: 181-1-17
[18-06-2022 20:37:05]: (INFO) => invalid id: 182-1-17
[18-06-2022 20:37:05]: (INFO) => invalid id: 183-1-17
[18-06-2022 20:37:05]: (INFO) => invalid id: 191-1-17
[18-06-2022 20:37:06]: (INFO) => invalid id: 192-1-17
[18-06-2022 20:37:06]: (INFO) => invalid id: 193-1-17
[18-06-2022 20:37:06]: (INFO) => invalid id: 201-1-17
[18-06-2022 20:37:06]: (INFO) => invalid id: 202-1-17
[18-06-2022 20:37:06]: (INFO) => invalid id: 203-1-17
[18-06-2022 20:37:06]: (INFO) => invalid id: 211-1-17
[18-06-2022 20:37:06]: (INFO) => invalid id: 212-1-17
[18-06-2022 20:37:06]: (INFO) => invalid id: 213-1-17
[18-06-2022 20:37:07]: (INFO) => invalid id: 221-1-17
[18-06-2022 20:37:07]: (INFO) => invalid id: 222-1-17
[18-06-2022 20:37:07]: (INFO) => invalid id: 223-1-17
[18-06-2022 20:37:07]: (INFO) => invalid id: 141-1-18
[18-06-2022 20:37:07]: (INFO) => invalid id: 142-1-18
[18-06-2022 20:37:07]: (INFO) => invalid id: 143-1-18
[18-06-2022 20:37:07]: (INFO) => invalid id: 151-1-18
[18-06-2022 20:37:07]: (INFO) => invalid id: 152-1-18
[18-06-2022 20:37:07]: (INFO) => invalid id: 153-1-18
[18-06-2022 20:37:08]: (INFO) => invalid id: 161-1-18
[18-06-2022 20:37:08]: (INFO) => invalid id: 162-1-18
[18-06-2022 20:37:08]: (INFO) => invalid id: 163-1-18
[18-06-2022 20:37:08]: (INFO) => invalid id: 171-1-18
[18-06-2022 20:37:08]: (INFO) => invalid id: 172-1-18
[18-06-2022 20:37:08]: (INFO) => invalid id: 173-1-18
[18-06-2022 20:37:08]: (INFO) => invalid id: 181-1-18
[18-06-2022 20:37:08]: (INFO) => invalid id: 182-1-18
[18-06-2022 20:37:08]: (INFO) => invalid id: 183-1-18
[18-06-2022 20:37:08]: (INFO) => invalid id: 191-1-18
[18-06-2022 20:37:09]: (INFO) => invalid id: 192-1-18
[18-06-2022 20:37:09]: (INFO) => invalid id: 193-1-18
[18-06-2022 20:37:09]: (INFO) => invalid id: 201-1-18
[18-06-2022 20:37:09]: (INFO) => invalid id: 202-1-18
[18-06-2022 20:37:09]: (INFO) => invalid id: 203-1-18
[18-06-2022 20:37:09]: (INFO) => invalid id: 211-1-18
[18-06-2022 20:37:09]: (INFO) => invalid id: 212-1-18
[18-06-2022 20:37:09]: (INFO) => invalid id: 213-1-18
[18-06-2022 20:37:09]: (INFO) => invalid id: 221-1-18
[18-06-2022 20:37:09]: (INFO) => invalid id: 222-1-18
[18-06-2022 20:37:09]: (INFO) => invalid id: 223-1-18
[18-06-2022 20:37:10]: (INFO) => invalid id: 141-1-19
[18-06-2022 20:37:10]: (INFO) => invalid id: 142-1-19
[18-06-2022 20:37:10]: (INFO) => invalid id: 143-1-19
[18-06-2022 20:37:10]: (INFO) => invalid id: 151-1-19
[18-06-2022 20:37:10]: (INFO) => invalid id: 152-1-19
[18-06-2022 20:37:10]: (INFO) => invalid id: 153-1-19
[18-06-2022 20:37:10]: (INFO) => invalid id: 161-1-19
[18-06-2022 20:37:10]: (INFO) => invalid id: 162-1-19
[18-06-2022 20:37:10]: (INFO) => invalid id: 163-1-19
[18-06-2022 20:37:10]: (INFO) => invalid id: 171-1-19
[18-06-2022 20:37:10]: (INFO) => invalid id: 172-1-19
[18-06-2022 20:37:11]: (INFO) => invalid id: 173-1-19
[18-06-2022 20:37:11]: (INFO) => invalid id: 181-1-19
[18-06-2022 20:37:11]: (INFO) => invalid id: 182-1-19
[18-06-2022 20:37:11]: (INFO) => invalid id: 183-1-19
[18-06-2022 20:37:11]: (INFO) => invalid id: 191-1-19
[18-06-2022 20:37:11]: (INFO) => invalid id: 192-1-19
[18-06-2022 20:37:11]: (INFO) => invalid id: 193-1-19
[18-06-2022 20:37:11]: (INFO) => invalid id: 201-1-19
[18-06-2022 20:37:11]: (INFO) => invalid id: 202-1-19
[18-06-2022 20:37:11]: (INFO) => invalid id: 203-1-19
[18-06-2022 20:37:11]: (INFO) => invalid id: 211-1-19
[18-06-2022 20:37:11]: (INFO) => invalid id: 212-1-19
[18-06-2022 20:37:11]: (INFO) => invalid id: 213-1-19
[18-06-2022 20:37:12]: (INFO) => invalid id: 221-1-19
[18-06-2022 20:37:12]: (INFO) => invalid id: 222-1-19
[18-06-2022 20:37:12]: (INFO) => invalid id: 223-1-19
[18-06-2022 20:37:12]: (INFO) => invalid id: 141-1-20
[18-06-2022 20:37:12]: (INFO) => invalid id: 142-1-20
[18-06-2022 20:37:12]: (INFO) => invalid id: 143-1-20
[18-06-2022 20:37:12]: (INFO) => invalid id: 151-1-20
[18-06-2022 20:37:12]: (INFO) => invalid id: 152-1-20
[18-06-2022 20:37:12]: (INFO) => invalid id: 153-1-20
[18-06-2022 20:37:12]: (INFO) => invalid id: 161-1-20
[18-06-2022 20:37:12]: (INFO) => invalid id: 162-1-20
[18-06-2022 20:37:12]: (INFO) => invalid id: 163-1-20
[18-06-2022 20:37:13]: (INFO) => invalid id: 171-1-20
[18-06-2022 20:37:13]: (INFO) => invalid id: 172-1-20
[18-06-2022 20:37:13]: (INFO) => invalid id: 173-1-20
[18-06-2022 20:37:13]: (INFO) => invalid id: 181-1-20
[18-06-2022 20:37:13]: (INFO) => invalid id: 182-1-20
[18-06-2022 20:37:13]: (INFO) => invalid id: 183-1-20
[18-06-2022 20:37:13]: (INFO) => invalid id: 191-1-20
[18-06-2022 20:37:13]: (INFO) => invalid id: 192-1-20
[18-06-2022 20:37:14]: (INFO) => invalid id: 193-1-20
[18-06-2022 20:37:14]: (INFO) => invalid id: 201-1-20
[18-06-2022 20:37:14]: (INFO) => invalid id: 202-1-20
[18-06-2022 20:37:14]: (INFO) => invalid id: 203-1-20
[18-06-2022 20:37:14]: (INFO) => invalid id: 211-1-20
[18-06-2022 20:37:14]: (INFO) => invalid id: 212-1-20
[18-06-2022 20:37:14]: (INFO) => invalid id: 213-1-20
[18-06-2022 20:37:14]: (INFO) => invalid id: 221-1-20
[18-06-2022 20:37:14]: (INFO) => invalid id: 222-1-20
[18-06-2022 20:37:14]: (INFO) => invalid id: 223-1-20
[18-06-2022 20:37:14]: (INFO) => invalid id: 141-1-21
[18-06-2022 20:37:14]: (INFO) => invalid id: 142-1-21
[18-06-2022 20:37:14]: (INFO) => invalid id: 143-1-21
[18-06-2022 20:37:14]: (INFO) => invalid id: 151-1-21
[18-06-2022 20:37:14]: (INFO) => invalid id: 152-1-21
[18-06-2022 20:37:14]: (INFO) => invalid id: 153-1-21
[18-06-2022 20:37:15]: (INFO) => invalid id: 161-1-21
[18-06-2022 20:37:15]: (INFO) => invalid id: 162-1-21
[18-06-2022 20:37:15]: (INFO) => invalid id: 163-1-21
[18-06-2022 20:37:15]: (INFO) => invalid id: 171-1-21
[18-06-2022 20:37:15]: (INFO) => invalid id: 172-1-21
[18-06-2022 20:37:15]: (INFO) => invalid id: 173-1-21
[18-06-2022 20:37:15]: (INFO) => invalid id: 181-1-21
[18-06-2022 20:37:15]: (INFO) => invalid id: 182-1-21
[18-06-2022 20:37:15]: (INFO) => invalid id: 183-1-21
[18-06-2022 20:37:15]: (INFO) => invalid id: 191-1-21
[18-06-2022 20:37:16]: (INFO) => invalid id: 192-1-21
[18-06-2022 20:37:16]: (INFO) => invalid id: 193-1-21
[18-06-2022 20:37:16]: (INFO) => invalid id: 201-1-21
[18-06-2022 20:37:16]: (INFO) => invalid id: 202-1-21
[18-06-2022 20:37:16]: (INFO) => invalid id: 203-1-21
[18-06-2022 20:37:16]: (INFO) => invalid id: 211-1-21
[18-06-2022 20:37:16]: (INFO) => invalid id: 212-1-21
[18-06-2022 20:37:16]: (INFO) => invalid id: 213-1-21
[18-06-2022 20:37:16]: (INFO) => invalid id: 221-1-21
[18-06-2022 20:37:16]: (INFO) => invalid id: 222-1-21
[18-06-2022 20:37:16]: (INFO) => invalid id: 223-1-21
[18-06-2022 20:37:17]: (INFO) => invalid id: 141-1-22
[18-06-2022 20:37:17]: (INFO) => invalid id: 142-1-22
[18-06-2022 20:37:17]: (INFO) => invalid id: 143-1-22
[18-06-2022 20:37:17]: (INFO) => invalid id: 151-1-22
[18-06-2022 20:37:17]: (INFO) => invalid id: 152-1-22
[18-06-2022 20:37:17]: (INFO) => invalid id: 153-1-22
[18-06-2022 20:37:17]: (INFO) => invalid id: 161-1-22
[18-06-2022 20:37:17]: (INFO) => invalid id: 162-1-22
[18-06-2022 20:37:17]: (INFO) => invalid id: 163-1-22
[18-06-2022 20:37:17]: (INFO) => invalid id: 171-1-22
[18-06-2022 20:37:18]: (INFO) => invalid id: 172-1-22
[18-06-2022 20:37:18]: (INFO) => invalid id: 173-1-22
[18-06-2022 20:37:18]: (INFO) => invalid id: 181-1-22
[18-06-2022 20:37:18]: (INFO) => invalid id: 182-1-22
[18-06-2022 20:37:18]: (INFO) => invalid id: 183-1-22
[18-06-2022 20:37:18]: (INFO) => invalid id: 191-1-22
[18-06-2022 20:37:18]: (INFO) => invalid id: 192-1-22
[18-06-2022 20:37:18]: (INFO) => invalid id: 193-1-22
[18-06-2022 20:37:18]: (INFO) => invalid id: 201-1-22
[18-06-2022 20:37:18]: (INFO) => invalid id: 202-1-22
[18-06-2022 20:37:18]: (INFO) => invalid id: 203-1-22
[18-06-2022 20:37:18]: (INFO) => invalid id: 211-1-22
[18-06-2022 20:37:18]: (INFO) => invalid id: 212-1-22
[18-06-2022 20:37:18]: (INFO) => invalid id: 213-1-22
[18-06-2022 20:37:18]: (INFO) => invalid id: 221-1-22
[18-06-2022 20:37:19]: (INFO) => invalid id: 222-1-22
[18-06-2022 20:37:19]: (INFO) => invalid id: 223-1-22
[18-06-2022 20:37:19]: (INFO) => invalid id: 141-1-23
[18-06-2022 20:37:19]: (INFO) => invalid id: 142-1-23
[18-06-2022 20:37:19]: (INFO) => invalid id: 143-1-23
[18-06-2022 20:37:19]: (INFO) => invalid id: 151-1-23
[18-06-2022 20:37:19]: (INFO) => invalid id: 152-1-23
[18-06-2022 20:37:19]: (INFO) => invalid id: 153-1-23
[18-06-2022 20:37:19]: (INFO) => invalid id: 161-1-23
[18-06-2022 20:37:19]: (INFO) => invalid id: 162-1-23
[18-06-2022 20:37:19]: (INFO) => invalid id: 163-1-23
[18-06-2022 20:37:20]: (INFO) => invalid id: 171-1-23
[18-06-2022 20:37:20]: (INFO) => invalid id: 172-1-23
[18-06-2022 20:37:20]: (INFO) => invalid id: 173-1-23
[18-06-2022 20:37:20]: (INFO) => invalid id: 181-1-23
[18-06-2022 20:37:20]: (INFO) => invalid id: 182-1-23
[18-06-2022 20:37:20]: (INFO) => invalid id: 183-1-23
[18-06-2022 20:37:20]: (INFO) => invalid id: 191-1-23
[18-06-2022 20:37:20]: (INFO) => invalid id: 192-1-23
[18-06-2022 20:37:20]: (INFO) => invalid id: 193-1-23
[18-06-2022 20:37:20]: (INFO) => invalid id: 201-1-23
[18-06-2022 20:37:20]: (INFO) => invalid id: 202-1-23
[18-06-2022 20:37:21]: (INFO) => invalid id: 203-1-23
[18-06-2022 20:37:21]: (INFO) => invalid id: 211-1-23
[18-06-2022 20:37:21]: (INFO) => invalid id: 212-1-23
[18-06-2022 20:37:21]: (INFO) => invalid id: 213-1-23
[18-06-2022 20:37:21]: (INFO) => invalid id: 221-1-23
[18-06-2022 20:37:21]: (INFO) => invalid id: 222-1-23
[18-06-2022 20:37:21]: (INFO) => invalid id: 223-1-23
[18-06-2022 20:37:21]: (INFO) => invalid id: 141-1-24
[18-06-2022 20:37:21]: (INFO) => invalid id: 142-1-24
[18-06-2022 20:37:21]: (INFO) => invalid id: 143-1-24
[18-06-2022 20:37:21]: (INFO) => invalid id: 151-1-24
[18-06-2022 20:37:22]: (INFO) => invalid id: 152-1-24
[18-06-2022 20:37:22]: (INFO) => invalid id: 153-1-24
[18-06-2022 20:37:22]: (INFO) => invalid id: 161-1-24
[18-06-2022 20:37:22]: (INFO) => invalid id: 162-1-24
[18-06-2022 20:37:22]: (INFO) => invalid id: 163-1-24
[18-06-2022 20:37:22]: (INFO) => invalid id: 171-1-24
[18-06-2022 20:37:22]: (INFO) => invalid id: 172-1-24
[18-06-2022 20:37:22]: (INFO) => invalid id: 173-1-24
[18-06-2022 20:37:23]: (INFO) => invalid id: 181-1-24
[18-06-2022 20:37:23]: (INFO) => invalid id: 182-1-24
[18-06-2022 20:37:23]: (INFO) => invalid id: 183-1-24
[18-06-2022 20:37:23]: (INFO) => invalid id: 191-1-24
[18-06-2022 20:37:23]: (INFO) => invalid id: 192-1-24
[18-06-2022 20:37:23]: (INFO) => invalid id: 193-1-24
[18-06-2022 20:37:23]: (INFO) => invalid id: 201-1-24
[18-06-2022 20:37:23]: (INFO) => invalid id: 202-1-24
[18-06-2022 20:37:24]: (INFO) => invalid id: 203-1-24
[18-06-2022 20:37:24]: (INFO) => invalid id: 211-1-24
[18-06-2022 20:37:24]: (INFO) => invalid id: 212-1-24
[18-06-2022 20:37:24]: (INFO) => invalid id: 213-1-24
[18-06-2022 20:37:24]: (INFO) => invalid id: 221-1-24
[18-06-2022 20:37:24]: (INFO) => invalid id: 222-1-24
[18-06-2022 20:37:24]: (INFO) => invalid id: 223-1-24
[18-06-2022 20:37:24]: (INFO) => invalid id: 141-1-25
[18-06-2022 20:37:24]: (INFO) => invalid id: 142-1-25
[18-06-2022 20:37:24]: (INFO) => invalid id: 143-1-25
[18-06-2022 20:37:24]: (INFO) => invalid id: 151-1-25
[18-06-2022 20:37:24]: (INFO) => invalid id: 152-1-25
[18-06-2022 20:37:25]: (INFO) => invalid id: 153-1-25
[18-06-2022 20:37:25]: (INFO) => invalid id: 161-1-25
[18-06-2022 20:37:25]: (INFO) => invalid id: 162-1-25
[18-06-2022 20:37:25]: (INFO) => invalid id: 163-1-25
[18-06-2022 20:37:25]: (INFO) => invalid id: 171-1-25
[18-06-2022 20:37:25]: (INFO) => invalid id: 172-1-25
[18-06-2022 20:37:25]: (INFO) => invalid id: 173-1-25
[18-06-2022 20:37:25]: (INFO) => invalid id: 181-1-25
[18-06-2022 20:37:25]: (INFO) => invalid id: 182-1-25
[18-06-2022 20:37:26]: (INFO) => invalid id: 183-1-25
[18-06-2022 20:37:26]: (INFO) => invalid id: 191-1-25
[18-06-2022 20:37:26]: (INFO) => invalid id: 192-1-25
[18-06-2022 20:37:26]: (INFO) => invalid id: 193-1-25
[18-06-2022 20:37:26]: (INFO) => invalid id: 201-1-25
[18-06-2022 20:37:26]: (INFO) => invalid id: 202-1-25
[18-06-2022 20:37:26]: (INFO) => invalid id: 203-1-25
[18-06-2022 20:37:26]: (INFO) => invalid id: 211-1-25
[18-06-2022 20:37:26]: (INFO) => invalid id: 212-1-25
[18-06-2022 20:37:26]: (INFO) => invalid id: 213-1-25
[18-06-2022 20:37:26]: (INFO) => invalid id: 221-1-25
[18-06-2022 20:37:26]: (INFO) => invalid id: 222-1-25
[18-06-2022 20:37:26]: (INFO) => invalid id: 223-1-25
[18-06-2022 20:37:26]: (INFO) => invalid id: 141-1-26
[18-06-2022 20:37:27]: (INFO) => invalid id: 142-1-26
[18-06-2022 20:37:27]: (INFO) => invalid id: 143-1-26
[18-06-2022 20:37:27]: (INFO) => invalid id: 151-1-26
[18-06-2022 20:37:27]: (INFO) => invalid id: 152-1-26
[18-06-2022 20:37:27]: (INFO) => invalid id: 153-1-26
[18-06-2022 20:37:27]: (INFO) => invalid id: 161-1-26
[18-06-2022 20:37:27]: (INFO) => invalid id: 162-1-26
[18-06-2022 20:37:27]: (INFO) => invalid id: 163-1-26
[18-06-2022 20:37:27]: (INFO) => invalid id: 171-1-26
[18-06-2022 20:37:27]: (INFO) => invalid id: 172-1-26
[18-06-2022 20:37:27]: (INFO) => invalid id: 173-1-26
[18-06-2022 20:37:27]: (INFO) => invalid id: 181-1-26
[18-06-2022 20:37:28]: (INFO) => invalid id: 182-1-26
[18-06-2022 20:37:28]: (INFO) => invalid id: 183-1-26
[18-06-2022 20:37:28]: (INFO) => invalid id: 191-1-26
[18-06-2022 20:37:28]: (INFO) => invalid id: 192-1-26
[18-06-2022 20:37:28]: (INFO) => invalid id: 193-1-26
[18-06-2022 20:37:28]: (INFO) => invalid id: 201-1-26
[18-06-2022 20:37:28]: (INFO) => invalid id: 202-1-26
[18-06-2022 20:37:28]: (INFO) => invalid id: 203-1-26
[18-06-2022 20:37:28]: (INFO) => invalid id: 211-1-26
[18-06-2022 20:37:28]: (INFO) => invalid id: 212-1-26
[18-06-2022 20:37:28]: (INFO) => invalid id: 213-1-26
[18-06-2022 20:37:28]: (INFO) => invalid id: 221-1-26
[18-06-2022 20:37:28]: (INFO) => invalid id: 222-1-26
[18-06-2022 20:37:29]: (INFO) => invalid id: 223-1-26
[18-06-2022 20:37:29]: (INFO) => invalid id: 141-1-27
[18-06-2022 20:37:29]: (INFO) => invalid id: 142-1-27
[18-06-2022 20:37:29]: (INFO) => invalid id: 143-1-27
[18-06-2022 20:37:29]: (INFO) => invalid id: 151-1-27
[18-06-2022 20:37:29]: (INFO) => invalid id: 152-1-27
[18-06-2022 20:37:29]: (INFO) => invalid id: 153-1-27
[18-06-2022 20:37:29]: (INFO) => invalid id: 161-1-27
[18-06-2022 20:37:29]: (INFO) => invalid id: 162-1-27
[18-06-2022 20:37:29]: (INFO) => invalid id: 163-1-27
[18-06-2022 20:37:30]: (INFO) => invalid id: 171-1-27
[18-06-2022 20:37:30]: (INFO) => invalid id: 172-1-27
[18-06-2022 20:37:30]: (INFO) => invalid id: 173-1-27
[18-06-2022 20:37:30]: (INFO) => invalid id: 181-1-27
[18-06-2022 20:37:30]: (INFO) => invalid id: 182-1-27
[18-06-2022 20:37:30]: (INFO) => invalid id: 183-1-27
[18-06-2022 20:37:30]: (INFO) => invalid id: 191-1-27
[18-06-2022 20:37:30]: (INFO) => invalid id: 192-1-27
[18-06-2022 20:37:30]: (INFO) => invalid id: 193-1-27
[18-06-2022 20:37:30]: (INFO) => invalid id: 201-1-27
[18-06-2022 20:37:30]: (INFO) => invalid id: 202-1-27
