# Logfile created on 2022-06-15 12:42:41 +0600 by logger.rb/v1.4.2
[15-06-2022 12:42:45]: (INFO) => 173-15-1648: {:student_id=>"173-15-1648", :student_name=>"Sumya Akter", :campus_name=>"DSC", :batch_no=>48, :program_short_name=>"B.Sc. in CSE", :department_short_name=>"CSE", :faculty_short_name=>"FSIT", :shift=>"MORNING"}
[15-06-2022 12:42:52]: (INFO) => 173-15-1649: {:student_id=>"173-15-1649", :student_name=>"Md. Shahriar Hossain", :campus_name=>"DSC", :batch_no=>48, :program_short_name=>"B.Sc. in CSE", :department_short_name=>"CSE", :faculty_short_name=>"FSIT", :shift=>"MORNING"}
[15-06-2022 12:42:58]: (INFO) => 173-15-1650: {:student_id=>"173-15-1650", :student_name=>"Md. Shakawat Al Sakib", :campus_name=>"DSC", :batch_no=>48, :program_short_name=>"B.Sc. in CSE", :department_short_name=>"CSE", :faculty_short_name=>"FSIT", :shift=>"MORNING"}
[15-06-2022 12:43:04]: (INFO) => 173-15-1651: {:student_id=>"173-15-1651", :student_name=>"Golam Robbani Samim", :campus_name=>"DSC", :batch_no=>48, :program_short_name=>"B.Sc. in CSE", :department_short_name=>"CSE", :faculty_short_name=>"FSIT", :shift=>"EVENING"}
[15-06-2022 12:43:09]: (INFO) => 173-15-1652: {:student_id=>"173-15-1652", :student_name=>"Md. Jahidul Islam", :campus_name=>"DSC", :batch_no=>48, :program_short_name=>"B.Sc. in CSE", :department_short_name=>"CSE", :faculty_short_name=>"FSIT", :shift=>"MORNING"}
[15-06-2022 12:43:12]: (INFO) => 173-15-1653: {:student_id=>"173-15-1653", :student_name=>"Hawa Akter", :campus_name=>"DSC", :batch_no=>48, :program_short_name=>"B.Sc. in CSE", :department_short_name=>"CSE", :faculty_short_name=>"FSIT", :shift=>"EVENING"}
[15-06-2022 12:43:17]: (INFO) => 173-15-1654: {:student_id=>"173-15-1654", :student_name=>"Md. Ariful Islam", :campus_name=>"DSC", :batch_no=>48, :program_short_name=>"B.Sc. in CSE", :department_short_name=>"CSE", :faculty_short_name=>"FSIT", :shift=>"EVENING"}
[15-06-2022 12:43:22]: (INFO) => 173-15-1655: {:student_id=>"173-15-1655", :student_name=>"Faysal Ahmed", :campus_name=>"DSC", :batch_no=>48, :program_short_name=>"B.Sc. in CSE", :department_short_name=>"CSE", :faculty_short_name=>"FSIT", :shift=>"MORNING"}
[15-06-2022 12:43:26]: (INFO) => 173-15-1656: {:student_id=>"173-15-1656", :student_name=>"S. M. Mehedi", :campus_name=>"DSC", :batch_no=>48, :program_short_name=>"B.Sc. in CSE", :department_short_name=>"CSE", :faculty_short_name=>"FSIT", :shift=>"MORNING"}
[15-06-2022 12:43:35]: (INFO) => 173-15-1657: {:student_id=>"173-15-1657", :student_name=>"Quasha Akter", :campus_name=>"DSC", :batch_no=>48, :program_short_name=>"B.Sc. in CSE", :department_short_name=>"CSE", :faculty_short_name=>"FSIT", :shift=>"MORNING"}
[15-06-2022 12:43:42]: (INFO) => 173-15-1658: {:student_id=>"173-15-1658", :student_name=>"Khadizatul Kubra", :campus_name=>"DSC", :batch_no=>48, :program_short_name=>"B.Sc. in CSE", :department_short_name=>"CSE", :faculty_short_name=>"FSIT", :shift=>"EVENING"}
[15-06-2022 12:43:47]: (INFO) => 173-15-1659: {:student_id=>"173-15-1659", :student_name=>"Md. Sakib Hossain", :campus_name=>"DSC", :batch_no=>48, :program_short_name=>"B.Sc. in CSE", :department_short_name=>"CSE", :faculty_short_name=>"FSIT", :shift=>"MORNING"}
[15-06-2022 12:43:52]: (INFO) => 173-15-1660: {:student_id=>"173-15-1660", :student_name=>"Md. Shibly Raihan", :campus_name=>"DSC", :batch_no=>48, :program_short_name=>"B.Sc. in CSE", :department_short_name=>"CSE", :faculty_short_name=>"FSIT", :shift=>"MORNING"}
[15-06-2022 12:43:57]: (INFO) => 173-15-1661: {:student_id=>"173-15-1661", :student_name=>"Md. Tanvir Bashar", :campus_name=>"DSC", :batch_no=>48, :program_short_name=>"B.Sc. in CSE", :department_short_name=>"CSE", :faculty_short_name=>"FSIT", :shift=>"MORNING"}
[15-06-2022 12:44:08]: (INFO) => 173-15-1662: {:student_id=>"173-15-1662", :student_name=>"Mst. Sadia Sultana", :campus_name=>"DSC", :batch_no=>48, :program_short_name=>"B.Sc. in CSE", :department_short_name=>"CSE", :faculty_short_name=>"FSIT", :shift=>"MORNING"}
[15-06-2022 12:44:14]: (INFO) => 173-15-1663: {:student_id=>"173-15-1663", :student_name=>"Kanak Chandra", :campus_name=>"DSC", :batch_no=>48, :program_short_name=>"B.Sc. in CSE", :department_short_name=>"CSE", :faculty_short_name=>"FSIT", :shift=>"MORNING"}
[15-06-2022 12:44:24]: (INFO) => 173-15-1664: {:student_id=>"173-15-1664", :student_name=>"Md. Tanvirul Islam", :campus_name=>"DSC", :batch_no=>48, :program_short_name=>"B.Sc. in CSE", :department_short_name=>"CSE", :faculty_short_name=>"FSIT", :shift=>"MORNING"}
[15-06-2022 12:44:33]: (INFO) => 173-15-1665: {:student_id=>"173-15-1665", :student_name=>"Md. All Jamiul Haque", :campus_name=>"DSC", :batch_no=>48, :program_short_name=>"B.Sc. in CSE", :department_short_name=>"CSE", :faculty_short_name=>"FSIT", :shift=>"MORNING"}
[15-06-2022 12:44:45]: (INFO) => 173-15-1666: {:student_id=>"173-15-1666", :student_name=>"Khanduker Mehedi Hasan Tushar", :campus_name=>"DSC", :batch_no=>48, :program_short_name=>"B.Sc. in CSE", :department_short_name=>"CSE", :faculty_short_name=>"FSIT", :shift=>"MORNING"}
[15-06-2022 12:45:34]: (INFO) => 173-15-1667: {:student_id=>"173-15-1667", :student_name=>"Abdus Salam", :campus_name=>"DSC", :batch_no=>48, :program_short_name=>"B.Sc. in CSE", :department_short_name=>"CSE", :faculty_short_name=>"FSIT", :shift=>"MORNING"}
[15-06-2022 12:45:46]: (INFO) => 173-15-1668: {:student_id=>"173-15-1668", :student_name=>"Md. Fahim Sarker", :campus_name=>"City Campus", :batch_no=>48, :program_short_name=>"B.Sc. in CSE", :department_short_name=>"CSE", :faculty_short_name=>"FSIT", :shift=>"MORNING"}
[15-06-2022 12:45:55]: (INFO) => 173-15-1669: {:student_id=>"173-15-1669", :student_name=>"Rupa Islam", :campus_name=>"DSC", :batch_no=>48, :program_short_name=>"B.Sc. in CSE", :department_short_name=>"CSE", :faculty_short_name=>"FSIT", :shift=>"MORNING"}
[15-06-2022 12:46:01]: (INFO) => 173-15-1670: {:student_id=>"173-15-1670", :student_name=>"Md. Shahariar Rahman", :campus_name=>"DSC", :batch_no=>48, :program_short_name=>"B.Sc. in CSE", :department_short_name=>"CSE", :faculty_short_name=>"FSIT", :shift=>"MORNING"}
[15-06-2022 12:46:07]: (INFO) => 173-15-1671: {:student_id=>"173-15-1671", :student_name=>"Nazmul Haque Naim", :campus_name=>"DSC", :batch_no=>48, :program_short_name=>"B.Sc. in CSE", :department_short_name=>"CSE", :faculty_short_name=>"FSIT", :shift=>"MORNING"}
[15-06-2022 12:46:12]: (INFO) => 173-15-1672: {:student_id=>"173-15-1672", :student_name=>"Abu Sufiun", :campus_name=>"DSC", :batch_no=>48, :program_short_name=>"B.Sc. in CSE", :department_short_name=>"CSE", :faculty_short_name=>"FSIT", :shift=>"MORNING"}
[15-06-2022 12:46:17]: (INFO) => 173-15-1673: {:student_id=>"173-15-1673", :student_name=>"Md. Ayetullah Khamony Sumon", :campus_name=>"DSC", :batch_no=>48, :program_short_name=>"B.Sc. in CSE", :department_short_name=>"CSE", :faculty_short_name=>"FSIT", :shift=>"MORNING"}
[15-06-2022 12:46:26]: (INFO) => 173-15-1674: {:student_id=>"173-15-1674", :student_name=>"Md. Salman", :campus_name=>"DSC", :batch_no=>48, :program_short_name=>"B.Sc. in CSE", :department_short_name=>"CSE", :faculty_short_name=>"FSIT", :shift=>"MORNING"}
[15-06-2022 12:46:48]: (INFO) => 173-15-1675: {:student_id=>"173-15-1675", :student_name=>"Maraz Hossain Dip", :campus_name=>"DSC", :batch_no=>48, :program_short_name=>"B.Sc. in CSE", :department_short_name=>"CSE", :faculty_short_name=>"FSIT", :shift=>"MORNING"}
[15-06-2022 12:46:58]: (INFO) => 173-15-1676: {:student_id=>"173-15-1676", :student_name=>"Md. Waliur Rahaman", :campus_name=>"DSC", :batch_no=>48, :program_short_name=>"B.Sc. in CSE", :department_short_name=>"CSE", :faculty_short_name=>"FSIT", :shift=>"MORNING"}
[15-06-2022 12:47:01]: (INFO) => 173-15-1677: {:student_id=>"173-15-1677", :student_name=>"Md. Mominul Islam Pramanik", :campus_name=>"DSC", :batch_no=>48, :program_short_name=>"B.Sc. in CSE", :department_short_name=>"CSE", :faculty_short_name=>"FSIT", :shift=>"MORNING"}
[15-06-2022 12:47:12]: (INFO) => 173-15-1678: {:student_id=>"173-15-1678", :student_name=>"Md. Nurul Huda", :campus_name=>"DSC", :batch_no=>48, :program_short_name=>"B.Sc. in CSE", :department_short_name=>"CSE", :faculty_short_name=>"FSIT", :shift=>"MORNING"}
[15-06-2022 12:47:15]: (INFO) => 173-15-1679: {:student_id=>"173-15-1679", :student_name=>"Saud Bin Helal", :campus_name=>"City Campus", :batch_no=>48, :program_short_name=>"B.Sc. in CSE", :department_short_name=>"CSE", :faculty_short_name=>"FSIT", :shift=>"MORNING"}
[15-06-2022 12:47:19]: (INFO) => 173-15-1680: {:student_id=>"173-15-1680", :student_name=>"Md. Muiduzzaman Mahim", :campus_name=>"DSC", :batch_no=>48, :program_short_name=>"B.Sc. in CSE", :department_short_name=>"CSE", :faculty_short_name=>"FSIT", :shift=>"MORNING"}
[15-06-2022 12:47:22]: (INFO) => 173-15-1681: {:student_id=>"173-15-1681", :student_name=>"Sajan Robidas", :campus_name=>"DSC", :batch_no=>48, :program_short_name=>"B.Sc. in CSE", :department_short_name=>"CSE", :faculty_short_name=>"FSIT", :shift=>"MORNING"}
[15-06-2022 12:47:25]: (INFO) => 173-15-1682: {:student_id=>"173-15-1682", :student_name=>"Pavel Mahmud", :campus_name=>"DSC", :batch_no=>48, :program_short_name=>"B.Sc. in CSE", :department_short_name=>"CSE", :faculty_short_name=>"FSIT", :shift=>"MORNING"}
[15-06-2022 12:47:29]: (INFO) => 173-15-1683: {:student_id=>"173-15-1683", :student_name=>"Md. Hasnat Abdullah", :campus_name=>"DSC", :batch_no=>48, :program_short_name=>"B.Sc. in CSE", :department_short_name=>"CSE", :faculty_short_name=>"FSIT", :shift=>"MORNING"}
[15-06-2022 12:47:32]: (INFO) => 173-15-1684: {:student_id=>"173-15-1684", :student_name=>"Most. Sultana Aktar Surove", :campus_name=>"DSC", :batch_no=>48, :program_short_name=>"B.Sc. in CSE", :department_short_name=>"CSE", :faculty_short_name=>"FSIT", :shift=>"MORNING"}
[15-06-2022 12:47:35]: (INFO) => 173-15-1685: {:student_id=>"173-15-1685", :student_name=>"A. H. M. Mostofa Zaman Iffat", :campus_name=>"DSC", :batch_no=>48, :program_short_name=>"B.Sc. in CSE", :department_short_name=>"CSE", :faculty_short_name=>"FSIT", :shift=>"MORNING"}
[15-06-2022 12:47:40]: (INFO) => 173-15-1686: {:student_id=>"173-15-1686", :student_name=>"Md Imam Ahasan", :campus_name=>"DSC", :batch_no=>48, :program_short_name=>"B.Sc. in CSE", :department_short_name=>"CSE", :faculty_short_name=>"FSIT", :shift=>"MORNING"}
[15-06-2022 12:47:43]: (INFO) => 173-15-1687: {:student_id=>"173-15-1687", :student_name=>"Md Mahadi Hasan", :campus_name=>"DSC", :batch_no=>48, :program_short_name=>"B.Sc. in CSE", :department_short_name=>"CSE", :faculty_short_name=>"FSIT", :shift=>"MORNING"}
[15-06-2022 12:47:47]: (INFO) => 173-15-1688: {:student_id=>"173-15-1688", :student_name=>"Sourov Kumar Mondal", :campus_name=>"DSC", :batch_no=>48, :program_short_name=>"B.Sc. in CSE", :department_short_name=>"CSE", :faculty_short_name=>"FSIT", :shift=>"MORNING"}
[15-06-2022 12:47:50]: (INFO) => 173-15-1689: {:student_id=>"173-15-1689", :student_name=>"Imran Mahmud", :campus_name=>"DSC", :batch_no=>48, :program_short_name=>"B.Sc. in CSE", :department_short_name=>"CSE", :faculty_short_name=>"FSIT", :shift=>"MORNING"}
[15-06-2022 12:47:54]: (INFO) => 173-15-1690: {:student_id=>"173-15-1690", :student_name=>"Md. Mazedur Rahman", :campus_name=>"DSC", :batch_no=>48, :program_short_name=>"B.Sc. in CSE", :department_short_name=>"CSE", :faculty_short_name=>"FSIT", :shift=>"MORNING"}
[15-06-2022 12:48:00]: (INFO) => 173-15-1691: {:student_id=>"173-15-1691", :student_name=>"Ariful Islam", :campus_name=>"DSC", :batch_no=>48, :program_short_name=>"B.Sc. in CSE", :department_short_name=>"CSE", :faculty_short_name=>"FSIT", :shift=>"EVENING"}
[15-06-2022 12:48:06]: (INFO) => 173-15-1692: {:student_id=>"173-15-1692", :student_name=>"Md. Nahid Hasan", :campus_name=>"DSC", :batch_no=>48, :program_short_name=>"B.Sc. in CSE", :department_short_name=>"CSE", :faculty_short_name=>"FSIT", :shift=>"MORNING"}
[15-06-2022 12:48:09]: (INFO) => 173-15-1693: {:student_id=>"173-15-1693", :student_name=>"Md. Abu Seum", :campus_name=>"DSC", :batch_no=>48, :program_short_name=>"B.Sc. in CSE", :department_short_name=>"CSE", :faculty_short_name=>"FSIT", :shift=>"MORNING"}
[15-06-2022 12:48:12]: (INFO) => 173-15-1694: {:student_id=>"173-15-1694", :student_name=>"Md. Fakhrul Islam", :campus_name=>"DSC", :batch_no=>48, :program_short_name=>"B.Sc. in CSE", :department_short_name=>"CSE", :faculty_short_name=>"FSIT", :shift=>"MORNING"}
[15-06-2022 12:48:15]: (INFO) => 173-15-1695: {:student_id=>"173-15-1695", :student_name=>"Md. Ridoy Hasan", :campus_name=>"DSC", :batch_no=>48, :program_short_name=>"B.Sc. in CSE", :department_short_name=>"CSE", :faculty_short_name=>"FSIT", :shift=>"MORNING"}
[15-06-2022 12:48:19]: (INFO) => 173-15-1696: {:student_id=>"173-15-1696", :student_name=>"Md. Al-Amin Pramanik", :campus_name=>"DSC", :batch_no=>48, :program_short_name=>"B.Sc. in CSE", :department_short_name=>"CSE", :faculty_short_name=>"FSIT", :shift=>"MORNING"}
[15-06-2022 12:48:22]: (INFO) => 173-15-1697: {:student_id=>"173-15-1697", :student_name=>"Mahmudul Hasan", :campus_name=>"DSC", :batch_no=>48, :program_short_name=>"B.Sc. in CSE", :department_short_name=>"CSE", :faculty_short_name=>"FSIT", :shift=>"EVENING"}
[15-06-2022 12:48:27]: (INFO) => 173-15-1698: {:student_id=>"173-15-1698", :student_name=>"Prosenjit Bairagi", :campus_name=>"DSC", :batch_no=>48, :program_short_name=>"B.Sc. in CSE", :department_short_name=>"CSE", :faculty_short_name=>"FSIT", :shift=>"MORNING"}
[15-06-2022 12:48:31]: (INFO) => 173-15-1699: {:student_id=>"173-15-1699", :student_name=>"Shoyeb Nazir", :campus_name=>"DSC", :batch_no=>48, :program_short_name=>"B.Sc. in CSE", :department_short_name=>"CSE", :faculty_short_name=>"FSIT", :shift=>"MORNING"}
[15-06-2022 12:48:35]: (INFO) => 173-15-1700: {:student_id=>"173-15-1700", :student_name=>"Md. Afzal Hossen", :campus_name=>"DSC", :batch_no=>48, :program_short_name=>"B.Sc. in CSE", :department_short_name=>"CSE", :faculty_short_name=>"FSIT", :shift=>"MORNING"}
[15-06-2022 12:48:38]: (INFO) => 173-15-1701: {:student_id=>"173-15-1701", :student_name=>"Md. All Ruman", :campus_name=>"DSC", :batch_no=>48, :program_short_name=>"B.Sc. in CSE", :department_short_name=>"CSE", :faculty_short_name=>"FSIT", :shift=>"MORNING"}
[15-06-2022 12:48:47]: (INFO) => 173-15-1702: {:student_id=>"173-15-1702", :student_name=>"Amir Hossen ", :campus_name=>"DSC", :batch_no=>48, :program_short_name=>"B.Sc. in CSE", :department_short_name=>"CSE", :faculty_short_name=>"FSIT", :shift=>"EVENING"}
[15-06-2022 12:48:50]: (INFO) => 173-15-1703: {:student_id=>"173-15-1703", :student_name=>"Hasinur Rahman", :campus_name=>"DSC", :batch_no=>48, :program_short_name=>"B.Sc. in CSE", :department_short_name=>"CSE", :faculty_short_name=>"FSIT", :shift=>"MORNING"}
[15-06-2022 12:48:53]: (INFO) => 173-15-1704: {:student_id=>"173-15-1704", :student_name=>"Md. Jasim Uddin", :campus_name=>"DSC", :batch_no=>48, :program_short_name=>"B.Sc. in CSE", :department_short_name=>"CSE", :faculty_short_name=>"FSIT", :shift=>"MORNING"}
[15-06-2022 12:48:56]: (INFO) => 173-15-1705: {:student_id=>"173-15-1705", :student_name=>"Jafor Iqbal", :campus_name=>"DSC", :batch_no=>48, :program_short_name=>"B.Sc. in CSE", :department_short_name=>"CSE", :faculty_short_name=>"FSIT", :shift=>"MORNING"}
[15-06-2022 12:48:58]: (INFO) => 173-15-1706: {:student_id=>"173-15-1706", :student_name=>"Sazzad Hossain Shovon ", :campus_name=>"DSC", :batch_no=>48, :program_short_name=>"B.Sc. in CSE", :department_short_name=>"CSE", :faculty_short_name=>"FSIT", :shift=>"MORNING"}
[15-06-2022 12:49:01]: (INFO) => 173-15-1707: {:student_id=>"173-15-1707", :student_name=>"Shifat Hossain Khan", :campus_name=>"DSC", :batch_no=>48, :program_short_name=>"B.Sc. in CSE", :department_short_name=>"CSE", :faculty_short_name=>"FSIT", :shift=>"MORNING"}
[15-06-2022 12:49:04]: (INFO) => 173-15-1708: {:student_id=>"173-15-1708", :student_name=>"Uchaing Sing Marma ", :campus_name=>"DSC", :batch_no=>48, :program_short_name=>"B.Sc. in CSE", :department_short_name=>"CSE", :faculty_short_name=>"FSIT", :shift=>"MORNING"}
[15-06-2022 12:49:06]: (INFO) => 173-15-1709: {:student_id=>"173-15-1709", :student_name=>"Md. Masum Billah Siddikee ", :campus_name=>"DSC", :batch_no=>48, :program_short_name=>"B.Sc. in CSE", :department_short_name=>"CSE", :faculty_short_name=>"FSIT", :shift=>"MORNING"}
[15-06-2022 12:49:11]: (INFO) => 181-15-1710: {:student_id=>"181-15-1710", :student_name=>"Fatema Akter ", :campus_name=>"DSC", :batch_no=>49, :program_short_name=>"B.Sc. in CSE", :department_short_name=>"CSE", :faculty_short_name=>"FSIT", :shift=>"MORNING"}
[15-06-2022 12:49:15]: (INFO) => 181-15-1711: {:student_id=>"181-15-1711", :student_name=>"Morshida Tabassom ", :campus_name=>"DSC", :batch_no=>49, :program_short_name=>"B.Sc. in CSE", :department_short_name=>"CSE", :faculty_short_name=>"FSIT", :shift=>"MORNING"}
[15-06-2022 12:49:19]: (INFO) => 181-15-1712: {:student_id=>"181-15-1712", :student_name=>"Maksudur Rahaman Tanzil ", :campus_name=>"DSC", :batch_no=>49, :program_short_name=>"B.Sc. in CSE", :department_short_name=>"CSE", :faculty_short_name=>"FSIT", :shift=>"MORNING"}
[15-06-2022 12:49:24]: (INFO) => 181-15-1713: {:student_id=>"181-15-1713", :student_name=>"Mehedi Hasan", :campus_name=>"DSC", :batch_no=>49, :program_short_name=>"B.Sc. in CSE", :department_short_name=>"CSE", :faculty_short_name=>"FSIT", :shift=>"MORNING"}
[15-06-2022 12:49:29]: (INFO) => 181-15-1714: {:student_id=>"181-15-1714", :student_name=>"Akash Ahmed ", :campus_name=>"DSC", :batch_no=>49, :program_short_name=>"B.Sc. in CSE", :department_short_name=>"CSE", :faculty_short_name=>"FSIT", :shift=>"MORNING"}
[15-06-2022 12:49:40]: (INFO) => 181-15-1715: {:student_id=>"181-15-1715", :student_name=>"Md. Arafat Uddin Saki ", :campus_name=>"DSC", :batch_no=>49, :program_short_name=>"B.Sc. in CSE", :department_short_name=>"CSE", :faculty_short_name=>"FSIT", :shift=>"MORNING"}
[15-06-2022 12:49:44]: (INFO) => 181-15-1716: {:student_id=>"181-15-1716", :student_name=>"Asifa Afsari Hemu ", :campus_name=>"DSC", :batch_no=>49, :program_short_name=>"B.Sc. in CSE", :department_short_name=>"CSE", :faculty_short_name=>"FSIT", :shift=>"MORNING"}
[15-06-2022 12:49:52]: (INFO) => 181-15-1717: {:student_id=>"181-15-1717", :student_name=>"Md. Abdul Dipu", :campus_name=>"DSC", :batch_no=>49, :program_short_name=>"B.Sc. in CSE", :department_short_name=>"CSE", :faculty_short_name=>"FSIT", :shift=>"MORNING"}
[15-06-2022 12:49:55]: (INFO) => 181-15-1718: {:student_id=>"181-15-1718", :student_name=>"Md. Rashedul Hasan ", :campus_name=>"DSC", :batch_no=>49, :program_short_name=>"B.Sc. in CSE", :department_short_name=>"CSE", :faculty_short_name=>"FSIT", :shift=>"MORNING"}
[15-06-2022 12:49:58]: (INFO) => 181-15-1719: {:student_id=>"181-15-1719", :student_name=>"Md. Sadiqur Rahman", :campus_name=>"DSC", :batch_no=>49, :program_short_name=>"B.Sc. in CSE", :department_short_name=>"CSE", :faculty_short_name=>"FSIT", :shift=>"MORNING"}
[15-06-2022 12:50:02]: (INFO) => 181-15-1720: {:student_id=>"181-15-1720", :student_name=>"Mirajul Islam ", :campus_name=>"DSC", :batch_no=>49, :program_short_name=>"B.Sc. in CSE", :department_short_name=>"CSE", :faculty_short_name=>"FSIT", :shift=>"MORNING"}
[15-06-2022 12:50:05]: (INFO) => 181-15-1721: {:student_id=>"181-15-1721", :student_name=>"Md. Fahad Bhuayn ", :campus_name=>"DSC", :batch_no=>49, :program_short_name=>"B.Sc. in CSE", :department_short_name=>"CSE", :faculty_short_name=>"FSIT", :shift=>"MORNING"}
[15-06-2022 12:50:09]: (INFO) => 181-15-1722: {:student_id=>"181-15-1722", :student_name=>"Md. Kawser Ahamed ", :campus_name=>"DSC", :batch_no=>49, :program_short_name=>"B.Sc. in CSE", :department_short_name=>"CSE", :faculty_short_name=>"FSIT", :shift=>"MORNING"}
[15-06-2022 12:50:15]: (INFO) => 181-15-1723: {:student_id=>"181-15-1723", :student_name=>"Alauddin ", :campus_name=>"DSC", :batch_no=>49, :program_short_name=>"B.Sc. in CSE", :department_short_name=>"CSE", :faculty_short_name=>"FSIT", :shift=>"MORNING"}
[15-06-2022 12:50:18]: (INFO) => 181-15-1724: {:student_id=>"181-15-1724", :student_name=>"Md. Forhad Hossain Nahid ", :campus_name=>"DSC", :batch_no=>49, :program_short_name=>"B.Sc. in CSE", :department_short_name=>"CSE", :faculty_short_name=>"FSIT", :shift=>"MORNING"}
[15-06-2022 12:50:21]: (INFO) => 181-15-1725: {:student_id=>"181-15-1725", :student_name=>"Sanjana Enia ", :campus_name=>"DSC", :batch_no=>49, :program_short_name=>"B.Sc. in CSE", :department_short_name=>"CSE", :faculty_short_name=>"FSIT", :shift=>"MORNING"}
[15-06-2022 12:50:25]: (INFO) => 181-15-1726: {:student_id=>"181-15-1726", :student_name=>"Anamika Rani Ghosh ", :campus_name=>"DSC", :batch_no=>49, :program_short_name=>"B.Sc. in CSE", :department_short_name=>"CSE", :faculty_short_name=>"FSIT", :shift=>"MORNING"}
[15-06-2022 12:50:28]: (INFO) => 181-15-1727: {:student_id=>"181-15-1727", :student_name=>"Sumaiya Akter Nipa ", :campus_name=>"DSC", :batch_no=>49, :program_short_name=>"B.Sc. in CSE", :department_short_name=>"CSE", :faculty_short_name=>"FSIT", :shift=>"MORNING"}
[15-06-2022 12:50:31]: (INFO) => 181-15-1728: {:student_id=>"181-15-1728", :student_name=>"Md. Ashik Mahmud ", :campus_name=>"DSC", :batch_no=>49, :program_short_name=>"B.Sc. in CSE", :department_short_name=>"CSE", :faculty_short_name=>"FSIT", :shift=>"MORNING"}
[15-06-2022 12:50:37]: (INFO) => 181-15-1729: {:student_id=>"181-15-1729", :student_name=>"Md. Mehedi Hasan Munna", :campus_name=>"DSC", :batch_no=>49, :program_short_name=>"B.Sc. in CSE", :department_short_name=>"CSE", :faculty_short_name=>"FSIT", :shift=>"MORNING"}
[15-06-2022 12:50:41]: (INFO) => 181-15-1730: {:student_id=>"181-15-1730", :student_name=>"Redoy Hossain ", :campus_name=>"DSC", :batch_no=>49, :program_short_name=>"B.Sc. in CSE", :department_short_name=>"CSE", :faculty_short_name=>"FSIT", :shift=>"MORNING"}
[15-06-2022 12:50:43]: (INFO) => 181-15-1731: {:student_id=>"181-15-1731", :student_name=>"Shamiha Mosharof Smriti ", :campus_name=>"DSC", :batch_no=>49, :program_short_name=>"B.Sc. in CSE", :department_short_name=>"CSE", :faculty_short_name=>"FSIT", :shift=>"MORNING"}
[15-06-2022 12:50:46]: (INFO) => 181-15-1732: {:student_id=>"181-15-1732", :student_name=>"Masum Billah ", :campus_name=>"DSC", :batch_no=>49, :program_short_name=>"B.Sc. in CSE", :department_short_name=>"CSE", :faculty_short_name=>"FSIT", :shift=>"MORNING"}
[15-06-2022 12:50:49]: (INFO) => 181-15-1733: {:student_id=>"181-15-1733", :student_name=>"Md. Omar Faruq Sieam ", :campus_name=>"DSC", :batch_no=>49, :program_short_name=>"B.Sc. in CSE", :department_short_name=>"CSE", :faculty_short_name=>"FSIT", :shift=>"MORNING"}
[15-06-2022 12:50:54]: (INFO) => 181-15-1734: {:student_id=>"181-15-1734", :student_name=>"Md. Sarowal", :campus_name=>"DSC", :batch_no=>49, :program_short_name=>"B.Sc. in CSE", :department_short_name=>"CSE", :faculty_short_name=>"FSIT", :shift=>"MORNING"}
[15-06-2022 12:51:01]: (INFO) => 181-15-1735: {:student_id=>"181-15-1735", :student_name=>"Md. Fahad Hasan Fahim ", :campus_name=>"DSC", :batch_no=>49, :program_short_name=>"B.Sc. in CSE", :department_short_name=>"CSE", :faculty_short_name=>"FSIT", :shift=>"MORNING"}
[15-06-2022 12:51:05]: (INFO) => 181-15-1736: {:student_id=>"181-15-1736", :student_name=>"Md. Mehady Hasan Milan ", :campus_name=>"DSC", :batch_no=>49, :program_short_name=>"B.Sc. in CSE", :department_short_name=>"CSE", :faculty_short_name=>"FSIT", :shift=>"MORNING"}
[15-06-2022 12:51:09]: (INFO) => 181-15-1737: {:student_id=>"181-15-1737", :student_name=>"Abdullah Al Imran ", :campus_name=>"DSC", :batch_no=>49, :program_short_name=>"B.Sc. in CSE", :department_short_name=>"CSE", :faculty_short_name=>"FSIT", :shift=>"MORNING"}
[15-06-2022 12:51:13]: (INFO) => 181-15-1738: {:student_id=>"181-15-1738", :student_name=>"Md. Soliman Hosen ", :campus_name=>"DSC", :batch_no=>49, :program_short_name=>"B.Sc. in CSE", :department_short_name=>"CSE", :faculty_short_name=>"FSIT", :shift=>"MORNING"}
[15-06-2022 12:51:21]: (INFO) => 181-15-1739: {:student_id=>"181-15-1739", :student_name=>"Reaz Uddin Hemel ", :campus_name=>"DSC", :batch_no=>49, :program_short_name=>"B.Sc. in CSE", :department_short_name=>"CSE", :faculty_short_name=>"FSIT", :shift=>"MORNING"}
[15-06-2022 12:51:24]: (INFO) => 181-15-1740: {:student_id=>"181-15-1740", :student_name=>"S. M. A. Ashraf ", :campus_name=>"DSC", :batch_no=>49, :program_short_name=>"B.Sc. in CSE", :department_short_name=>"CSE", :faculty_short_name=>"FSIT", :shift=>"EVENING"}
[15-06-2022 12:51:28]: (INFO) => 181-15-1741: {:student_id=>"181-15-1741", :student_name=>"Sunjidur Rhaman Nion Biswas ", :campus_name=>"DSC", :batch_no=>49, :program_short_name=>"B.Sc. in CSE", :department_short_name=>"CSE", :faculty_short_name=>"FSIT", :shift=>"MORNING"}
[15-06-2022 12:51:32]: (INFO) => 181-15-1742: {:student_id=>"181-15-1742", :student_name=>"Md. Monirul Islam ", :campus_name=>"DSC", :batch_no=>49, :program_short_name=>"B.Sc. in CSE", :department_short_name=>"CSE", :faculty_short_name=>"FSIT", :shift=>"MORNING"}
[15-06-2022 12:51:39]: (INFO) => 181-15-1743: {:student_id=>"181-15-1743", :student_name=>"Kazi Masudur Rahman", :campus_name=>"DSC", :batch_no=>49, :program_short_name=>"B.Sc. in CSE", :department_short_name=>"CSE", :faculty_short_name=>"FSIT", :shift=>"MORNING"}
[15-06-2022 12:51:42]: (INFO) => 181-15-1744: {:student_id=>"181-15-1744", :student_name=>"Jannatul Marjan ", :campus_name=>"DSC", :batch_no=>49, :program_short_name=>"B.Sc. in CSE", :department_short_name=>"CSE", :faculty_short_name=>"FSIT", :shift=>"MORNING"}
[15-06-2022 12:51:46]: (INFO) => 181-15-1745: {:student_id=>"181-15-1745", :student_name=>"Mir Md. Sajjad ", :campus_name=>"DSC", :batch_no=>49, :program_short_name=>"B.Sc. in CSE", :department_short_name=>"CSE", :faculty_short_name=>"FSIT", :shift=>"MORNING"}
[15-06-2022 12:51:52]: (INFO) => 181-15-1746: {:student_id=>"181-15-1746", :student_name=>"Mohammad Nadim Mahmud Neon ", :campus_name=>"DSC", :batch_no=>49, :program_short_name=>"B.Sc. in CSE", :department_short_name=>"CSE", :faculty_short_name=>"FSIT", :shift=>"MORNING"}
[15-06-2022 12:51:57]: (INFO) => 181-15-1747: {:student_id=>"181-15-1747", :student_name=>"Md. Naim Jannat Nipu ", :campus_name=>"DSC", :batch_no=>49, :program_short_name=>"B.Sc. in CSE", :department_short_name=>"CSE", :faculty_short_name=>"FSIT", :shift=>"MORNING"}
[15-06-2022 12:52:05]: (INFO) => 181-15-1748: {:student_id=>"181-15-1748", :student_name=>"Md Amirul Islam", :campus_name=>"DSC", :batch_no=>49, :program_short_name=>"B.Sc. in CSE", :department_short_name=>"CSE", :faculty_short_name=>"FSIT", :shift=>"MORNING"}
[15-06-2022 12:52:11]: (INFO) => 181-15-1749: {:student_id=>"181-15-1749", :student_name=>"Md. Arif Sadiq ", :campus_name=>"DSC", :batch_no=>49, :program_short_name=>"B.Sc. in CSE", :department_short_name=>"CSE", :faculty_short_name=>"FSIT", :shift=>"MORNING"}
[15-06-2022 12:52:16]: (INFO) => 181-15-1750: {:student_id=>"181-15-1750", :student_name=>"Md. Nur Yousuf ", :campus_name=>"DSC", :batch_no=>49, :program_short_name=>"B.Sc. in CSE", :department_short_name=>"CSE", :faculty_short_name=>"FSIT", :shift=>"MORNING"}
[15-06-2022 12:52:20]: (INFO) => 181-15-1751: {:student_id=>"181-15-1751", :student_name=>"Md. Zahid Hasan Shuvo ", :campus_name=>"DSC", :batch_no=>49, :program_short_name=>"B.Sc. in CSE", :department_short_name=>"CSE", :faculty_short_name=>"FSIT", :shift=>"MORNING"}
[15-06-2022 12:52:25]: (INFO) => 181-15-1752: {:student_id=>"181-15-1752", :student_name=>"Sumaiya Reza ", :campus_name=>"DSC", :batch_no=>49, :program_short_name=>"B.Sc. in CSE", :department_short_name=>"CSE", :faculty_short_name=>"FSIT", :shift=>"MORNING"}
[15-06-2022 12:52:28]: (INFO) => 181-15-1753: {:student_id=>"181-15-1753", :student_name=>"Swakshar Paul", :campus_name=>"DSC", :batch_no=>49, :program_short_name=>"B.Sc. in CSE", :department_short_name=>"CSE", :faculty_short_name=>"FSIT", :shift=>"MORNING"}
[15-06-2022 12:52:33]: (INFO) => 181-15-1754: {:student_id=>"181-15-1754", :student_name=>"Adifa Vuyia", :campus_name=>"DSC", :batch_no=>49, :program_short_name=>"B.Sc. in CSE", :department_short_name=>"CSE", :faculty_short_name=>"FSIT", :shift=>"MORNING"}
[15-06-2022 12:52:37]: (INFO) => 181-15-1755: {:student_id=>"181-15-1755", :student_name=>"Ela Sehenat ", :campus_name=>"DSC", :batch_no=>49, :program_short_name=>"B.Sc. in CSE", :department_short_name=>"CSE", :faculty_short_name=>"FSIT", :shift=>"MORNING"}
[15-06-2022 12:52:51]: (INFO) => 181-15-1756: {:student_id=>"181-15-1756", :student_name=>"Hasibul Hossain ", :campus_name=>"DSC", :batch_no=>49, :program_short_name=>"B.Sc. in CSE", :department_short_name=>"CSE", :faculty_short_name=>"FSIT", :shift=>"MORNING"}
[15-06-2022 12:52:55]: (INFO) => 181-15-1757: {:student_id=>"181-15-1757", :student_name=>"Noor Imran Ahamad ", :campus_name=>"DSC", :batch_no=>49, :program_short_name=>"B.Sc. in CSE", :department_short_name=>"CSE", :faculty_short_name=>"FSIT", :shift=>"MORNING"}
[15-06-2022 12:53:00]: (INFO) => 181-15-1758: {:student_id=>"181-15-1758", :student_name=>"S. M. Safat Manzur Durjay ", :campus_name=>"DSC", :batch_no=>49, :program_short_name=>"B.Sc. in CSE", :department_short_name=>"CSE", :faculty_short_name=>"FSIT", :shift=>"MORNING"}
[15-06-2022 12:53:04]: (INFO) => 181-15-1759: {:student_id=>"181-15-1759", :student_name=>"Mahir Sarwar ", :campus_name=>"DSC", :batch_no=>49, :program_short_name=>"B.Sc. in CSE", :department_short_name=>"CSE", :faculty_short_name=>"FSIT", :shift=>"MORNING"}
[15-06-2022 12:53:11]: (INFO) => 181-15-1760: {:student_id=>"181-15-1760", :student_name=>"Md. Shahoriar Rahaman Shohan", :campus_name=>"DSC", :batch_no=>49, :program_short_name=>"B.Sc. in CSE", :department_short_name=>"CSE", :faculty_short_name=>"FSIT", :shift=>"MORNING"}
[15-06-2022 12:53:23]: (INFO) => 181-15-1761: {:student_id=>"181-15-1761", :student_name=>"Md. Mazharul Islam", :campus_name=>"DSC", :batch_no=>49, :program_short_name=>"B.Sc. in CSE", :department_short_name=>"CSE", :faculty_short_name=>"FSIT", :shift=>"MORNING"}
[15-06-2022 12:53:29]: (INFO) => 181-15-1762: {:student_id=>"181-15-1762", :student_name=>"Rashedul Islam ", :campus_name=>"DSC", :batch_no=>49, :program_short_name=>"B.Sc. in CSE", :department_short_name=>"CSE", :faculty_short_name=>"FSIT", :shift=>"MORNING"}
[15-06-2022 12:53:34]: (INFO) => 181-15-1763: {:student_id=>"181-15-1763", :student_name=>"A. B. M. Mohiuddin ", :campus_name=>"DSC", :batch_no=>49, :program_short_name=>"B.Sc. in CSE", :department_short_name=>"CSE", :faculty_short_name=>"FSIT", :shift=>"MORNING"}
[15-06-2022 12:53:38]: (INFO) => 181-15-1764: {:student_id=>"181-15-1764", :student_name=>"Md. Munzurul Islam ", :campus_name=>"DSC", :batch_no=>49, :program_short_name=>"B.Sc. in CSE", :department_short_name=>"CSE", :faculty_short_name=>"FSIT", :shift=>"EVENING"}
[15-06-2022 12:53:41]: (INFO) => 181-15-1765: {:student_id=>"181-15-1765", :student_name=>"Akash Kumar Dhar ", :campus_name=>"DSC", :batch_no=>49, :program_short_name=>"B.Sc. in CSE", :department_short_name=>"CSE", :faculty_short_name=>"FSIT", :shift=>"MORNING"}
[15-06-2022 12:53:44]: (INFO) => 181-15-1766: {:student_id=>"181-15-1766", :student_name=>"Md. Rasel Hossain ", :campus_name=>"DSC", :batch_no=>49, :program_short_name=>"B.Sc. in CSE", :department_short_name=>"CSE", :faculty_short_name=>"FSIT", :shift=>"MORNING"}
[15-06-2022 12:53:48]: (INFO) => 181-15-1767: {:student_id=>"181-15-1767", :student_name=>"Faysal Ahammed ", :campus_name=>"DSC", :batch_no=>49, :program_short_name=>"B.Sc. in CSE", :department_short_name=>"CSE", :faculty_short_name=>"FSIT", :shift=>"MORNING"}
[15-06-2022 12:53:52]: (INFO) => 181-15-1768: {:student_id=>"181-15-1768", :student_name=>"Md. Mehraj Uddin ", :campus_name=>"DSC", :batch_no=>49, :program_short_name=>"B.Sc. in CSE", :department_short_name=>"CSE", :faculty_short_name=>"FSIT", :shift=>"MORNING"}
[15-06-2022 12:53:55]: (INFO) => 181-15-1769: {:student_id=>"181-15-1769", :student_name=>"Shah Efte Sam Alam ", :campus_name=>"DSC", :batch_no=>49, :program_short_name=>"B.Sc. in CSE", :department_short_name=>"CSE", :faculty_short_name=>"FSIT", :shift=>"MORNING"}
[15-06-2022 12:53:59]: (INFO) => 181-15-1770: {:student_id=>"181-15-1770", :student_name=>"Sonia Akter Keya ", :campus_name=>"DSC", :batch_no=>49, :program_short_name=>"B.Sc. in CSE", :department_short_name=>"CSE", :faculty_short_name=>"FSIT", :shift=>"MORNING"}
[15-06-2022 12:54:02]: (INFO) => 181-15-1771: {:student_id=>"181-15-1771", :student_name=>"Md. Rakib Al-Amin ", :campus_name=>"DSC", :batch_no=>49, :program_short_name=>"B.Sc. in CSE", :department_short_name=>"CSE", :faculty_short_name=>"FSIT", :shift=>"MORNING"}
[15-06-2022 12:54:07]: (INFO) => 181-15-1772: {:student_id=>"181-15-1772", :student_name=>"A K M Sifath Ullah", :campus_name=>"DSC", :batch_no=>49, :program_short_name=>"B.Sc. in CSE", :department_short_name=>"CSE", :faculty_short_name=>"FSIT", :shift=>"MORNING"}
[15-06-2022 12:54:11]: (INFO) => 181-15-1773: {:student_id=>"181-15-1773", :student_name=>"Md. Masbahul Islam Shaik ", :campus_name=>"DSC", :batch_no=>49, :program_short_name=>"B.Sc. in CSE", :department_short_name=>"CSE", :faculty_short_name=>"FSIT", :shift=>"MORNING"}
[15-06-2022 12:54:20]: (INFO) => 181-15-1774: {:student_id=>"181-15-1774", :student_name=>"Zahidul Islam Rupom ", :campus_name=>"DSC", :batch_no=>49, :program_short_name=>"B.Sc. in CSE", :department_short_name=>"CSE", :faculty_short_name=>"FSIT", :shift=>"MORNING"}
[15-06-2022 12:54:23]: (INFO) => 181-15-1775: {:student_id=>"181-15-1775", :student_name=>"Md. Tanvir Faisal", :campus_name=>"DSC", :batch_no=>49, :program_short_name=>"B.Sc. in CSE", :department_short_name=>"CSE", :faculty_short_name=>"FSIT", :shift=>"MORNING"}
[15-06-2022 12:54:26]: (INFO) => 181-15-1776: {:student_id=>"181-15-1776", :student_name=>"Md. Shohan Ahmed Bhuiyan ", :campus_name=>"DSC", :batch_no=>49, :program_short_name=>"B.Sc. in CSE", :department_short_name=>"CSE", :faculty_short_name=>"FSIT", :shift=>"MORNING"}
[15-06-2022 12:54:31]: (INFO) => 181-15-1777: {:student_id=>"181-15-1777", :student_name=>"Hasibur Rahman ", :campus_name=>"DSC", :batch_no=>49, :program_short_name=>"B.Sc. in CSE", :department_short_name=>"CSE", :faculty_short_name=>"FSIT", :shift=>"MORNING"}
[15-06-2022 12:54:35]: (INFO) => 181-15-1778: {:student_id=>"181-15-1778", :student_name=>"Iffat Mahmud Emon ", :campus_name=>"DSC", :batch_no=>49, :program_short_name=>"B.Sc. in CSE", :department_short_name=>"CSE", :faculty_short_name=>"FSIT", :shift=>"MORNING"}
[15-06-2022 12:54:39]: (INFO) => 181-15-1779: {:student_id=>"181-15-1779", :student_name=>"Md. Sazzad Hossain ", :campus_name=>"DSC", :batch_no=>49, :program_short_name=>"B.Sc. in CSE", :department_short_name=>"CSE", :faculty_short_name=>"FSIT", :shift=>"MORNING"}
[15-06-2022 12:54:44]: (INFO) => 181-15-1780: {:student_id=>"181-15-1780", :student_name=>"Mahabubur Rahaman ", :campus_name=>"DSC", :batch_no=>49, :program_short_name=>"B.Sc. in CSE", :department_short_name=>"CSE", :faculty_short_name=>"FSIT", :shift=>"MORNING"}
[15-06-2022 12:54:49]: (INFO) => 181-15-1781: {:student_id=>"181-15-1781", :student_name=>"Md. Sujon Ali ", :campus_name=>"DSC", :batch_no=>49, :program_short_name=>"B.Sc. in CSE", :department_short_name=>"CSE", :faculty_short_name=>"FSIT", :shift=>"MORNING"}
[15-06-2022 12:54:53]: (INFO) => 181-15-1782: {:student_id=>"181-15-1782", :student_name=>"Sadiqur Rahman ", :campus_name=>"DSC", :batch_no=>49, :program_short_name=>"B.Sc. in CSE", :department_short_name=>"CSE", :faculty_short_name=>"FSIT", :shift=>"MORNING"}
[15-06-2022 12:54:57]: (INFO) => 181-15-1783: {:student_id=>"181-15-1783", :student_name=>"Md. Shakil Khan ", :campus_name=>"DSC", :batch_no=>49, :program_short_name=>"B.Sc. in CSE", :department_short_name=>"CSE", :faculty_short_name=>"FSIT", :shift=>"MORNING"}
[15-06-2022 12:55:03]: (INFO) => 181-15-1784: {:student_id=>"181-15-1784", :student_name=>"Nazmul Hasan Sany", :campus_name=>"DSC", :batch_no=>49, :program_short_name=>"B.Sc. in CSE", :department_short_name=>"CSE", :faculty_short_name=>"FSIT", :shift=>"MORNING"}
[15-06-2022 12:55:10]: (INFO) => 181-15-1785: {:student_id=>"181-15-1785", :student_name=>"Shariful Islam ", :campus_name=>"DSC", :batch_no=>49, :program_short_name=>"B.Sc. in CSE", :department_short_name=>"CSE", :faculty_short_name=>"FSIT", :shift=>"MORNING"}
[15-06-2022 12:55:17]: (INFO) => 181-15-1786: {:student_id=>"181-15-1786", :student_name=>"Safia Ahmed ", :campus_name=>"DSC", :batch_no=>49, :program_short_name=>"B.Sc. in CSE", :department_short_name=>"CSE", :faculty_short_name=>"FSIT", :shift=>"MORNING"}
[15-06-2022 12:55:20]: (INFO) => 181-15-1787: {:student_id=>"181-15-1787", :student_name=>"Jayoti Biswas ", :campus_name=>"DSC", :batch_no=>49, :program_short_name=>"B.Sc. in CSE", :department_short_name=>"CSE", :faculty_short_name=>"FSIT", :shift=>"MORNING"}
[15-06-2022 12:55:25]: (INFO) => 181-15-1788: {:student_id=>"181-15-1788", :student_name=>"Md. Zaman Chowdhury ", :campus_name=>"DSC", :batch_no=>49, :program_short_name=>"B.Sc. in CSE", :department_short_name=>"CSE", :faculty_short_name=>"FSIT", :shift=>"MORNING"}
[15-06-2022 12:55:30]: (INFO) => 181-15-1789: {:student_id=>"181-15-1789", :student_name=>"Md. Khalid Bin Hasan Sarker ", :campus_name=>"DSC", :batch_no=>49, :program_short_name=>"B.Sc. in CSE", :department_short_name=>"CSE", :faculty_short_name=>"FSIT", :shift=>"MORNING"}
[15-06-2022 12:55:36]: (INFO) => 181-15-1790: {:student_id=>"181-15-1790", :student_name=>"Md. Taskinmostofa Azam ", :campus_name=>"DSC", :batch_no=>49, :program_short_name=>"B.Sc. in CSE", :department_short_name=>"CSE", :faculty_short_name=>"FSIT", :shift=>"MORNING"}
[15-06-2022 12:55:41]: (INFO) => 181-15-1791: {:student_id=>"181-15-1791", :student_name=>"Md. Olide Hasan", :campus_name=>"DSC", :batch_no=>49, :program_short_name=>"B.Sc. in CSE", :department_short_name=>"CSE", :faculty_short_name=>"FSIT", :shift=>"MORNING"}
[15-06-2022 12:55:46]: (INFO) => 181-15-1792: {:student_id=>"181-15-1792", :student_name=>"Muntacin Meher ", :campus_name=>"DSC", :batch_no=>49, :program_short_name=>"B.Sc. in CSE", :department_short_name=>"CSE", :faculty_short_name=>"FSIT", :shift=>"MORNING"}
[15-06-2022 12:55:51]: (INFO) => 181-15-1793: {:student_id=>"181-15-1793", :student_name=>"Naim Istiak Masum", :campus_name=>"DSC", :batch_no=>49, :program_short_name=>"B.Sc. in CSE", :department_short_name=>"CSE", :faculty_short_name=>"FSIT", :shift=>"MORNING"}
[15-06-2022 12:55:54]: (INFO) => 181-15-1794: {:student_id=>"181-15-1794", :student_name=>"Tamanna Rahman Himi", :campus_name=>"DSC", :batch_no=>49, :program_short_name=>"B.Sc. in CSE", :department_short_name=>"CSE", :faculty_short_name=>"FSIT", :shift=>"MORNING"}
[15-06-2022 12:55:57]: (INFO) => 181-15-1795: {:student_id=>"181-15-1795", :student_name=>"Shihab Uddin Ahmed", :campus_name=>"DSC", :batch_no=>49, :program_short_name=>"B.Sc. in CSE", :department_short_name=>"CSE", :faculty_short_name=>"FSIT", :shift=>"MORNING"}
[15-06-2022 12:56:02]: (INFO) => 181-15-1796: {:student_id=>"181-15-1796", :student_name=>"Sharmila Zaman", :campus_name=>"DSC", :batch_no=>49, :program_short_name=>"B.Sc. in CSE", :department_short_name=>"CSE", :faculty_short_name=>"FSIT", :shift=>"MORNING"}
[15-06-2022 12:56:07]: (INFO) => 181-15-1797: {:student_id=>"181-15-1797", :student_name=>"Mariyam Khan Mitu", :campus_name=>"DSC", :batch_no=>49, :program_short_name=>"B.Sc. in CSE", :department_short_name=>"CSE", :faculty_short_name=>"FSIT", :shift=>"MORNING"}
[15-06-2022 12:56:10]: (INFO) => 181-15-1798: {:student_id=>"181-15-1798", :student_name=>"Md.Rony Bhuiyan", :campus_name=>"DSC", :batch_no=>49, :program_short_name=>"B.Sc. in CSE", :department_short_name=>"CSE", :faculty_short_name=>"FSIT", :shift=>"MORNING"}
[15-06-2022 12:56:14]: (INFO) => 181-15-1799: {:student_id=>"181-15-1799", :student_name=>"Mazharul Islam Hridoy", :campus_name=>"DSC", :batch_no=>49, :program_short_name=>"B.Sc. in CSE", :department_short_name=>"CSE", :faculty_short_name=>"FSIT", :shift=>"MORNING"}
[15-06-2022 12:56:18]: (INFO) => 181-15-1800: {:student_id=>"181-15-1800", :student_name=>"Rumman Ahmed ", :campus_name=>"DSC", :batch_no=>49, :program_short_name=>"B.Sc. in CSE", :department_short_name=>"CSE", :faculty_short_name=>"FSIT", :shift=>"MORNING"}
[15-06-2022 12:56:28]: (INFO) => 181-15-1801: {:student_id=>"181-15-1801", :student_name=>"Mohammad Mursalin Khan ", :campus_name=>"DSC", :batch_no=>49, :program_short_name=>"B.Sc. in CSE", :department_short_name=>"CSE", :faculty_short_name=>"FSIT", :shift=>"MORNING"}
[15-06-2022 12:56:37]: (INFO) => 181-15-1802: {:student_id=>"181-15-1802", :student_name=>"Anaminni Akbar Rupa ", :campus_name=>"City Campus", :batch_no=>49, :program_short_name=>"B.Sc. in CSE", :department_short_name=>"CSE", :faculty_short_name=>"FSIT", :shift=>"MORNING"}
[15-06-2022 12:56:45]: (INFO) => 181-15-1803: {:student_id=>"181-15-1803", :student_name=>"Shadman Sakib Akash ", :campus_name=>"DSC", :batch_no=>49, :program_short_name=>"B.Sc. in CSE", :department_short_name=>"CSE", :faculty_short_name=>"FSIT", :shift=>"MORNING"}
[15-06-2022 12:57:03]: (INFO) => 181-15-1804: {:student_id=>"181-15-1804", :student_name=>"Md. Rakibul Hasan", :campus_name=>"DSC", :batch_no=>49, :program_short_name=>"B.Sc. in CSE", :department_short_name=>"CSE", :faculty_short_name=>"FSIT", :shift=>"MORNING"}
[15-06-2022 12:57:23]: (INFO) => 181-15-1805: {:student_id=>"181-15-1805", :student_name=>"Md. Iftakher Alam ", :campus_name=>"DSC", :batch_no=>49, :program_short_name=>"B.Sc. in CSE", :department_short_name=>"CSE", :faculty_short_name=>"FSIT", :shift=>"MORNING"}
