# Logfile created on 2022-06-16 19:14:10 +0600 by logger.rb/v1.4.2
[16-06-2022 19:14:11]: (INFO) => 151-15-5100: {:student_id=>"151-15-5100", :student_name=>"Pinto Kumar Paul", :campus_name=>"City Campus", :batch_no=>40, :program_short_name=>"B.Sc. in CSE", :department_short_name=>"CSE", :faculty_short_name=>"FSIT", :shift=>"MORNING"}
[16-06-2022 19:14:14]: (INFO) => 221-15-5100: {:student_id=>"221-15-5100", :student_name=>"LAMIA  AKTER  LIZA", :campus_name=>"DSC", :batch_no=>61, :program_short_name=>"B.Sc. in CSE", :department_short_name=>"CSE", :faculty_short_name=>"FSIT", :shift=>"MORNING"}
[16-06-2022 19:14:15]: (INFO) => 151-15-5101: {:student_id=>"151-15-5101", :student_name=>"Khadiza Afruze Jhuma", :campus_name=>"City Campus", :batch_no=>40, :program_short_name=>"B.Sc. in CSE", :department_short_name=>"CSE", :faculty_short_name=>"FSIT", :shift=>"MORNING"}
[16-06-2022 19:14:17]: (INFO) => 221-15-5101: {:student_id=>"221-15-5101", :student_name=>"NAZMUL HASSAN SHOUVO", :campus_name=>"DSC", :batch_no=>61, :program_short_name=>"B.Sc. in CSE", :department_short_name=>"CSE", :faculty_short_name=>"FSIT", :shift=>"MORNING"}
[16-06-2022 19:14:18]: (INFO) => 151-15-5102: {:student_id=>"151-15-5102", :student_name=>"Md. Al-Amin", :campus_name=>"City Campus", :batch_no=>40, :program_short_name=>"B.Sc. in CSE", :department_short_name=>"CSE", :faculty_short_name=>"FSIT", :shift=>"MORNING"}
[16-06-2022 19:14:21]: (INFO) => 221-15-5102: {:student_id=>"221-15-5102", :student_name=>"Kabir Hossen", :campus_name=>"DSC", :batch_no=>61, :program_short_name=>"B.Sc. in CSE", :department_short_name=>"CSE", :faculty_short_name=>"FSIT", :shift=>"MORNING"}
[16-06-2022 19:14:22]: (INFO) => 151-15-5103: {:student_id=>"151-15-5103", :student_name=>"Md. Monir Hossain", :campus_name=>"City Campus", :batch_no=>40, :program_short_name=>"B.Sc. in CSE", :department_short_name=>"CSE", :faculty_short_name=>"FSIT", :shift=>"MORNING"}
[16-06-2022 19:14:24]: (INFO) => 221-15-5103: {:student_id=>"221-15-5103", :student_name=>"Md. Rubayed Hossain", :campus_name=>"DSC", :batch_no=>61, :program_short_name=>"B.Sc. in CSE", :department_short_name=>"CSE", :faculty_short_name=>"FSIT", :shift=>"MORNING"}
[16-06-2022 19:14:25]: (INFO) => 151-15-5104: {:student_id=>"151-15-5104", :student_name=>"Suvra Dey Antu", :campus_name=>"City Campus", :batch_no=>40, :program_short_name=>"B.Sc. in CSE", :department_short_name=>"CSE", :faculty_short_name=>"FSIT", :shift=>"MORNING"}
[16-06-2022 19:14:31]: (INFO) => 221-15-5104: {:student_id=>"221-15-5104", :student_name=>"ANIK MAHAMUD", :campus_name=>"DSC", :batch_no=>61, :program_short_name=>"B.Sc. in CSE", :department_short_name=>"CSE", :faculty_short_name=>"FSIT", :shift=>"MORNING"}
[16-06-2022 19:14:31]: (INFO) => 151-15-5105: {:student_id=>"151-15-5105", :student_name=>"Md. Saiful Islam", :campus_name=>"City Campus", :batch_no=>40, :program_short_name=>"B.Sc. in CSE", :department_short_name=>"CSE", :faculty_short_name=>"FSIT", :shift=>"MORNING"}
[16-06-2022 19:14:34]: (INFO) => 221-15-5105: {:student_id=>"221-15-5105", :student_name=>"SANJIDA RAHMAN", :campus_name=>"DSC", :batch_no=>61, :program_short_name=>"B.Sc. in CSE", :department_short_name=>"CSE", :faculty_short_name=>"FSIT", :shift=>"MORNING"}
[16-06-2022 19:14:35]: (INFO) => 151-15-5106: {:student_id=>"151-15-5106", :student_name=>"Md. Rakybuzzaman Ratan", :campus_name=>"City Campus", :batch_no=>40, :program_short_name=>"B.Sc. in CSE", :department_short_name=>"CSE", :faculty_short_name=>"FSIT", :shift=>"MORNING"}
[16-06-2022 19:14:38]: (INFO) => 221-15-5106: {:student_id=>"221-15-5106", :student_name=>"MD. WHAHIDUL ISLAM PAYEL", :campus_name=>"DSC", :batch_no=>61, :program_short_name=>"B.Sc. in CSE", :department_short_name=>"CSE", :faculty_short_name=>"FSIT", :shift=>"MORNING"}
[16-06-2022 19:14:39]: (INFO) => 151-15-5107: {:student_id=>"151-15-5107", :student_name=>"Md. Shahadat Ali Mridha", :campus_name=>"City Campus", :batch_no=>40, :program_short_name=>"B.Sc. in CSE", :department_short_name=>"CSE", :faculty_short_name=>"FSIT", :shift=>"MORNING"}
[16-06-2022 19:14:42]: (INFO) => 221-15-5107: {:student_id=>"221-15-5107", :student_name=>"S. M. Abdullah Al Muhib", :campus_name=>"DSC", :batch_no=>61, :program_short_name=>"B.Sc. in CSE", :department_short_name=>"CSE", :faculty_short_name=>"FSIT", :shift=>"MORNING"}
[16-06-2022 19:14:43]: (INFO) => 151-15-5108: {:student_id=>"151-15-5108", :student_name=>"Mst. Sathi Akter", :campus_name=>"City Campus", :batch_no=>40, :program_short_name=>"B.Sc. in CSE", :department_short_name=>"CSE", :faculty_short_name=>"FSIT", :shift=>"EVENING"}
[16-06-2022 19:14:46]: (INFO) => 221-15-5108: {:student_id=>"221-15-5108", :student_name=>"REJOWAN ARIFIN NAYEEM", :campus_name=>"DSC", :batch_no=>61, :program_short_name=>"B.Sc. in CSE", :department_short_name=>"CSE", :faculty_short_name=>"FSIT", :shift=>"MORNING"}
[16-06-2022 19:14:47]: (INFO) => 151-15-5109: {:student_id=>"151-15-5109", :student_name=>"Md. Arifur Rahman", :campus_name=>"City Campus", :batch_no=>40, :program_short_name=>"B.Sc. in CSE", :department_short_name=>"CSE", :faculty_short_name=>"FSIT", :shift=>"MORNING"}
[16-06-2022 19:14:49]: (INFO) => 221-15-5109: {:student_id=>"221-15-5109", :student_name=>"MAHFUZUL HAIDER BHUIYAN", :campus_name=>"DSC", :batch_no=>61, :program_short_name=>"B.Sc. in CSE", :department_short_name=>"CSE", :faculty_short_name=>"FSIT", :shift=>"MORNING"}
[16-06-2022 19:14:50]: (INFO) => 151-15-5110: {:student_id=>"151-15-5110", :student_name=>"Md. Arif Ahmed", :campus_name=>"City Campus", :batch_no=>40, :program_short_name=>"B.Sc. in CSE", :department_short_name=>"CSE", :faculty_short_name=>"FSIT", :shift=>"MORNING"}
[16-06-2022 19:14:53]: (INFO) => 221-15-5110: {:student_id=>"221-15-5110", :student_name=>"MD. TANJID RAHMAN ARNOB", :campus_name=>"DSC", :batch_no=>61, :program_short_name=>"B.Sc. in CSE", :department_short_name=>"CSE", :faculty_short_name=>"FSIT", :shift=>"MORNING"}
[16-06-2022 19:14:54]: (INFO) => 151-15-5111: {:student_id=>"151-15-5111", :student_name=>"Mostak Ahmed", :campus_name=>"City Campus", :batch_no=>40, :program_short_name=>"B.Sc. in CSE", :department_short_name=>"CSE", :faculty_short_name=>"FSIT", :shift=>"MORNING"}
[16-06-2022 19:14:58]: (INFO) => 221-15-5111: {:student_id=>"221-15-5111", :student_name=>"RIDOY SUTRADHAR", :campus_name=>"DSC", :batch_no=>61, :program_short_name=>"B.Sc. in CSE", :department_short_name=>"CSE", :faculty_short_name=>"FSIT", :shift=>"MORNING"}
[16-06-2022 19:14:59]: (INFO) => 151-15-5112: {:student_id=>"151-15-5112", :student_name=>"Md. Ebrahim Joy", :campus_name=>"City Campus", :batch_no=>40, :program_short_name=>"B.Sc. in CSE", :department_short_name=>"CSE", :faculty_short_name=>"FSIT", :shift=>"MORNING"}
[16-06-2022 19:15:02]: (INFO) => 221-15-5112: {:student_id=>"221-15-5112", :student_name=>"REMON", :campus_name=>"DSC", :batch_no=>61, :program_short_name=>"B.Sc. in CSE", :department_short_name=>"CSE", :faculty_short_name=>"FSIT", :shift=>"MORNING"}
[16-06-2022 19:15:03]: (INFO) => 151-15-5113: {:student_id=>"151-15-5113", :student_name=>"Shamima Nasrin", :campus_name=>"City Campus", :batch_no=>40, :program_short_name=>"B.Sc. in CSE", :department_short_name=>"CSE", :faculty_short_name=>"FSIT", :shift=>"EVENING"}
[16-06-2022 19:15:06]: (INFO) => 221-15-5113: {:student_id=>"221-15-5113", :student_name=>"MD. AHIDUL ISLAM", :campus_name=>"DSC", :batch_no=>61, :program_short_name=>"B.Sc. in CSE", :department_short_name=>"CSE", :faculty_short_name=>"FSIT", :shift=>"MORNING"}
[16-06-2022 19:15:06]: (INFO) => 151-15-5114: {:student_id=>"151-15-5114", :student_name=>"Shahriar Kabir Zinnah", :campus_name=>"City Campus", :batch_no=>40, :program_short_name=>"B.Sc. in CSE", :department_short_name=>"CSE", :faculty_short_name=>"FSIT", :shift=>"MORNING"}
[16-06-2022 19:15:10]: (INFO) => 221-15-5114: {:student_id=>"221-15-5114", :student_name=>"Jannaty Islam", :campus_name=>"DSC", :batch_no=>61, :program_short_name=>"B.Sc. in CSE", :department_short_name=>"CSE", :faculty_short_name=>"FSIT", :shift=>"MORNING"}
[16-06-2022 19:15:11]: (INFO) => 151-15-5115: {:student_id=>"151-15-5115", :student_name=>"Md. Hafiz Al Ashad", :campus_name=>"City Campus", :batch_no=>40, :program_short_name=>"B.Sc. in CSE", :department_short_name=>"CSE", :faculty_short_name=>"FSIT", :shift=>"MORNING"}
[16-06-2022 19:15:13]: (INFO) => 221-15-5115: {:student_id=>"221-15-5115", :student_name=>"AFIA BENTA AZIZ TONIMA", :campus_name=>"DSC", :batch_no=>61, :program_short_name=>"B.Sc. in CSE", :department_short_name=>"CSE", :faculty_short_name=>"FSIT", :shift=>"MORNING"}
[16-06-2022 19:15:14]: (INFO) => 151-15-5116: {:student_id=>"151-15-5116", :student_name=>"Md. Nazmus Sadat Jisan", :campus_name=>"City Campus", :batch_no=>40, :program_short_name=>"B.Sc. in CSE", :department_short_name=>"CSE", :faculty_short_name=>"FSIT", :shift=>"MORNING"}
[16-06-2022 19:15:16]: (INFO) => 221-15-5116: {:student_id=>"221-15-5116", :student_name=>"EITY KHANAM", :campus_name=>"DSC", :batch_no=>61, :program_short_name=>"B.Sc. in CSE", :department_short_name=>"CSE", :faculty_short_name=>"FSIT", :shift=>"EVENING"}
[16-06-2022 19:15:18]: (INFO) => 151-15-5117: {:student_id=>"151-15-5117", :student_name=>"Md. Tanjim Shifat", :campus_name=>"City Campus", :batch_no=>40, :program_short_name=>"B.Sc. in CSE", :department_short_name=>"CSE", :faculty_short_name=>"FSIT", :shift=>"MORNING"}
[16-06-2022 19:15:20]: (INFO) => 221-15-5117: {:student_id=>"221-15-5117", :student_name=>"SHARMIN SULTANA SUMI", :campus_name=>"DSC", :batch_no=>61, :program_short_name=>"B.Sc. in CSE", :department_short_name=>"CSE", :faculty_short_name=>"FSIT", :shift=>"MORNING"}
[16-06-2022 19:15:21]: (INFO) => 151-15-5118: {:student_id=>"151-15-5118", :student_name=>"Md. Abdur Rahman", :campus_name=>"City Campus", :batch_no=>40, :program_short_name=>"B.Sc. in CSE", :department_short_name=>"CSE", :faculty_short_name=>"FSIT", :shift=>"EVENING"}
[16-06-2022 19:15:23]: (INFO) => 221-15-5118: {:student_id=>"221-15-5118", :student_name=>"TONMOY MALO", :campus_name=>"DSC", :batch_no=>61, :program_short_name=>"B.Sc. in CSE", :department_short_name=>"CSE", :faculty_short_name=>"FSIT", :shift=>"MORNING"}
[16-06-2022 19:15:24]: (INFO) => 151-15-5119: {:student_id=>"151-15-5119", :student_name=>"Pronay Kumar Tarafder", :campus_name=>"City Campus", :batch_no=>40, :program_short_name=>"B.Sc. in CSE", :department_short_name=>"CSE", :faculty_short_name=>"FSIT", :shift=>"MORNING"}
[16-06-2022 19:15:27]: (INFO) => 221-15-5119: {:student_id=>"221-15-5119", :student_name=>"SANJIDA RAHMAN JUI", :campus_name=>"DSC", :batch_no=>61, :program_short_name=>"B.Sc. in CSE", :department_short_name=>"CSE", :faculty_short_name=>"FSIT", :shift=>"MORNING"}
[16-06-2022 19:15:28]: (INFO) => 151-15-5120: {:student_id=>"151-15-5120", :student_name=>"Hasibul Munim", :campus_name=>"City Campus", :batch_no=>40, :program_short_name=>"B.Sc. in CSE", :department_short_name=>"CSE", :faculty_short_name=>"FSIT", :shift=>"MORNING"}
[16-06-2022 19:15:30]: (INFO) => 221-15-5120: {:student_id=>"221-15-5120", :student_name=>"MD. NAEEM SHEIKH", :campus_name=>"DSC", :batch_no=>61, :program_short_name=>"B.Sc. in CSE", :department_short_name=>"CSE", :faculty_short_name=>"FSIT", :shift=>"MORNING"}
[16-06-2022 19:15:31]: (INFO) => 151-15-5121: {:student_id=>"151-15-5121", :student_name=>"Hossen Sohorawardy Sumon", :campus_name=>"City Campus", :batch_no=>40, :program_short_name=>"B.Sc. in CSE", :department_short_name=>"CSE", :faculty_short_name=>"FSIT", :shift=>"MORNING"}
[16-06-2022 19:15:34]: (INFO) => 221-15-5121: {:student_id=>"221-15-5121", :student_name=>"MD. ABIR HASSAN", :campus_name=>"DSC", :batch_no=>61, :program_short_name=>"B.Sc. in CSE", :department_short_name=>"CSE", :faculty_short_name=>"FSIT", :shift=>"MORNING"}
[16-06-2022 19:15:35]: (INFO) => 151-15-5122: {:student_id=>"151-15-5122", :student_name=>"Md. Fahamidur Rahman", :campus_name=>"City Campus", :batch_no=>40, :program_short_name=>"B.Sc. in CSE", :department_short_name=>"CSE", :faculty_short_name=>"FSIT", :shift=>"MORNING"}
[16-06-2022 19:15:38]: (INFO) => 221-15-5122: {:student_id=>"221-15-5122", :student_name=>"EASIR ARAFAT SHIMANTA", :campus_name=>"DSC", :batch_no=>61, :program_short_name=>"B.Sc. in CSE", :department_short_name=>"CSE", :faculty_short_name=>"FSIT", :shift=>"MORNING"}
[16-06-2022 19:15:40]: (INFO) => 151-15-5123: {:student_id=>"151-15-5123", :student_name=>"Sumona Akter Joya", :campus_name=>"City Campus", :batch_no=>40, :program_short_name=>"B.Sc. in CSE", :department_short_name=>"CSE", :faculty_short_name=>"FSIT", :shift=>"MORNING"}
[16-06-2022 19:15:43]: (INFO) => 221-15-5123: {:student_id=>"221-15-5123", :student_name=>"APURBA JOY ARPAN", :campus_name=>"DSC", :batch_no=>61, :program_short_name=>"B.Sc. in CSE", :department_short_name=>"CSE", :faculty_short_name=>"FSIT", :shift=>"MORNING"}
[16-06-2022 19:15:43]: (INFO) => 151-15-5124: {:student_id=>"151-15-5124", :student_name=>"Abu Musa Porag", :campus_name=>"City Campus", :batch_no=>40, :program_short_name=>"B.Sc. in CSE", :department_short_name=>"CSE", :faculty_short_name=>"FSIT", :shift=>"MORNING"}
[16-06-2022 19:15:46]: (INFO) => 221-15-5124: {:student_id=>"221-15-5124", :student_name=>"Md. Shahriar Rahman", :campus_name=>"DSC", :batch_no=>61, :program_short_name=>"B.Sc. in CSE", :department_short_name=>"CSE", :faculty_short_name=>"FSIT", :shift=>"MORNING"}
[16-06-2022 19:15:47]: (INFO) => 151-15-5125: {:student_id=>"151-15-5125", :student_name=>"Md. Tariqul Islam Afrad", :campus_name=>"City Campus", :batch_no=>40, :program_short_name=>"B.Sc. in CSE", :department_short_name=>"CSE", :faculty_short_name=>"FSIT", :shift=>"MORNING"}
[16-06-2022 19:15:50]: (INFO) => 221-15-5125: {:student_id=>"221-15-5125", :student_name=>"Farin Tasnim Fariha", :campus_name=>"DSC", :batch_no=>61, :program_short_name=>"B.Sc. in CSE", :department_short_name=>"CSE", :faculty_short_name=>"FSIT", :shift=>"MORNING"}
[16-06-2022 19:15:50]: (INFO) => 151-15-5126: {:student_id=>"151-15-5126", :student_name=>"Md. Saif Anwar", :campus_name=>"City Campus", :batch_no=>40, :program_short_name=>"B.Sc. in CSE", :department_short_name=>"CSE", :faculty_short_name=>"FSIT", :shift=>"MORNING"}
[16-06-2022 19:15:53]: (INFO) => 221-15-5126: {:student_id=>"221-15-5126", :student_name=>"SHAHRIAR MARJAN", :campus_name=>"DSC", :batch_no=>61, :program_short_name=>"B.Sc. in CSE", :department_short_name=>"CSE", :faculty_short_name=>"FSIT", :shift=>"MORNING"}
[16-06-2022 19:15:54]: (INFO) => 151-15-5127: {:student_id=>"151-15-5127", :student_name=>"S.M. Fahim Foysal Rabby", :campus_name=>"City Campus", :batch_no=>40, :program_short_name=>"B.Sc. in CSE", :department_short_name=>"CSE", :faculty_short_name=>"FSIT", :shift=>"MORNING"}
[16-06-2022 19:15:57]: (INFO) => 221-15-5127: {:student_id=>"221-15-5127", :student_name=>"MD. NAJMUS SAKIB", :campus_name=>"DSC", :batch_no=>61, :program_short_name=>"B.Sc. in CSE", :department_short_name=>"CSE", :faculty_short_name=>"FSIT", :shift=>"MORNING"}
[16-06-2022 19:15:58]: (INFO) => 151-15-5128: {:student_id=>"151-15-5128", :student_name=>"Chalim Ahmed", :campus_name=>"City Campus", :batch_no=>40, :program_short_name=>"B.Sc. in CSE", :department_short_name=>"CSE", :faculty_short_name=>"FSIT", :shift=>"MORNING"}
[16-06-2022 19:16:01]: (INFO) => 221-15-5128: {:student_id=>"221-15-5128", :student_name=>"Md. Zafor Iqbal", :campus_name=>"DSC", :batch_no=>61, :program_short_name=>"B.Sc. in CSE", :department_short_name=>"CSE", :faculty_short_name=>"FSIT", :shift=>"MORNING"}
[16-06-2022 19:16:01]: (INFO) => 151-15-5129: {:student_id=>"151-15-5129", :student_name=>"Azizul Islam", :campus_name=>"City Campus", :batch_no=>40, :program_short_name=>"B.Sc. in CSE", :department_short_name=>"CSE", :faculty_short_name=>"FSIT", :shift=>"MORNING"}
[16-06-2022 19:16:04]: (INFO) => 221-15-5129: {:student_id=>"221-15-5129", :student_name=>"MD. RAHATIL RAHAMAN", :campus_name=>"DSC", :batch_no=>61, :program_short_name=>"B.Sc. in CSE", :department_short_name=>"CSE", :faculty_short_name=>"FSIT", :shift=>"MORNING"}
[16-06-2022 19:16:05]: (INFO) => 151-15-5130: {:student_id=>"151-15-5130", :student_name=>"Md. Ariful Islam", :campus_name=>"City Campus", :batch_no=>40, :program_short_name=>"B.Sc. in CSE", :department_short_name=>"CSE", :faculty_short_name=>"FSIT", :shift=>"MORNING"}
[16-06-2022 19:16:07]: (INFO) => 221-15-5130: {:student_id=>"221-15-5130", :student_name=>"MD. SHAHARIA RAHMAN", :campus_name=>"DSC", :batch_no=>61, :program_short_name=>"B.Sc. in CSE", :department_short_name=>"CSE", :faculty_short_name=>"FSIT", :shift=>"MORNING"}
[16-06-2022 19:16:08]: (INFO) => 151-15-5131: {:student_id=>"151-15-5131", :student_name=>"Rakibul Islam", :campus_name=>"City Campus", :batch_no=>40, :program_short_name=>"B.Sc. in CSE", :department_short_name=>"CSE", :faculty_short_name=>"FSIT", :shift=>"MORNING"}
[16-06-2022 19:16:11]: (INFO) => 221-15-5131: {:student_id=>"221-15-5131", :student_name=>"MD. TAUFIQ HASAN", :campus_name=>"DSC", :batch_no=>61, :program_short_name=>"B.Sc. in CSE", :department_short_name=>"CSE", :faculty_short_name=>"FSIT", :shift=>"MORNING"}
[16-06-2022 19:16:11]: (INFO) => 151-15-5132: {:student_id=>"151-15-5132", :student_name=>"Raisul Islam", :campus_name=>"City Campus", :batch_no=>40, :program_short_name=>"B.Sc. in CSE", :department_short_name=>"CSE", :faculty_short_name=>"FSIT", :shift=>"MORNING"}
[16-06-2022 19:16:14]: (INFO) => 221-15-5132: {:student_id=>"221-15-5132", :student_name=>"MD. SAFAET ZAHANGIR", :campus_name=>"DSC", :batch_no=>61, :program_short_name=>"B.Sc. in CSE", :department_short_name=>"CSE", :faculty_short_name=>"FSIT", :shift=>"MORNING"}
[16-06-2022 19:16:15]: (INFO) => 151-15-5133: {:student_id=>"151-15-5133", :student_name=>"M. Faruk- A Sunny", :campus_name=>"City Campus", :batch_no=>40, :program_short_name=>"B.Sc. in CSE", :department_short_name=>"CSE", :faculty_short_name=>"FSIT", :shift=>"MORNING"}
[16-06-2022 19:16:18]: (INFO) => 221-15-5133: {:student_id=>"221-15-5133", :student_name=>"ABDULLAH-AL-MAMUN SAIF", :campus_name=>"DSC", :batch_no=>61, :program_short_name=>"B.Sc. in CSE", :department_short_name=>"CSE", :faculty_short_name=>"FSIT", :shift=>"MORNING"}
[16-06-2022 19:16:19]: (INFO) => 151-15-5134: {:student_id=>"151-15-5134", :student_name=>"Md. Mirazul Islam", :campus_name=>"City Campus", :batch_no=>40, :program_short_name=>"B.Sc. in CSE", :department_short_name=>"CSE", :faculty_short_name=>"FSIT", :shift=>"MORNING"}
[16-06-2022 19:16:22]: (INFO) => 221-15-5134: {:student_id=>"221-15-5134", :student_name=>"Avijeet Roy Sajeeb", :campus_name=>"DSC", :batch_no=>61, :program_short_name=>"B.Sc. in CSE", :department_short_name=>"CSE", :faculty_short_name=>"FSIT", :shift=>"MORNING"}
[16-06-2022 19:16:23]: (INFO) => 151-15-5135: {:student_id=>"151-15-5135", :student_name=>"Md. Shahin Uddin", :campus_name=>"City Campus", :batch_no=>40, :program_short_name=>"B.Sc. in CSE", :department_short_name=>"CSE", :faculty_short_name=>"FSIT", :shift=>"EVENING"}
[16-06-2022 19:16:26]: (INFO) => 221-15-5135: {:student_id=>"221-15-5135", :student_name=>"Md. Abu Raihan", :campus_name=>"DSC", :batch_no=>61, :program_short_name=>"B.Sc. in CSE", :department_short_name=>"CSE", :faculty_short_name=>"FSIT", :shift=>"MORNING"}
[16-06-2022 19:16:27]: (INFO) => 151-15-5136: {:student_id=>"151-15-5136", :student_name=>"Mst. Keya Banu", :campus_name=>"City Campus", :batch_no=>40, :program_short_name=>"B.Sc. in CSE", :department_short_name=>"CSE", :faculty_short_name=>"FSIT", :shift=>"MORNING"}
[16-06-2022 19:16:29]: (INFO) => 221-15-5136: {:student_id=>"221-15-5136", :student_name=>"Mir Monjo Hossain", :campus_name=>"DSC", :batch_no=>61, :program_short_name=>"B.Sc. in CSE", :department_short_name=>"CSE", :faculty_short_name=>"FSIT", :shift=>"MORNING"}
[16-06-2022 19:16:30]: (INFO) => 151-15-5137: {:student_id=>"151-15-5137", :student_name=>"Nahian Ahmed", :campus_name=>"City Campus", :batch_no=>40, :program_short_name=>"B.Sc. in CSE", :department_short_name=>"CSE", :faculty_short_name=>"FSIT", :shift=>"MORNING"}
[16-06-2022 19:16:33]: (INFO) => 221-15-5137: {:student_id=>"221-15-5137", :student_name=>"S. M. Ashibur Rahman", :campus_name=>"DSC", :batch_no=>61, :program_short_name=>"B.Sc. in CSE", :department_short_name=>"CSE", :faculty_short_name=>"FSIT", :shift=>"MORNING"}
[16-06-2022 19:16:33]: (INFO) => 151-15-5138: {:student_id=>"151-15-5138", :student_name=>"Md. Mahmudul Hasan", :campus_name=>"City Campus", :batch_no=>40, :program_short_name=>"B.Sc. in CSE", :department_short_name=>"CSE", :faculty_short_name=>"FSIT", :shift=>"MORNING"}
[16-06-2022 19:16:36]: (INFO) => 221-15-5138: {:student_id=>"221-15-5138", :student_name=>"FAHMIDA AHMED KONA", :campus_name=>"DSC", :batch_no=>61, :program_short_name=>"B.Sc. in CSE", :department_short_name=>"CSE", :faculty_short_name=>"FSIT", :shift=>"MORNING"}
[16-06-2022 19:16:37]: (INFO) => 151-15-5139: {:student_id=>"151-15-5139", :student_name=>"Bayzid Ahammed", :campus_name=>"City Campus", :batch_no=>40, :program_short_name=>"B.Sc. in CSE", :department_short_name=>"CSE", :faculty_short_name=>"FSIT", :shift=>"MORNING"}
[16-06-2022 19:16:40]: (INFO) => 221-15-5139: {:student_id=>"221-15-5139", :student_name=>"ATIKUR RAHMAN RIYAD", :campus_name=>"DSC", :batch_no=>61, :program_short_name=>"B.Sc. in CSE", :department_short_name=>"CSE", :faculty_short_name=>"FSIT", :shift=>"MORNING"}
[16-06-2022 19:16:41]: (INFO) => 151-15-5140: {:student_id=>"151-15-5140", :student_name=>"Tahsin Jawad", :campus_name=>"City Campus", :batch_no=>40, :program_short_name=>"B.Sc. in CSE", :department_short_name=>"CSE", :faculty_short_name=>"FSIT", :shift=>"MORNING"}
[16-06-2022 19:16:44]: (INFO) => 221-15-5140: {:student_id=>"221-15-5140", :student_name=>"Md. Muntasir  Uddin", :campus_name=>"DSC", :batch_no=>61, :program_short_name=>"B.Sc. in CSE", :department_short_name=>"CSE", :faculty_short_name=>"FSIT", :shift=>"MORNING"}
[16-06-2022 19:16:45]: (INFO) => 151-15-5141: {:student_id=>"151-15-5141", :student_name=>"Md. Tarequl Islam", :campus_name=>"City Campus", :batch_no=>40, :program_short_name=>"B.Sc. in CSE", :department_short_name=>"CSE", :faculty_short_name=>"FSIT", :shift=>"MORNING"}
[16-06-2022 19:16:48]: (INFO) => 221-15-5141: {:student_id=>"221-15-5141", :student_name=>"MD. HASIBUL ISLAM SHUVO", :campus_name=>"DSC", :batch_no=>61, :program_short_name=>"B.Sc. in CSE", :department_short_name=>"CSE", :faculty_short_name=>"FSIT", :shift=>"MORNING"}
[16-06-2022 19:16:49]: (INFO) => 151-15-5142: {:student_id=>"151-15-5142", :student_name=>"Fatima Akter Mun", :campus_name=>"City Campus", :batch_no=>40, :program_short_name=>"B.Sc. in CSE", :department_short_name=>"CSE", :faculty_short_name=>"FSIT", :shift=>"MORNING"}
[16-06-2022 19:16:52]: (INFO) => 221-15-5142: {:student_id=>"221-15-5142", :student_name=>"ANIKA AFRIN MOUMETA", :campus_name=>"DSC", :batch_no=>61, :program_short_name=>"B.Sc. in CSE", :department_short_name=>"CSE", :faculty_short_name=>"FSIT", :shift=>"MORNING"}
[16-06-2022 19:16:53]: (INFO) => 151-15-5143: {:student_id=>"151-15-5143", :student_name=>"Fatema Tuz - Johura", :campus_name=>"City Campus", :batch_no=>40, :program_short_name=>"B.Sc. in CSE", :department_short_name=>"CSE", :faculty_short_name=>"FSIT", :shift=>"EVENING"}
[16-06-2022 19:16:56]: (INFO) => 221-15-5143: {:student_id=>"221-15-5143", :student_name=>"KAZI MEHERUNNESA DOLA", :campus_name=>"DSC", :batch_no=>61, :program_short_name=>"B.Sc. in CSE", :department_short_name=>"CSE", :faculty_short_name=>"FSIT", :shift=>"MORNING"}
[16-06-2022 19:16:57]: (INFO) => 151-15-5144: {:student_id=>"151-15-5144", :student_name=>"Tarikul Islam", :campus_name=>"City Campus", :batch_no=>40, :program_short_name=>"B.Sc. in CSE", :department_short_name=>"CSE", :faculty_short_name=>"FSIT", :shift=>"MORNING"}
[16-06-2022 19:17:00]: (INFO) => 221-15-5144: {:student_id=>"221-15-5144", :student_name=>"SHAZZAD HOSSAIN", :campus_name=>"DSC", :batch_no=>61, :program_short_name=>"B.Sc. in CSE", :department_short_name=>"CSE", :faculty_short_name=>"FSIT", :shift=>"MORNING"}
[16-06-2022 19:17:01]: (INFO) => 151-15-5145: {:student_id=>"151-15-5145", :student_name=>"Ayesha Siddika", :campus_name=>"City Campus", :batch_no=>40, :program_short_name=>"B.Sc. in CSE", :department_short_name=>"CSE", :faculty_short_name=>"FSIT", :shift=>"MORNING"}
[16-06-2022 19:17:04]: (INFO) => 221-15-5145: {:student_id=>"221-15-5145", :student_name=>"MD. ASIF HOSSAIN", :campus_name=>"DSC", :batch_no=>61, :program_short_name=>"B.Sc. in CSE", :department_short_name=>"CSE", :faculty_short_name=>"FSIT", :shift=>"MORNING"}
[16-06-2022 19:17:05]: (INFO) => 151-15-5146: {:student_id=>"151-15-5146", :student_name=>"Md. Jumaer Ahamed", :campus_name=>"City Campus", :batch_no=>40, :program_short_name=>"B.Sc. in CSE", :department_short_name=>"CSE", :faculty_short_name=>"FSIT", :shift=>"MORNING"}
[16-06-2022 19:17:08]: (INFO) => 221-15-5146: {:student_id=>"221-15-5146", :student_name=>"MASHUKA BASHAR CHOWDHURY", :campus_name=>"DSC", :batch_no=>61, :program_short_name=>"B.Sc. in CSE", :department_short_name=>"CSE", :faculty_short_name=>"FSIT", :shift=>"MORNING"}
[16-06-2022 19:17:09]: (INFO) => 151-15-5147: {:student_id=>"151-15-5147", :student_name=>"Bayazid Mahmud Saikat", :campus_name=>"City Campus", :batch_no=>40, :program_short_name=>"B.Sc. in CSE", :department_short_name=>"CSE", :faculty_short_name=>"FSIT", :shift=>"MORNING"}
[16-06-2022 19:17:12]: (INFO) => 221-15-5147: {:student_id=>"221-15-5147", :student_name=>"SAGOR KUMER DATTO", :campus_name=>"DSC", :batch_no=>61, :program_short_name=>"B.Sc. in CSE", :department_short_name=>"CSE", :faculty_short_name=>"FSIT", :shift=>"MORNING"}
[16-06-2022 19:17:12]: (INFO) => 151-15-5148: {:student_id=>"151-15-5148", :student_name=>"Jannatul Ferdous Nammi", :campus_name=>"City Campus", :batch_no=>40, :program_short_name=>"B.Sc. in CSE", :department_short_name=>"CSE", :faculty_short_name=>"FSIT", :shift=>"MORNING"}
[16-06-2022 19:17:15]: (INFO) => 221-15-5148: {:student_id=>"221-15-5148", :student_name=>"MEHEDI HASAN MUNNA", :campus_name=>"DSC", :batch_no=>61, :program_short_name=>"B.Sc. in CSE", :department_short_name=>"CSE", :faculty_short_name=>"FSIT", :shift=>"MORNING"}
[16-06-2022 19:17:16]: (INFO) => 151-15-5149: {:student_id=>"151-15-5149", :student_name=>"Khalilullah Muhammad Ibrahim", :campus_name=>"City Campus", :batch_no=>40, :program_short_name=>"B.Sc. in CSE", :department_short_name=>"CSE", :faculty_short_name=>"FSIT", :shift=>"MORNING"}
[16-06-2022 19:17:19]: (INFO) => 221-15-5149: {:student_id=>"221-15-5149", :student_name=>"Al Imran Maraj", :campus_name=>"DSC", :batch_no=>61, :program_short_name=>"B.Sc. in CSE", :department_short_name=>"CSE", :faculty_short_name=>"FSIT", :shift=>"MORNING"}
[16-06-2022 19:17:20]: (INFO) => 151-15-5150: {:student_id=>"151-15-5150", :student_name=>"S. M. Tareq", :campus_name=>"City Campus", :batch_no=>40, :program_short_name=>"B.Sc. in CSE", :department_short_name=>"CSE", :faculty_short_name=>"FSIT", :shift=>"MORNING"}
[16-06-2022 19:17:23]: (INFO) => 221-15-5150: {:student_id=>"221-15-5150", :student_name=>"Md. Raihanul Islam Rahat", :campus_name=>"DSC", :batch_no=>61, :program_short_name=>"B.Sc. in CSE", :department_short_name=>"CSE", :faculty_short_name=>"FSIT", :shift=>"MORNING"}
[16-06-2022 19:17:24]: (INFO) => 151-15-5151: {:student_id=>"151-15-5151", :student_name=>"Nazmul Haque Khan Pabon", :campus_name=>"City Campus", :batch_no=>40, :program_short_name=>"B.Sc. in CSE", :department_short_name=>"CSE", :faculty_short_name=>"FSIT", :shift=>"MORNING"}
[16-06-2022 19:17:27]: (INFO) => 221-15-5151: {:student_id=>"221-15-5151", :student_name=>"MONTAKIR EMTIAZ AHMED RAFID", :campus_name=>"DSC", :batch_no=>61, :program_short_name=>"B.Sc. in CSE", :department_short_name=>"CSE", :faculty_short_name=>"FSIT", :shift=>"MORNING"}
[16-06-2022 19:17:28]: (INFO) => 151-15-5152: {:student_id=>"151-15-5152", :student_name=>"Md. Azharul Islam", :campus_name=>"City Campus", :batch_no=>40, :program_short_name=>"B.Sc. in CSE", :department_short_name=>"CSE", :faculty_short_name=>"FSIT", :shift=>"MORNING"}
[16-06-2022 19:17:31]: (INFO) => 221-15-5152: {:student_id=>"221-15-5152", :student_name=>"MD. SADIQUR RAHMAN", :campus_name=>"DSC", :batch_no=>61, :program_short_name=>"B.Sc. in CSE", :department_short_name=>"CSE", :faculty_short_name=>"FSIT", :shift=>"MORNING"}
[16-06-2022 19:17:32]: (INFO) => 151-15-5153: {:student_id=>"151-15-5153", :student_name=>"Motassin Al - Din", :campus_name=>"City Campus", :batch_no=>40, :program_short_name=>"B.Sc. in CSE", :department_short_name=>"CSE", :faculty_short_name=>"FSIT", :shift=>"MORNING"}
[16-06-2022 19:17:35]: (INFO) => 221-15-5153: {:student_id=>"221-15-5153", :student_name=>"SIFAT .", :campus_name=>"DSC", :batch_no=>61, :program_short_name=>"B.Sc. in CSE", :department_short_name=>"CSE", :faculty_short_name=>"FSIT", :shift=>"MORNING"}
[16-06-2022 19:17:36]: (INFO) => 151-15-5154: {:student_id=>"151-15-5154", :student_name=>"Md. Mehedi Hassan Khan", :campus_name=>"City Campus", :batch_no=>40, :program_short_name=>"B.Sc. in CSE", :department_short_name=>"CSE", :faculty_short_name=>"FSIT", :shift=>"MORNING"}
[16-06-2022 19:18:02]: (INFO) => 221-15-5154: {:student_id=>"221-15-5154", :student_name=>"K M TANVIR IMAM", :campus_name=>"DSC", :batch_no=>61, :program_short_name=>"B.Sc. in CSE", :department_short_name=>"CSE", :faculty_short_name=>"FSIT", :shift=>"MORNING"}
[16-06-2022 19:18:04]: (INFO) => 151-15-5155: {:student_id=>"151-15-5155", :student_name=>"Shahana Shultana", :campus_name=>"City Campus", :batch_no=>40, :program_short_name=>"B.Sc. in CSE", :department_short_name=>"CSE", :faculty_short_name=>"FSIT", :shift=>"MORNING"}
[16-06-2022 19:18:08]: (INFO) => 221-15-5155: {:student_id=>"221-15-5155", :student_name=>"MD AL ADNAN RONY", :campus_name=>"DSC", :batch_no=>61, :program_short_name=>"B.Sc. in CSE", :department_short_name=>"CSE", :faculty_short_name=>"FSIT", :shift=>"MORNING"}
[16-06-2022 19:18:10]: (INFO) => 151-15-5156: {:student_id=>"151-15-5156", :student_name=>"Mehedi Hasan Nayeem", :campus_name=>"City Campus", :batch_no=>40, :program_short_name=>"B.Sc. in CSE", :department_short_name=>"CSE", :faculty_short_name=>"FSIT", :shift=>"MORNING"}
