# Logfile created on 2022-06-15 09:29:22 +0600 by logger.rb/v1.4.2
[15-06-2022 09:29:23]: (INFO) => 171-15-1163: {:student_id=>"171-15-1163", :student_name=>"Md.Ashikujjaman Shaikat", :campus_name=>"DSC", :batch_no=>46, :program_short_name=>"B.Sc. in CSE", :department_short_name=>"CSE", :faculty_short_name=>"FSIT", :shift=>"MORNING"}
[15-06-2022 09:29:28]: (INFO) => 171-15-1164: {:student_id=>"171-15-1164", :student_name=>"Shahriar Rahman Shihab", :campus_name=>"DSC", :batch_no=>46, :program_short_name=>"B.Sc. in CSE", :department_short_name=>"CSE", :faculty_short_name=>"FSIT", :shift=>"MORNING"}
[15-06-2022 09:29:31]: (INFO) => 171-15-1165: {:student_id=>"171-15-1165", :student_name=>"Md Nymur Rahman Shuvo.", :campus_name=>"DSC", :batch_no=>46, :program_short_name=>"B.Sc. in CSE", :department_short_name=>"CSE", :faculty_short_name=>"FSIT", :shift=>"MORNING"}
[15-06-2022 09:29:35]: (INFO) => 171-15-1166: {:student_id=>"171-15-1166", :student_name=>"Md. Mahadi Hasan Imran", :campus_name=>"DSC", :batch_no=>46, :program_short_name=>"B.Sc. in CSE", :department_short_name=>"CSE", :faculty_short_name=>"FSIT", :shift=>"MORNING"}
[15-06-2022 09:29:39]: (INFO) => 171-15-1167: {:student_id=>"171-15-1167", :student_name=>"Md. Sala Uddin", :campus_name=>"DSC", :batch_no=>46, :program_short_name=>"B.Sc. in CSE", :department_short_name=>"CSE", :faculty_short_name=>"FSIT", :shift=>"MORNING"}
[15-06-2022 09:29:43]: (INFO) => 171-15-1168: {:student_id=>"171-15-1168", :student_name=>"Ariful Islam", :campus_name=>"DSC", :batch_no=>46, :program_short_name=>"B.Sc. in CSE", :department_short_name=>"CSE", :faculty_short_name=>"FSIT", :shift=>"MORNING"}
[15-06-2022 09:29:47]: (INFO) => 171-15-1169: {:student_id=>"171-15-1169", :student_name=>"Md. Rashel Hossain", :campus_name=>"DSC", :batch_no=>46, :program_short_name=>"B.Sc. in CSE", :department_short_name=>"CSE", :faculty_short_name=>"FSIT", :shift=>"MORNING"}
[15-06-2022 09:29:51]: (INFO) => 171-15-1170: {:student_id=>"171-15-1170", :student_name=>"Shimul Chandra Gharami", :campus_name=>"DSC", :batch_no=>46, :program_short_name=>"B.Sc. in CSE", :department_short_name=>"CSE", :faculty_short_name=>"FSIT", :shift=>"MORNING"}
[15-06-2022 09:29:55]: (INFO) => 171-15-1171: {:student_id=>"171-15-1171", :student_name=>"Md. Shakib Salim", :campus_name=>"DSC", :batch_no=>46, :program_short_name=>"B.Sc. in CSE", :department_short_name=>"CSE", :faculty_short_name=>"FSIT", :shift=>"MORNING"}
[15-06-2022 09:29:59]: (INFO) => 171-15-1172: {:student_id=>"171-15-1172", :student_name=>"A. S. M. Shahnewaz", :campus_name=>"DSC", :batch_no=>46, :program_short_name=>"B.Sc. in CSE", :department_short_name=>"CSE", :faculty_short_name=>"FSIT", :shift=>"MORNING"}
[15-06-2022 09:30:03]: (INFO) => 171-15-1173: {:student_id=>"171-15-1173", :student_name=>"Moin Uddin Dhali", :campus_name=>"DSC", :batch_no=>46, :program_short_name=>"B.Sc. in CSE", :department_short_name=>"CSE", :faculty_short_name=>"FSIT", :shift=>"MORNING"}
[15-06-2022 09:30:07]: (INFO) => 171-15-1174: {:student_id=>"171-15-1174", :student_name=>"Md. Mehedi Hasan", :campus_name=>"DSC", :batch_no=>46, :program_short_name=>"B.Sc. in CSE", :department_short_name=>"CSE", :faculty_short_name=>"FSIT", :shift=>"MORNING"}
[15-06-2022 09:30:11]: (INFO) => 171-15-1175: {:student_id=>"171-15-1175", :student_name=>"Md. Atiq Uz Zaman Rounak", :campus_name=>"DSC", :batch_no=>46, :program_short_name=>"B.Sc. in CSE", :department_short_name=>"CSE", :faculty_short_name=>"FSIT", :shift=>"MORNING"}
[15-06-2022 09:30:15]: (INFO) => 171-15-1176: {:student_id=>"171-15-1176", :student_name=>"Tuser Kanti", :campus_name=>"DSC", :batch_no=>46, :program_short_name=>"B.Sc. in CSE", :department_short_name=>"CSE", :faculty_short_name=>"FSIT", :shift=>"MORNING"}
[15-06-2022 09:30:19]: (INFO) => 171-15-1177: {:student_id=>"171-15-1177", :student_name=>"Shazid Hasan", :campus_name=>"DSC", :batch_no=>46, :program_short_name=>"B.Sc. in CSE", :department_short_name=>"CSE", :faculty_short_name=>"FSIT", :shift=>"MORNING"}
[15-06-2022 09:30:21]: (INFO) => 221-15-1177: {:student_id=>"221-15-1177", :student_name=>"MD.BAYZID HOSSAIN", :campus_name=>"DSC", :batch_no=>61, :program_short_name=>"B.Sc. in CSE", :department_short_name=>"CSE", :faculty_short_name=>"FSIT", :shift=>"MORNING"}
[15-06-2022 09:30:23]: (INFO) => 171-15-1178: {:student_id=>"171-15-1178", :student_name=>"A.Z.M. Rayhan Amin", :campus_name=>"DSC", :batch_no=>46, :program_short_name=>"B.Sc. in CSE", :department_short_name=>"CSE", :faculty_short_name=>"FSIT", :shift=>"MORNING"}
[15-06-2022 09:30:27]: (INFO) => 171-15-1179: {:student_id=>"171-15-1179", :student_name=>"Lubna Jahan Doly", :campus_name=>"DSC", :batch_no=>46, :program_short_name=>"B.Sc. in CSE", :department_short_name=>"CSE", :faculty_short_name=>"FSIT", :shift=>"MORNING"}
[15-06-2022 09:30:31]: (INFO) => 171-15-1180: {:student_id=>"171-15-1180", :student_name=>"Md. Razaur Rahman Fahim", :campus_name=>"DSC", :batch_no=>46, :program_short_name=>"B.Sc. in CSE", :department_short_name=>"CSE", :faculty_short_name=>"FSIT", :shift=>"MORNING"}
[15-06-2022 09:30:35]: (INFO) => 171-15-1181: {:student_id=>"171-15-1181", :student_name=>"Farzana Hasnat Mou", :campus_name=>"DSC", :batch_no=>46, :program_short_name=>"B.Sc. in CSE", :department_short_name=>"CSE", :faculty_short_name=>"FSIT", :shift=>"MORNING"}
[15-06-2022 09:30:39]: (INFO) => 171-15-1182: {:student_id=>"171-15-1182", :student_name=>"Md. Shawn Shikder Sonet", :campus_name=>"DSC", :batch_no=>46, :program_short_name=>"B.Sc. in CSE", :department_short_name=>"CSE", :faculty_short_name=>"FSIT", :shift=>"MORNING"}
[15-06-2022 09:30:44]: (INFO) => 171-15-1183: {:student_id=>"171-15-1183", :student_name=>"Md. Rafiqul Islam Tuhin", :campus_name=>"DSC", :batch_no=>46, :program_short_name=>"B.Sc. in CSE", :department_short_name=>"CSE", :faculty_short_name=>"FSIT", :shift=>"MORNING"}
[15-06-2022 09:30:46]: (INFO) => 222-15-1183: {:student_id=>"222-15-1183", :student_name=>"Shanta Majumder", :campus_name=>"DSC", :batch_no=>62, :program_short_name=>"B.Sc. in CSE", :department_short_name=>"CSE", :faculty_short_name=>"FSIT", :shift=>"MORNING"}
[15-06-2022 09:30:47]: (INFO) => 171-15-1184: {:student_id=>"171-15-1184", :student_name=>"Md. Khalid Abdullah", :campus_name=>"DSC", :batch_no=>46, :program_short_name=>"B.Sc. in CSE", :department_short_name=>"CSE", :faculty_short_name=>"FSIT", :shift=>"MORNING"}
[15-06-2022 09:30:52]: (INFO) => 171-15-1185: {:student_id=>"171-15-1185", :student_name=>"Abdullah Al Faisal", :campus_name=>"DSC", :batch_no=>46, :program_short_name=>"B.Sc. in CSE", :department_short_name=>"CSE", :faculty_short_name=>"FSIT", :shift=>"MORNING"}
[15-06-2022 09:30:56]: (INFO) => 171-15-1186: {:student_id=>"171-15-1186", :student_name=>"Md. Arafat Hassan", :campus_name=>"DSC", :batch_no=>46, :program_short_name=>"B.Sc. in CSE", :department_short_name=>"CSE", :faculty_short_name=>"FSIT", :shift=>"MORNING"}
[15-06-2022 09:31:02]: (INFO) => 171-15-1187: {:student_id=>"171-15-1187", :student_name=>"Md. Shajjad Hossain Sohag", :campus_name=>"DSC", :batch_no=>46, :program_short_name=>"B.Sc. in CSE", :department_short_name=>"CSE", :faculty_short_name=>"FSIT", :shift=>"MORNING"}
[15-06-2022 09:31:08]: (INFO) => 171-15-1188: {:student_id=>"171-15-1188", :student_name=>"Muhammad Redwan", :campus_name=>"DSC", :batch_no=>46, :program_short_name=>"B.Sc. in CSE", :department_short_name=>"CSE", :faculty_short_name=>"FSIT", :shift=>"MORNING"}
[15-06-2022 09:31:12]: (INFO) => 171-15-1189: {:student_id=>"171-15-1189", :student_name=>"Md. Ashiquzzaman", :campus_name=>"DSC", :batch_no=>46, :program_short_name=>"B.Sc. in CSE", :department_short_name=>"CSE", :faculty_short_name=>"FSIT", :shift=>"MORNING"}
[15-06-2022 09:31:16]: (INFO) => 171-15-1190: {:student_id=>"171-15-1190", :student_name=>"Md. Ashikur Rahman", :campus_name=>"DSC", :batch_no=>46, :program_short_name=>"B.Sc. in CSE", :department_short_name=>"CSE", :faculty_short_name=>"FSIT", :shift=>"MORNING"}
[15-06-2022 09:31:20]: (INFO) => 171-15-1191: {:student_id=>"171-15-1191", :student_name=>"Md. Mehedi Hasan", :campus_name=>"DSC", :batch_no=>46, :program_short_name=>"B.Sc. in CSE", :department_short_name=>"CSE", :faculty_short_name=>"FSIT", :shift=>"MORNING"}
[15-06-2022 09:31:25]: (INFO) => 171-15-1192: {:student_id=>"171-15-1192", :student_name=>"Hasibul Haque Hira", :campus_name=>"DSC", :batch_no=>46, :program_short_name=>"B.Sc. in CSE", :department_short_name=>"CSE", :faculty_short_name=>"FSIT", :shift=>"MORNING"}
[15-06-2022 09:31:29]: (INFO) => 171-15-1193: {:student_id=>"171-15-1193", :student_name=>"Md. Afzal Hossain", :campus_name=>"DSC", :batch_no=>46, :program_short_name=>"B.Sc. in CSE", :department_short_name=>"CSE", :faculty_short_name=>"FSIT", :shift=>"MORNING"}
[15-06-2022 09:31:34]: (INFO) => 171-15-1194: {:student_id=>"171-15-1194", :student_name=>"Md. Toukir Ahmed Mehedi", :campus_name=>"DSC", :batch_no=>46, :program_short_name=>"B.Sc. in CSE", :department_short_name=>"CSE", :faculty_short_name=>"FSIT", :shift=>"MORNING"}
[15-06-2022 09:31:38]: (INFO) => 171-15-1195: {:student_id=>"171-15-1195", :student_name=>"Mohammad Shadiul Huda", :campus_name=>"DSC", :batch_no=>46, :program_short_name=>"B.Sc. in CSE", :department_short_name=>"CSE", :faculty_short_name=>"FSIT", :shift=>"MORNING"}
[15-06-2022 09:31:42]: (INFO) => 171-15-1196: {:student_id=>"171-15-1196", :student_name=>"Naimur Rahaman Nafio", :campus_name=>"DSC", :batch_no=>46, :program_short_name=>"B.Sc. in CSE", :department_short_name=>"CSE", :faculty_short_name=>"FSIT", :shift=>"MORNING"}
[15-06-2022 09:31:47]: (INFO) => 171-15-1197: {:student_id=>"171-15-1197", :student_name=>"Md. Tueker Ahamed Tuhin", :campus_name=>"DSC", :batch_no=>46, :program_short_name=>"B.Sc. in CSE", :department_short_name=>"CSE", :faculty_short_name=>"FSIT", :shift=>"MORNING"}
[15-06-2022 09:31:51]: (INFO) => 171-15-1198: {:student_id=>"171-15-1198", :student_name=>"Md. Kawser Ahammed", :campus_name=>"DSC", :batch_no=>46, :program_short_name=>"B.Sc. in CSE", :department_short_name=>"CSE", :faculty_short_name=>"FSIT", :shift=>"MORNING"}
[15-06-2022 09:31:58]: (INFO) => 171-15-1199: {:student_id=>"171-15-1199", :student_name=>"Md. Rashid Arif", :campus_name=>"DSC", :batch_no=>46, :program_short_name=>"B.Sc. in CSE", :department_short_name=>"CSE", :faculty_short_name=>"FSIT", :shift=>"MORNING"}
[15-06-2022 09:32:02]: (INFO) => 171-15-1200: {:student_id=>"171-15-1200", :student_name=>"Shamima Akter", :campus_name=>"DSC", :batch_no=>46, :program_short_name=>"B.Sc. in CSE", :department_short_name=>"CSE", :faculty_short_name=>"FSIT", :shift=>"MORNING"}
[15-06-2022 09:32:06]: (INFO) => 171-15-1201: {:student_id=>"171-15-1201", :student_name=>"Md. Mohsin Hossain", :campus_name=>"DSC", :batch_no=>46, :program_short_name=>"B.Sc. in CSE", :department_short_name=>"CSE", :faculty_short_name=>"FSIT", :shift=>"MORNING"}
[15-06-2022 09:32:10]: (INFO) => 171-15-1202: {:student_id=>"171-15-1202", :student_name=>"Md. Yusuf Khan", :campus_name=>"DSC", :batch_no=>46, :program_short_name=>"B.Sc. in CSE", :department_short_name=>"CSE", :faculty_short_name=>"FSIT", :shift=>"MORNING"}
[15-06-2022 09:32:14]: (INFO) => 171-15-1203: {:student_id=>"171-15-1203", :student_name=>"Md. Yeasin Arafat", :campus_name=>"DSC", :batch_no=>46, :program_short_name=>"B.Sc. in CSE", :department_short_name=>"CSE", :faculty_short_name=>"FSIT", :shift=>"MORNING"}
[15-06-2022 09:32:18]: (INFO) => 171-15-1204: {:student_id=>"171-15-1204", :student_name=>"Farzana Akter", :campus_name=>"DSC", :batch_no=>46, :program_short_name=>"B.Sc. in CSE", :department_short_name=>"CSE", :faculty_short_name=>"FSIT", :shift=>"MORNING"}
[15-06-2022 09:32:22]: (INFO) => 171-15-1205: {:student_id=>"171-15-1205", :student_name=>"K. M. Emon Ahmed", :campus_name=>"DSC", :batch_no=>46, :program_short_name=>"B.Sc. in CSE", :department_short_name=>"CSE", :faculty_short_name=>"FSIT", :shift=>"MORNING"}
[15-06-2022 09:32:26]: (INFO) => 171-15-1206: {:student_id=>"171-15-1206", :student_name=>"Md. Najmul Hasan Sajeeb", :campus_name=>"DSC", :batch_no=>46, :program_short_name=>"B.Sc. in CSE", :department_short_name=>"CSE", :faculty_short_name=>"FSIT", :shift=>"MORNING"}
[15-06-2022 09:32:30]: (INFO) => 171-15-1207: {:student_id=>"171-15-1207", :student_name=>"Md. Salman Kaiser", :campus_name=>"DSC", :batch_no=>46, :program_short_name=>"B.Sc. in CSE", :department_short_name=>"CSE", :faculty_short_name=>"FSIT", :shift=>"MORNING"}
[15-06-2022 09:32:33]: (INFO) => 171-15-1208: {:student_id=>"171-15-1208", :student_name=>"Md. Mizanur Rahman", :campus_name=>"DSC", :batch_no=>46, :program_short_name=>"B.Sc. in CSE", :department_short_name=>"CSE", :faculty_short_name=>"FSIT", :shift=>"MORNING"}
[15-06-2022 09:32:39]: (INFO) => 171-15-1209: {:student_id=>"171-15-1209", :student_name=>"Jihad Azad Jisan", :campus_name=>"DSC", :batch_no=>46, :program_short_name=>"B.Sc. in CSE", :department_short_name=>"CSE", :faculty_short_name=>"FSIT", :shift=>"MORNING"}
[15-06-2022 09:32:44]: (INFO) => 171-15-1210: {:student_id=>"171-15-1210", :student_name=>"Shiblur Rahman Lipu", :campus_name=>"DSC", :batch_no=>46, :program_short_name=>"B.Sc. in CSE", :department_short_name=>"CSE", :faculty_short_name=>"FSIT", :shift=>"MORNING"}
[15-06-2022 09:32:49]: (INFO) => 171-15-1211: {:student_id=>"171-15-1211", :student_name=>"Md. Sohel Rana", :campus_name=>"DSC", :batch_no=>46, :program_short_name=>"B.Sc. in CSE", :department_short_name=>"CSE", :faculty_short_name=>"FSIT", :shift=>"MORNING"}
[15-06-2022 09:32:54]: (INFO) => 171-15-1212: {:student_id=>"171-15-1212", :student_name=>"Himu Akter", :campus_name=>"DSC", :batch_no=>46, :program_short_name=>"B.Sc. in CSE", :department_short_name=>"CSE", :faculty_short_name=>"FSIT", :shift=>"MORNING"}
[15-06-2022 09:32:59]: (INFO) => 171-15-1213: {:student_id=>"171-15-1213", :student_name=>"Mitu Akter", :campus_name=>"DSC", :batch_no=>46, :program_short_name=>"B.Sc. in CSE", :department_short_name=>"CSE", :faculty_short_name=>"FSIT", :shift=>"MORNING"}
[15-06-2022 09:33:03]: (INFO) => 171-15-1214: {:student_id=>"171-15-1214", :student_name=>"Md. Ashraful Islam", :campus_name=>"DSC", :batch_no=>46, :program_short_name=>"B.Sc. in CSE", :department_short_name=>"CSE", :faculty_short_name=>"FSIT", :shift=>"MORNING"}
[15-06-2022 09:33:08]: (INFO) => 171-15-1215: {:student_id=>"171-15-1215", :student_name=>"Maria Sultana Keya", :campus_name=>"DSC", :batch_no=>46, :program_short_name=>"B.Sc. in CSE", :department_short_name=>"CSE", :faculty_short_name=>"FSIT", :shift=>"MORNING"}
[15-06-2022 09:33:14]: (INFO) => 171-15-1216: {:student_id=>"171-15-1216", :student_name=>"Md. Nazmul Islam", :campus_name=>"DSC", :batch_no=>46, :program_short_name=>"B.Sc. in CSE", :department_short_name=>"CSE", :faculty_short_name=>"FSIT", :shift=>"MORNING"}
[15-06-2022 09:33:19]: (INFO) => 171-15-1217: {:student_id=>"171-15-1217", :student_name=>"Md. Mahbobur Rahman Salman", :campus_name=>"DSC", :batch_no=>46, :program_short_name=>"B.Sc. in CSE", :department_short_name=>"CSE", :faculty_short_name=>"FSIT", :shift=>"MORNING"}
[15-06-2022 09:33:23]: (INFO) => 171-15-1218: {:student_id=>"171-15-1218", :student_name=>"Md. Hanif Mahamud", :campus_name=>"DSC", :batch_no=>46, :program_short_name=>"B.Sc. in CSE", :department_short_name=>"CSE", :faculty_short_name=>"FSIT", :shift=>"MORNING"}
[15-06-2022 09:33:27]: (INFO) => 171-15-1219: {:student_id=>"171-15-1219", :student_name=>"Nobi Hossain", :campus_name=>"DSC", :batch_no=>46, :program_short_name=>"B.Sc. in CSE", :department_short_name=>"CSE", :faculty_short_name=>"FSIT", :shift=>"MORNING"}
[15-06-2022 09:33:31]: (INFO) => 171-15-1220: {:student_id=>"171-15-1220", :student_name=>"A. T .  M. Junayed Ayan ", :campus_name=>"DSC", :batch_no=>46, :program_short_name=>"B.Sc. in CSE", :department_short_name=>"CSE", :faculty_short_name=>"FSIT", :shift=>"MORNING"}
[15-06-2022 09:33:35]: (INFO) => 171-15-1221: {:student_id=>"171-15-1221", :student_name=>"Md. Sarowar Zahan", :campus_name=>"DSC", :batch_no=>46, :program_short_name=>"B.Sc. in CSE", :department_short_name=>"CSE", :faculty_short_name=>"FSIT", :shift=>"MORNING"}
[15-06-2022 09:33:39]: (INFO) => 171-15-1222: {:student_id=>"171-15-1222", :student_name=>"Minhajul Hasan Simanto", :campus_name=>"DSC", :batch_no=>46, :program_short_name=>"B.Sc. in CSE", :department_short_name=>"CSE", :faculty_short_name=>"FSIT", :shift=>"MORNING"}
[15-06-2022 09:33:43]: (INFO) => 171-15-1223: {:student_id=>"171-15-1223", :student_name=>"Md. Shakibul Haque Shanto", :campus_name=>"DSC", :batch_no=>46, :program_short_name=>"B.Sc. in CSE", :department_short_name=>"CSE", :faculty_short_name=>"FSIT", :shift=>"MORNING"}
[15-06-2022 09:33:46]: (INFO) => 171-15-1224: {:student_id=>"171-15-1224", :student_name=>"Md. Tanvir Jubayed Anik", :campus_name=>"DSC", :batch_no=>46, :program_short_name=>"B.Sc. in CSE", :department_short_name=>"CSE", :faculty_short_name=>"FSIT", :shift=>"MORNING"}
[15-06-2022 09:33:50]: (INFO) => 171-15-1225: {:student_id=>"171-15-1225", :student_name=>"Md. Zahidul Islam Sumon", :campus_name=>"DSC", :batch_no=>46, :program_short_name=>"B.Sc. in CSE", :department_short_name=>"CSE", :faculty_short_name=>"FSIT", :shift=>"MORNING"}
[15-06-2022 09:33:54]: (INFO) => 171-15-1226: {:student_id=>"171-15-1226", :student_name=>"Misrat Mahjabin Mithila", :campus_name=>"DSC", :batch_no=>46, :program_short_name=>"B.Sc. in CSE", :department_short_name=>"CSE", :faculty_short_name=>"FSIT", :shift=>"MORNING"}
[15-06-2022 09:33:58]: (INFO) => 171-15-1227: {:student_id=>"171-15-1227", :student_name=>"Atikur Rahman", :campus_name=>"DSC", :batch_no=>46, :program_short_name=>"B.Sc. in CSE", :department_short_name=>"CSE", :faculty_short_name=>"FSIT", :shift=>"MORNING"}
[15-06-2022 09:34:02]: (INFO) => 171-15-1228: {:student_id=>"171-15-1228", :student_name=>"Md. Ahanaf Hassin", :campus_name=>"DSC", :batch_no=>46, :program_short_name=>"B.Sc. in CSE", :department_short_name=>"CSE", :faculty_short_name=>"FSIT", :shift=>"MORNING"}
[15-06-2022 09:34:06]: (INFO) => 171-15-1229: {:student_id=>"171-15-1229", :student_name=>"Puja Bhowmik", :campus_name=>"DSC", :batch_no=>46, :program_short_name=>"B.Sc. in CSE", :department_short_name=>"CSE", :faculty_short_name=>"FSIT", :shift=>"MORNING"}
[15-06-2022 09:34:10]: (INFO) => 171-15-1230: {:student_id=>"171-15-1230", :student_name=>"Md. Anjamul Islam Anim", :campus_name=>"DSC", :batch_no=>46, :program_short_name=>"B.Sc. in CSE", :department_short_name=>"CSE", :faculty_short_name=>"FSIT", :shift=>"MORNING"}
[15-06-2022 09:34:14]: (INFO) => 171-15-1231: {:student_id=>"171-15-1231", :student_name=>"Abir Chowdhury", :campus_name=>"DSC", :batch_no=>46, :program_short_name=>"B.Sc. in CSE", :department_short_name=>"CSE", :faculty_short_name=>"FSIT", :shift=>"MORNING"}
[15-06-2022 09:34:18]: (INFO) => 171-15-1232: {:student_id=>"171-15-1232", :student_name=>"Md. Sabuj Miah", :campus_name=>"DSC", :batch_no=>46, :program_short_name=>"B.Sc. in CSE", :department_short_name=>"CSE", :faculty_short_name=>"FSIT", :shift=>"MORNING"}
[15-06-2022 09:34:23]: (INFO) => 171-15-1233: {:student_id=>"171-15-1233", :student_name=>"Hosnain Ahammad", :campus_name=>"DSC", :batch_no=>46, :program_short_name=>"B.Sc. in CSE", :department_short_name=>"CSE", :faculty_short_name=>"FSIT", :shift=>"MORNING"}
[15-06-2022 09:34:27]: (INFO) => 171-15-1234: {:student_id=>"171-15-1234", :student_name=>"Md. Toriqul Islam", :campus_name=>"DSC", :batch_no=>46, :program_short_name=>"B.Sc. in CSE", :department_short_name=>"CSE", :faculty_short_name=>"FSIT", :shift=>"MORNING"}
[15-06-2022 09:34:31]: (INFO) => 171-15-1235: {:student_id=>"171-15-1235", :student_name=>"Abdullah Al Munaim", :campus_name=>"DSC", :batch_no=>46, :program_short_name=>"B.Sc. in CSE", :department_short_name=>"CSE", :faculty_short_name=>"FSIT", :shift=>"MORNING"}
[15-06-2022 09:34:35]: (INFO) => 171-15-1236: {:student_id=>"171-15-1236", :student_name=>"A.S.M Mahmudur Rahman Bangla", :campus_name=>"DSC", :batch_no=>46, :program_short_name=>"B.Sc. in CSE", :department_short_name=>"CSE", :faculty_short_name=>"FSIT", :shift=>"MORNING"}
[15-06-2022 09:34:39]: (INFO) => 171-15-1237: {:student_id=>"171-15-1237", :student_name=>"Md.Khalid Hossain Khan Aneek", :campus_name=>"DSC", :batch_no=>46, :program_short_name=>"B.Sc. in CSE", :department_short_name=>"CSE", :faculty_short_name=>"FSIT", :shift=>"MORNING"}
[15-06-2022 09:34:42]: (INFO) => 171-15-1238: {:student_id=>"171-15-1238", :student_name=>"Md. Masum Billah", :campus_name=>"DSC", :batch_no=>46, :program_short_name=>"B.Sc. in CSE", :department_short_name=>"CSE", :faculty_short_name=>"FSIT", :shift=>"MORNING"}
[15-06-2022 09:34:46]: (INFO) => 171-15-1239: {:student_id=>"171-15-1239", :student_name=>"Twofikul Islam", :campus_name=>"DSC", :batch_no=>46, :program_short_name=>"B.Sc. in CSE", :department_short_name=>"CSE", :faculty_short_name=>"FSIT", :shift=>"MORNING"}
[15-06-2022 09:34:49]: (INFO) => 171-15-1240: {:student_id=>"171-15-1240", :student_name=>"Toufiq Hossen", :campus_name=>"DSC", :batch_no=>46, :program_short_name=>"B.Sc. in CSE", :department_short_name=>"CSE", :faculty_short_name=>"FSIT", :shift=>"MORNING"}
[15-06-2022 09:34:53]: (INFO) => 171-15-1241: {:student_id=>"171-15-1241", :student_name=>"Mst. Razmin Sultana", :campus_name=>"DSC", :batch_no=>46, :program_short_name=>"B.Sc. in CSE", :department_short_name=>"CSE", :faculty_short_name=>"FSIT", :shift=>"MORNING"}
[15-06-2022 09:34:57]: (INFO) => 171-15-1242: {:student_id=>"171-15-1242", :student_name=>"Mohammad Rakibul Hasan", :campus_name=>"DSC", :batch_no=>46, :program_short_name=>"B.Sc. in CSE", :department_short_name=>"CSE", :faculty_short_name=>"FSIT", :shift=>"MORNING"}
[15-06-2022 09:35:01]: (INFO) => 171-15-1243: {:student_id=>"171-15-1243", :student_name=>"Md. Al Mahmud Imran", :campus_name=>"DSC", :batch_no=>46, :program_short_name=>"B.Sc. in CSE", :department_short_name=>"CSE", :faculty_short_name=>"FSIT", :shift=>"MORNING"}
[15-06-2022 09:35:05]: (INFO) => 171-15-1244: {:student_id=>"171-15-1244", :student_name=>"Md. Hasibul Hasan", :campus_name=>"DSC", :batch_no=>46, :program_short_name=>"B.Sc. in CSE", :department_short_name=>"CSE", :faculty_short_name=>"FSIT", :shift=>"MORNING"}
[15-06-2022 09:35:09]: (INFO) => 171-15-1245: {:student_id=>"171-15-1245", :student_name=>"Md. Solaiman", :campus_name=>"DSC", :batch_no=>46, :program_short_name=>"B.Sc. in CSE", :department_short_name=>"CSE", :faculty_short_name=>"FSIT", :shift=>"MORNING"}
[15-06-2022 09:35:13]: (INFO) => 171-15-1246: {:student_id=>"171-15-1246", :student_name=>"Mehedi Hasan", :campus_name=>"DSC", :batch_no=>46, :program_short_name=>"B.Sc. in CSE", :department_short_name=>"CSE", :faculty_short_name=>"FSIT", :shift=>"MORNING"}
[15-06-2022 09:35:17]: (INFO) => 171-15-1247: {:student_id=>"171-15-1247", :student_name=>"Ripon Mondal", :campus_name=>"DSC", :batch_no=>46, :program_short_name=>"B.Sc. in CSE", :department_short_name=>"CSE", :faculty_short_name=>"FSIT", :shift=>"MORNING"}
[15-06-2022 09:35:21]: (INFO) => 171-15-1248: {:student_id=>"171-15-1248", :student_name=>"Govindo Modok", :campus_name=>"DSC", :batch_no=>46, :program_short_name=>"B.Sc. in CSE", :department_short_name=>"CSE", :faculty_short_name=>"FSIT", :shift=>"MORNING"}
[15-06-2022 09:35:25]: (INFO) => 171-15-1249: {:student_id=>"171-15-1249", :student_name=>"Hasibul Hassan Shanto", :campus_name=>"DSC", :batch_no=>46, :program_short_name=>"B.Sc. in CSE", :department_short_name=>"CSE", :faculty_short_name=>"FSIT", :shift=>"MORNING"}
[15-06-2022 09:35:29]: (INFO) => 171-15-1250: {:student_id=>"171-15-1250", :student_name=>"Yousuf Azad Ayon", :campus_name=>"DSC", :batch_no=>46, :program_short_name=>"B.Sc. in CSE", :department_short_name=>"CSE", :faculty_short_name=>"FSIT", :shift=>"MORNING"}
[15-06-2022 09:35:33]: (INFO) => 171-15-1251: {:student_id=>"171-15-1251", :student_name=>"Deba Shis Karmokar", :campus_name=>"DSC", :batch_no=>46, :program_short_name=>"B.Sc. in CSE", :department_short_name=>"CSE", :faculty_short_name=>"FSIT", :shift=>"MORNING"}
[15-06-2022 09:35:36]: (INFO) => 171-15-1252: {:student_id=>"171-15-1252", :student_name=>"Md. Shahriar Kobir", :campus_name=>"DSC", :batch_no=>46, :program_short_name=>"B.Sc. in CSE", :department_short_name=>"CSE", :faculty_short_name=>"FSIT", :shift=>"MORNING"}
[15-06-2022 09:35:40]: (INFO) => 171-15-1253: {:student_id=>"171-15-1253", :student_name=>"Farhana - Tuz - Zohora", :campus_name=>"DSC", :batch_no=>46, :program_short_name=>"B.Sc. in CSE", :department_short_name=>"CSE", :faculty_short_name=>"FSIT", :shift=>"MORNING"}
[15-06-2022 09:35:43]: (INFO) => 171-15-1254: {:student_id=>"171-15-1254", :student_name=>"Mahdi Hasan Niloy", :campus_name=>"DSC", :batch_no=>46, :program_short_name=>"B.Sc. in CSE", :department_short_name=>"CSE", :faculty_short_name=>"FSIT", :shift=>"MORNING"}
[15-06-2022 09:35:47]: (INFO) => 171-15-1255: {:student_id=>"171-15-1255", :student_name=>"M. D Shadhen Miah", :campus_name=>"DSC", :batch_no=>46, :program_short_name=>"B.Sc. in CSE", :department_short_name=>"CSE", :faculty_short_name=>"FSIT", :shift=>"MORNING"}
[15-06-2022 09:35:50]: (INFO) => 171-15-1256: {:student_id=>"171-15-1256", :student_name=>"Syed Mahmudul Karim Nabil", :campus_name=>"DSC", :batch_no=>46, :program_short_name=>"B.Sc. in CSE", :department_short_name=>"CSE", :faculty_short_name=>"FSIT", :shift=>"MORNING"}
[15-06-2022 09:35:54]: (INFO) => 171-15-1257: {:student_id=>"171-15-1257", :student_name=>"Abu Bakkar Siddik", :campus_name=>"DSC", :batch_no=>46, :program_short_name=>"B.Sc. in CSE", :department_short_name=>"CSE", :faculty_short_name=>"FSIT", :shift=>"MORNING"}
[15-06-2022 09:35:58]: (INFO) => 171-15-1258: {:student_id=>"171-15-1258", :student_name=>"Tonima Aslam Barsha", :campus_name=>"DSC", :batch_no=>46, :program_short_name=>"B.Sc. in CSE", :department_short_name=>"CSE", :faculty_short_name=>"FSIT", :shift=>"MORNING"}
[15-06-2022 09:36:02]: (INFO) => 171-15-1259: {:student_id=>"171-15-1259", :student_name=>"Golam Kibrea Sajal", :campus_name=>"DSC", :batch_no=>46, :program_short_name=>"B.Sc. in CSE", :department_short_name=>"CSE", :faculty_short_name=>"FSIT", :shift=>"MORNING"}
[15-06-2022 09:36:05]: (INFO) => 171-15-1260: {:student_id=>"171-15-1260", :student_name=>"Shimul Mandal Tamo", :campus_name=>"DSC", :batch_no=>46, :program_short_name=>"B.Sc. in CSE", :department_short_name=>"CSE", :faculty_short_name=>"FSIT", :shift=>"MORNING"}
[15-06-2022 09:36:09]: (INFO) => 171-15-1261: {:student_id=>"171-15-1261", :student_name=>"Fariha Zannat Luna", :campus_name=>"DSC", :batch_no=>46, :program_short_name=>"B.Sc. in CSE", :department_short_name=>"CSE", :faculty_short_name=>"FSIT", :shift=>"MORNING"}
[15-06-2022 09:36:13]: (INFO) => 171-15-1262: {:student_id=>"171-15-1262", :student_name=>"Puza Rani", :campus_name=>"DSC", :batch_no=>46, :program_short_name=>"B.Sc. in CSE", :department_short_name=>"CSE", :faculty_short_name=>"FSIT", :shift=>"MORNING"}
[15-06-2022 09:36:17]: (INFO) => 171-15-1263: {:student_id=>"171-15-1263", :student_name=>"Rakibul Islam", :campus_name=>"DSC", :batch_no=>46, :program_short_name=>"B.Sc. in CSE", :department_short_name=>"CSE", :faculty_short_name=>"FSIT", :shift=>"MORNING"}
[15-06-2022 09:36:20]: (INFO) => 171-15-1264: {:student_id=>"171-15-1264", :student_name=>"Md. Aman Ullah", :campus_name=>"DSC", :batch_no=>46, :program_short_name=>"B.Sc. in CSE", :department_short_name=>"CSE", :faculty_short_name=>"FSIT", :shift=>"MORNING"}
[15-06-2022 09:36:24]: (INFO) => 171-15-1265: {:student_id=>"171-15-1265", :student_name=>"Md. Masudul Alam", :campus_name=>"DSC", :batch_no=>46, :program_short_name=>"B.Sc. in CSE", :department_short_name=>"CSE", :faculty_short_name=>"FSIT", :shift=>"MORNING"}
[15-06-2022 09:36:28]: (INFO) => 171-15-1266: {:student_id=>"171-15-1266", :student_name=>"Md. Nafiz Khan", :campus_name=>"DSC", :batch_no=>46, :program_short_name=>"B.Sc. in CSE", :department_short_name=>"CSE", :faculty_short_name=>"FSIT", :shift=>"MORNING"}
[15-06-2022 09:36:33]: (INFO) => 171-15-1267: {:student_id=>"171-15-1267", :student_name=>"Md. Rabin Islam Sabuz", :campus_name=>"DSC", :batch_no=>46, :program_short_name=>"B.Sc. in CSE", :department_short_name=>"CSE", :faculty_short_name=>"FSIT", :shift=>"MORNING"}
[15-06-2022 09:36:37]: (INFO) => 171-15-1268: {:student_id=>"171-15-1268", :student_name=>"Foysal Ahamed", :campus_name=>"DSC", :batch_no=>46, :program_short_name=>"B.Sc. in CSE", :department_short_name=>"CSE", :faculty_short_name=>"FSIT", :shift=>"MORNING"}
[15-06-2022 09:36:41]: (INFO) => 171-15-1269: {:student_id=>"171-15-1269", :student_name=>"Md. Shahriar Karim Shawon", :campus_name=>"DSC", :batch_no=>46, :program_short_name=>"B.Sc. in CSE", :department_short_name=>"CSE", :faculty_short_name=>"FSIT", :shift=>"MORNING"}
[15-06-2022 09:36:45]: (INFO) => 171-15-1270: {:student_id=>"171-15-1270", :student_name=>"Diponkor Chakroborty", :campus_name=>"DSC", :batch_no=>46, :program_short_name=>"B.Sc. in CSE", :department_short_name=>"CSE", :faculty_short_name=>"FSIT", :shift=>"MORNING"}
[15-06-2022 09:36:49]: (INFO) => 171-15-1271: {:student_id=>"171-15-1271", :student_name=>"K. B. M. Arak Ayman Labnan", :campus_name=>"DSC", :batch_no=>46, :program_short_name=>"B.Sc. in CSE", :department_short_name=>"CSE", :faculty_short_name=>"FSIT", :shift=>"MORNING"}
[15-06-2022 09:36:53]: (INFO) => 171-15-1272: {:student_id=>"171-15-1272", :student_name=>"Tahzid Mahmud Suvo", :campus_name=>"DSC", :batch_no=>46, :program_short_name=>"B.Sc. in CSE", :department_short_name=>"CSE", :faculty_short_name=>"FSIT", :shift=>"MORNING"}
[15-06-2022 09:36:56]: (INFO) => 171-15-1273: {:student_id=>"171-15-1273", :student_name=>"Md. Khairuzzaman Hridoy", :campus_name=>"DSC", :batch_no=>46, :program_short_name=>"B.Sc. in CSE", :department_short_name=>"CSE", :faculty_short_name=>"FSIT", :shift=>"MORNING"}
[15-06-2022 09:37:00]: (INFO) => 171-15-1274: {:student_id=>"171-15-1274", :student_name=>"Abdullhah - Al - Mohsin", :campus_name=>"DSC", :batch_no=>46, :program_short_name=>"B.Sc. in CSE", :department_short_name=>"CSE", :faculty_short_name=>"FSIT", :shift=>"MORNING"}
[15-06-2022 09:37:04]: (INFO) => 171-15-1275: {:student_id=>"171-15-1275", :student_name=>"Md. Kamrul Hassan", :campus_name=>"DSC", :batch_no=>46, :program_short_name=>"B.Sc. in CSE", :department_short_name=>"CSE", :faculty_short_name=>"FSIT", :shift=>"MORNING"}
[15-06-2022 09:37:08]: (INFO) => 171-15-1276: {:student_id=>"171-15-1276", :student_name=>"Md Lakibul Hasan", :campus_name=>"DSC", :batch_no=>46, :program_short_name=>"B.Sc. in CSE", :department_short_name=>"CSE", :faculty_short_name=>"FSIT", :shift=>"MORNING"}
[15-06-2022 09:37:11]: (INFO) => 171-15-1277: {:student_id=>"171-15-1277", :student_name=>"Md. Shourov Sarkar", :campus_name=>"DSC", :batch_no=>46, :program_short_name=>"B.Sc. in CSE", :department_short_name=>"CSE", :faculty_short_name=>"FSIT", :shift=>"MORNING"}
[15-06-2022 09:37:15]: (INFO) => 171-15-1278: {:student_id=>"171-15-1278", :student_name=>"Tiham Hossain  Khan", :campus_name=>"DSC", :batch_no=>46, :program_short_name=>"B.Sc. in CSE", :department_short_name=>"CSE", :faculty_short_name=>"FSIT", :shift=>"MORNING"}
[15-06-2022 09:37:19]: (INFO) => 171-15-1279: {:student_id=>"171-15-1279", :student_name=>"Faridul Islam Tanjil", :campus_name=>"DSC", :batch_no=>46, :program_short_name=>"B.Sc. in CSE", :department_short_name=>"CSE", :faculty_short_name=>"FSIT", :shift=>"MORNING"}
[15-06-2022 09:37:24]: (INFO) => 171-15-1280: {:student_id=>"171-15-1280", :student_name=>"Palash Majumdar", :campus_name=>"DSC", :batch_no=>46, :program_short_name=>"B.Sc. in CSE", :department_short_name=>"CSE", :faculty_short_name=>"FSIT", :shift=>"MORNING"}
[15-06-2022 09:37:27]: (INFO) => 171-15-1281: {:student_id=>"171-15-1281", :student_name=>"Sharmin", :campus_name=>"DSC", :batch_no=>46, :program_short_name=>"B.Sc. in CSE", :department_short_name=>"CSE", :faculty_short_name=>"FSIT", :shift=>"MORNING"}
[15-06-2022 09:37:32]: (INFO) => 171-15-1282: {:student_id=>"171-15-1282", :student_name=>"Tabassum Tanha", :campus_name=>"DSC", :batch_no=>46, :program_short_name=>"B.Sc. in CSE", :department_short_name=>"CSE", :faculty_short_name=>"FSIT", :shift=>"MORNING"}
[15-06-2022 09:37:36]: (INFO) => 171-15-1283: {:student_id=>"171-15-1283", :student_name=>"Md. Atiqur Rahman Sozib", :campus_name=>"DSC", :batch_no=>46, :program_short_name=>"B.Sc. in CSE", :department_short_name=>"CSE", :faculty_short_name=>"FSIT", :shift=>"MORNING"}
[15-06-2022 09:37:41]: (INFO) => 171-15-1284: {:student_id=>"171-15-1284", :student_name=>"Md. Yeakub Hossain Munna", :campus_name=>"DSC", :batch_no=>46, :program_short_name=>"B.Sc. in CSE", :department_short_name=>"CSE", :faculty_short_name=>"FSIT", :shift=>"MORNING"}
[15-06-2022 09:37:45]: (INFO) => 171-15-1285: {:student_id=>"171-15-1285", :student_name=>"Sanzid Shanto", :campus_name=>"DSC", :batch_no=>46, :program_short_name=>"B.Sc. in CSE", :department_short_name=>"CSE", :faculty_short_name=>"FSIT", :shift=>"MORNING"}
[15-06-2022 09:37:49]: (INFO) => 171-15-1286: {:student_id=>"171-15-1286", :student_name=>"Md. Mizanur Rahman Masuk", :campus_name=>"DSC", :batch_no=>46, :program_short_name=>"B.Sc. in CSE", :department_short_name=>"CSE", :faculty_short_name=>"FSIT", :shift=>"MORNING"}
[15-06-2022 09:37:53]: (INFO) => 171-15-1287: {:student_id=>"171-15-1287", :student_name=>"S M Shahriar", :campus_name=>"DSC", :batch_no=>46, :program_short_name=>"B.Sc. in CSE", :department_short_name=>"CSE", :faculty_short_name=>"FSIT", :shift=>"MORNING"}
[15-06-2022 09:37:58]: (INFO) => 171-15-1288: {:student_id=>"171-15-1288", :student_name=>"Md. Al-Amin Islam", :campus_name=>"DSC", :batch_no=>46, :program_short_name=>"B.Sc. in CSE", :department_short_name=>"CSE", :faculty_short_name=>"FSIT", :shift=>"MORNING"}
[15-06-2022 09:38:03]: (INFO) => 171-15-1289: {:student_id=>"171-15-1289", :student_name=>"Anika Afrin Asha", :campus_name=>"DSC", :batch_no=>46, :program_short_name=>"B.Sc. in CSE", :department_short_name=>"CSE", :faculty_short_name=>"FSIT", :shift=>"MORNING"}
[15-06-2022 09:38:07]: (INFO) => 171-15-1290: {:student_id=>"171-15-1290", :student_name=>"Md. Shajeeb Miah", :campus_name=>"DSC", :batch_no=>46, :program_short_name=>"B.Sc. in CSE", :department_short_name=>"CSE", :faculty_short_name=>"FSIT", :shift=>"MORNING"}
[15-06-2022 09:38:11]: (INFO) => 171-15-1291: {:student_id=>"171-15-1291", :student_name=>"Khan Ehsanul Hoque", :campus_name=>"DSC", :batch_no=>46, :program_short_name=>"B.Sc. in CSE", :department_short_name=>"CSE", :faculty_short_name=>"FSIT", :shift=>"MORNING"}
[15-06-2022 09:38:14]: (INFO) => 171-15-1292: {:student_id=>"171-15-1292", :student_name=>"Md. Ahosan Habib", :campus_name=>"DSC", :batch_no=>46, :program_short_name=>"B.Sc. in CSE", :department_short_name=>"CSE", :faculty_short_name=>"FSIT", :shift=>"MORNING"}
[15-06-2022 09:38:19]: (INFO) => 171-15-1293: {:student_id=>"171-15-1293", :student_name=>"Md. Jahidul Islam", :campus_name=>"DSC", :batch_no=>46, :program_short_name=>"B.Sc. in CSE", :department_short_name=>"CSE", :faculty_short_name=>"FSIT", :shift=>"MORNING"}
[15-06-2022 09:38:22]: (INFO) => 171-15-1294: {:student_id=>"171-15-1294", :student_name=>"Minhaz Uddin Emon", :campus_name=>"DSC", :batch_no=>46, :program_short_name=>"B.Sc. in CSE", :department_short_name=>"CSE", :faculty_short_name=>"FSIT", :shift=>"MORNING"}
[15-06-2022 09:38:27]: (INFO) => 171-15-1295: {:student_id=>"171-15-1295", :student_name=>"Muntasir Rahman Arnab", :campus_name=>"DSC", :batch_no=>46, :program_short_name=>"B.Sc. in CSE", :department_short_name=>"CSE", :faculty_short_name=>"FSIT", :shift=>"MORNING"}
[15-06-2022 09:38:31]: (INFO) => 171-15-1296: {:student_id=>"171-15-1296", :student_name=>"Rabiul Islam", :campus_name=>"DSC", :batch_no=>46, :program_short_name=>"B.Sc. in CSE", :department_short_name=>"CSE", :faculty_short_name=>"FSIT", :shift=>"MORNING"}
[15-06-2022 09:38:35]: (INFO) => 171-15-1297: {:student_id=>"171-15-1297", :student_name=>"Mahbubur Rahman Tusher", :campus_name=>"DSC", :batch_no=>46, :program_short_name=>"B.Sc. in CSE", :department_short_name=>"CSE", :faculty_short_name=>"FSIT", :shift=>"MORNING"}
[15-06-2022 09:38:38]: (INFO) => 171-15-1298: {:student_id=>"171-15-1298", :student_name=>"Prashanto Ghosh Joy", :campus_name=>"DSC", :batch_no=>46, :program_short_name=>"B.Sc. in CSE", :department_short_name=>"CSE", :faculty_short_name=>"FSIT", :shift=>"MORNING"}
[15-06-2022 09:38:42]: (INFO) => 171-15-1299: {:student_id=>"171-15-1299", :student_name=>"Md. Shahadat Hossain Saad", :campus_name=>"DSC", :batch_no=>46, :program_short_name=>"B.Sc. in CSE", :department_short_name=>"CSE", :faculty_short_name=>"FSIT", :shift=>"MORNING"}
[15-06-2022 09:38:46]: (INFO) => 171-15-1300: {:student_id=>"171-15-1300", :student_name=>"Emon Kumar Das", :campus_name=>"DSC", :batch_no=>46, :program_short_name=>"B.Sc. in CSE", :department_short_name=>"CSE", :faculty_short_name=>"FSIT", :shift=>"MORNING"}
[15-06-2022 09:38:50]: (INFO) => 171-15-1301: {:student_id=>"171-15-1301", :student_name=>"Md. Rony Ahmed", :campus_name=>"DSC", :batch_no=>46, :program_short_name=>"B.Sc. in CSE", :department_short_name=>"CSE", :faculty_short_name=>"FSIT", :shift=>"MORNING"}
[15-06-2022 09:38:54]: (INFO) => 171-15-1302: {:student_id=>"171-15-1302", :student_name=>"Md. Safiul Islam", :campus_name=>"DSC", :batch_no=>46, :program_short_name=>"B.Sc. in CSE", :department_short_name=>"CSE", :faculty_short_name=>"FSIT", :shift=>"MORNING"}
[15-06-2022 09:38:58]: (INFO) => 171-15-1303: {:student_id=>"171-15-1303", :student_name=>"Md. Redowan Ahmed Hridoy", :campus_name=>"DSC", :batch_no=>46, :program_short_name=>"B.Sc. in CSE", :department_short_name=>"CSE", :faculty_short_name=>"FSIT", :shift=>"MORNING"}
[15-06-2022 09:39:02]: (INFO) => 171-15-1304: {:student_id=>"171-15-1304", :student_name=>"Mohibul Islam", :campus_name=>"DSC", :batch_no=>46, :program_short_name=>"B.Sc. in CSE", :department_short_name=>"CSE", :faculty_short_name=>"FSIT", :shift=>"MORNING"}
[15-06-2022 09:39:07]: (INFO) => 171-15-1305: {:student_id=>"171-15-1305", :student_name=>"Jannatul Fardawsi Sumi", :campus_name=>"DSC", :batch_no=>46, :program_short_name=>"B.Sc. in CSE", :department_short_name=>"CSE", :faculty_short_name=>"FSIT", :shift=>"MORNING"}
[15-06-2022 09:39:11]: (INFO) => 171-15-1306: {:student_id=>"171-15-1306", :student_name=>"Md. Abdul Karim Khan", :campus_name=>"DSC", :batch_no=>46, :program_short_name=>"B.Sc. in CSE", :department_short_name=>"CSE", :faculty_short_name=>"FSIT", :shift=>"MORNING"}
[15-06-2022 09:39:15]: (INFO) => 171-15-1307: {:student_id=>"171-15-1307", :student_name=>"Md. Tanvir Hasan Anik", :campus_name=>"DSC", :batch_no=>46, :program_short_name=>"B.Sc. in CSE", :department_short_name=>"CSE", :faculty_short_name=>"FSIT", :shift=>"MORNING"}
[15-06-2022 09:39:18]: (INFO) => 171-15-1308: {:student_id=>"171-15-1308", :student_name=>"Md. Mine Uddin Sarker", :campus_name=>"DSC", :batch_no=>46, :program_short_name=>"B.Sc. in CSE", :department_short_name=>"CSE", :faculty_short_name=>"FSIT", :shift=>"MORNING"}
[15-06-2022 09:39:22]: (INFO) => 171-15-1309: {:student_id=>"171-15-1309", :student_name=>"Md. Rafiul Islam", :campus_name=>"DSC", :batch_no=>46, :program_short_name=>"B.Sc. in CSE", :department_short_name=>"CSE", :faculty_short_name=>"FSIT", :shift=>"MORNING"}
[15-06-2022 09:39:26]: (INFO) => 171-15-1310: {:student_id=>"171-15-1310", :student_name=>"Atia Sultana", :campus_name=>"DSC", :batch_no=>46, :program_short_name=>"B.Sc. in CSE", :department_short_name=>"CSE", :faculty_short_name=>"FSIT", :shift=>"EVENING"}
[15-06-2022 09:39:30]: (INFO) => 171-15-1311: {:student_id=>"171-15-1311", :student_name=>"Md. Suhel Rana", :campus_name=>"DSC", :batch_no=>46, :program_short_name=>"B.Sc. in CSE", :department_short_name=>"CSE", :faculty_short_name=>"FSIT", :shift=>"MORNING"}
[15-06-2022 09:39:34]: (INFO) => 171-15-1312: {:student_id=>"171-15-1312", :student_name=>"Mohammad Amir Hamza", :campus_name=>"DSC", :batch_no=>46, :program_short_name=>"B.Sc. in CSE", :department_short_name=>"CSE", :faculty_short_name=>"FSIT", :shift=>"MORNING"}
[15-06-2022 09:39:39]: (INFO) => 171-15-1313: {:student_id=>"171-15-1313", :student_name=>"Sharif Sarker", :campus_name=>"DSC", :batch_no=>46, :program_short_name=>"B.Sc. in CSE", :department_short_name=>"CSE", :faculty_short_name=>"FSIT", :shift=>"MORNING"}
[15-06-2022 09:39:42]: (INFO) => 171-15-1314: {:student_id=>"171-15-1314", :student_name=>"Md. Mynul Islam", :campus_name=>"DSC", :batch_no=>46, :program_short_name=>"B.Sc. in CSE", :department_short_name=>"CSE", :faculty_short_name=>"FSIT", :shift=>"MORNING"}
[15-06-2022 09:39:46]: (INFO) => 171-15-1315: {:student_id=>"171-15-1315", :student_name=>"Md. Mahmudul Hasan", :campus_name=>"DSC", :batch_no=>46, :program_short_name=>"B.Sc. in CSE", :department_short_name=>"CSE", :faculty_short_name=>"FSIT", :shift=>"MORNING"}
[15-06-2022 09:39:50]: (INFO) => 171-15-1316: {:student_id=>"171-15-1316", :student_name=>"Fakrul Islam", :campus_name=>"DSC", :batch_no=>46, :program_short_name=>"B.Sc. in CSE", :department_short_name=>"CSE", :faculty_short_name=>"FSIT", :shift=>"MORNING"}
[15-06-2022 09:39:54]: (INFO) => 171-15-1317: {:student_id=>"171-15-1317", :student_name=>"Md. Omar Faruck", :campus_name=>"DSC", :batch_no=>46, :program_short_name=>"B.Sc. in CSE", :department_short_name=>"CSE", :faculty_short_name=>"FSIT", :shift=>"MORNING"}
[15-06-2022 09:39:57]: (INFO) => 171-15-1318: {:student_id=>"171-15-1318", :student_name=>"Rakibul Hasan", :campus_name=>"DSC", :batch_no=>46, :program_short_name=>"B.Sc. in CSE", :department_short_name=>"CSE", :faculty_short_name=>"FSIT", :shift=>"MORNING"}
[15-06-2022 09:40:02]: (INFO) => 171-15-1319: {:student_id=>"171-15-1319", :student_name=>"Md. Shawon Ahammed", :campus_name=>"DSC", :batch_no=>46, :program_short_name=>"B.Sc. in CSE", :department_short_name=>"CSE", :faculty_short_name=>"FSIT", :shift=>"MORNING"}
[15-06-2022 09:40:07]: (INFO) => 171-15-1320: {:student_id=>"171-15-1320", :student_name=>"Abdur Rahman", :campus_name=>"DSC", :batch_no=>46, :program_short_name=>"B.Sc. in CSE", :department_short_name=>"CSE", :faculty_short_name=>"FSIT", :shift=>"MORNING"}
[15-06-2022 09:40:10]: (INFO) => 171-15-1321: {:student_id=>"171-15-1321", :student_name=>"Md. Ariful Islam", :campus_name=>"DSC", :batch_no=>46, :program_short_name=>"B.Sc. in CSE", :department_short_name=>"CSE", :faculty_short_name=>"FSIT", :shift=>"MORNING"}
[15-06-2022 09:40:14]: (INFO) => 171-15-1322: {:student_id=>"171-15-1322", :student_name=>"Sultan Ahmed Sojib", :campus_name=>"DSC", :batch_no=>46, :program_short_name=>"B.Sc. in CSE", :department_short_name=>"CSE", :faculty_short_name=>"FSIT", :shift=>"MORNING"}
[15-06-2022 09:40:18]: (INFO) => 171-15-1323: {:student_id=>"171-15-1323", :student_name=>"Md. Mamun Hossain", :campus_name=>"DSC", :batch_no=>46, :program_short_name=>"B.Sc. in CSE", :department_short_name=>"CSE", :faculty_short_name=>"FSIT", :shift=>"MORNING"}
[15-06-2022 09:40:22]: (INFO) => 171-15-1324: {:student_id=>"171-15-1324", :student_name=>"Ahmed Nur - A - Jalal", :campus_name=>"DSC", :batch_no=>46, :program_short_name=>"B.Sc. in CSE", :department_short_name=>"CSE", :faculty_short_name=>"FSIT", :shift=>"MORNING"}
[15-06-2022 09:40:26]: (INFO) => 171-15-1325: {:student_id=>"171-15-1325", :student_name=>"Roich Uddin", :campus_name=>"DSC", :batch_no=>46, :program_short_name=>"B.Sc. in CSE", :department_short_name=>"CSE", :faculty_short_name=>"FSIT", :shift=>"MORNING"}
[15-06-2022 09:40:30]: (INFO) => 171-15-1326: {:student_id=>"171-15-1326", :student_name=>"Rakib Hossain Riyad", :campus_name=>"DSC", :batch_no=>46, :program_short_name=>"B.Sc. in CSE", :department_short_name=>"CSE", :faculty_short_name=>"FSIT", :shift=>"MORNING"}
[15-06-2022 09:40:34]: (INFO) => 171-15-1327: {:student_id=>"171-15-1327", :student_name=>"Muhammad Tanvir Hasan", :campus_name=>"DSC", :batch_no=>46, :program_short_name=>"B.Sc. in CSE", :department_short_name=>"CSE", :faculty_short_name=>"FSIT", :shift=>"MORNING"}
[15-06-2022 09:40:38]: (INFO) => 171-15-1328: {:student_id=>"171-15-1328", :student_name=>"Mehedi Hasan", :campus_name=>"DSC", :batch_no=>46, :program_short_name=>"B.Sc. in CSE", :department_short_name=>"CSE", :faculty_short_name=>"FSIT", :shift=>"MORNING"}
[15-06-2022 09:40:42]: (INFO) => 171-15-1329: {:student_id=>"171-15-1329", :student_name=>"Amina Khatun", :campus_name=>"DSC", :batch_no=>46, :program_short_name=>"B.Sc. in CSE", :department_short_name=>"CSE", :faculty_short_name=>"FSIT", :shift=>"MORNING"}
[15-06-2022 09:40:46]: (INFO) => 171-15-1330: {:student_id=>"171-15-1330", :student_name=>"Walid Hasan", :campus_name=>"DSC", :batch_no=>46, :program_short_name=>"B.Sc. in CSE", :department_short_name=>"CSE", :faculty_short_name=>"FSIT", :shift=>"MORNING"}
[15-06-2022 09:40:46]: (INFO) => 183-15-1330: {:student_id=>"183-15-1330", :student_name=>"Md. Sakibul Islam", :campus_name=>"DSC", :batch_no=>51, :program_short_name=>"B.Sc. in CSE", :department_short_name=>"CSE", :faculty_short_name=>"FSIT", :shift=>"MORNING"}
[15-06-2022 09:40:50]: (INFO) => 171-15-1331: {:student_id=>"171-15-1331", :student_name=>"Mir Nurul Amin Wadia", :campus_name=>"DSC", :batch_no=>46, :program_short_name=>"B.Sc. in CSE", :department_short_name=>"CSE", :faculty_short_name=>"FSIT", :shift=>"MORNING"}
[15-06-2022 09:40:54]: (INFO) => 171-15-1332: {:student_id=>"171-15-1332", :student_name=>"Md. Mikail Khan", :campus_name=>"DSC", :batch_no=>46, :program_short_name=>"B.Sc. in CSE", :department_short_name=>"CSE", :faculty_short_name=>"FSIT", :shift=>"MORNING"}
[15-06-2022 09:40:57]: (INFO) => 171-15-1333: {:student_id=>"171-15-1333", :student_name=>"Shafiuddin Al Shaikat", :campus_name=>"DSC", :batch_no=>46, :program_short_name=>"B.Sc. in CSE", :department_short_name=>"CSE", :faculty_short_name=>"FSIT", :shift=>"MORNING"}
[15-06-2022 09:41:01]: (INFO) => 171-15-1334: {:student_id=>"171-15-1334", :student_name=>"Rafsanjani Himel", :campus_name=>"DSC", :batch_no=>46, :program_short_name=>"B.Sc. in CSE", :department_short_name=>"CSE", :faculty_short_name=>"FSIT", :shift=>"MORNING"}
[15-06-2022 09:41:06]: (INFO) => 171-15-1335: {:student_id=>"171-15-1335", :student_name=>"Apurbo Kumar Anup", :campus_name=>"DSC", :batch_no=>46, :program_short_name=>"B.Sc. in CSE", :department_short_name=>"CSE", :faculty_short_name=>"FSIT", :shift=>"MORNING"}
[15-06-2022 09:41:10]: (INFO) => 171-15-1336: {:student_id=>"171-15-1336", :student_name=>"Mst. Sadia Arefin Diya", :campus_name=>"DSC", :batch_no=>46, :program_short_name=>"B.Sc. in CSE", :department_short_name=>"CSE", :faculty_short_name=>"FSIT", :shift=>"MORNING"}
[15-06-2022 09:41:14]: (INFO) => 171-15-1337: {:student_id=>"171-15-1337", :student_name=>"Md. Saiful Islam", :campus_name=>"DSC", :batch_no=>46, :program_short_name=>"B.Sc. in CSE", :department_short_name=>"CSE", :faculty_short_name=>"FSIT", :shift=>"MORNING"}
[15-06-2022 09:41:18]: (INFO) => 171-15-1338: {:student_id=>"171-15-1338", :student_name=>"Md. Minhazul Arefin", :campus_name=>"DSC", :batch_no=>46, :program_short_name=>"B.Sc. in CSE", :department_short_name=>"CSE", :faculty_short_name=>"FSIT", :shift=>"MORNING"}
[15-06-2022 09:41:22]: (INFO) => 171-15-1339: {:student_id=>"171-15-1339", :student_name=>"Mst. Shumrose Sultana Shetu", :campus_name=>"DSC", :batch_no=>46, :program_short_name=>"B.Sc. in CSE", :department_short_name=>"CSE", :faculty_short_name=>"FSIT", :shift=>"MORNING"}
[15-06-2022 09:41:26]: (INFO) => 171-15-1340: {:student_id=>"171-15-1340", :student_name=>"Md. Monir Hossain Shuvo", :campus_name=>"DSC", :batch_no=>46, :program_short_name=>"B.Sc. in CSE", :department_short_name=>"CSE", :faculty_short_name=>"FSIT", :shift=>"MORNING"}
[15-06-2022 09:41:30]: (INFO) => 171-15-1341: {:student_id=>"171-15-1341", :student_name=>"Md. Shahriar Islam", :campus_name=>"DSC", :batch_no=>46, :program_short_name=>"B.Sc. in CSE", :department_short_name=>"CSE", :faculty_short_name=>"FSIT", :shift=>"MORNING"}
[15-06-2022 09:41:34]: (INFO) => 171-15-1342: {:student_id=>"171-15-1342", :student_name=>"Shourov Gharami", :campus_name=>"DSC", :batch_no=>46, :program_short_name=>"B.Sc. in CSE", :department_short_name=>"CSE", :faculty_short_name=>"FSIT", :shift=>"MORNING"}
[15-06-2022 09:41:38]: (INFO) => 171-15-1343: {:student_id=>"171-15-1343", :student_name=>"Sabbir Morsad Shuvo", :campus_name=>"DSC", :batch_no=>46, :program_short_name=>"B.Sc. in CSE", :department_short_name=>"CSE", :faculty_short_name=>"FSIT", :shift=>"MORNING"}
[15-06-2022 09:41:42]: (INFO) => 171-15-1344: {:student_id=>"171-15-1344", :student_name=>"Montasir Mahfuz Mahin", :campus_name=>"DSC", :batch_no=>46, :program_short_name=>"B.Sc. in CSE", :department_short_name=>"CSE", :faculty_short_name=>"FSIT", :shift=>"MORNING"}
[15-06-2022 09:41:46]: (INFO) => 171-15-1345: {:student_id=>"171-15-1345", :student_name=>"Nazmun Naher Jane", :campus_name=>"DSC", :batch_no=>46, :program_short_name=>"B.Sc. in CSE", :department_short_name=>"CSE", :faculty_short_name=>"FSIT", :shift=>"MORNING"}
[15-06-2022 09:41:50]: (INFO) => 171-15-1346: {:student_id=>"171-15-1346", :student_name=>"Md. Abdur rahim Akash", :campus_name=>"DSC", :batch_no=>46, :program_short_name=>"B.Sc. in CSE", :department_short_name=>"CSE", :faculty_short_name=>"FSIT", :shift=>"MORNING"}
[15-06-2022 09:41:54]: (INFO) => 171-15-1347: {:student_id=>"171-15-1347", :student_name=>"Md. Rahimul Islam", :campus_name=>"DSC", :batch_no=>46, :program_short_name=>"B.Sc. in CSE", :department_short_name=>"CSE", :faculty_short_name=>"FSIT", :shift=>"MORNING"}
[15-06-2022 09:41:58]: (INFO) => 171-15-1348: {:student_id=>"171-15-1348", :student_name=>"Istiaqe Ahmed Khan", :campus_name=>"DSC", :batch_no=>46, :program_short_name=>"B.Sc. in CSE", :department_short_name=>"CSE", :faculty_short_name=>"FSIT", :shift=>"MORNING"}
[15-06-2022 09:42:01]: (INFO) => 171-15-1349: {:student_id=>"171-15-1349", :student_name=>"Mehedi Hasan Dipu", :campus_name=>"DSC", :batch_no=>46, :program_short_name=>"B.Sc. in CSE", :department_short_name=>"CSE", :faculty_short_name=>"FSIT", :shift=>"MORNING"}
[15-06-2022 09:42:04]: (INFO) => 171-15-1350: {:student_id=>"171-15-1350", :student_name=>"Md. Maruf Hassan", :campus_name=>"DSC", :batch_no=>46, :program_short_name=>"B.Sc. in CSE", :department_short_name=>"CSE", :faculty_short_name=>"FSIT", :shift=>"MORNING"}
[15-06-2022 09:42:09]: (INFO) => 171-15-1351: {:student_id=>"171-15-1351", :student_name=>"Nazmus Sakib Siam", :campus_name=>"DSC", :batch_no=>46, :program_short_name=>"B.Sc. in CSE", :department_short_name=>"CSE", :faculty_short_name=>"FSIT", :shift=>"MORNING"}
[15-06-2022 09:42:13]: (INFO) => 171-15-1352: {:student_id=>"171-15-1352", :student_name=>"Arzo Shrestho Pinku", :campus_name=>"DSC", :batch_no=>46, :program_short_name=>"B.Sc. in CSE", :department_short_name=>"CSE", :faculty_short_name=>"FSIT", :shift=>"MORNING"}
[15-06-2022 09:42:17]: (INFO) => 171-15-1353: {:student_id=>"171-15-1353", :student_name=>"Md. Faridul Islam Suny", :campus_name=>"DSC", :batch_no=>46, :program_short_name=>"B.Sc. in CSE", :department_short_name=>"CSE", :faculty_short_name=>"FSIT", :shift=>"MORNING"}
[15-06-2022 09:42:20]: (INFO) => 171-15-1354: {:student_id=>"171-15-1354", :student_name=>"Eimdadul Haque Moon", :campus_name=>"DSC", :batch_no=>46, :program_short_name=>"B.Sc. in CSE", :department_short_name=>"CSE", :faculty_short_name=>"FSIT", :shift=>"MORNING"}
[15-06-2022 09:42:24]: (INFO) => 171-15-1355: {:student_id=>"171-15-1355", :student_name=>"Baratul Momen Pranta", :campus_name=>"DSC", :batch_no=>46, :program_short_name=>"B.Sc. in CSE", :department_short_name=>"CSE", :faculty_short_name=>"FSIT", :shift=>"MORNING"}
[15-06-2022 09:42:28]: (INFO) => 171-15-1356: {:student_id=>"171-15-1356", :student_name=>"Md. Jahid Hasan", :campus_name=>"DSC", :batch_no=>46, :program_short_name=>"B.Sc. in CSE", :department_short_name=>"CSE", :faculty_short_name=>"FSIT", :shift=>"MORNING"}
[15-06-2022 09:42:32]: (INFO) => 171-15-1357: {:student_id=>"171-15-1357", :student_name=>"Jahidul Islam", :campus_name=>"DSC", :batch_no=>46, :program_short_name=>"B.Sc. in CSE", :department_short_name=>"CSE", :faculty_short_name=>"FSIT", :shift=>"MORNING"}
[15-06-2022 09:42:35]: (INFO) => 171-15-1358: {:student_id=>"171-15-1358", :student_name=>"Md. Mahbubul Hasan", :campus_name=>"DSC", :batch_no=>46, :program_short_name=>"B.Sc. in CSE", :department_short_name=>"CSE", :faculty_short_name=>"FSIT", :shift=>"MORNING"}
[15-06-2022 09:42:39]: (INFO) => 171-15-1359: {:student_id=>"171-15-1359", :student_name=>"Md. Shahal Bin Rashid", :campus_name=>"DSC", :batch_no=>46, :program_short_name=>"B.Sc. in CSE", :department_short_name=>"CSE", :faculty_short_name=>"FSIT", :shift=>"MORNING"}
[15-06-2022 09:42:43]: (INFO) => 171-15-1360: {:student_id=>"171-15-1360", :student_name=>"Md. Hosna Mobarok", :campus_name=>"DSC", :batch_no=>46, :program_short_name=>"B.Sc. in CSE", :department_short_name=>"CSE", :faculty_short_name=>"FSIT", :shift=>"MORNING"}
[15-06-2022 09:42:47]: (INFO) => 171-15-1361: {:student_id=>"171-15-1361", :student_name=>"Rupak Bairagi", :campus_name=>"DSC", :batch_no=>46, :program_short_name=>"B.Sc. in CSE", :department_short_name=>"CSE", :faculty_short_name=>"FSIT", :shift=>"MORNING"}
[15-06-2022 09:42:50]: (INFO) => 171-15-1362: {:student_id=>"171-15-1362", :student_name=>"Nahid Biswas", :campus_name=>"DSC", :batch_no=>46, :program_short_name=>"B.Sc. in CSE", :department_short_name=>"CSE", :faculty_short_name=>"FSIT", :shift=>"MORNING"}
[15-06-2022 09:42:54]: (INFO) => 171-15-1363: {:student_id=>"171-15-1363", :student_name=>"Farjana Akter Shuborna", :campus_name=>"DSC", :batch_no=>46, :program_short_name=>"B.Sc. in CSE", :department_short_name=>"CSE", :faculty_short_name=>"FSIT", :shift=>"MORNING"}
[15-06-2022 09:42:58]: (INFO) => 171-15-1364: {:student_id=>"171-15-1364", :student_name=>"M.Saeid Hasan Ovi", :campus_name=>"DSC", :batch_no=>46, :program_short_name=>"B.Sc. in CSE", :department_short_name=>"CSE", :faculty_short_name=>"FSIT", :shift=>"MORNING"}
[15-06-2022 09:43:02]: (INFO) => 171-15-1365: {:student_id=>"171-15-1365", :student_name=>"Afia Ibnat", :campus_name=>"DSC", :batch_no=>46, :program_short_name=>"B.Sc. in CSE", :department_short_name=>"CSE", :faculty_short_name=>"FSIT", :shift=>"MORNING"}
[15-06-2022 09:43:07]: (INFO) => 171-15-1366: {:student_id=>"171-15-1366", :student_name=>"Nayeem U Zaman Hridoy", :campus_name=>"DSC", :batch_no=>46, :program_short_name=>"B.Sc. in CSE", :department_short_name=>"CSE", :faculty_short_name=>"FSIT", :shift=>"MORNING"}
[15-06-2022 09:43:12]: (INFO) => 171-15-1367: {:student_id=>"171-15-1367", :student_name=>"Muhammad Shahnewaz", :campus_name=>"DSC", :batch_no=>46, :program_short_name=>"B.Sc. in CSE", :department_short_name=>"CSE", :faculty_short_name=>"FSIT", :shift=>"MORNING"}
[15-06-2022 09:43:16]: (INFO) => 171-15-1368: {:student_id=>"171-15-1368", :student_name=>"Md. Hafiz Uddin", :campus_name=>"DSC", :batch_no=>46, :program_short_name=>"B.Sc. in CSE", :department_short_name=>"CSE", :faculty_short_name=>"FSIT", :shift=>"MORNING"}
[15-06-2022 09:43:20]: (INFO) => 171-15-1369: {:student_id=>"171-15-1369", :student_name=>"Sujon Ahmed", :campus_name=>"DSC", :batch_no=>46, :program_short_name=>"B.Sc. in CSE", :department_short_name=>"CSE", :faculty_short_name=>"FSIT", :shift=>"MORNING"}
[15-06-2022 09:43:25]: (INFO) => 171-15-1370: {:student_id=>"171-15-1370", :student_name=>"Md. Masud Rana", :campus_name=>"DSC", :batch_no=>46, :program_short_name=>"B.Sc. in CSE", :department_short_name=>"CSE", :faculty_short_name=>"FSIT", :shift=>"MORNING"}
[15-06-2022 09:43:29]: (INFO) => 171-15-1371: {:student_id=>"171-15-1371", :student_name=>"Md. Rabiul Islam", :campus_name=>"DSC", :batch_no=>46, :program_short_name=>"B.Sc. in CSE", :department_short_name=>"CSE", :faculty_short_name=>"FSIT", :shift=>"MORNING"}
[15-06-2022 09:43:34]: (INFO) => 171-15-1372: {:student_id=>"171-15-1372", :student_name=>"Md. Shafayet Hossain", :campus_name=>"DSC", :batch_no=>46, :program_short_name=>"B.Sc. in CSE", :department_short_name=>"CSE", :faculty_short_name=>"FSIT", :shift=>"MORNING"}
[15-06-2022 09:43:39]: (INFO) => 171-15-1373: {:student_id=>"171-15-1373", :student_name=>"Tanvir Taher Pranta", :campus_name=>"DSC", :batch_no=>46, :program_short_name=>"B.Sc. in CSE", :department_short_name=>"CSE", :faculty_short_name=>"FSIT", :shift=>"MORNING"}
[15-06-2022 09:43:42]: (INFO) => 171-15-1374: {:student_id=>"171-15-1374", :student_name=>"Mir Noshin Tasnim", :campus_name=>"DSC", :batch_no=>46, :program_short_name=>"B.Sc. in CSE", :department_short_name=>"CSE", :faculty_short_name=>"FSIT", :shift=>"MORNING"}
[15-06-2022 09:43:47]: (INFO) => 171-15-1375: {:student_id=>"171-15-1375", :student_name=>"Khirul Islam", :campus_name=>"DSC", :batch_no=>46, :program_short_name=>"B.Sc. in CSE", :department_short_name=>"CSE", :faculty_short_name=>"FSIT", :shift=>"MORNING"}
[15-06-2022 09:43:51]: (INFO) => 171-15-1376: {:student_id=>"171-15-1376", :student_name=>"Sabiha Jannat Anni", :campus_name=>"DSC", :batch_no=>46, :program_short_name=>"B.Sc. in CSE", :department_short_name=>"CSE", :faculty_short_name=>"FSIT", :shift=>"MORNING"}
[15-06-2022 09:43:54]: (INFO) => 171-15-1377: {:student_id=>"171-15-1377", :student_name=>"Sazzad Bin Jafor", :campus_name=>"DSC", :batch_no=>46, :program_short_name=>"B.Sc. in CSE", :department_short_name=>"CSE", :faculty_short_name=>"FSIT", :shift=>"MORNING"}
[15-06-2022 09:43:58]: (INFO) => 171-15-1378: {:student_id=>"171-15-1378", :student_name=>"Md. Jubayer Hoque Akib", :campus_name=>"DSC", :batch_no=>46, :program_short_name=>"B.Sc. in CSE", :department_short_name=>"CSE", :faculty_short_name=>"FSIT", :shift=>"MORNING"}
[15-06-2022 09:44:02]: (INFO) => 171-15-1379: {:student_id=>"171-15-1379", :student_name=>"Md. Zabir Hossain", :campus_name=>"DSC", :batch_no=>46, :program_short_name=>"B.Sc. in CSE", :department_short_name=>"CSE", :faculty_short_name=>"FSIT", :shift=>"MORNING"}
[15-06-2022 09:44:05]: (INFO) => 171-15-1380: {:student_id=>"171-15-1380", :student_name=>"Azizul Islam", :campus_name=>"DSC", :batch_no=>46, :program_short_name=>"B.Sc. in CSE", :department_short_name=>"CSE", :faculty_short_name=>"FSIT", :shift=>"MORNING"}
[15-06-2022 09:44:09]: (INFO) => 171-15-1381: {:student_id=>"171-15-1381", :student_name=>"Zahura Zaman", :campus_name=>"DSC", :batch_no=>46, :program_short_name=>"B.Sc. in CSE", :department_short_name=>"CSE", :faculty_short_name=>"FSIT", :shift=>"MORNING"}
[15-06-2022 09:44:13]: (INFO) => 171-15-1382: {:student_id=>"171-15-1382", :student_name=>"Md. Monjurur Roshid", :campus_name=>"DSC", :batch_no=>46, :program_short_name=>"B.Sc. in CSE", :department_short_name=>"CSE", :faculty_short_name=>"FSIT", :shift=>"MORNING"}
[15-06-2022 09:44:17]: (INFO) => 171-15-1383: {:student_id=>"171-15-1383", :student_name=>"Emu Ahmed", :campus_name=>"DSC", :batch_no=>46, :program_short_name=>"B.Sc. in CSE", :department_short_name=>"CSE", :faculty_short_name=>"FSIT", :shift=>"MORNING"}
[15-06-2022 09:44:21]: (INFO) => 171-15-1384: {:student_id=>"171-15-1384", :student_name=>"Md.Mehedi Hasan", :campus_name=>"DSC", :batch_no=>46, :program_short_name=>"B.Sc. in CSE", :department_short_name=>"CSE", :faculty_short_name=>"FSIT", :shift=>"MORNING"}
[15-06-2022 09:44:25]: (INFO) => 171-15-1385: {:student_id=>"171-15-1385", :student_name=>"Dhiman Roy", :campus_name=>"DSC", :batch_no=>46, :program_short_name=>"B.Sc. in CSE", :department_short_name=>"CSE", :faculty_short_name=>"FSIT", :shift=>"MORNING"}
[15-06-2022 09:44:30]: (INFO) => 171-15-1386: {:student_id=>"171-15-1386", :student_name=>"Md. Minhajul Abedin", :campus_name=>"DSC", :batch_no=>46, :program_short_name=>"B.Sc. in CSE", :department_short_name=>"CSE", :faculty_short_name=>"FSIT", :shift=>"MORNING"}
[15-06-2022 09:44:34]: (INFO) => 171-15-1387: {:student_id=>"171-15-1387", :student_name=>"Md. Al Amin", :campus_name=>"DSC", :batch_no=>46, :program_short_name=>"B.Sc. in CSE", :department_short_name=>"CSE", :faculty_short_name=>"FSIT", :shift=>"MORNING"}
[15-06-2022 09:44:38]: (INFO) => 171-15-1388: {:student_id=>"171-15-1388", :student_name=>"Sohag Miah", :campus_name=>"DSC", :batch_no=>46, :program_short_name=>"B.Sc. in CSE", :department_short_name=>"CSE", :faculty_short_name=>"FSIT", :shift=>"MORNING"}
[15-06-2022 09:44:43]: (INFO) => 171-15-1389: {:student_id=>"171-15-1389", :student_name=>"Ikhtiar Uddin Ahmmed Rabin", :campus_name=>"DSC", :batch_no=>46, :program_short_name=>"B.Sc. in CSE", :department_short_name=>"CSE", :faculty_short_name=>"FSIT", :shift=>"MORNING"}
[15-06-2022 09:44:46]: (INFO) => 171-15-1390: {:student_id=>"171-15-1390", :student_name=>"Mahe Alam Mishuk", :campus_name=>"DSC", :batch_no=>46, :program_short_name=>"B.Sc. in CSE", :department_short_name=>"CSE", :faculty_short_name=>"FSIT", :shift=>"MORNING"}
[15-06-2022 09:44:50]: (INFO) => 171-15-1391: {:student_id=>"171-15-1391", :student_name=>"Romana Rashid", :campus_name=>"DSC", :batch_no=>46, :program_short_name=>"B.Sc. in CSE", :department_short_name=>"CSE", :faculty_short_name=>"FSIT", :shift=>"MORNING"}
[15-06-2022 09:44:53]: (INFO) => 171-15-1392: {:student_id=>"171-15-1392", :student_name=>"Fatematuz Johra", :campus_name=>"DSC", :batch_no=>46, :program_short_name=>"B.Sc. in CSE", :department_short_name=>"CSE", :faculty_short_name=>"FSIT", :shift=>"MORNING"}
[15-06-2022 09:44:57]: (INFO) => 171-15-1393: {:student_id=>"171-15-1393", :student_name=>"Debdiptta Chakraborty", :campus_name=>"DSC", :batch_no=>46, :program_short_name=>"B.Sc. in CSE", :department_short_name=>"CSE", :faculty_short_name=>"FSIT", :shift=>"MORNING"}
[15-06-2022 09:45:00]: (INFO) => 171-15-1394: {:student_id=>"171-15-1394", :student_name=>"Md. Hamidul Hasan", :campus_name=>"DSC", :batch_no=>46, :program_short_name=>"B.Sc. in CSE", :department_short_name=>"CSE", :faculty_short_name=>"FSIT", :shift=>"MORNING"}
[15-06-2022 09:45:04]: (INFO) => 171-15-1395: {:student_id=>"171-15-1395", :student_name=>"Md. Shafiqul Islam", :campus_name=>"DSC", :batch_no=>46, :program_short_name=>"B.Sc. in CSE", :department_short_name=>"CSE", :faculty_short_name=>"FSIT", :shift=>"EVENING"}
[15-06-2022 09:45:08]: (INFO) => 171-15-1396: {:student_id=>"171-15-1396", :student_name=>"Pronab Biswas ", :campus_name=>"DSC", :batch_no=>46, :program_short_name=>"B.Sc. in CSE", :department_short_name=>"CSE", :faculty_short_name=>"FSIT", :shift=>"MORNING"}
[15-06-2022 09:45:11]: (INFO) => 171-15-1397: {:student_id=>"171-15-1397", :student_name=>"Md. Ahsan Habib", :campus_name=>"DSC", :batch_no=>46, :program_short_name=>"B.Sc. in CSE", :department_short_name=>"CSE", :faculty_short_name=>"FSIT", :shift=>"MORNING"}
[15-06-2022 09:45:16]: (INFO) => 171-15-1398: {:student_id=>"171-15-1398", :student_name=>"Partho Sharothi Das", :campus_name=>"DSC", :batch_no=>46, :program_short_name=>"B.Sc. in CSE", :department_short_name=>"CSE", :faculty_short_name=>"FSIT", :shift=>"MORNING"}
[15-06-2022 09:45:20]: (INFO) => 171-15-1399: {:student_id=>"171-15-1399", :student_name=>"Mohammad Najmul Hassan", :campus_name=>"DSC", :batch_no=>46, :program_short_name=>"B.Sc. in CSE", :department_short_name=>"CSE", :faculty_short_name=>"FSIT", :shift=>"MORNING"}
[15-06-2022 09:45:23]: (INFO) => 171-15-1400: {:student_id=>"171-15-1400", :student_name=>"Md. Hasibul Hassan", :campus_name=>"DSC", :batch_no=>46, :program_short_name=>"B.Sc. in CSE", :department_short_name=>"CSE", :faculty_short_name=>"FSIT", :shift=>"MORNING"}
[15-06-2022 09:45:28]: (INFO) => 171-15-1401: {:student_id=>"171-15-1401", :student_name=>"Shafikul Islam", :campus_name=>"DSC", :batch_no=>46, :program_short_name=>"B.Sc. in CSE", :department_short_name=>"CSE", :faculty_short_name=>"FSIT", :shift=>"MORNING"}
[15-06-2022 09:45:32]: (INFO) => 171-15-1402: {:student_id=>"171-15-1402", :student_name=>"Mahmudul Hassan Fuad", :campus_name=>"DSC", :batch_no=>46, :program_short_name=>"B.Sc. in CSE", :department_short_name=>"CSE", :faculty_short_name=>"FSIT", :shift=>"MORNING"}
[15-06-2022 09:45:36]: (INFO) => 171-15-1403: {:student_id=>"171-15-1403", :student_name=>"Jonayet Ahmed Shakil", :campus_name=>"DSC", :batch_no=>46, :program_short_name=>"B.Sc. in CSE", :department_short_name=>"CSE", :faculty_short_name=>"FSIT", :shift=>"MORNING"}
[15-06-2022 09:45:39]: (INFO) => 171-15-1404: {:student_id=>"171-15-1404", :student_name=>"Md. Kamrul Monir", :campus_name=>"DSC", :batch_no=>46, :program_short_name=>"B.Sc. in CSE", :department_short_name=>"CSE", :faculty_short_name=>"FSIT", :shift=>"MORNING"}
[15-06-2022 09:45:44]: (INFO) => 171-15-1405: {:student_id=>"171-15-1405", :student_name=>"Nusrat Jahan", :campus_name=>"DSC", :batch_no=>46, :program_short_name=>"B.Sc. in CSE", :department_short_name=>"CSE", :faculty_short_name=>"FSIT", :shift=>"MORNING"}
[15-06-2022 09:45:48]: (INFO) => 171-15-1406: {:student_id=>"171-15-1406", :student_name=>"MD. Atikur Rahman", :campus_name=>"DSC", :batch_no=>46, :program_short_name=>"B.Sc. in CSE", :department_short_name=>"CSE", :faculty_short_name=>"FSIT", :shift=>"MORNING"}
[15-06-2022 09:45:53]: (INFO) => 171-15-1407: {:student_id=>"171-15-1407", :student_name=>"Md. Arafatul Alam", :campus_name=>"DSC", :batch_no=>46, :program_short_name=>"B.Sc. in CSE", :department_short_name=>"CSE", :faculty_short_name=>"FSIT", :shift=>"MORNING"}
[15-06-2022 09:45:57]: (INFO) => 171-15-1408: {:student_id=>"171-15-1408", :student_name=>"Md. Abdul Halim", :campus_name=>"DSC", :batch_no=>46, :program_short_name=>"B.Sc. in CSE", :department_short_name=>"CSE", :faculty_short_name=>"FSIT", :shift=>"MORNING"}
[15-06-2022 09:46:01]: (INFO) => 171-15-1409: {:student_id=>"171-15-1409", :student_name=>"Hachibur Rahaman", :campus_name=>"DSC", :batch_no=>46, :program_short_name=>"B.Sc. in CSE", :department_short_name=>"CSE", :faculty_short_name=>"FSIT", :shift=>"MORNING"}
[15-06-2022 09:46:06]: (INFO) => 171-15-1410: {:student_id=>"171-15-1410", :student_name=>"Piya Akter", :campus_name=>"DSC", :batch_no=>46, :program_short_name=>"B.Sc. in CSE", :department_short_name=>"CSE", :faculty_short_name=>"FSIT", :shift=>"MORNING"}
[15-06-2022 09:46:11]: (INFO) => 171-15-1411: {:student_id=>"171-15-1411", :student_name=>"Tasfia Tabassum", :campus_name=>"DSC", :batch_no=>46, :program_short_name=>"B.Sc. in CSE", :department_short_name=>"CSE", :faculty_short_name=>"FSIT", :shift=>"MORNING"}
[15-06-2022 09:46:14]: (INFO) => 171-15-1412: {:student_id=>"171-15-1412", :student_name=>"Md. Fahad Baksi", :campus_name=>"DSC", :batch_no=>46, :program_short_name=>"B.Sc. in CSE", :department_short_name=>"CSE", :faculty_short_name=>"FSIT", :shift=>"MORNING"}
[15-06-2022 09:46:18]: (INFO) => 171-15-1413: {:student_id=>"171-15-1413", :student_name=>"Robin Mia", :campus_name=>"DSC", :batch_no=>46, :program_short_name=>"B.Sc. in CSE", :department_short_name=>"CSE", :faculty_short_name=>"FSIT", :shift=>"MORNING"}
[15-06-2022 09:46:23]: (INFO) => 171-15-1414: {:student_id=>"171-15-1414", :student_name=>"Md. Jahidur Rahman", :campus_name=>"DSC", :batch_no=>46, :program_short_name=>"B.Sc. in CSE", :department_short_name=>"CSE", :faculty_short_name=>"FSIT", :shift=>"MORNING"}
[15-06-2022 09:46:28]: (INFO) => 171-15-1415: {:student_id=>"171-15-1415", :student_name=>"Md. Asif Ali ", :campus_name=>"DSC", :batch_no=>46, :program_short_name=>"B.Sc. in CSE", :department_short_name=>"CSE", :faculty_short_name=>"FSIT", :shift=>"MORNING"}
[15-06-2022 09:46:32]: (INFO) => 171-15-1416: {:student_id=>"171-15-1416", :student_name=>"Protik Halder", :campus_name=>"DSC", :batch_no=>46, :program_short_name=>"B.Sc. in CSE", :department_short_name=>"CSE", :faculty_short_name=>"FSIT", :shift=>"MORNING"}
[15-06-2022 09:46:36]: (INFO) => 171-15-1417: {:student_id=>"171-15-1417", :student_name=>"Pranto Debnath", :campus_name=>"DSC", :batch_no=>46, :program_short_name=>"B.Sc. in CSE", :department_short_name=>"CSE", :faculty_short_name=>"FSIT", :shift=>"MORNING"}
[15-06-2022 09:46:40]: (INFO) => 171-15-1418: {:student_id=>"171-15-1418", :student_name=>"Md. Najmus Sakib", :campus_name=>"DSC", :batch_no=>46, :program_short_name=>"B.Sc. in CSE", :department_short_name=>"CSE", :faculty_short_name=>"FSIT", :shift=>"MORNING"}
[15-06-2022 09:46:45]: (INFO) => 171-15-1419: {:student_id=>"171-15-1419", :student_name=>"Rasel Uddin Babu", :campus_name=>"DSC", :batch_no=>46, :program_short_name=>"B.Sc. in CSE", :department_short_name=>"CSE", :faculty_short_name=>"FSIT", :shift=>"MORNING"}
[15-06-2022 09:46:49]: (INFO) => 171-15-1420: {:student_id=>"171-15-1420", :student_name=>"Zahid Hasan", :campus_name=>"DSC", :batch_no=>46, :program_short_name=>"B.Sc. in CSE", :department_short_name=>"CSE", :faculty_short_name=>"FSIT", :shift=>"MORNING"}
[15-06-2022 09:46:53]: (INFO) => 171-15-1421: {:student_id=>"171-15-1421", :student_name=>"Md. Ahosan Habib", :campus_name=>"DSC", :batch_no=>46, :program_short_name=>"B.Sc. in CSE", :department_short_name=>"CSE", :faculty_short_name=>"FSIT", :shift=>"MORNING"}
[15-06-2022 09:46:57]: (INFO) => 171-15-1422: {:student_id=>"171-15-1422", :student_name=>"Rezwan Ahmed Siam", :campus_name=>"DSC", :batch_no=>46, :program_short_name=>"B.Sc. in CSE", :department_short_name=>"CSE", :faculty_short_name=>"FSIT", :shift=>"MORNING"}
[15-06-2022 09:47:01]: (INFO) => 171-15-1423: {:student_id=>"171-15-1423", :student_name=>"Md. Injamul Hoque", :campus_name=>"DSC", :batch_no=>46, :program_short_name=>"B.Sc. in CSE", :department_short_name=>"CSE", :faculty_short_name=>"FSIT", :shift=>"MORNING"}
[15-06-2022 09:47:06]: (INFO) => 171-15-1424: {:student_id=>"171-15-1424", :student_name=>"Sajan Robidas", :campus_name=>"DSC", :batch_no=>46, :program_short_name=>"B.Sc. in CSE", :department_short_name=>"CSE", :faculty_short_name=>"FSIT", :shift=>"MORNING"}
[15-06-2022 09:47:10]: (INFO) => 171-15-1425: {:student_id=>"171-15-1425", :student_name=>"Mazharul Islam Bhuiyan", :campus_name=>"DSC", :batch_no=>46, :program_short_name=>"B.Sc. in CSE", :department_short_name=>"CSE", :faculty_short_name=>"FSIT", :shift=>"MORNING"}
[15-06-2022 09:47:14]: (INFO) => 171-15-1426: {:student_id=>"171-15-1426", :student_name=>"Md. Kowser Ahmed", :campus_name=>"DSC", :batch_no=>46, :program_short_name=>"B.Sc. in CSE", :department_short_name=>"CSE", :faculty_short_name=>"FSIT", :shift=>"MORNING"}
[15-06-2022 09:47:18]: (INFO) => 171-15-1427: {:student_id=>"171-15-1427", :student_name=>"Md. Rabbi", :campus_name=>"DSC", :batch_no=>46, :program_short_name=>"B.Sc. in CSE", :department_short_name=>"CSE", :faculty_short_name=>"FSIT", :shift=>"MORNING"}
[15-06-2022 09:47:21]: (INFO) => 171-15-1428: {:student_id=>"171-15-1428", :student_name=>"Md. Ariful Islam", :campus_name=>"DSC", :batch_no=>46, :program_short_name=>"B.Sc. in CSE", :department_short_name=>"CSE", :faculty_short_name=>"FSIT", :shift=>"MORNING"}
[15-06-2022 09:47:26]: (INFO) => 171-15-1429: {:student_id=>"171-15-1429", :student_name=>"Amir Farhad", :campus_name=>"DSC", :batch_no=>46, :program_short_name=>"B.Sc. in CSE", :department_short_name=>"CSE", :faculty_short_name=>"FSIT", :shift=>"MORNING"}
[15-06-2022 09:47:29]: (INFO) => 171-15-1430: {:student_id=>"171-15-1430", :student_name=>"Nahid Hasan Lipu", :campus_name=>"DSC", :batch_no=>46, :program_short_name=>"B.Sc. in CSE", :department_short_name=>"CSE", :faculty_short_name=>"FSIT", :shift=>"MORNING"}
[15-06-2022 09:47:33]: (INFO) => 171-15-1431: {:student_id=>"171-15-1431", :student_name=>"Md. Sajib Hossen", :campus_name=>"DSC", :batch_no=>46, :program_short_name=>"B.Sc. in CSE", :department_short_name=>"CSE", :faculty_short_name=>"FSIT", :shift=>"MORNING"}
[15-06-2022 09:47:37]: (INFO) => 171-15-1432: {:student_id=>"171-15-1432", :student_name=>"Mansura Akter Mim", :campus_name=>"DSC", :batch_no=>46, :program_short_name=>"B.Sc. in CSE", :department_short_name=>"CSE", :faculty_short_name=>"FSIT", :shift=>"MORNING"}
[15-06-2022 09:47:41]: (INFO) => 171-15-1433: {:student_id=>"171-15-1433", :student_name=>"Md.Mehedi Hasan Ashik", :campus_name=>"DSC", :batch_no=>46, :program_short_name=>"B.Sc. in CSE", :department_short_name=>"CSE", :faculty_short_name=>"FSIT", :shift=>"MORNING"}
[15-06-2022 09:47:45]: (INFO) => 171-15-1434: {:student_id=>"171-15-1434", :student_name=>"Md. Mohian Mustafa Dipta", :campus_name=>"DSC", :batch_no=>46, :program_short_name=>"B.Sc. in CSE", :department_short_name=>"CSE", :faculty_short_name=>"FSIT", :shift=>"MORNING"}
[15-06-2022 09:47:49]: (INFO) => 171-15-1435: {:student_id=>"171-15-1435", :student_name=>"Pappu Hosen", :campus_name=>"DSC", :batch_no=>46, :program_short_name=>"B.Sc. in CSE", :department_short_name=>"CSE", :faculty_short_name=>"FSIT", :shift=>"MORNING"}
[15-06-2022 09:47:53]: (INFO) => 171-15-1436: {:student_id=>"171-15-1436", :student_name=>"Sulaiman Bin Masud", :campus_name=>"DSC", :batch_no=>46, :program_short_name=>"B.Sc. in CSE", :department_short_name=>"CSE", :faculty_short_name=>"FSIT", :shift=>"MORNING"}
[15-06-2022 09:47:56]: (INFO) => 171-15-1437: {:student_id=>"171-15-1437", :student_name=>"Sohan Perveg Pantho", :campus_name=>"DSC", :batch_no=>46, :program_short_name=>"B.Sc. in CSE", :department_short_name=>"CSE", :faculty_short_name=>"FSIT", :shift=>"MORNING"}
[15-06-2022 09:48:00]: (INFO) => 171-15-1438: {:student_id=>"171-15-1438", :student_name=>"Rejoan Pervej", :campus_name=>"DSC", :batch_no=>46, :program_short_name=>"B.Sc. in CSE", :department_short_name=>"CSE", :faculty_short_name=>"FSIT", :shift=>"MORNING"}
[15-06-2022 09:48:05]: (INFO) => 171-15-1439: {:student_id=>"171-15-1439", :student_name=>"Md. Ashik Reza", :campus_name=>"DSC", :batch_no=>46, :program_short_name=>"B.Sc. in CSE", :department_short_name=>"CSE", :faculty_short_name=>"FSIT", :shift=>"MORNING"}
[15-06-2022 09:48:09]: (INFO) => 171-15-1440: {:student_id=>"171-15-1440", :student_name=>"Imdadul Haque", :campus_name=>"DSC", :batch_no=>46, :program_short_name=>"B.Sc. in CSE", :department_short_name=>"CSE", :faculty_short_name=>"FSIT", :shift=>"MORNING"}
[15-06-2022 09:48:13]: (INFO) => 171-15-1441: {:student_id=>"171-15-1441", :student_name=>"Rifat Bin Rabiul", :campus_name=>"DSC", :batch_no=>46, :program_short_name=>"B.Sc. in CSE", :department_short_name=>"CSE", :faculty_short_name=>"FSIT", :shift=>"MORNING"}
[15-06-2022 09:48:17]: (INFO) => 171-15-1442: {:student_id=>"171-15-1442", :student_name=>"Sadia Ahmed Keya", :campus_name=>"DSC", :batch_no=>46, :program_short_name=>"B.Sc. in CSE", :department_short_name=>"CSE", :faculty_short_name=>"FSIT", :shift=>"MORNING"}
[15-06-2022 09:48:22]: (INFO) => 171-15-1443: {:student_id=>"171-15-1443", :student_name=>"Md. Nasir Uddin", :campus_name=>"DSC", :batch_no=>46, :program_short_name=>"B.Sc. in CSE", :department_short_name=>"CSE", :faculty_short_name=>"FSIT", :shift=>"MORNING"}
[15-06-2022 09:48:25]: (INFO) => 171-15-1444: {:student_id=>"171-15-1444", :student_name=>"Md Rakibul Hasan Rakib", :campus_name=>"DSC", :batch_no=>46, :program_short_name=>"B.Sc. in CSE", :department_short_name=>"CSE", :faculty_short_name=>"FSIT", :shift=>"MORNING"}
[15-06-2022 09:48:29]: (INFO) => 171-15-1445: {:student_id=>"171-15-1445", :student_name=>"Abu Shyed Hemel", :campus_name=>"DSC", :batch_no=>46, :program_short_name=>"B.Sc. in CSE", :department_short_name=>"CSE", :faculty_short_name=>"FSIT", :shift=>"MORNING"}
[15-06-2022 09:48:33]: (INFO) => 171-15-1446: {:student_id=>"171-15-1446", :student_name=>"Khalid Hassan Emran", :campus_name=>"DSC", :batch_no=>46, :program_short_name=>"B.Sc. in CSE", :department_short_name=>"CSE", :faculty_short_name=>"FSIT", :shift=>"MORNING"}
[15-06-2022 09:48:38]: (INFO) => 171-15-1447: {:student_id=>"171-15-1447", :student_name=>"Md.Jannati Nime", :campus_name=>"DSC", :batch_no=>46, :program_short_name=>"B.Sc. in CSE", :department_short_name=>"CSE", :faculty_short_name=>"FSIT", :shift=>"MORNING"}
[15-06-2022 09:48:44]: (INFO) => 171-15-1448: {:student_id=>"171-15-1448", :student_name=>"Subrata Chandra Bir", :campus_name=>"DSC", :batch_no=>46, :program_short_name=>"B.Sc. in CSE", :department_short_name=>"CSE", :faculty_short_name=>"FSIT", :shift=>"MORNING"}
[15-06-2022 09:48:49]: (INFO) => 171-15-1449: {:student_id=>"171-15-1449", :student_name=>"Shoyeb Hossain", :campus_name=>"DSC", :batch_no=>46, :program_short_name=>"B.Sc. in CSE", :department_short_name=>"CSE", :faculty_short_name=>"FSIT", :shift=>"MORNING"}
[15-06-2022 09:48:55]: (INFO) => 171-15-1450: {:student_id=>"171-15-1450", :student_name=>"Md. Maruf Hosen", :campus_name=>"DSC", :batch_no=>46, :program_short_name=>"B.Sc. in CSE", :department_short_name=>"CSE", :faculty_short_name=>"FSIT", :shift=>"MORNING"}
[15-06-2022 09:49:00]: (INFO) => 171-15-1451: {:student_id=>"171-15-1451", :student_name=>"Md. Jahidul Islam", :campus_name=>"DSC", :batch_no=>46, :program_short_name=>"B.Sc. in CSE", :department_short_name=>"CSE", :faculty_short_name=>"FSIT", :shift=>"MORNING"}
[15-06-2022 09:49:04]: (INFO) => 171-15-1452: {:student_id=>"171-15-1452", :student_name=>"Md. Mizanur Rahaman", :campus_name=>"DSC", :batch_no=>46, :program_short_name=>"B.Sc. in CSE", :department_short_name=>"CSE", :faculty_short_name=>"FSIT", :shift=>"MORNING"}
[15-06-2022 09:49:08]: (INFO) => 171-15-1453: {:student_id=>"171-15-1453", :student_name=>"Tufayel Ahmed", :campus_name=>"DSC", :batch_no=>46, :program_short_name=>"B.Sc. in CSE", :department_short_name=>"CSE", :faculty_short_name=>"FSIT", :shift=>"MORNING"}
[15-06-2022 09:49:12]: (INFO) => 171-15-1454: {:student_id=>"171-15-1454", :student_name=>"Al Shahriar", :campus_name=>"DSC", :batch_no=>46, :program_short_name=>"B.Sc. in CSE", :department_short_name=>"CSE", :faculty_short_name=>"FSIT", :shift=>"MORNING"}
[15-06-2022 09:49:18]: (INFO) => 171-15-1455: {:student_id=>"171-15-1455", :student_name=>"Al - Imran Khan", :campus_name=>"DSC", :batch_no=>46, :program_short_name=>"B.Sc. in CSE", :department_short_name=>"CSE", :faculty_short_name=>"FSIT", :shift=>"MORNING"}
[15-06-2022 09:49:22]: (INFO) => 171-15-1456: {:student_id=>"171-15-1456", :student_name=>"Md. Mostafizur Rahman", :campus_name=>"DSC", :batch_no=>46, :program_short_name=>"B.Sc. in CSE", :department_short_name=>"CSE", :faculty_short_name=>"FSIT", :shift=>"MORNING"}
[15-06-2022 09:49:27]: (INFO) => 171-15-1457: {:student_id=>"171-15-1457", :student_name=>"Mozibor Rahman", :campus_name=>"DSC", :batch_no=>46, :program_short_name=>"B.Sc. in CSE", :department_short_name=>"CSE", :faculty_short_name=>"FSIT", :shift=>"MORNING"}
[15-06-2022 09:49:32]: (INFO) => 171-15-1458: {:student_id=>"171-15-1458", :student_name=>"Md. Firoj Alam", :campus_name=>"DSC", :batch_no=>46, :program_short_name=>"B.Sc. in CSE", :department_short_name=>"CSE", :faculty_short_name=>"FSIT", :shift=>"MORNING"}
[15-06-2022 09:49:36]: (INFO) => 171-15-1459: {:student_id=>"171-15-1459", :student_name=>"Pigus Kanti", :campus_name=>"DSC", :batch_no=>46, :program_short_name=>"B.Sc. in CSE", :department_short_name=>"CSE", :faculty_short_name=>"FSIT", :shift=>"MORNING"}
[15-06-2022 09:49:40]: (INFO) => 171-15-1460: {:student_id=>"171-15-1460", :student_name=>"Dipok Biswas", :campus_name=>"DSC", :batch_no=>46, :program_short_name=>"B.Sc. in CSE", :department_short_name=>"CSE", :faculty_short_name=>"FSIT", :shift=>"MORNING"}
[15-06-2022 09:49:43]: (INFO) => 171-15-1461: {:student_id=>"171-15-1461", :student_name=>"S. R. Sakib-Ahmod", :campus_name=>"DSC", :batch_no=>46, :program_short_name=>"B.Sc. in CSE", :department_short_name=>"CSE", :faculty_short_name=>"FSIT", :shift=>"MORNING"}
[15-06-2022 09:49:47]: (INFO) => 171-15-1462: {:student_id=>"171-15-1462", :student_name=>"Anayet Sarker", :campus_name=>"DSC", :batch_no=>46, :program_short_name=>"B.Sc. in CSE", :department_short_name=>"CSE", :faculty_short_name=>"FSIT", :shift=>"MORNING"}
[15-06-2022 09:49:51]: (INFO) => 171-15-1463: {:student_id=>"171-15-1463", :student_name=>"Md. Nur Amin Sifat", :campus_name=>"DSC", :batch_no=>46, :program_short_name=>"B.Sc. in CSE", :department_short_name=>"CSE", :faculty_short_name=>"FSIT", :shift=>"MORNING"}
[15-06-2022 09:49:56]: (INFO) => 171-15-1464: {:student_id=>"171-15-1464", :student_name=>"Md. Shahadat. Hossain", :campus_name=>"DSC", :batch_no=>46, :program_short_name=>"B.Sc. in CSE", :department_short_name=>"CSE", :faculty_short_name=>"FSIT", :shift=>"MORNING"}
[15-06-2022 09:49:59]: (INFO) => 171-15-1465: {:student_id=>"171-15-1465", :student_name=>"Md. Rifat Hossain", :campus_name=>"DSC", :batch_no=>46, :program_short_name=>"B.Sc. in CSE", :department_short_name=>"CSE", :faculty_short_name=>"FSIT", :shift=>"MORNING"}
[15-06-2022 09:50:03]: (INFO) => 171-15-1466: {:student_id=>"171-15-1466", :student_name=>"Shapnil Islam Khan", :campus_name=>"DSC", :batch_no=>46, :program_short_name=>"B.Sc. in CSE", :department_short_name=>"CSE", :faculty_short_name=>"FSIT", :shift=>"MORNING"}
[15-06-2022 09:50:07]: (INFO) => 171-15-1467: {:student_id=>"171-15-1467", :student_name=>"Mohammad Nazmul Hoshen Nayeem", :campus_name=>"DSC", :batch_no=>46, :program_short_name=>"B.Sc. in CSE", :department_short_name=>"CSE", :faculty_short_name=>"FSIT", :shift=>"MORNING"}
[15-06-2022 09:50:11]: (INFO) => 171-15-1468: {:student_id=>"171-15-1468", :student_name=>"Laila Sultana Rumi", :campus_name=>"DSC", :batch_no=>46, :program_short_name=>"B.Sc. in CSE", :department_short_name=>"CSE", :faculty_short_name=>"FSIT", :shift=>"MORNING"}
[15-06-2022 09:50:14]: (INFO) => 171-15-1469: {:student_id=>"171-15-1469", :student_name=>"Aysha Akter Kobita", :campus_name=>"DSC", :batch_no=>46, :program_short_name=>"B.Sc. in CSE", :department_short_name=>"CSE", :faculty_short_name=>"FSIT", :shift=>"MORNING"}
[15-06-2022 09:50:18]: (INFO) => 171-15-1470: {:student_id=>"171-15-1470", :student_name=>"Md. Sadiqur Rahman", :campus_name=>"DSC", :batch_no=>46, :program_short_name=>"B.Sc. in CSE", :department_short_name=>"CSE", :faculty_short_name=>"FSIT", :shift=>"MORNING"}
[15-06-2022 09:50:21]: (INFO) => 171-15-1471: {:student_id=>"171-15-1471", :student_name=>"Md Habibur Rahman", :campus_name=>"DSC", :batch_no=>46, :program_short_name=>"B.Sc. in CSE", :department_short_name=>"CSE", :faculty_short_name=>"FSIT", :shift=>"MORNING"}
[15-06-2022 09:50:25]: (INFO) => 171-15-1472: {:student_id=>"171-15-1472", :student_name=>"Milon Mahato", :campus_name=>"DSC", :batch_no=>46, :program_short_name=>"B.Sc. in CSE", :department_short_name=>"CSE", :faculty_short_name=>"FSIT", :shift=>"MORNING"}
[15-06-2022 09:50:29]: (INFO) => 171-15-1473: {:student_id=>"171-15-1473", :student_name=>"Rafib Mahmud Talukder Rafi", :campus_name=>"DSC", :batch_no=>46, :program_short_name=>"B.Sc. in CSE", :department_short_name=>"CSE", :faculty_short_name=>"FSIT", :shift=>"MORNING"}
[15-06-2022 09:50:33]: (INFO) => 171-15-1474: {:student_id=>"171-15-1474", :student_name=>"Md. Abdul Hasib", :campus_name=>"DSC", :batch_no=>46, :program_short_name=>"B.Sc. in CSE", :department_short_name=>"CSE", :faculty_short_name=>"FSIT", :shift=>"MORNING"}
[15-06-2022 09:50:37]: (INFO) => 171-15-1475: {:student_id=>"171-15-1475", :student_name=>"Fatema Akter Sultana", :campus_name=>"DSC", :batch_no=>46, :program_short_name=>"B.Sc. in CSE", :department_short_name=>"CSE", :faculty_short_name=>"FSIT", :shift=>"MORNING"}
[15-06-2022 09:50:39]: (INFO) => 213-15-1475: {:student_id=>"213-15-1475", :student_name=>"SAJIB SHAIK", :campus_name=>"DSC", :batch_no=>60, :program_short_name=>"B.Sc. in CSE", :department_short_name=>"CSE", :faculty_short_name=>"FSIT", :shift=>"EVENING"}
[15-06-2022 09:50:41]: (INFO) => 171-15-1476: {:student_id=>"171-15-1476", :student_name=>"Md. Sabiqul Islam", :campus_name=>"DSC", :batch_no=>46, :program_short_name=>"B.Sc. in CSE", :department_short_name=>"CSE", :faculty_short_name=>"FSIT", :shift=>"MORNING"}
[15-06-2022 09:50:44]: (INFO) => 171-15-1477: {:student_id=>"171-15-1477", :student_name=>"Liton Hossain", :campus_name=>"DSC", :batch_no=>46, :program_short_name=>"B.Sc. in CSE", :department_short_name=>"CSE", :faculty_short_name=>"FSIT", :shift=>"MORNING"}
[15-06-2022 09:50:48]: (INFO) => 171-15-1478: {:student_id=>"171-15-1478", :student_name=>"Sadia. Afrin. Tisha", :campus_name=>"DSC", :batch_no=>46, :program_short_name=>"B.Sc. in CSE", :department_short_name=>"CSE", :faculty_short_name=>"FSIT", :shift=>"MORNING"}
[15-06-2022 09:50:52]: (INFO) => 171-15-1479: {:student_id=>"171-15-1479", :student_name=>"Md. Khalid  Bin Walid", :campus_name=>"DSC", :batch_no=>46, :program_short_name=>"B.Sc. in CSE", :department_short_name=>"CSE", :faculty_short_name=>"FSIT", :shift=>"MORNING"}
[15-06-2022 09:50:55]: (INFO) => 171-15-1480: {:student_id=>"171-15-1480", :student_name=>"Mohammad Farhan", :campus_name=>"DSC", :batch_no=>46, :program_short_name=>"B.Sc. in CSE", :department_short_name=>"CSE", :faculty_short_name=>"FSIT", :shift=>"MORNING"}
[15-06-2022 09:50:59]: (INFO) => 171-15-1481: {:student_id=>"171-15-1481", :student_name=>"Shantonu Prodhan", :campus_name=>"DSC", :batch_no=>46, :program_short_name=>"B.Sc. in CSE", :department_short_name=>"CSE", :faculty_short_name=>"FSIT", :shift=>"MORNING"}
[15-06-2022 09:51:02]: (INFO) => 171-15-1482: {:student_id=>"171-15-1482", :student_name=>"Md. Mahmudur Rhaman Khan", :campus_name=>"DSC", :batch_no=>46, :program_short_name=>"B.Sc. in CSE", :department_short_name=>"CSE", :faculty_short_name=>"FSIT", :shift=>"MORNING"}
[15-06-2022 09:51:05]: (INFO) => 171-15-1483: {:student_id=>"171-15-1483", :student_name=>"Fahim Al Imran", :campus_name=>"DSC", :batch_no=>46, :program_short_name=>"B.Sc. in CSE", :department_short_name=>"CSE", :faculty_short_name=>"FSIT", :shift=>"MORNING"}
[15-06-2022 09:51:09]: (INFO) => 171-15-1484: {:student_id=>"171-15-1484", :student_name=>"Muhammad Shamsojjaman", :campus_name=>"DSC", :batch_no=>46, :program_short_name=>"B.Sc. in CSE", :department_short_name=>"CSE", :faculty_short_name=>"FSIT", :shift=>"MORNING"}
[15-06-2022 09:51:12]: (INFO) => 171-15-1485: {:student_id=>"171-15-1485", :student_name=>"Md. Ridoy Badsha", :campus_name=>"DSC", :batch_no=>46, :program_short_name=>"B.Sc. in CSE", :department_short_name=>"CSE", :faculty_short_name=>"FSIT", :shift=>"MORNING"}
[15-06-2022 09:51:15]: (INFO) => 171-15-1486: {:student_id=>"171-15-1486", :student_name=>"Md. Abdullah All Mim", :campus_name=>"DSC", :batch_no=>46, :program_short_name=>"B.Sc. in CSE", :department_short_name=>"CSE", :faculty_short_name=>"FSIT", :shift=>"MORNING"}
[15-06-2022 09:51:19]: (INFO) => 171-15-1487: {:student_id=>"171-15-1487", :student_name=>"Md. Nazmul Hassan", :campus_name=>"DSC", :batch_no=>46, :program_short_name=>"B.Sc. in CSE", :department_short_name=>"CSE", :faculty_short_name=>"FSIT", :shift=>"MORNING"}
[15-06-2022 09:51:23]: (INFO) => 171-15-1488: {:student_id=>"171-15-1488", :student_name=>"Remon Ahmed", :campus_name=>"DSC", :batch_no=>46, :program_short_name=>"B.Sc. in CSE", :department_short_name=>"CSE", :faculty_short_name=>"FSIT", :shift=>"MORNING"}
[15-06-2022 09:51:26]: (INFO) => 171-15-1489: {:student_id=>"171-15-1489", :student_name=>"Md. Emran Hossain", :campus_name=>"DSC", :batch_no=>46, :program_short_name=>"B.Sc. in CSE", :department_short_name=>"CSE", :faculty_short_name=>"FSIT", :shift=>"MORNING"}
[15-06-2022 09:51:30]: (INFO) => 171-15-1490: {:student_id=>"171-15-1490", :student_name=>"Md. Mahadi Hasan", :campus_name=>"DSC", :batch_no=>46, :program_short_name=>"B.Sc. in CSE", :department_short_name=>"CSE", :faculty_short_name=>"FSIT", :shift=>"MORNING"}
[15-06-2022 09:51:33]: (INFO) => 171-15-1491: {:student_id=>"171-15-1491", :student_name=>"Rabeya Sultana Ruma", :campus_name=>"DSC", :batch_no=>46, :program_short_name=>"B.Sc. in CSE", :department_short_name=>"CSE", :faculty_short_name=>"FSIT", :shift=>"MORNING"}
[15-06-2022 09:51:37]: (INFO) => 171-15-1492: {:student_id=>"171-15-1492", :student_name=>"Md. Tanvir Morshalin shafin", :campus_name=>"DSC", :batch_no=>46, :program_short_name=>"B.Sc. in CSE", :department_short_name=>"CSE", :faculty_short_name=>"FSIT", :shift=>"MORNING"}
[15-06-2022 09:51:40]: (INFO) => 171-15-1493: {:student_id=>"171-15-1493", :student_name=>"Rahat Rhidoy", :campus_name=>"DSC", :batch_no=>46, :program_short_name=>"B.Sc. in CSE", :department_short_name=>"CSE", :faculty_short_name=>"FSIT", :shift=>"MORNING"}
[15-06-2022 09:51:44]: (INFO) => 171-15-1494: {:student_id=>"171-15-1494", :student_name=>"G.M. Masud Rana", :campus_name=>"DSC", :batch_no=>46, :program_short_name=>"B.Sc. in CSE", :department_short_name=>"CSE", :faculty_short_name=>"FSIT", :shift=>"MORNING"}
[15-06-2022 09:51:47]: (INFO) => 171-15-1495: {:student_id=>"171-15-1495", :student_name=>"Ashik Al Amin", :campus_name=>"DSC", :batch_no=>46, :program_short_name=>"B.Sc. in CSE", :department_short_name=>"CSE", :faculty_short_name=>"FSIT", :shift=>"MORNING"}
[15-06-2022 09:51:51]: (INFO) => 171-15-1496: {:student_id=>"171-15-1496", :student_name=>"Md Tanvir Islam", :campus_name=>"DSC", :batch_no=>46, :program_short_name=>"B.Sc. in CSE", :department_short_name=>"CSE", :faculty_short_name=>"FSIT", :shift=>"MORNING"}
[15-06-2022 09:51:55]: (INFO) => 171-15-1497: {:student_id=>"171-15-1497", :student_name=>"Md. Shaon Mahmud Hannan", :campus_name=>"DSC", :batch_no=>46, :program_short_name=>"B.Sc. in CSE", :department_short_name=>"CSE", :faculty_short_name=>"FSIT", :shift=>"EVENING"}
[15-06-2022 09:51:58]: (INFO) => 171-15-1498: {:student_id=>"171-15-1498", :student_name=>"Abdullah Al Sharif", :campus_name=>"DSC", :batch_no=>46, :program_short_name=>"B.Sc. in CSE", :department_short_name=>"CSE", :faculty_short_name=>"FSIT", :shift=>"MORNING"}
