# Logfile created on 2022-06-16 09:52:06 +0600 by logger.rb/v1.4.2
[16-06-2022 09:52:07]: (INFO) => 142-15-4185: {:student_id=>"142-15-4185", :student_name=>"Sohag Mazumder", :campus_name=>"City Campus", :batch_no=>38, :program_short_name=>"B.Sc. in CSE", :department_short_name=>"CSE", :faculty_short_name=>"FSIT", :shift=>"EVENING"}
[16-06-2022 09:52:19]: (INFO) => 212-15-4185: {:student_id=>"212-15-4185", :student_name=>"Auvick Chandra Bhowmik", :campus_name=>"DSC", :batch_no=>59, :program_short_name=>"B.Sc. in CSE", :department_short_name=>"CSE", :faculty_short_name=>"FSIT", :shift=>"MORNING"}
[16-06-2022 09:52:23]: (INFO) => 142-15-4186: {:student_id=>"142-15-4186", :student_name=>"Syed Maniruzzaman", :campus_name=>"City Campus", :batch_no=>38, :program_short_name=>"B.Sc. in CSE", :department_short_name=>"CSE", :faculty_short_name=>"FSIT", :shift=>"EVENING"}
[16-06-2022 09:52:37]: (INFO) => 212-15-4186: {:student_id=>"212-15-4186", :student_name=>"Md. Mohaimin", :campus_name=>"DSC", :batch_no=>59, :program_short_name=>"B.Sc. in CSE", :department_short_name=>"CSE", :faculty_short_name=>"FSIT", :shift=>"EVENING"}
[16-06-2022 09:52:40]: (INFO) => 142-15-4187: {:student_id=>"142-15-4187", :student_name=>"Md Shafiqul Islam", :campus_name=>"City Campus", :batch_no=>38, :program_short_name=>"B.Sc. in CSE", :department_short_name=>"CSE", :faculty_short_name=>"FSIT", :shift=>"EVENING"}
[16-06-2022 09:52:51]: (INFO) => 212-15-4187: {:student_id=>"212-15-4187", :student_name=>"MD. BURHAN UDDIN RABBI", :campus_name=>"DSC", :batch_no=>59, :program_short_name=>"B.Sc. in CSE", :department_short_name=>"CSE", :faculty_short_name=>"FSIT", :shift=>"MORNING"}
[16-06-2022 09:52:54]: (INFO) => 142-15-4188: {:student_id=>"142-15-4188", :student_name=>"Bappi Majumdar", :campus_name=>"City Campus", :batch_no=>38, :program_short_name=>"B.Sc. in CSE", :department_short_name=>"CSE", :faculty_short_name=>"FSIT", :shift=>"EVENING"}
[16-06-2022 09:53:14]: (INFO) => 212-15-4188: {:student_id=>"212-15-4188", :student_name=>"Amrin Haque", :campus_name=>"DSC", :batch_no=>59, :program_short_name=>"B.Sc. in CSE", :department_short_name=>"CSE", :faculty_short_name=>"FSIT", :shift=>"MORNING"}
[16-06-2022 09:53:18]: (INFO) => 142-15-4189: {:student_id=>"142-15-4189", :student_name=>"Md. Ariful Islam", :campus_name=>"City Campus", :batch_no=>38, :program_short_name=>"B.Sc. in CSE", :department_short_name=>"CSE", :faculty_short_name=>"FSIT", :shift=>"EVENING"}
[16-06-2022 09:53:35]: (INFO) => 212-15-4189: {:student_id=>"212-15-4189", :student_name=>"Sajid Shahriar Khan", :campus_name=>"DSC", :batch_no=>59, :program_short_name=>"B.Sc. in CSE", :department_short_name=>"CSE", :faculty_short_name=>"FSIT", :shift=>"MORNING"}
[16-06-2022 09:53:39]: (INFO) => 142-15-4190: {:student_id=>"142-15-4190", :student_name=>"Harun Or Rashid", :campus_name=>"City Campus", :batch_no=>38, :program_short_name=>"B.Sc. in CSE", :department_short_name=>"CSE", :faculty_short_name=>"FSIT", :shift=>"EVENING"}
[16-06-2022 09:53:59]: (INFO) => 212-15-4190: {:student_id=>"212-15-4190", :student_name=>"Arup Biswas", :campus_name=>"DSC", :batch_no=>59, :program_short_name=>"B.Sc. in CSE", :department_short_name=>"CSE", :faculty_short_name=>"FSIT", :shift=>"MORNING"}
[16-06-2022 09:54:02]: (INFO) => 142-15-4191: {:student_id=>"142-15-4191", :student_name=>"Md. Bodiar Rahman", :campus_name=>"City Campus", :batch_no=>38, :program_short_name=>"B.Sc. in CSE", :department_short_name=>"CSE", :faculty_short_name=>"FSIT", :shift=>"EVENING"}
[16-06-2022 09:54:16]: (INFO) => 212-15-4191: {:student_id=>"212-15-4191", :student_name=>"Mohammad Al Faied", :campus_name=>"DSC", :batch_no=>59, :program_short_name=>"B.Sc. in CSE", :department_short_name=>"CSE", :faculty_short_name=>"FSIT", :shift=>"MORNING"}
[16-06-2022 09:54:20]: (INFO) => 142-15-4192: {:student_id=>"142-15-4192", :student_name=>"Md. Shujone  Meya", :campus_name=>"City Campus", :batch_no=>38, :program_short_name=>"B.Sc. in CSE", :department_short_name=>"CSE", :faculty_short_name=>"FSIT", :shift=>"EVENING"}
[16-06-2022 09:54:33]: (INFO) => 212-15-4192: {:student_id=>"212-15-4192", :student_name=>"FATEMA TUJJAHURA", :campus_name=>"DSC", :batch_no=>59, :program_short_name=>"B.Sc. in CSE", :department_short_name=>"CSE", :faculty_short_name=>"FSIT", :shift=>"EVENING"}
[16-06-2022 09:54:37]: (INFO) => 142-15-4193: {:student_id=>"142-15-4193", :student_name=>"Md. Ashraful Islam Rokon", :campus_name=>"City Campus", :batch_no=>38, :program_short_name=>"B.Sc. in CSE", :department_short_name=>"CSE", :faculty_short_name=>"FSIT", :shift=>"EVENING"}
[16-06-2022 09:55:00]: (INFO) => 212-15-4193: {:student_id=>"212-15-4193", :student_name=>"Md. Hosne Mobarak", :campus_name=>"DSC", :batch_no=>59, :program_short_name=>"B.Sc. in CSE", :department_short_name=>"CSE", :faculty_short_name=>"FSIT", :shift=>"MORNING"}
[16-06-2022 09:55:05]: (INFO) => 142-15-4194: {:student_id=>"142-15-4194", :student_name=>"Md. Omar Jahid Mianzi", :campus_name=>"City Campus", :batch_no=>38, :program_short_name=>"B.Sc. in CSE", :department_short_name=>"CSE", :faculty_short_name=>"FSIT", :shift=>"EVENING"}
[16-06-2022 09:55:35]: (INFO) => 212-15-4194: {:student_id=>"212-15-4194", :student_name=>"MOSAIDUR RAHMAN ASIF", :campus_name=>"DSC", :batch_no=>59, :program_short_name=>"B.Sc. in CSE", :department_short_name=>"CSE", :faculty_short_name=>"FSIT", :shift=>"MORNING"}
[16-06-2022 09:55:39]: (INFO) => 142-15-4195: {:student_id=>"142-15-4195", :student_name=>"Tapati Rani", :campus_name=>"City Campus", :batch_no=>38, :program_short_name=>"B.Sc. in CSE", :department_short_name=>"CSE", :faculty_short_name=>"FSIT", :shift=>"EVENING"}
[16-06-2022 09:56:04]: (INFO) => 212-15-4195: {:student_id=>"212-15-4195", :student_name=>"Abu Naeem Sarker", :campus_name=>"DSC", :batch_no=>59, :program_short_name=>"B.Sc. in CSE", :department_short_name=>"CSE", :faculty_short_name=>"FSIT", :shift=>"MORNING"}
[16-06-2022 09:56:13]: (INFO) => 142-15-4196: {:student_id=>"142-15-4196", :student_name=>"Tarequl Amin", :campus_name=>"City Campus", :batch_no=>38, :program_short_name=>"B.Sc. in CSE", :department_short_name=>"CSE", :faculty_short_name=>"FSIT", :shift=>"EVENING"}
[16-06-2022 09:56:33]: (INFO) => 212-15-4196: {:student_id=>"212-15-4196", :student_name=>"Shahnur Islam Bishal", :campus_name=>"DSC", :batch_no=>59, :program_short_name=>"B.Sc. in CSE", :department_short_name=>"CSE", :faculty_short_name=>"FSIT", :shift=>"MORNING"}
[16-06-2022 09:56:39]: (INFO) => 142-15-4197: {:student_id=>"142-15-4197", :student_name=>"Mst. Tanjina Naher", :campus_name=>"City Campus", :batch_no=>38, :program_short_name=>"B.Sc. in CSE", :department_short_name=>"CSE", :faculty_short_name=>"FSIT", :shift=>"EVENING"}
[16-06-2022 09:57:12]: (INFO) => 212-15-4197: {:student_id=>"212-15-4197", :student_name=>"ROKEYA  AHSAN  JERIN", :campus_name=>"DSC", :batch_no=>59, :program_short_name=>"B.Sc. in CSE", :department_short_name=>"CSE", :faculty_short_name=>"FSIT", :shift=>"MORNING"}
[16-06-2022 09:57:18]: (INFO) => 142-15-4198: {:student_id=>"142-15-4198", :student_name=>"Md. Mizanur Rahman", :campus_name=>"City Campus", :batch_no=>38, :program_short_name=>"B.Sc. in CSE", :department_short_name=>"CSE", :faculty_short_name=>"FSIT", :shift=>"EVENING"}
[16-06-2022 09:57:45]: (INFO) => 212-15-4198: {:student_id=>"212-15-4198", :student_name=>"Swagato Mondal", :campus_name=>"DSC", :batch_no=>59, :program_short_name=>"B.Sc. in CSE", :department_short_name=>"CSE", :faculty_short_name=>"FSIT", :shift=>"MORNING"}
[16-06-2022 09:57:57]: (INFO) => 142-15-4199: {:student_id=>"142-15-4199", :student_name=>"Md. Sharfuddin", :campus_name=>"City Campus", :batch_no=>38, :program_short_name=>"B.Sc. in CSE", :department_short_name=>"CSE", :faculty_short_name=>"FSIT", :shift=>"EVENING"}
[16-06-2022 09:58:24]: (INFO) => 212-15-4199: {:student_id=>"212-15-4199", :student_name=>"Rubaiat Hasan Anik", :campus_name=>"DSC", :batch_no=>59, :program_short_name=>"B.Sc. in CSE", :department_short_name=>"CSE", :faculty_short_name=>"FSIT", :shift=>"MORNING"}
[16-06-2022 09:58:40]: (INFO) => 142-15-4200: {:student_id=>"142-15-4200", :student_name=>"Md. Sablu Hossain", :campus_name=>"City Campus", :batch_no=>38, :program_short_name=>"B.Sc. in CSE", :department_short_name=>"CSE", :faculty_short_name=>"FSIT", :shift=>"EVENING"}
[16-06-2022 09:58:59]: (INFO) => 212-15-4200: {:student_id=>"212-15-4200", :student_name=>"HOSNEARA SULTANA AKHI", :campus_name=>"DSC", :batch_no=>59, :program_short_name=>"B.Sc. in CSE", :department_short_name=>"CSE", :faculty_short_name=>"FSIT", :shift=>"MORNING"}
[16-06-2022 09:59:03]: (INFO) => 142-15-4201: {:student_id=>"142-15-4201", :student_name=>"Md. Saiful Islam", :campus_name=>"City Campus", :batch_no=>38, :program_short_name=>"B.Sc. in CSE", :department_short_name=>"CSE", :faculty_short_name=>"FSIT", :shift=>"EVENING"}
[16-06-2022 09:59:42]: (INFO) => 212-15-4201: {:student_id=>"212-15-4201", :student_name=>"MD. ZANNATUN NAIME NISSAN", :campus_name=>"DSC", :batch_no=>59, :program_short_name=>"B.Sc. in CSE", :department_short_name=>"CSE", :faculty_short_name=>"FSIT", :shift=>"MORNING"}
[16-06-2022 09:59:47]: (INFO) => 142-15-4202: {:student_id=>"142-15-4202", :student_name=>"Shafiqul Islam", :campus_name=>"City Campus", :batch_no=>38, :program_short_name=>"B.Sc. in CSE", :department_short_name=>"CSE", :faculty_short_name=>"FSIT", :shift=>"MORNING"}
[16-06-2022 10:00:15]: (INFO) => 212-15-4202: {:student_id=>"212-15-4202", :student_name=>"MD. SUJON ISLAM", :campus_name=>"DSC", :batch_no=>59, :program_short_name=>"B.Sc. in CSE", :department_short_name=>"CSE", :faculty_short_name=>"FSIT", :shift=>"MORNING"}
[16-06-2022 10:00:20]: (INFO) => 142-15-4203: {:student_id=>"142-15-4203", :student_name=>"Md. Tanveer Hasan", :campus_name=>"City Campus", :batch_no=>38, :program_short_name=>"B.Sc. in CSE", :department_short_name=>"CSE", :faculty_short_name=>"FSIT", :shift=>"EVENING"}
[16-06-2022 10:00:55]: (INFO) => 212-15-4203: {:student_id=>"212-15-4203", :student_name=>"Syeda Mohmima ", :campus_name=>"DSC", :batch_no=>59, :program_short_name=>"B.Sc. in CSE", :department_short_name=>"CSE", :faculty_short_name=>"FSIT", :shift=>"MORNING"}
[16-06-2022 10:01:04]: (INFO) => 142-15-4204: {:student_id=>"142-15-4204", :student_name=>"Joeayriah Jahan", :campus_name=>"City Campus", :batch_no=>38, :program_short_name=>"B.Sc. in CSE", :department_short_name=>"CSE", :faculty_short_name=>"FSIT", :shift=>"EVENING"}
[16-06-2022 10:01:21]: (INFO) => 212-15-4204: {:student_id=>"212-15-4204", :student_name=>"Khandaker Rezoanul Haque ", :campus_name=>"DSC", :batch_no=>59, :program_short_name=>"B.Sc. in CSE", :department_short_name=>"CSE", :faculty_short_name=>"FSIT", :shift=>"MORNING"}
[16-06-2022 10:01:33]: (INFO) => 142-15-4205: {:student_id=>"142-15-4205", :student_name=>"Afsana Perveen", :campus_name=>"City Campus", :batch_no=>38, :program_short_name=>"B.Sc. in CSE", :department_short_name=>"CSE", :faculty_short_name=>"FSIT", :shift=>"MORNING"}
[16-06-2022 10:02:00]: (INFO) => 212-15-4205: {:student_id=>"212-15-4205", :student_name=>"Faruk Ahmed", :campus_name=>"DSC", :batch_no=>59, :program_short_name=>"B.Sc. in CSE", :department_short_name=>"CSE", :faculty_short_name=>"FSIT", :shift=>"MORNING"}
[16-06-2022 10:02:20]: (INFO) => 142-15-4206: {:student_id=>"142-15-4206", :student_name=>"Riyazul Kabir", :campus_name=>"City Campus", :batch_no=>38, :program_short_name=>"B.Sc. in CSE", :department_short_name=>"CSE", :faculty_short_name=>"FSIT", :shift=>"EVENING"}
[16-06-2022 10:02:58]: (INFO) => 212-15-4206: {:student_id=>"212-15-4206", :student_name=>"Md  Mahamudul Islam  Shakib", :campus_name=>"DSC", :batch_no=>59, :program_short_name=>"B.Sc. in CSE", :department_short_name=>"CSE", :faculty_short_name=>"FSIT", :shift=>"MORNING"}
[16-06-2022 10:03:06]: (INFO) => 142-15-4207: {:student_id=>"142-15-4207", :student_name=>"Md. Rakib", :campus_name=>"City Campus", :batch_no=>38, :program_short_name=>"B.Sc. in CSE", :department_short_name=>"CSE", :faculty_short_name=>"FSIT", :shift=>"EVENING"}
[16-06-2022 10:03:20]: (INFO) => 212-15-4207: {:student_id=>"212-15-4207", :student_name=>"Md. Hasibul Hasan Abir", :campus_name=>"DSC", :batch_no=>59, :program_short_name=>"B.Sc. in CSE", :department_short_name=>"CSE", :faculty_short_name=>"FSIT", :shift=>"EVENING"}
[16-06-2022 10:03:35]: (INFO) => 142-15-4208: {:student_id=>"142-15-4208", :student_name=>"Md. Raisul Islam", :campus_name=>"City Campus", :batch_no=>38, :program_short_name=>"B.Sc. in CSE", :department_short_name=>"CSE", :faculty_short_name=>"FSIT", :shift=>"EVENING"}
[16-06-2022 10:03:53]: (INFO) => 212-15-4208: {:student_id=>"212-15-4208", :student_name=>"Md. Abu Rayhan", :campus_name=>"DSC", :batch_no=>59, :program_short_name=>"B.Sc. in CSE", :department_short_name=>"CSE", :faculty_short_name=>"FSIT", :shift=>"MORNING"}
[16-06-2022 10:03:58]: (INFO) => 142-15-4209: {:student_id=>"142-15-4209", :student_name=>"Md. Abdul Halim", :campus_name=>"City Campus", :batch_no=>38, :program_short_name=>"B.Sc. in CSE", :department_short_name=>"CSE", :faculty_short_name=>"FSIT", :shift=>"EVENING"}
[16-06-2022 10:04:11]: (INFO) => 212-15-4209: {:student_id=>"212-15-4209", :student_name=>"Md. Hafizur Rahman Pranto", :campus_name=>"DSC", :batch_no=>59, :program_short_name=>"B.Sc. in CSE", :department_short_name=>"CSE", :faculty_short_name=>"FSIT", :shift=>"MORNING"}
[16-06-2022 10:04:15]: (INFO) => 142-15-4210: {:student_id=>"142-15-4210", :student_name=>"Md. Shohanuzzaman", :campus_name=>"City Campus", :batch_no=>38, :program_short_name=>"B.Sc. in CSE", :department_short_name=>"CSE", :faculty_short_name=>"FSIT", :shift=>"EVENING"}
[16-06-2022 10:05:03]: (INFO) => 212-15-4210: {:student_id=>"212-15-4210", :student_name=>"Md. Saifuddin Islam", :campus_name=>"DSC", :batch_no=>59, :program_short_name=>"B.Sc. in CSE", :department_short_name=>"CSE", :faculty_short_name=>"FSIT", :shift=>"MORNING"}
[16-06-2022 10:05:13]: (INFO) => 142-15-4211: {:student_id=>"142-15-4211", :student_name=>"Laxmindar Majumder", :campus_name=>"City Campus", :batch_no=>38, :program_short_name=>"B.Sc. in CSE", :department_short_name=>"CSE", :faculty_short_name=>"FSIT", :shift=>"EVENING"}
[16-06-2022 10:05:37]: (INFO) => 212-15-4211: {:student_id=>"212-15-4211", :student_name=>"Md. Nasim Khan ", :campus_name=>"DSC", :batch_no=>59, :program_short_name=>"B.Sc. in CSE", :department_short_name=>"CSE", :faculty_short_name=>"FSIT", :shift=>"MORNING"}
[16-06-2022 10:05:42]: (INFO) => 142-15-4212: {:student_id=>"142-15-4212", :student_name=>"Atiqul Islam", :campus_name=>"City Campus", :batch_no=>38, :program_short_name=>"B.Sc. in CSE", :department_short_name=>"CSE", :faculty_short_name=>"FSIT", :shift=>"EVENING"}
[16-06-2022 10:06:02]: (INFO) => 212-15-4212: {:student_id=>"212-15-4212", :student_name=>"MD. MUSABBIR  HOSSAIN", :campus_name=>"DSC", :batch_no=>59, :program_short_name=>"B.Sc. in CSE", :department_short_name=>"CSE", :faculty_short_name=>"FSIT", :shift=>"MORNING"}
[16-06-2022 10:06:23]: (INFO) => 142-15-4213: {:student_id=>"142-15-4213", :student_name=>"Md. Jahirul Islam", :campus_name=>"City Campus", :batch_no=>38, :program_short_name=>"B.Sc. in CSE", :department_short_name=>"CSE", :faculty_short_name=>"FSIT", :shift=>"EVENING"}
[16-06-2022 10:06:52]: (INFO) => 212-15-4213: {:student_id=>"212-15-4213", :student_name=>"MD. MERAJ SERKER", :campus_name=>"DSC", :batch_no=>59, :program_short_name=>"B.Sc. in CSE", :department_short_name=>"CSE", :faculty_short_name=>"FSIT", :shift=>"MORNING"}
[16-06-2022 10:06:58]: (INFO) => 142-15-4214: {:student_id=>"142-15-4214", :student_name=>"Sanowar Hossain", :campus_name=>"City Campus", :batch_no=>38, :program_short_name=>"B.Sc. in CSE", :department_short_name=>"CSE", :faculty_short_name=>"FSIT", :shift=>"EVENING"}
[16-06-2022 10:07:14]: (INFO) => 212-15-4214: {:student_id=>"212-15-4214", :student_name=>"Md. Abu Bakkor Siddik Rafi", :campus_name=>"DSC", :batch_no=>59, :program_short_name=>"B.Sc. in CSE", :department_short_name=>"CSE", :faculty_short_name=>"FSIT", :shift=>"MORNING"}
[16-06-2022 10:07:18]: (INFO) => 142-15-4215: {:student_id=>"142-15-4215", :student_name=>"Yasin Hosain", :campus_name=>"City Campus", :batch_no=>38, :program_short_name=>"B.Sc. in CSE", :department_short_name=>"CSE", :faculty_short_name=>"FSIT", :shift=>"EVENING"}
[16-06-2022 10:07:35]: (INFO) => 212-15-4215: {:student_id=>"212-15-4215", :student_name=>"MEHERON NESA SUROVI", :campus_name=>"DSC", :batch_no=>59, :program_short_name=>"B.Sc. in CSE", :department_short_name=>"CSE", :faculty_short_name=>"FSIT", :shift=>"MORNING"}
[16-06-2022 10:07:39]: (INFO) => 142-15-4216: {:student_id=>"142-15-4216", :student_name=>"Md. Mohetor Rahman", :campus_name=>"City Campus", :batch_no=>38, :program_short_name=>"B.Sc. in CSE", :department_short_name=>"CSE", :faculty_short_name=>"FSIT", :shift=>"EVENING"}
[16-06-2022 10:07:55]: (INFO) => 212-15-4216: {:student_id=>"212-15-4216", :student_name=>"Ismail", :campus_name=>"DSC", :batch_no=>59, :program_short_name=>"B.Sc. in CSE", :department_short_name=>"CSE", :faculty_short_name=>"FSIT", :shift=>"MORNING"}
[16-06-2022 10:08:00]: (INFO) => 142-15-4217: {:student_id=>"142-15-4217", :student_name=>"Md. Hafizur Rahman", :campus_name=>"City Campus", :batch_no=>38, :program_short_name=>"B.Sc. in CSE", :department_short_name=>"CSE", :faculty_short_name=>"FSIT", :shift=>"EVENING"}
[16-06-2022 10:08:30]: (INFO) => 212-15-4217: {:student_id=>"212-15-4217", :student_name=>"ISHTIAQUE AHMED", :campus_name=>"DSC", :batch_no=>59, :program_short_name=>"B.Sc. in CSE", :department_short_name=>"CSE", :faculty_short_name=>"FSIT", :shift=>"MORNING"}
[16-06-2022 10:08:34]: (INFO) => 142-15-4218: {:student_id=>"142-15-4218", :student_name=>"Sani Aminu Bello", :campus_name=>"City Campus", :batch_no=>38, :program_short_name=>"B.Sc. in CSE", :department_short_name=>"CSE", :faculty_short_name=>"FSIT", :shift=>"MORNING"}
[16-06-2022 10:08:49]: (INFO) => 212-15-4218: {:student_id=>"212-15-4218", :student_name=>"Abdullah - Al- Rafi", :campus_name=>"DSC", :batch_no=>59, :program_short_name=>"B.Sc. in CSE", :department_short_name=>"CSE", :faculty_short_name=>"FSIT", :shift=>"MORNING"}
[16-06-2022 10:08:53]: (INFO) => 143-15-4219: {:student_id=>"143-15-4219", :student_name=>"Md. Moniruzzaman", :campus_name=>"City Campus", :batch_no=>39, :program_short_name=>"B.Sc. in CSE", :department_short_name=>"CSE", :faculty_short_name=>"FSIT", :shift=>"MORNING"}
[16-06-2022 10:09:13]: (INFO) => 212-15-4219: {:student_id=>"212-15-4219", :student_name=>"Md. Saimim Islam Khan Hamim", :campus_name=>"DSC", :batch_no=>59, :program_short_name=>"B.Sc. in CSE", :department_short_name=>"CSE", :faculty_short_name=>"FSIT", :shift=>"MORNING"}
[16-06-2022 10:09:22]: (INFO) => 143-15-4220: {:student_id=>"143-15-4220", :student_name=>"Md. Nurnobi", :campus_name=>"City Campus", :batch_no=>39, :program_short_name=>"B.Sc. in CSE", :department_short_name=>"CSE", :faculty_short_name=>"FSIT", :shift=>"MORNING"}
[16-06-2022 10:09:48]: (INFO) => 212-15-4220: {:student_id=>"212-15-4220", :student_name=>"Rakibul Hasan Dihan", :campus_name=>"DSC", :batch_no=>59, :program_short_name=>"B.Sc. in CSE", :department_short_name=>"CSE", :faculty_short_name=>"FSIT", :shift=>"MORNING"}
[16-06-2022 10:10:03]: (INFO) => 143-15-4221: {:student_id=>"143-15-4221", :student_name=>"Afsana Siddika", :campus_name=>"City Campus", :batch_no=>39, :program_short_name=>"B.Sc. in CSE", :department_short_name=>"CSE", :faculty_short_name=>"FSIT", :shift=>"MORNING"}
[16-06-2022 10:10:33]: (INFO) => 212-15-4221: {:student_id=>"212-15-4221", :student_name=>"Mahamudul Hasan", :campus_name=>"DSC", :batch_no=>59, :program_short_name=>"B.Sc. in CSE", :department_short_name=>"CSE", :faculty_short_name=>"FSIT", :shift=>"MORNING"}
[16-06-2022 10:10:47]: (INFO) => 143-15-4222: {:student_id=>"143-15-4222", :student_name=>"Md. Taibur Rahman", :campus_name=>"City Campus", :batch_no=>39, :program_short_name=>"B.Sc. in CSE", :department_short_name=>"CSE", :faculty_short_name=>"FSIT", :shift=>"EVENING"}
[16-06-2022 10:11:17]: (INFO) => 212-15-4222: {:student_id=>"212-15-4222", :student_name=>"Md. Atikul Islam Hemal", :campus_name=>"DSC", :batch_no=>59, :program_short_name=>"B.Sc. in CSE", :department_short_name=>"CSE", :faculty_short_name=>"FSIT", :shift=>"MORNING"}
[16-06-2022 10:11:35]: (INFO) => 143-15-4223: {:student_id=>"143-15-4223", :student_name=>"Md. Tarek Rahman Jewel", :campus_name=>"City Campus", :batch_no=>39, :program_short_name=>"B.Sc. in CSE", :department_short_name=>"CSE", :faculty_short_name=>"FSIT", :shift=>"EVENING"}
[16-06-2022 10:12:07]: (INFO) => 212-15-4223: {:student_id=>"212-15-4223", :student_name=>"SABBIR BIN SHAZID", :campus_name=>"DSC", :batch_no=>59, :program_short_name=>"B.Sc. in CSE", :department_short_name=>"CSE", :faculty_short_name=>"FSIT", :shift=>"MORNING"}
[16-06-2022 10:12:13]: (INFO) => 143-15-4224: {:student_id=>"143-15-4224", :student_name=>"Kazi Mahmudul Hasan", :campus_name=>"City Campus", :batch_no=>39, :program_short_name=>"B.Sc. in CSE", :department_short_name=>"CSE", :faculty_short_name=>"FSIT", :shift=>"EVENING"}
[16-06-2022 10:12:36]: (INFO) => 212-15-4224: {:student_id=>"212-15-4224", :student_name=>"AYNUN  NAHER  MOW", :campus_name=>"DSC", :batch_no=>59, :program_short_name=>"B.Sc. in CSE", :department_short_name=>"CSE", :faculty_short_name=>"FSIT", :shift=>"MORNING"}
[16-06-2022 10:12:45]: (INFO) => 143-15-4225: {:student_id=>"143-15-4225", :student_name=>"Md. Hanif Uddin", :campus_name=>"City Campus", :batch_no=>39, :program_short_name=>"B.Sc. in CSE", :department_short_name=>"CSE", :faculty_short_name=>"FSIT", :shift=>"EVENING"}
[16-06-2022 10:12:59]: (INFO) => 212-15-4225: {:student_id=>"212-15-4225", :student_name=>"Sadia Akter", :campus_name=>"DSC", :batch_no=>59, :program_short_name=>"B.Sc. in CSE", :department_short_name=>"CSE", :faculty_short_name=>"FSIT", :shift=>"MORNING"}
[16-06-2022 10:13:06]: (INFO) => 143-15-4226: {:student_id=>"143-15-4226", :student_name=>"Mohammad Rahat Kabir", :campus_name=>"City Campus", :batch_no=>39, :program_short_name=>"B.Sc. in CSE", :department_short_name=>"CSE", :faculty_short_name=>"FSIT", :shift=>"MORNING"}
[16-06-2022 10:13:20]: (INFO) => 212-15-4226: {:student_id=>"212-15-4226", :student_name=>"SABERA RYHANA MAYESHA", :campus_name=>"DSC", :batch_no=>59, :program_short_name=>"B.Sc. in CSE", :department_short_name=>"CSE", :faculty_short_name=>"FSIT", :shift=>"MORNING"}
[16-06-2022 10:13:29]: (INFO) => 143-15-4227: {:student_id=>"143-15-4227", :student_name=>"Md. Ranu Miah", :campus_name=>"City Campus", :batch_no=>39, :program_short_name=>"B.Sc. in CSE", :department_short_name=>"CSE", :faculty_short_name=>"FSIT", :shift=>"EVENING"}
[16-06-2022 10:13:46]: (INFO) => 212-15-4227: {:student_id=>"212-15-4227", :student_name=>"Salauddin  Majumder", :campus_name=>"DSC", :batch_no=>59, :program_short_name=>"B.Sc. in CSE", :department_short_name=>"CSE", :faculty_short_name=>"FSIT", :shift=>"MORNING"}
[16-06-2022 10:13:52]: (INFO) => 143-15-4228: {:student_id=>"143-15-4228", :student_name=>"Farjana Afrin Tisha", :campus_name=>"City Campus", :batch_no=>39, :program_short_name=>"B.Sc. in CSE", :department_short_name=>"CSE", :faculty_short_name=>"FSIT", :shift=>"MORNING"}
[16-06-2022 10:14:13]: (INFO) => 212-15-4228: {:student_id=>"212-15-4228", :student_name=>"Soniya Akter", :campus_name=>"DSC", :batch_no=>59, :program_short_name=>"B.Sc. in CSE", :department_short_name=>"CSE", :faculty_short_name=>"FSIT", :shift=>"EVENING"}
[16-06-2022 10:14:17]: (INFO) => 143-15-4229: {:student_id=>"143-15-4229", :student_name=>"Saiful Islam", :campus_name=>"City Campus", :batch_no=>39, :program_short_name=>"B.Sc. in CSE", :department_short_name=>"CSE", :faculty_short_name=>"FSIT", :shift=>"EVENING"}
[16-06-2022 10:14:32]: (INFO) => 212-15-4229: {:student_id=>"212-15-4229", :student_name=>"Fatema Akter", :campus_name=>"DSC", :batch_no=>59, :program_short_name=>"B.Sc. in CSE", :department_short_name=>"CSE", :faculty_short_name=>"FSIT", :shift=>"MORNING"}
[16-06-2022 10:14:36]: (INFO) => 143-15-4230: {:student_id=>"143-15-4230", :student_name=>"Abdullah Al Noman", :campus_name=>"City Campus", :batch_no=>39, :program_short_name=>"B.Sc. in CSE", :department_short_name=>"CSE", :faculty_short_name=>"FSIT", :shift=>"EVENING"}
[16-06-2022 10:14:50]: (INFO) => 212-15-4230: {:student_id=>"212-15-4230", :student_name=>"Md. Al Amin ", :campus_name=>"DSC", :batch_no=>59, :program_short_name=>"B.Sc. in CSE", :department_short_name=>"CSE", :faculty_short_name=>"FSIT", :shift=>"MORNING"}
[16-06-2022 10:14:54]: (INFO) => 143-15-4231: {:student_id=>"143-15-4231", :student_name=>"Md. Yousuf Mia", :campus_name=>"City Campus", :batch_no=>39, :program_short_name=>"B.Sc. in CSE", :department_short_name=>"CSE", :faculty_short_name=>"FSIT", :shift=>"EVENING"}
[16-06-2022 10:15:30]: (INFO) => 212-15-4231: {:student_id=>"212-15-4231", :student_name=>"SYED TASHAHUD UDDIN", :campus_name=>"DSC", :batch_no=>59, :program_short_name=>"B.Sc. in CSE", :department_short_name=>"CSE", :faculty_short_name=>"FSIT", :shift=>"MORNING"}
[16-06-2022 10:15:38]: (INFO) => 143-15-4232: {:student_id=>"143-15-4232", :student_name=>"Ashikur Rahman", :campus_name=>"City Campus", :batch_no=>39, :program_short_name=>"B.Sc. in CSE", :department_short_name=>"CSE", :faculty_short_name=>"FSIT", :shift=>"EVENING"}
[16-06-2022 10:16:09]: (INFO) => 212-15-4232: {:student_id=>"212-15-4232", :student_name=>"Tarian  Ahamed  Heem", :campus_name=>"DSC", :batch_no=>59, :program_short_name=>"B.Sc. in CSE", :department_short_name=>"CSE", :faculty_short_name=>"FSIT", :shift=>"MORNING"}
[16-06-2022 10:16:15]: (INFO) => 143-15-4233: {:student_id=>"143-15-4233", :student_name=>"Rimona Akter Riza", :campus_name=>"City Campus", :batch_no=>39, :program_short_name=>"B.Sc. in CSE", :department_short_name=>"CSE", :faculty_short_name=>"FSIT", :shift=>"EVENING"}
[16-06-2022 10:16:53]: (INFO) => 212-15-4233: {:student_id=>"212-15-4233", :student_name=>"Md. Fahmid Bin Mostafa", :campus_name=>"DSC", :batch_no=>59, :program_short_name=>"B.Sc. in CSE", :department_short_name=>"CSE", :faculty_short_name=>"FSIT", :shift=>"MORNING"}
[16-06-2022 10:17:00]: (INFO) => 143-15-4234: {:student_id=>"143-15-4234", :student_name=>"Farhan Islam", :campus_name=>"City Campus", :batch_no=>39, :program_short_name=>"B.Sc. in CSE", :department_short_name=>"CSE", :faculty_short_name=>"FSIT", :shift=>"MORNING"}
[16-06-2022 10:17:15]: (INFO) => 212-15-4234: {:student_id=>"212-15-4234", :student_name=>"Sujoy Saha", :campus_name=>"DSC", :batch_no=>59, :program_short_name=>"B.Sc. in CSE", :department_short_name=>"CSE", :faculty_short_name=>"FSIT", :shift=>"MORNING"}
[16-06-2022 10:17:24]: (INFO) => 143-15-4235: {:student_id=>"143-15-4235", :student_name=>"Mesbahul Hossain", :campus_name=>"City Campus", :batch_no=>39, :program_short_name=>"B.Sc. in CSE", :department_short_name=>"CSE", :faculty_short_name=>"FSIT", :shift=>"MORNING"}
[16-06-2022 10:17:58]: (INFO) => 212-15-4235: {:student_id=>"212-15-4235", :student_name=>"Waresur Rahman", :campus_name=>"DSC", :batch_no=>59, :program_short_name=>"B.Sc. in CSE", :department_short_name=>"CSE", :faculty_short_name=>"FSIT", :shift=>"MORNING"}
[16-06-2022 10:18:07]: (INFO) => 143-15-4236: {:student_id=>"143-15-4236", :student_name=>"Kazi Ahosun Habib", :campus_name=>"City Campus", :batch_no=>39, :program_short_name=>"B.Sc. in CSE", :department_short_name=>"CSE", :faculty_short_name=>"FSIT", :shift=>"EVENING"}
[16-06-2022 10:18:31]: (INFO) => 212-15-4236: {:student_id=>"212-15-4236", :student_name=>"Shakib Hossain ", :campus_name=>"DSC", :batch_no=>59, :program_short_name=>"B.Sc. in CSE", :department_short_name=>"CSE", :faculty_short_name=>"FSIT", :shift=>"MORNING"}
[16-06-2022 10:18:42]: (INFO) => 143-15-4237: {:student_id=>"143-15-4237", :student_name=>"Saimun Khandakar", :campus_name=>"City Campus", :batch_no=>39, :program_short_name=>"B.Sc. in CSE", :department_short_name=>"CSE", :faculty_short_name=>"FSIT", :shift=>"EVENING"}
[16-06-2022 10:19:34]: (INFO) => 212-15-4237: {:student_id=>"212-15-4237", :student_name=>"Jalal  Uddin", :campus_name=>"DSC", :batch_no=>59, :program_short_name=>"B.Sc. in CSE", :department_short_name=>"CSE", :faculty_short_name=>"FSIT", :shift=>"MORNING"}
[16-06-2022 10:19:44]: (INFO) => 143-15-4238: {:student_id=>"143-15-4238", :student_name=>"MD SUMAN HAJI", :campus_name=>"City Campus", :batch_no=>39, :program_short_name=>"B.Sc. in CSE", :department_short_name=>"CSE", :faculty_short_name=>"FSIT", :shift=>"EVENING"}
[16-06-2022 10:20:17]: (INFO) => 212-15-4238: {:student_id=>"212-15-4238", :student_name=>"Abid Hasan Mollah", :campus_name=>"DSC", :batch_no=>59, :program_short_name=>"B.Sc. in CSE", :department_short_name=>"CSE", :faculty_short_name=>"FSIT", :shift=>"MORNING"}
[16-06-2022 10:20:27]: (INFO) => 143-15-4239: {:student_id=>"143-15-4239", :student_name=>"Md. Sohrab Uddin Bhuiyan", :campus_name=>"City Campus", :batch_no=>39, :program_short_name=>"B.Sc. in CSE", :department_short_name=>"CSE", :faculty_short_name=>"FSIT", :shift=>"EVENING"}
[16-06-2022 10:20:47]: (INFO) => 212-15-4239: {:student_id=>"212-15-4239", :student_name=>"MD. MASFIKUR RAHMAN HIRA", :campus_name=>"DSC", :batch_no=>59, :program_short_name=>"B.Sc. in CSE", :department_short_name=>"CSE", :faculty_short_name=>"FSIT", :shift=>"MORNING"}
[16-06-2022 10:20:52]: (INFO) => 143-15-4240: {:student_id=>"143-15-4240", :student_name=>"Mostarina Aktar", :campus_name=>"City Campus", :batch_no=>39, :program_short_name=>"B.Sc. in CSE", :department_short_name=>"CSE", :faculty_short_name=>"FSIT", :shift=>"EVENING"}
[16-06-2022 10:21:33]: (INFO) => 213-15-4240: {:student_id=>"213-15-4240", :student_name=>"Joy Kumar Sharma", :campus_name=>"DSC", :batch_no=>60, :program_short_name=>"B.Sc. in CSE", :department_short_name=>"CSE", :faculty_short_name=>"FSIT", :shift=>"MORNING"}
[16-06-2022 10:22:04]: (INFO) => 143-15-4241: {:student_id=>"143-15-4241", :student_name=>"Md. Shefat Hasnain", :campus_name=>"City Campus", :batch_no=>39, :program_short_name=>"B.Sc. in CSE", :department_short_name=>"CSE", :faculty_short_name=>"FSIT", :shift=>"EVENING"}
[16-06-2022 10:23:56]: (INFO) => 213-15-4241: {:student_id=>"213-15-4241", :student_name=>"Md. Harunur Rashid", :campus_name=>"DSC", :batch_no=>60, :program_short_name=>"B.Sc. in CSE", :department_short_name=>"CSE", :faculty_short_name=>"FSIT", :shift=>"MORNING"}
[16-06-2022 10:24:26]: (INFO) => 143-15-4242: {:student_id=>"143-15-4242", :student_name=>"Md. Rokonuzzaman", :campus_name=>"City Campus", :batch_no=>39, :program_short_name=>"B.Sc. in CSE", :department_short_name=>"CSE", :faculty_short_name=>"FSIT", :shift=>"MORNING"}
[16-06-2022 10:26:14]: (INFO) => 213-15-4242: {:student_id=>"213-15-4242", :student_name=>"Roni Ray", :campus_name=>"DSC", :batch_no=>60, :program_short_name=>"B.Sc. in CSE", :department_short_name=>"CSE", :faculty_short_name=>"FSIT", :shift=>"EVENING"}
[16-06-2022 10:26:45]: (INFO) => 143-15-4243: {:student_id=>"143-15-4243", :student_name=>"Md. Abu Sael Mia", :campus_name=>"City Campus", :batch_no=>39, :program_short_name=>"B.Sc. in CSE", :department_short_name=>"CSE", :faculty_short_name=>"FSIT", :shift=>"EVENING"}
[16-06-2022 10:28:42]: (INFO) => 213-15-4243: {:student_id=>"213-15-4243", :student_name=>"MD. IFTEKHAR RAHMAN LIKHAN", :campus_name=>"DSC", :batch_no=>60, :program_short_name=>"B.Sc. in CSE", :department_short_name=>"CSE", :faculty_short_name=>"FSIT", :shift=>"MORNING"}
[16-06-2022 10:29:13]: (INFO) => 143-15-4244: {:student_id=>"143-15-4244", :student_name=>"Muhsin", :campus_name=>"City Campus", :batch_no=>39, :program_short_name=>"B.Sc. in CSE", :department_short_name=>"CSE", :faculty_short_name=>"FSIT", :shift=>"EVENING"}
[16-06-2022 10:31:05]: (INFO) => 213-15-4244: {:student_id=>"213-15-4244", :student_name=>"Mir Saleh Ahmed", :campus_name=>"DSC", :batch_no=>60, :program_short_name=>"B.Sc. in CSE", :department_short_name=>"CSE", :faculty_short_name=>"FSIT", :shift=>"MORNING"}
[16-06-2022 10:31:37]: (INFO) => 143-15-4245: {:student_id=>"143-15-4245", :student_name=>"Md. Mossabbir Hossain", :campus_name=>"City Campus", :batch_no=>39, :program_short_name=>"B.Sc. in CSE", :department_short_name=>"CSE", :faculty_short_name=>"FSIT", :shift=>"MORNING"}
[16-06-2022 10:33:27]: (INFO) => 213-15-4245: {:student_id=>"213-15-4245", :student_name=>"Md.Nirob Hossain", :campus_name=>"DSC", :batch_no=>60, :program_short_name=>"B.Sc. in CSE", :department_short_name=>"CSE", :faculty_short_name=>"FSIT", :shift=>"MORNING"}
[16-06-2022 10:33:58]: (INFO) => 143-15-4246: {:student_id=>"143-15-4246", :student_name=>"Md. Iskandar Mirja", :campus_name=>"City Campus", :batch_no=>39, :program_short_name=>"B.Sc. in CSE", :department_short_name=>"CSE", :faculty_short_name=>"FSIT", :shift=>"EVENING"}
[16-06-2022 10:35:47]: (INFO) => 213-15-4246: {:student_id=>"213-15-4246", :student_name=>"ANAMIKA HOSSAIN LILY", :campus_name=>"DSC", :batch_no=>60, :program_short_name=>"B.Sc. in CSE", :department_short_name=>"CSE", :faculty_short_name=>"FSIT", :shift=>"MORNING"}
[16-06-2022 10:36:18]: (INFO) => 143-15-4247: {:student_id=>"143-15-4247", :student_name=>"Syeda Farjana Shetu", :campus_name=>"City Campus", :batch_no=>39, :program_short_name=>"B.Sc. in CSE", :department_short_name=>"CSE", :faculty_short_name=>"FSIT", :shift=>"MORNING"}
[16-06-2022 10:38:06]: (INFO) => 213-15-4247: {:student_id=>"213-15-4247", :student_name=>"Faisal Ahmad", :campus_name=>"DSC", :batch_no=>60, :program_short_name=>"B.Sc. in CSE", :department_short_name=>"CSE", :faculty_short_name=>"FSIT", :shift=>"MORNING"}
[16-06-2022 10:38:38]: (INFO) => 143-15-4248: {:student_id=>"143-15-4248", :student_name=>"Sapan Kumer", :campus_name=>"City Campus", :batch_no=>39, :program_short_name=>"B.Sc. in CSE", :department_short_name=>"CSE", :faculty_short_name=>"FSIT", :shift=>"EVENING"}
[16-06-2022 10:40:39]: (INFO) => 213-15-4248: {:student_id=>"213-15-4248", :student_name=>"Shahriar Sultan Ramit", :campus_name=>"DSC", :batch_no=>60, :program_short_name=>"B.Sc. in CSE", :department_short_name=>"CSE", :faculty_short_name=>"FSIT", :shift=>"MORNING"}
[16-06-2022 10:41:10]: (INFO) => 143-15-4249: {:student_id=>"143-15-4249", :student_name=>"Md. Shahiduzzaman", :campus_name=>"City Campus", :batch_no=>39, :program_short_name=>"B.Sc. in CSE", :department_short_name=>"CSE", :faculty_short_name=>"FSIT", :shift=>"MORNING"}
