# Logfile created on 2022-06-15 00:23:57 +0600 by logger.rb/v1.4.2
[15-06-2022 00:23:58]: (INFO) => 161-15-1000: {:student_id=>"161-15-1000", :student_name=>"Salman Mohammad Abdullah", :campus_name=>"DSC", :batch_no=>43, :program_short_name=>"B.Sc. in CSE", :department_short_name=>"CSE", :faculty_short_name=>"FSIT", :shift=>"MORNING"}
[15-06-2022 00:23:59]: (INFO) => 183-15-1000: {:student_id=>"183-15-1000", :student_name=>"Kawsar Sikder", :campus_name=>"Uttara", :batch_no=>51, :program_short_name=>"B.Sc. in CSE", :department_short_name=>"CSE", :faculty_short_name=>"FSIT", :shift=>"MORNING"}
[15-06-2022 00:24:00]: (INFO) => 161-15-1001: {:student_id=>"161-15-1001", :student_name=>"Md. Aminul Islam", :campus_name=>"DSC", :batch_no=>43, :program_short_name=>"B.Sc. in CSE", :department_short_name=>"CSE", :faculty_short_name=>"FSIT", :shift=>"MORNING"}
[15-06-2022 00:24:01]: (INFO) => 183-15-1001: {:student_id=>"183-15-1001", :student_name=>"Mariam Emam Ananna", :campus_name=>"Uttara", :batch_no=>51, :program_short_name=>"B.Sc. in CSE", :department_short_name=>"CSE", :faculty_short_name=>"FSIT", :shift=>"MORNING"}
[15-06-2022 00:24:02]: (INFO) => 161-15-1002: {:student_id=>"161-15-1002", :student_name=>"HUMAIRA KHANAM", :campus_name=>"DSC", :batch_no=>43, :program_short_name=>"B.Sc. in CSE", :department_short_name=>"CSE", :faculty_short_name=>"FSIT", :shift=>"MORNING"}
[15-06-2022 00:24:03]: (INFO) => 183-15-1002: {:student_id=>"183-15-1002", :student_name=>"Md. Shahadath  Hossain Dewan", :campus_name=>"Uttara", :batch_no=>51, :program_short_name=>"B.Sc. in CSE", :department_short_name=>"CSE", :faculty_short_name=>"FSIT", :shift=>"MORNING"}
[15-06-2022 00:24:05]: (INFO) => 161-15-1003: {:student_id=>"161-15-1003", :student_name=>"Md.Mizanur Rahman Rifat", :campus_name=>"DSC", :batch_no=>43, :program_short_name=>"B.Sc. in CSE", :department_short_name=>"CSE", :faculty_short_name=>"FSIT", :shift=>"MORNING"}
[15-06-2022 00:24:05]: (INFO) => 183-15-1003: {:student_id=>"183-15-1003", :student_name=>"Md. Nafiz-Bin-Monsur", :campus_name=>"Uttara", :batch_no=>51, :program_short_name=>"B.Sc. in CSE", :department_short_name=>"CSE", :faculty_short_name=>"FSIT", :shift=>"MORNING"}
[15-06-2022 00:24:07]: (INFO) => 161-15-1004: {:student_id=>"161-15-1004", :student_name=>"Md Hedayet Ullah", :campus_name=>"DSC", :batch_no=>43, :program_short_name=>"B.Sc. in CSE", :department_short_name=>"CSE", :faculty_short_name=>"FSIT", :shift=>"MORNING"}
[15-06-2022 00:24:08]: (INFO) => 183-15-1004: {:student_id=>"183-15-1004", :student_name=>"Shamsia Afrin Jamema", :campus_name=>"Uttara", :batch_no=>51, :program_short_name=>"B.Sc. in CSE", :department_short_name=>"CSE", :faculty_short_name=>"FSIT", :shift=>"MORNING"}
[15-06-2022 00:24:09]: (INFO) => 161-15-1005: {:student_id=>"161-15-1005", :student_name=>"Pronob Kumar Ray", :campus_name=>"DSC", :batch_no=>43, :program_short_name=>"B.Sc. in CSE", :department_short_name=>"CSE", :faculty_short_name=>"FSIT", :shift=>"MORNING"}
[15-06-2022 00:24:09]: (INFO) => 183-15-1005: {:student_id=>"183-15-1005", :student_name=>"Md. Parvez", :campus_name=>"Uttara", :batch_no=>51, :program_short_name=>"B.Sc. in CSE", :department_short_name=>"CSE", :faculty_short_name=>"FSIT", :shift=>"MORNING"}
[15-06-2022 00:24:11]: (INFO) => 161-15-1006: {:student_id=>"161-15-1006", :student_name=>"Nazim Uddin Nazim", :campus_name=>"DSC", :batch_no=>43, :program_short_name=>"B.Sc. in CSE", :department_short_name=>"CSE", :faculty_short_name=>"FSIT", :shift=>"MORNING"}
[15-06-2022 00:24:12]: (INFO) => 183-15-1006: {:student_id=>"183-15-1006", :student_name=>"Md. Taki Yasir", :campus_name=>"Uttara", :batch_no=>51, :program_short_name=>"B.Sc. in CSE", :department_short_name=>"CSE", :faculty_short_name=>"FSIT", :shift=>"MORNING"}
[15-06-2022 00:24:14]: (INFO) => 161-15-1007: {:student_id=>"161-15-1007", :student_name=>"Saleh AKram", :campus_name=>"DSC", :batch_no=>43, :program_short_name=>"B.Sc. in CSE", :department_short_name=>"CSE", :faculty_short_name=>"FSIT", :shift=>"MORNING"}
[15-06-2022 00:24:15]: (INFO) => 183-15-1007: {:student_id=>"183-15-1007", :student_name=>"Jannatul Nayeem ", :campus_name=>"Uttara", :batch_no=>51, :program_short_name=>"B.Sc. in CSE", :department_short_name=>"CSE", :faculty_short_name=>"FSIT", :shift=>"MORNING"}
[15-06-2022 00:24:16]: (INFO) => 161-15-1008: {:student_id=>"161-15-1008", :student_name=>"Raiyan Kawser", :campus_name=>"DSC", :batch_no=>43, :program_short_name=>"B.Sc. in CSE", :department_short_name=>"CSE", :faculty_short_name=>"FSIT", :shift=>"MORNING"}
[15-06-2022 00:24:16]: (INFO) => 183-15-1008: {:student_id=>"183-15-1008", :student_name=>"Khadiza Akter Ranu", :campus_name=>"Uttara", :batch_no=>51, :program_short_name=>"B.Sc. in CSE", :department_short_name=>"CSE", :faculty_short_name=>"FSIT", :shift=>"MORNING"}
[15-06-2022 00:24:18]: (INFO) => 161-15-1009: {:student_id=>"161-15-1009", :student_name=>"Nazir Ahmed Sabbir", :campus_name=>"DSC", :batch_no=>43, :program_short_name=>"B.Sc. in CSE", :department_short_name=>"CSE", :faculty_short_name=>"FSIT", :shift=>"MORNING"}
[15-06-2022 00:24:19]: (INFO) => 183-15-1009: {:student_id=>"183-15-1009", :student_name=>"Md. Iqramul Arafin", :campus_name=>"Uttara", :batch_no=>51, :program_short_name=>"B.Sc. in CSE", :department_short_name=>"CSE", :faculty_short_name=>"FSIT", :shift=>"MORNING"}
[15-06-2022 00:24:20]: (INFO) => 161-15-1010: {:student_id=>"161-15-1010", :student_name=>"Mohammad Samiul Alam Shourov", :campus_name=>"Uttara", :batch_no=>43, :program_short_name=>"B.Sc. in CSE", :department_short_name=>"CSE", :faculty_short_name=>"FSIT", :shift=>"MORNING"}
[15-06-2022 00:24:21]: (INFO) => 183-15-1010: {:student_id=>"183-15-1010", :student_name=>"Most. Shadia Afrin", :campus_name=>"Uttara", :batch_no=>51, :program_short_name=>"B.Sc. in CSE", :department_short_name=>"CSE", :faculty_short_name=>"FSIT", :shift=>"MORNING"}
[15-06-2022 00:24:22]: (INFO) => 161-15-1011: {:student_id=>"161-15-1011", :student_name=>"Asif Hossain Khan", :campus_name=>"DSC", :batch_no=>43, :program_short_name=>"B.Sc. in CSE", :department_short_name=>"CSE", :faculty_short_name=>"FSIT", :shift=>"MORNING"}
[15-06-2022 00:24:23]: (INFO) => 183-15-1011: {:student_id=>"183-15-1011", :student_name=>"Md. Jahidul Hasan", :campus_name=>"Uttara", :batch_no=>51, :program_short_name=>"B.Sc. in CSE", :department_short_name=>"CSE", :faculty_short_name=>"FSIT", :shift=>"MORNING"}
[15-06-2022 00:24:24]: (INFO) => 161-15-1012: {:student_id=>"161-15-1012", :student_name=>"Taswar Yamim", :campus_name=>"DSC", :batch_no=>43, :program_short_name=>"B.Sc. in CSE", :department_short_name=>"CSE", :faculty_short_name=>"FSIT", :shift=>"MORNING"}
[15-06-2022 00:24:25]: (INFO) => 183-15-1012: {:student_id=>"183-15-1012", :student_name=>"Naim Talukder", :campus_name=>"Uttara", :batch_no=>51, :program_short_name=>"B.Sc. in CSE", :department_short_name=>"CSE", :faculty_short_name=>"FSIT", :shift=>"MORNING"}
[15-06-2022 00:24:26]: (INFO) => 161-15-1013: {:student_id=>"161-15-1013", :student_name=>"Al Amin Firdows", :campus_name=>"DSC", :batch_no=>43, :program_short_name=>"B.Sc. in CSE", :department_short_name=>"CSE", :faculty_short_name=>"FSIT", :shift=>"MORNING"}
[15-06-2022 00:24:27]: (INFO) => 183-15-1013: {:student_id=>"183-15-1013", :student_name=>"Md. Fahim Muntasir ", :campus_name=>"Uttara", :batch_no=>51, :program_short_name=>"B.Sc. in CSE", :department_short_name=>"CSE", :faculty_short_name=>"FSIT", :shift=>"MORNING"}
[15-06-2022 00:24:29]: (INFO) => 161-15-1014: {:student_id=>"161-15-1014", :student_name=>"Md. Anhar Hossain Khan", :campus_name=>"DSC", :batch_no=>43, :program_short_name=>"B.Sc. in CSE", :department_short_name=>"CSE", :faculty_short_name=>"FSIT", :shift=>"MORNING"}
[15-06-2022 00:24:29]: (INFO) => 183-15-1014: {:student_id=>"183-15-1014", :student_name=>"Md. Hasibul Hasan Shanto", :campus_name=>"Uttara", :batch_no=>51, :program_short_name=>"B.Sc. in CSE", :department_short_name=>"CSE", :faculty_short_name=>"FSIT", :shift=>"MORNING"}
[15-06-2022 00:24:31]: (INFO) => 161-15-1015: {:student_id=>"161-15-1015", :student_name=>"Tanjil Hasan", :campus_name=>"DSC", :batch_no=>43, :program_short_name=>"B.Sc. in CSE", :department_short_name=>"CSE", :faculty_short_name=>"FSIT", :shift=>"MORNING"}
[15-06-2022 00:24:31]: (INFO) => 183-15-1015: {:student_id=>"183-15-1015", :student_name=>"Naima Azim", :campus_name=>"Uttara", :batch_no=>51, :program_short_name=>"B.Sc. in CSE", :department_short_name=>"CSE", :faculty_short_name=>"FSIT", :shift=>"MORNING"}
[15-06-2022 00:24:33]: (INFO) => 161-15-1016: {:student_id=>"161-15-1016", :student_name=>"Md Alamgir Hossain ", :campus_name=>"DSC", :batch_no=>43, :program_short_name=>"B.Sc. in CSE", :department_short_name=>"CSE", :faculty_short_name=>"FSIT", :shift=>"MORNING"}
[15-06-2022 00:24:33]: (INFO) => 183-15-1016: {:student_id=>"183-15-1016", :student_name=>"Bishowasis Bappa", :campus_name=>"Uttara", :batch_no=>51, :program_short_name=>"B.Sc. in CSE", :department_short_name=>"CSE", :faculty_short_name=>"FSIT", :shift=>"MORNING"}
[15-06-2022 00:24:35]: (INFO) => 161-15-1017: {:student_id=>"161-15-1017", :student_name=>"Ranu Akter", :campus_name=>"DSC", :batch_no=>43, :program_short_name=>"B.Sc. in CSE", :department_short_name=>"CSE", :faculty_short_name=>"FSIT", :shift=>"MORNING"}
[15-06-2022 00:24:35]: (INFO) => 191-15-1017: {:student_id=>"191-15-1017", :student_name=>"Sadman Wasif", :campus_name=>"Uttara", :batch_no=>52, :program_short_name=>"B.Sc. in CSE", :department_short_name=>"CSE", :faculty_short_name=>"FSIT", :shift=>"MORNING"}
[15-06-2022 00:24:36]: (INFO) => 161-15-1018: {:student_id=>"161-15-1018", :student_name=>"Mehjabin Tabassum Medha", :campus_name=>"DSC", :batch_no=>43, :program_short_name=>"B.Sc. in CSE", :department_short_name=>"CSE", :faculty_short_name=>"FSIT", :shift=>"MORNING"}
[15-06-2022 00:24:37]: (INFO) => 191-15-1018: {:student_id=>"191-15-1018", :student_name=>"Israth Rahaman", :campus_name=>"Uttara", :batch_no=>52, :program_short_name=>"B.Sc. in CSE", :department_short_name=>"CSE", :faculty_short_name=>"FSIT", :shift=>"MORNING"}
[15-06-2022 00:24:39]: (INFO) => 161-15-1019: {:student_id=>"161-15-1019", :student_name=>"MD Amir Hosain Rhidoy", :campus_name=>"DSC", :batch_no=>43, :program_short_name=>"B.Sc. in CSE", :department_short_name=>"CSE", :faculty_short_name=>"FSIT", :shift=>"MORNING"}
[15-06-2022 00:24:39]: (INFO) => 191-15-1019: {:student_id=>"191-15-1019", :student_name=>"Anik Hossan Rabby", :campus_name=>"Uttara", :batch_no=>52, :program_short_name=>"B.Sc. in CSE", :department_short_name=>"CSE", :faculty_short_name=>"FSIT", :shift=>"MORNING"}
[15-06-2022 00:24:42]: (INFO) => 161-15-1020: {:student_id=>"161-15-1020", :student_name=>"Mahfujur Rahman Mehedi", :campus_name=>"DSC", :batch_no=>43, :program_short_name=>"B.Sc. in CSE", :department_short_name=>"CSE", :faculty_short_name=>"FSIT", :shift=>"MORNING"}
[15-06-2022 00:24:42]: (INFO) => 191-15-1020: {:student_id=>"191-15-1020", :student_name=>"A.K.M Tanbir Kabir", :campus_name=>"Uttara", :batch_no=>52, :program_short_name=>"B.Sc. in CSE", :department_short_name=>"CSE", :faculty_short_name=>"FSIT", :shift=>"MORNING"}
[15-06-2022 00:24:44]: (INFO) => 161-15-1021: {:student_id=>"161-15-1021", :student_name=>"Md. Al-Fahad", :campus_name=>"DSC", :batch_no=>43, :program_short_name=>"B.Sc. in CSE", :department_short_name=>"CSE", :faculty_short_name=>"FSIT", :shift=>"MORNING"}
[15-06-2022 00:24:45]: (INFO) => 191-15-1021: {:student_id=>"191-15-1021", :student_name=>"Md. Asif Khan", :campus_name=>"Uttara", :batch_no=>52, :program_short_name=>"B.Sc. in CSE", :department_short_name=>"CSE", :faculty_short_name=>"FSIT", :shift=>"MORNING"}
[15-06-2022 00:24:47]: (INFO) => 161-15-1022: {:student_id=>"161-15-1022", :student_name=>"Md. Mafidul Islam", :campus_name=>"DSC", :batch_no=>43, :program_short_name=>"B.Sc. in CSE", :department_short_name=>"CSE", :faculty_short_name=>"FSIT", :shift=>"MORNING"}
[15-06-2022 00:24:48]: (INFO) => 191-15-1022: {:student_id=>"191-15-1022", :student_name=>"Robiul Awal", :campus_name=>"Uttara", :batch_no=>52, :program_short_name=>"B.Sc. in CSE", :department_short_name=>"CSE", :faculty_short_name=>"FSIT", :shift=>"MORNING"}
[15-06-2022 00:24:49]: (INFO) => 161-15-1023: {:student_id=>"161-15-1023", :student_name=>"Anim Mahmud Sajib", :campus_name=>"DSC", :batch_no=>43, :program_short_name=>"B.Sc. in CSE", :department_short_name=>"CSE", :faculty_short_name=>"FSIT", :shift=>"MORNING"}
[15-06-2022 00:24:50]: (INFO) => 191-15-1023: {:student_id=>"191-15-1023", :student_name=>"Faria Alam Tabassum", :campus_name=>"Uttara", :batch_no=>52, :program_short_name=>"B.Sc. in CSE", :department_short_name=>"CSE", :faculty_short_name=>"FSIT", :shift=>"MORNING"}
[15-06-2022 00:24:51]: (INFO) => 161-15-1024: {:student_id=>"161-15-1024", :student_name=>"MD. Sufi Ahmed Hamim", :campus_name=>"DSC", :batch_no=>43, :program_short_name=>"B.Sc. in CSE", :department_short_name=>"CSE", :faculty_short_name=>"FSIT", :shift=>"MORNING"}
[15-06-2022 00:24:52]: (INFO) => 191-15-1024: {:student_id=>"191-15-1024", :student_name=>"Apon Tarannum Reza", :campus_name=>"Uttara", :batch_no=>52, :program_short_name=>"B.Sc. in CSE", :department_short_name=>"CSE", :faculty_short_name=>"FSIT", :shift=>"MORNING"}
[15-06-2022 00:24:53]: (INFO) => 161-15-1025: {:student_id=>"161-15-1025", :student_name=>"MD. Deloar Hossain", :campus_name=>"DSC", :batch_no=>43, :program_short_name=>"B.Sc. in CSE", :department_short_name=>"CSE", :faculty_short_name=>"FSIT", :shift=>"MORNING"}
[15-06-2022 00:24:54]: (INFO) => 191-15-1025: {:student_id=>"191-15-1025", :student_name=>"Afia Mariam", :campus_name=>"Uttara", :batch_no=>52, :program_short_name=>"B.Sc. in CSE", :department_short_name=>"CSE", :faculty_short_name=>"FSIT", :shift=>"MORNING"}
[15-06-2022 00:24:56]: (INFO) => 161-15-1026: {:student_id=>"161-15-1026", :student_name=>"Sabiha Afrin", :campus_name=>"DSC", :batch_no=>43, :program_short_name=>"B.Sc. in CSE", :department_short_name=>"CSE", :faculty_short_name=>"FSIT", :shift=>"MORNING"}
[15-06-2022 00:24:57]: (INFO) => 191-15-1026: {:student_id=>"191-15-1026", :student_name=>"Md. Yasin Arafat", :campus_name=>"Uttara", :batch_no=>52, :program_short_name=>"B.Sc. in CSE", :department_short_name=>"CSE", :faculty_short_name=>"FSIT", :shift=>"MORNING"}
[15-06-2022 00:24:59]: (INFO) => 161-15-1027: {:student_id=>"161-15-1027", :student_name=>"Shamsuddin Ahmed ", :campus_name=>"DSC", :batch_no=>43, :program_short_name=>"B.Sc. in CSE", :department_short_name=>"CSE", :faculty_short_name=>"FSIT", :shift=>"MORNING"}
[15-06-2022 00:25:00]: (INFO) => 191-15-1027: {:student_id=>"191-15-1027", :student_name=>"Md. Ibrahim", :campus_name=>"Uttara", :batch_no=>52, :program_short_name=>"B.Sc. in CSE", :department_short_name=>"CSE", :faculty_short_name=>"FSIT", :shift=>"MORNING"}
[15-06-2022 00:25:02]: (INFO) => 162-15-1028: {:student_id=>"162-15-1028", :student_name=>"Md. Abdullah Al Mamun", :campus_name=>"DSC", :batch_no=>44, :program_short_name=>"B.Sc. in CSE", :department_short_name=>"CSE", :faculty_short_name=>"FSIT", :shift=>"MORNING"}
[15-06-2022 00:25:02]: (INFO) => 191-15-1028: {:student_id=>"191-15-1028", :student_name=>"Mazidul Tafsir Akash", :campus_name=>"Uttara", :batch_no=>52, :program_short_name=>"B.Sc. in CSE", :department_short_name=>"CSE", :faculty_short_name=>"FSIT", :shift=>"MORNING"}
[15-06-2022 00:25:04]: (INFO) => 162-15-1029: {:student_id=>"162-15-1029", :student_name=>"S. M. Shadul Islam Rishad", :campus_name=>"DSC", :batch_no=>44, :program_short_name=>"B.Sc. in CSE", :department_short_name=>"CSE", :faculty_short_name=>"FSIT", :shift=>"MORNING"}
[15-06-2022 00:25:05]: (INFO) => 191-15-1029: {:student_id=>"191-15-1029", :student_name=>"Mahin Ahmed", :campus_name=>"Uttara", :batch_no=>52, :program_short_name=>"B.Sc. in CSE", :department_short_name=>"CSE", :faculty_short_name=>"FSIT", :shift=>"MORNING"}
[15-06-2022 00:25:07]: (INFO) => 162-15-1030: {:student_id=>"162-15-1030", :student_name=>"Anirban Mazumder", :campus_name=>"DSC", :batch_no=>44, :program_short_name=>"B.Sc. in CSE", :department_short_name=>"CSE", :faculty_short_name=>"FSIT", :shift=>"MORNING"}
[15-06-2022 00:25:08]: (INFO) => 191-15-1030: {:student_id=>"191-15-1030", :student_name=>"Mahmuda Akter Lopa", :campus_name=>"Uttara", :batch_no=>52, :program_short_name=>"B.Sc. in CSE", :department_short_name=>"CSE", :faculty_short_name=>"FSIT", :shift=>"MORNING"}
[15-06-2022 00:25:10]: (INFO) => 162-15-1031: {:student_id=>"162-15-1031", :student_name=>"MD Rashed Chowdhury", :campus_name=>"DSC", :batch_no=>44, :program_short_name=>"B.Sc. in CSE", :department_short_name=>"CSE", :faculty_short_name=>"FSIT", :shift=>"MORNING"}
[15-06-2022 00:25:11]: (INFO) => 191-15-1031: {:student_id=>"191-15-1031", :student_name=>"Nusrat Alam", :campus_name=>"Uttara", :batch_no=>52, :program_short_name=>"B.Sc. in CSE", :department_short_name=>"CSE", :faculty_short_name=>"FSIT", :shift=>"MORNING"}
[15-06-2022 00:25:13]: (INFO) => 162-15-1032: {:student_id=>"162-15-1032", :student_name=>"Md. Hashibur Rahman Anik", :campus_name=>"DSC", :batch_no=>44, :program_short_name=>"B.Sc. in CSE", :department_short_name=>"CSE", :faculty_short_name=>"FSIT", :shift=>"MORNING"}
[15-06-2022 00:25:14]: (INFO) => 191-15-1032: {:student_id=>"191-15-1032", :student_name=>"Faria Mozumder Fozia", :campus_name=>"Uttara", :batch_no=>52, :program_short_name=>"B.Sc. in CSE", :department_short_name=>"CSE", :faculty_short_name=>"FSIT", :shift=>"MORNING"}
[15-06-2022 00:25:15]: (INFO) => 162-15-1033: {:student_id=>"162-15-1033", :student_name=>"MD Azadur Rahman", :campus_name=>"DSC", :batch_no=>44, :program_short_name=>"B.Sc. in CSE", :department_short_name=>"CSE", :faculty_short_name=>"FSIT", :shift=>"MORNING"}
[15-06-2022 00:25:15]: (INFO) => 191-15-1033: {:student_id=>"191-15-1033", :student_name=>"Ridwanul Haque", :campus_name=>"Uttara", :batch_no=>52, :program_short_name=>"B.Sc. in CSE", :department_short_name=>"CSE", :faculty_short_name=>"FSIT", :shift=>"MORNING"}
[15-06-2022 00:25:17]: (INFO) => 162-15-1034: {:student_id=>"162-15-1034", :student_name=>"Rakib Shaik", :campus_name=>"DSC", :batch_no=>44, :program_short_name=>"B.Sc. in CSE", :department_short_name=>"CSE", :faculty_short_name=>"FSIT", :shift=>"MORNING"}
[15-06-2022 00:25:17]: (INFO) => 191-15-1034: {:student_id=>"191-15-1034", :student_name=>"Abdul Kaium Salman", :campus_name=>"Uttara", :batch_no=>52, :program_short_name=>"B.Sc. in CSE", :department_short_name=>"CSE", :faculty_short_name=>"FSIT", :shift=>"MORNING"}
[15-06-2022 00:25:19]: (INFO) => 162-15-1035: {:student_id=>"162-15-1035", :student_name=>"Tirtha Chandra Dev", :campus_name=>"DSC", :batch_no=>44, :program_short_name=>"B.Sc. in CSE", :department_short_name=>"CSE", :faculty_short_name=>"FSIT", :shift=>"MORNING"}
[15-06-2022 00:25:20]: (INFO) => 191-15-1035: {:student_id=>"191-15-1035", :student_name=>"Shawon Nag", :campus_name=>"Uttara", :batch_no=>52, :program_short_name=>"B.Sc. in CSE", :department_short_name=>"CSE", :faculty_short_name=>"FSIT", :shift=>"MORNING"}
[15-06-2022 00:25:22]: (INFO) => 162-15-1036: {:student_id=>"162-15-1036", :student_name=>"Sumayyah Binte Masud", :campus_name=>"DSC", :batch_no=>44, :program_short_name=>"B.Sc. in CSE", :department_short_name=>"CSE", :faculty_short_name=>"FSIT", :shift=>"MORNING"}
[15-06-2022 00:25:22]: (INFO) => 191-15-1036: {:student_id=>"191-15-1036", :student_name=>"Sharmin Akter Shonia ", :campus_name=>"Uttara", :batch_no=>52, :program_short_name=>"B.Sc. in CSE", :department_short_name=>"CSE", :faculty_short_name=>"FSIT", :shift=>"MORNING"}
[15-06-2022 00:25:24]: (INFO) => 162-15-1037: {:student_id=>"162-15-1037", :student_name=>"Md. Yeasin Hossain Imran", :campus_name=>"DSC", :batch_no=>44, :program_short_name=>"B.Sc. in CSE", :department_short_name=>"CSE", :faculty_short_name=>"FSIT", :shift=>"MORNING"}
[15-06-2022 00:25:24]: (INFO) => 191-15-1037: {:student_id=>"191-15-1037", :student_name=>"Md. Shimul Islam Sabbir", :campus_name=>"Uttara", :batch_no=>52, :program_short_name=>"B.Sc. in CSE", :department_short_name=>"CSE", :faculty_short_name=>"FSIT", :shift=>"MORNING"}
[15-06-2022 00:25:26]: (INFO) => 162-15-1038: {:student_id=>"162-15-1038", :student_name=>"Md. Asaduzzaman", :campus_name=>"DSC", :batch_no=>44, :program_short_name=>"B.Sc. in CSE", :department_short_name=>"CSE", :faculty_short_name=>"FSIT", :shift=>"MORNING"}
[15-06-2022 00:25:26]: (INFO) => 191-15-1038: {:student_id=>"191-15-1038", :student_name=>"Md. Hridoy Hasan Rabbi", :campus_name=>"Uttara", :batch_no=>52, :program_short_name=>"B.Sc. in CSE", :department_short_name=>"CSE", :faculty_short_name=>"FSIT", :shift=>"MORNING"}
[15-06-2022 00:25:28]: (INFO) => 162-15-1039: {:student_id=>"162-15-1039", :student_name=>"Md. Shapon Molla", :campus_name=>"DSC", :batch_no=>44, :program_short_name=>"B.Sc. in CSE", :department_short_name=>"CSE", :faculty_short_name=>"FSIT", :shift=>"MORNING"}
[15-06-2022 00:25:28]: (INFO) => 191-15-1039: {:student_id=>"191-15-1039", :student_name=>"Fazlul Hoque Robin", :campus_name=>"Uttara", :batch_no=>52, :program_short_name=>"B.Sc. in CSE", :department_short_name=>"CSE", :faculty_short_name=>"FSIT", :shift=>"MORNING"}
[15-06-2022 00:25:30]: (INFO) => 162-15-1040: {:student_id=>"162-15-1040", :student_name=>"Shakilur Rahman Shuvo", :campus_name=>"DSC", :batch_no=>44, :program_short_name=>"B.Sc. in CSE", :department_short_name=>"CSE", :faculty_short_name=>"FSIT", :shift=>"MORNING"}
[15-06-2022 00:25:31]: (INFO) => 191-15-1040: {:student_id=>"191-15-1040", :student_name=>"Saiful Islam", :campus_name=>"Uttara", :batch_no=>52, :program_short_name=>"B.Sc. in CSE", :department_short_name=>"CSE", :faculty_short_name=>"FSIT", :shift=>"MORNING"}
[15-06-2022 00:25:32]: (INFO) => 162-15-1041: {:student_id=>"162-15-1041", :student_name=>"Md. Hasan Haider", :campus_name=>"DSC", :batch_no=>44, :program_short_name=>"B.Sc. in CSE", :department_short_name=>"CSE", :faculty_short_name=>"FSIT", :shift=>"MORNING"}
[15-06-2022 00:25:33]: (INFO) => 191-15-1041: {:student_id=>"191-15-1041", :student_name=>"Md. Al Ayat Ibna Rahman", :campus_name=>"Uttara", :batch_no=>52, :program_short_name=>"B.Sc. in CSE", :department_short_name=>"CSE", :faculty_short_name=>"FSIT", :shift=>"MORNING"}
[15-06-2022 00:25:35]: (INFO) => 162-15-1042: {:student_id=>"162-15-1042", :student_name=>"Syed Abdul Alim Sagor", :campus_name=>"DSC", :batch_no=>44, :program_short_name=>"B.Sc. in CSE", :department_short_name=>"CSE", :faculty_short_name=>"FSIT", :shift=>"MORNING"}
[15-06-2022 00:25:36]: (INFO) => 191-15-1042: {:student_id=>"191-15-1042", :student_name=>"Md. Shamim Reza ", :campus_name=>"Uttara", :batch_no=>52, :program_short_name=>"B.Sc. in CSE", :department_short_name=>"CSE", :faculty_short_name=>"FSIT", :shift=>"MORNING"}
[15-06-2022 00:25:38]: (INFO) => 162-15-1043: {:student_id=>"162-15-1043", :student_name=>"K.M Salman Hossain", :campus_name=>"DSC", :batch_no=>44, :program_short_name=>"B.Sc. in CSE", :department_short_name=>"CSE", :faculty_short_name=>"FSIT", :shift=>"MORNING"}
[15-06-2022 00:25:39]: (INFO) => 191-15-1043: {:student_id=>"191-15-1043", :student_name=>"Abdullah -al- Hasan", :campus_name=>"Uttara", :batch_no=>52, :program_short_name=>"B.Sc. in CSE", :department_short_name=>"CSE", :faculty_short_name=>"FSIT", :shift=>"MORNING"}
