# Logfile created on 2022-06-26 11:59:15 +0600 by logger.rb/v1.5.1
[26-06-2022 11:59:15]: (INFO) => 161-15-967: {:student_id=>"161-15-967", :student_name=>"Md. Mahbub-Al-Hasan", :campus_name=>"DSC", :batch_no=>43, :program_short_name=>"B.Sc. in CSE", :department_short_name=>"CSE", :faculty_short_name=>"FSIT", :shift=>"MORNING"}
[26-06-2022 11:59:16]: (INFO) => 181-15-967: {:student_id=>"181-15-967", :student_name=>"Md. Faisal Hossain Sojib", :campus_name=>"Uttara", :batch_no=>49, :program_short_name=>"B.Sc. in CSE", :department_short_name=>"CSE", :faculty_short_name=>"FSIT", :shift=>"MORNING"}
[26-06-2022 11:59:21]: (INFO) => 161-15-968: {:student_id=>"161-15-968", :student_name=>"Rony Chowdhory", :campus_name=>"DSC", :batch_no=>43, :program_short_name=>"B.Sc. in CSE", :department_short_name=>"CSE", :faculty_short_name=>"FSIT", :shift=>"MORNING"}
[26-06-2022 11:59:22]: (INFO) => 181-15-968: {:student_id=>"181-15-968", :student_name=>"Rokaya Akter Taiyaba", :campus_name=>"Uttara", :batch_no=>49, :program_short_name=>"B.Sc. in CSE", :department_short_name=>"CSE", :faculty_short_name=>"FSIT", :shift=>"MORNING"}
[26-06-2022 11:59:25]: (INFO) => 161-15-969: {:student_id=>"161-15-969", :student_name=>"Jeromio Ghagra Calvin", :campus_name=>"DSC", :batch_no=>43, :program_short_name=>"B.Sc. in CSE", :department_short_name=>"CSE", :faculty_short_name=>"FSIT", :shift=>"MORNING"}
[26-06-2022 11:59:26]: (INFO) => 181-15-969: {:student_id=>"181-15-969", :student_name=>"Shouravi Akter Maisha", :campus_name=>"Uttara", :batch_no=>49, :program_short_name=>"B.Sc. in CSE", :department_short_name=>"CSE", :faculty_short_name=>"FSIT", :shift=>"MORNING"}
[26-06-2022 11:59:29]: (INFO) => 161-15-970: {:student_id=>"161-15-970", :student_name=>"Md. Mehedi Hasan", :campus_name=>"DSC", :batch_no=>43, :program_short_name=>"B.Sc. in CSE", :department_short_name=>"CSE", :faculty_short_name=>"FSIT", :shift=>"MORNING"}
[26-06-2022 11:59:30]: (INFO) => 181-15-970: {:student_id=>"181-15-970", :student_name=>"K.M. Naiem", :campus_name=>"Uttara", :batch_no=>49, :program_short_name=>"B.Sc. in CSE", :department_short_name=>"CSE", :faculty_short_name=>"FSIT", :shift=>"MORNING"}
[26-06-2022 11:59:43]: (INFO) => 161-15-971: {:student_id=>"161-15-971", :student_name=>"Bishnupodo Das Kakon", :campus_name=>"DSC", :batch_no=>43, :program_short_name=>"B.Sc. in CSE", :department_short_name=>"CSE", :faculty_short_name=>"FSIT", :shift=>"MORNING"}
[26-06-2022 11:59:45]: (INFO) => 181-15-971: {:student_id=>"181-15-971", :student_name=>"Jannatul Ferdousi Dristy", :campus_name=>"Uttara", :batch_no=>49, :program_short_name=>"B.Sc. in CSE", :department_short_name=>"CSE", :faculty_short_name=>"FSIT", :shift=>"MORNING"}
[26-06-2022 12:00:00]: (INFO) => 161-15-972: {:student_id=>"161-15-972", :student_name=>"Md. Belal Hossain Akash", :campus_name=>"DSC", :batch_no=>43, :program_short_name=>"B.Sc. in CSE", :department_short_name=>"CSE", :faculty_short_name=>"FSIT", :shift=>"MORNING"}
[26-06-2022 12:00:01]: (INFO) => 181-15-972: {:student_id=>"181-15-972", :student_name=>"Umme Musfica Arman", :campus_name=>"Uttara", :batch_no=>49, :program_short_name=>"B.Sc. in CSE", :department_short_name=>"CSE", :faculty_short_name=>"FSIT", :shift=>"MORNING"}
[26-06-2022 12:00:05]: (INFO) => 161-15-973: {:student_id=>"161-15-973", :student_name=>"Sharmin Akter Sharna", :campus_name=>"DSC", :batch_no=>43, :program_short_name=>"B.Sc. in CSE", :department_short_name=>"CSE", :faculty_short_name=>"FSIT", :shift=>"MORNING"}
[26-06-2022 12:00:06]: (INFO) => 181-15-973: {:student_id=>"181-15-973", :student_name=>"Abdulla Al Masud Polash", :campus_name=>"Uttara", :batch_no=>49, :program_short_name=>"B.Sc. in CSE", :department_short_name=>"CSE", :faculty_short_name=>"FSIT", :shift=>"MORNING"}
[26-06-2022 12:00:11]: (INFO) => 161-15-974: {:student_id=>"161-15-974", :student_name=>"Md. Ahosan Habib", :campus_name=>"DSC", :batch_no=>43, :program_short_name=>"B.Sc. in CSE", :department_short_name=>"CSE", :faculty_short_name=>"FSIT", :shift=>"MORNING"}
[26-06-2022 12:00:13]: (INFO) => 181-15-974: {:student_id=>"181-15-974", :student_name=>"Mst. Tajrin Mowria", :campus_name=>"Uttara", :batch_no=>49, :program_short_name=>"B.Sc. in CSE", :department_short_name=>"CSE", :faculty_short_name=>"FSIT", :shift=>"MORNING"}
[26-06-2022 12:00:17]: (INFO) => 161-15-975: {:student_id=>"161-15-975", :student_name=>"Md Ahsan habib", :campus_name=>"DSC", :batch_no=>43, :program_short_name=>"B.Sc. in CSE", :department_short_name=>"CSE", :faculty_short_name=>"FSIT", :shift=>"MORNING"}
[26-06-2022 12:00:18]: (INFO) => 181-15-975: {:student_id=>"181-15-975", :student_name=>"Saiful Islam Adnan", :campus_name=>"Uttara", :batch_no=>49, :program_short_name=>"B.Sc. in CSE", :department_short_name=>"CSE", :faculty_short_name=>"FSIT", :shift=>"MORNING"}
[26-06-2022 12:00:22]: (INFO) => 161-15-976: {:student_id=>"161-15-976", :student_name=>"Abdulla-Al-Noman", :campus_name=>"DSC", :batch_no=>43, :program_short_name=>"B.Sc. in CSE", :department_short_name=>"CSE", :faculty_short_name=>"FSIT", :shift=>"MORNING"}
[26-06-2022 12:00:24]: (INFO) => 181-15-976: {:student_id=>"181-15-976", :student_name=>"Firoj Mahmud", :campus_name=>"Uttara", :batch_no=>49, :program_short_name=>"B.Sc. in CSE", :department_short_name=>"CSE", :faculty_short_name=>"FSIT", :shift=>"MORNING"}
[26-06-2022 12:00:30]: (INFO) => 161-15-977: {:student_id=>"161-15-977", :student_name=>"Sujit Kumar Sarkar", :campus_name=>"DSC", :batch_no=>43, :program_short_name=>"B.Sc. in CSE", :department_short_name=>"CSE", :faculty_short_name=>"FSIT", :shift=>"MORNING"}
[26-06-2022 12:00:38]: (INFO) => 181-15-977: {:student_id=>"181-15-977", :student_name=>"Md. Monjurul Islam", :campus_name=>"Uttara", :batch_no=>49, :program_short_name=>"B.Sc. in CSE", :department_short_name=>"CSE", :faculty_short_name=>"FSIT", :shift=>"MORNING"}
[26-06-2022 12:00:49]: (INFO) => 161-15-978: {:student_id=>"161-15-978", :student_name=>"Tonny Akter", :campus_name=>"DSC", :batch_no=>43, :program_short_name=>"B.Sc. in CSE", :department_short_name=>"CSE", :faculty_short_name=>"FSIT", :shift=>"MORNING"}
[26-06-2022 12:00:54]: (INFO) => 181-15-978: {:student_id=>"181-15-978", :student_name=>"Mohammad Fahim Firoz", :campus_name=>"Uttara", :batch_no=>49, :program_short_name=>"B.Sc. in CSE", :department_short_name=>"CSE", :faculty_short_name=>"FSIT", :shift=>"MORNING"}
[26-06-2022 12:01:00]: (INFO) => 161-15-979: {:student_id=>"161-15-979", :student_name=>"Rejoanul Karim Rafi", :campus_name=>"DSC", :batch_no=>43, :program_short_name=>"B.Sc. in CSE", :department_short_name=>"CSE", :faculty_short_name=>"FSIT", :shift=>"MORNING"}
[26-06-2022 12:01:08]: (INFO) => 181-15-979: {:student_id=>"181-15-979", :student_name=>"Md. Atik Foyshal Sakib", :campus_name=>"Uttara", :batch_no=>49, :program_short_name=>"B.Sc. in CSE", :department_short_name=>"CSE", :faculty_short_name=>"FSIT", :shift=>"MORNING"}
[26-06-2022 12:01:15]: (INFO) => 161-15-980: {:student_id=>"161-15-980", :student_name=>"Abdul Halim", :campus_name=>"DSC", :batch_no=>43, :program_short_name=>"B.Sc. in CSE", :department_short_name=>"CSE", :faculty_short_name=>"FSIT", :shift=>"MORNING"}
[26-06-2022 12:01:16]: (INFO) => 181-15-980: {:student_id=>"181-15-980", :student_name=>"Jannatun Naim", :campus_name=>"Uttara", :batch_no=>49, :program_short_name=>"B.Sc. in CSE", :department_short_name=>"CSE", :faculty_short_name=>"FSIT", :shift=>"MORNING"}
[26-06-2022 12:01:21]: (INFO) => 161-15-981: {:student_id=>"161-15-981", :student_name=>"K. M. Waliullah", :campus_name=>"DSC", :batch_no=>43, :program_short_name=>"B.Sc. in CSE", :department_short_name=>"CSE", :faculty_short_name=>"FSIT", :shift=>"MORNING"}
[26-06-2022 12:01:22]: (INFO) => 182-15-981: {:student_id=>"182-15-981", :student_name=>"Marzia Binte Muztaba", :campus_name=>"Uttara", :batch_no=>50, :program_short_name=>"B.Sc. in CSE", :department_short_name=>"CSE", :faculty_short_name=>"FSIT", :shift=>"MORNING"}
[26-06-2022 12:01:27]: (INFO) => 161-15-982: {:student_id=>"161-15-982", :student_name=>"Sadia Afrin Setu", :campus_name=>"DSC", :batch_no=>43, :program_short_name=>"B.Sc. in CSE", :department_short_name=>"CSE", :faculty_short_name=>"FSIT", :shift=>"MORNING"}
[26-06-2022 12:01:29]: (INFO) => 182-15-982: {:student_id=>"182-15-982", :student_name=>"Kaniz Fatema Urmee", :campus_name=>"Uttara", :batch_no=>50, :program_short_name=>"B.Sc. in CSE", :department_short_name=>"CSE", :faculty_short_name=>"FSIT", :shift=>"MORNING"}
[26-06-2022 12:01:38]: (INFO) => 161-15-983: {:student_id=>"161-15-983", :student_name=>"Shirin Akter", :campus_name=>"DSC", :batch_no=>43, :program_short_name=>"B.Sc. in CSE", :department_short_name=>"CSE", :faculty_short_name=>"FSIT", :shift=>"MORNING"}
[26-06-2022 12:01:55]: (INFO) => 182-15-983: {:student_id=>"182-15-983", :student_name=>"Ebnath Umayra", :campus_name=>"Uttara", :batch_no=>50, :program_short_name=>"B.Sc. in CSE", :department_short_name=>"CSE", :faculty_short_name=>"FSIT", :shift=>"MORNING"}
[26-06-2022 12:02:11]: (INFO) => 161-15-984: {:student_id=>"161-15-984", :student_name=>"Pranto Debnath", :campus_name=>"DSC", :batch_no=>43, :program_short_name=>"B.Sc. in CSE", :department_short_name=>"CSE", :faculty_short_name=>"FSIT", :shift=>"MORNING"}
[26-06-2022 12:02:13]: (INFO) => 182-15-984: {:student_id=>"182-15-984", :student_name=>"Nishat Tasnim Nabila", :campus_name=>"Uttara", :batch_no=>50, :program_short_name=>"B.Sc. in CSE", :department_short_name=>"CSE", :faculty_short_name=>"FSIT", :shift=>"MORNING"}
[26-06-2022 12:02:20]: (INFO) => 161-15-985: {:student_id=>"161-15-985", :student_name=>"Mehedi Hasan Mamun", :campus_name=>"DSC", :batch_no=>43, :program_short_name=>"B.Sc. in CSE", :department_short_name=>"CSE", :faculty_short_name=>"FSIT", :shift=>"MORNING"}
[26-06-2022 12:02:23]: (INFO) => 182-15-985: {:student_id=>"182-15-985", :student_name=>"Md. Amtazul Habib Sazal", :campus_name=>"Uttara", :batch_no=>50, :program_short_name=>"B.Sc. in CSE", :department_short_name=>"CSE", :faculty_short_name=>"FSIT", :shift=>"MORNING"}
[26-06-2022 12:02:29]: (INFO) => 161-15-986: {:student_id=>"161-15-986", :student_name=>"Sadia Akter", :campus_name=>"City Campus", :batch_no=>43, :program_short_name=>"B.Sc. in CSE", :department_short_name=>"CSE", :faculty_short_name=>"FSIT", :shift=>"MORNING"}
[26-06-2022 12:02:31]: (INFO) => 182-15-986: {:student_id=>"182-15-986", :student_name=>"Silvy Ahamed", :campus_name=>"Uttara", :batch_no=>50, :program_short_name=>"B.Sc. in CSE", :department_short_name=>"CSE", :faculty_short_name=>"FSIT", :shift=>"MORNING"}
[26-06-2022 12:02:47]: (INFO) => 161-15-987: {:student_id=>"161-15-987", :student_name=>"Md. Ashiqul Islam Shajal", :campus_name=>"DSC", :batch_no=>43, :program_short_name=>"B.Sc. in CSE", :department_short_name=>"CSE", :faculty_short_name=>"FSIT", :shift=>"MORNING"}
[26-06-2022 12:02:51]: (INFO) => 182-15-987: {:student_id=>"182-15-987", :student_name=>"Nafiu Al Mohaiminul Foysal", :campus_name=>"Uttara", :batch_no=>50, :program_short_name=>"B.Sc. in CSE", :department_short_name=>"CSE", :faculty_short_name=>"FSIT", :shift=>"MORNING"}
[26-06-2022 12:02:54]: (INFO) => 161-15-988: {:student_id=>"161-15-988", :student_name=>"Abu Bakar Siddiki", :campus_name=>"DSC", :batch_no=>43, :program_short_name=>"B.Sc. in CSE", :department_short_name=>"CSE", :faculty_short_name=>"FSIT", :shift=>"MORNING"}
[26-06-2022 12:02:56]: (INFO) => 182-15-988: {:student_id=>"182-15-988", :student_name=>"Rizuhana Khanam Shefa ", :campus_name=>"Uttara", :batch_no=>50, :program_short_name=>"B.Sc. in CSE", :department_short_name=>"CSE", :faculty_short_name=>"FSIT", :shift=>"MORNING"}
[26-06-2022 12:03:02]: (INFO) => 161-15-989: {:student_id=>"161-15-989", :student_name=>"Md. Ibnul Hasan", :campus_name=>"DSC", :batch_no=>43, :program_short_name=>"B.Sc. in CSE", :department_short_name=>"CSE", :faculty_short_name=>"FSIT", :shift=>"MORNING"}
[26-06-2022 12:03:03]: (INFO) => 182-15-989: {:student_id=>"182-15-989", :student_name=>"Md. Sabbir Hossain Sifat", :campus_name=>"Uttara", :batch_no=>50, :program_short_name=>"B.Sc. in CSE", :department_short_name=>"CSE", :faculty_short_name=>"FSIT", :shift=>"MORNING"}
[26-06-2022 12:03:07]: (INFO) => 161-15-990: {:student_id=>"161-15-990", :student_name=>"Hasib Rahman", :campus_name=>"DSC", :batch_no=>43, :program_short_name=>"B.Sc. in CSE", :department_short_name=>"CSE", :faculty_short_name=>"FSIT", :shift=>"MORNING"}
[26-06-2022 12:03:09]: (INFO) => 182-15-990: {:student_id=>"182-15-990", :student_name=>"Md. Shajibur Rahman Bappy", :campus_name=>"Uttara", :batch_no=>50, :program_short_name=>"B.Sc. in CSE", :department_short_name=>"CSE", :faculty_short_name=>"FSIT", :shift=>"MORNING"}
[26-06-2022 12:03:14]: (INFO) => 161-15-991: {:student_id=>"161-15-991", :student_name=>"Md. Shamim-Al-Deen", :campus_name=>"DSC", :batch_no=>43, :program_short_name=>"B.Sc. in CSE", :department_short_name=>"CSE", :faculty_short_name=>"FSIT", :shift=>"MORNING"}
[26-06-2022 12:03:15]: (INFO) => 182-15-991: {:student_id=>"182-15-991", :student_name=>"Shah Efte Sam Alam", :campus_name=>"Uttara", :batch_no=>50, :program_short_name=>"B.Sc. in CSE", :department_short_name=>"CSE", :faculty_short_name=>"FSIT", :shift=>"MORNING"}
[26-06-2022 12:03:17]: (INFO) => 161-15-992: {:student_id=>"161-15-992", :student_name=>"Dip Baidya", :campus_name=>"DSC", :batch_no=>43, :program_short_name=>"B.Sc. in CSE", :department_short_name=>"CSE", :faculty_short_name=>"FSIT", :shift=>"MORNING"}
[26-06-2022 12:03:17]: (INFO) => 182-15-992: {:student_id=>"182-15-992", :student_name=>"Md. Mamun Hossain", :campus_name=>"Uttara", :batch_no=>50, :program_short_name=>"B.Sc. in CSE", :department_short_name=>"CSE", :faculty_short_name=>"FSIT", :shift=>"MORNING"}
[26-06-2022 12:03:20]: (INFO) => 161-15-993: {:student_id=>"161-15-993", :student_name=>"Hasib Akon", :campus_name=>"DSC", :batch_no=>43, :program_short_name=>"B.Sc. in CSE", :department_short_name=>"CSE", :faculty_short_name=>"FSIT", :shift=>"MORNING"}
[26-06-2022 12:03:21]: (INFO) => 182-15-993: {:student_id=>"182-15-993", :student_name=>"Azlina Tanha ", :campus_name=>"Uttara", :batch_no=>50, :program_short_name=>"B.Sc. in CSE", :department_short_name=>"CSE", :faculty_short_name=>"FSIT", :shift=>"MORNING"}
[26-06-2022 12:03:24]: (INFO) => 161-15-994: {:student_id=>"161-15-994", :student_name=>"Abdul Kayum Parvej", :campus_name=>"DSC", :batch_no=>43, :program_short_name=>"B.Sc. in CSE", :department_short_name=>"CSE", :faculty_short_name=>"FSIT", :shift=>"MORNING"}
[26-06-2022 12:03:26]: (INFO) => 182-15-994: {:student_id=>"182-15-994", :student_name=>"Saraf Binte Sarwar", :campus_name=>"Uttara", :batch_no=>50, :program_short_name=>"B.Sc. in CSE", :department_short_name=>"CSE", :faculty_short_name=>"FSIT", :shift=>"MORNING"}
[26-06-2022 12:03:59]: (INFO) => 161-15-995: {:student_id=>"161-15-995", :student_name=>"Mahmudul Hasan", :campus_name=>"DSC", :batch_no=>43, :program_short_name=>"B.Sc. in CSE", :department_short_name=>"CSE", :faculty_short_name=>"FSIT", :shift=>"MORNING"}
[26-06-2022 12:04:00]: (INFO) => 182-15-995: {:student_id=>"182-15-995", :student_name=>"Shoaib Ahmed Shawon", :campus_name=>"Uttara", :batch_no=>50, :program_short_name=>"B.Sc. in CSE", :department_short_name=>"CSE", :faculty_short_name=>"FSIT", :shift=>"MORNING"}
[26-06-2022 12:04:02]: (INFO) => 161-15-996: {:student_id=>"161-15-996", :student_name=>"Md. Sakib Hossain", :campus_name=>"DSC", :batch_no=>43, :program_short_name=>"B.Sc. in CSE", :department_short_name=>"CSE", :faculty_short_name=>"FSIT", :shift=>"MORNING"}
[26-06-2022 12:04:04]: (INFO) => 182-15-996: {:student_id=>"182-15-996", :student_name=>"Rakibul Hossan Robin", :campus_name=>"Uttara", :batch_no=>50, :program_short_name=>"B.Sc. in CSE", :department_short_name=>"CSE", :faculty_short_name=>"FSIT", :shift=>"MORNING"}
[26-06-2022 12:04:08]: (INFO) => 161-15-997: {:student_id=>"161-15-997", :student_name=>"Ehotyshamull Joy", :campus_name=>"DSC", :batch_no=>43, :program_short_name=>"B.Sc. in CSE", :department_short_name=>"CSE", :faculty_short_name=>"FSIT", :shift=>"MORNING"}
[26-06-2022 12:04:10]: (INFO) => 183-15-997: {:student_id=>"183-15-997", :student_name=>"Md. Enamul Haque", :campus_name=>"Uttara", :batch_no=>51, :program_short_name=>"B.Sc. in CSE", :department_short_name=>"CSE", :faculty_short_name=>"FSIT", :shift=>"MORNING"}
[26-06-2022 12:04:13]: (INFO) => 161-15-998: {:student_id=>"161-15-998", :student_name=>"Md. Hasibul Haque", :campus_name=>"DSC", :batch_no=>43, :program_short_name=>"B.Sc. in CSE", :department_short_name=>"CSE", :faculty_short_name=>"FSIT", :shift=>"MORNING"}
[26-06-2022 12:04:14]: (INFO) => 183-15-998: {:student_id=>"183-15-998", :student_name=>"Salim Sadman Wasique", :campus_name=>"Uttara", :batch_no=>51, :program_short_name=>"B.Sc. in CSE", :department_short_name=>"CSE", :faculty_short_name=>"FSIT", :shift=>"MORNING"}
[26-06-2022 12:04:18]: (INFO) => 161-15-999: {:student_id=>"161-15-999", :student_name=>"Md .Sadiqur  Rahman ", :campus_name=>"DSC", :batch_no=>43, :program_short_name=>"B.Sc. in CSE", :department_short_name=>"CSE", :faculty_short_name=>"FSIT", :shift=>"MORNING"}
[26-06-2022 12:04:20]: (INFO) => 183-15-999: {:student_id=>"183-15-999", :student_name=>"Md. Mehedi Hasan", :campus_name=>"Uttara", :batch_no=>51, :program_short_name=>"B.Sc. in CSE", :department_short_name=>"CSE", :faculty_short_name=>"FSIT", :shift=>"MORNING"}
[26-06-2022 12:08:35]: (INFO) => 161-15-1000: {:student_id=>"161-15-1000", :student_name=>"Salman Mohammad Abdullah", :campus_name=>"DSC", :batch_no=>43, :program_short_name=>"B.Sc. in CSE", :department_short_name=>"CSE", :faculty_short_name=>"FSIT", :shift=>"MORNING"}
[26-06-2022 12:08:36]: (INFO) => 183-15-1000: {:student_id=>"183-15-1000", :student_name=>"Kawsar Sikder", :campus_name=>"Uttara", :batch_no=>51, :program_short_name=>"B.Sc. in CSE", :department_short_name=>"CSE", :faculty_short_name=>"FSIT", :shift=>"MORNING"}
