# Logfile created on 2022-06-15 12:08:40 +0600 by logger.rb/v1.4.2
[15-06-2022 12:08:42]: (INFO) => 171-15-1498: {:student_id=>"171-15-1498", :student_name=>"Abdullah Al Sharif", :campus_name=>"DSC", :batch_no=>46, :program_short_name=>"B.Sc. in CSE", :department_short_name=>"CSE", :faculty_short_name=>"FSIT", :shift=>"MORNING"}
[15-06-2022 12:08:46]: (INFO) => 171-15-1499: {:student_id=>"171-15-1499", :student_name=>"Jahid Hassan", :campus_name=>"DSC", :batch_no=>46, :program_short_name=>"B.Sc. in CSE", :department_short_name=>"CSE", :faculty_short_name=>"FSIT", :shift=>"MORNING"}
[15-06-2022 12:08:51]: (INFO) => 171-15-1500: {:student_id=>"171-15-1500", :student_name=>"Mahmudul Islam Shakil", :campus_name=>"DSC", :batch_no=>46, :program_short_name=>"B.Sc. in CSE", :department_short_name=>"CSE", :faculty_short_name=>"FSIT", :shift=>"MORNING"}
[15-06-2022 12:08:57]: (INFO) => 171-15-1501: {:student_id=>"171-15-1501", :student_name=>"Md. Anik Hassan Jony", :campus_name=>"DSC", :batch_no=>46, :program_short_name=>"B.Sc. in CSE", :department_short_name=>"CSE", :faculty_short_name=>"FSIT", :shift=>"MORNING"}
[15-06-2022 12:09:02]: (INFO) => 171-15-1502: {:student_id=>"171-15-1502", :student_name=>"Md. Bakibillaha Pavel", :campus_name=>"DSC", :batch_no=>46, :program_short_name=>"B.Sc. in CSE", :department_short_name=>"CSE", :faculty_short_name=>"FSIT", :shift=>"MORNING"}
[15-06-2022 12:09:07]: (INFO) => 171-15-1503: {:student_id=>"171-15-1503", :student_name=>"Dilruba Khanom Dolon", :campus_name=>"City Campus", :batch_no=>46, :program_short_name=>"B.Sc. in CSE", :department_short_name=>"CSE", :faculty_short_name=>"FSIT", :shift=>"MORNING"}
[15-06-2022 12:09:13]: (INFO) => 171-15-1504: {:student_id=>"171-15-1504", :student_name=>"Md. Sagar Hossen", :campus_name=>"DSC", :batch_no=>46, :program_short_name=>"B.Sc. in CSE", :department_short_name=>"CSE", :faculty_short_name=>"FSIT", :shift=>"MORNING"}
[15-06-2022 12:09:19]: (INFO) => 172-15-1505: {:student_id=>"172-15-1505", :student_name=>"Sumaiya Akter", :campus_name=>"DSC", :batch_no=>47, :program_short_name=>"B.Sc. in CSE", :department_short_name=>"CSE", :faculty_short_name=>"FSIT", :shift=>"MORNING"}
[15-06-2022 12:09:26]: (INFO) => 172-15-1506: {:student_id=>"172-15-1506", :student_name=>"As Sadik Hossain Sonchoy", :campus_name=>"DSC", :batch_no=>47, :program_short_name=>"B.Sc. in CSE", :department_short_name=>"CSE", :faculty_short_name=>"FSIT", :shift=>"MORNING"}
[15-06-2022 12:09:33]: (INFO) => 172-15-1507: {:student_id=>"172-15-1507", :student_name=>"Md Hasibul Hossen", :campus_name=>"DSC", :batch_no=>47, :program_short_name=>"B.Sc. in CSE", :department_short_name=>"CSE", :faculty_short_name=>"FSIT", :shift=>"MORNING"}
[15-06-2022 12:09:39]: (INFO) => 172-15-1508: {:student_id=>"172-15-1508", :student_name=>"Md Kamrul Hasan", :campus_name=>"DSC", :batch_no=>47, :program_short_name=>"B.Sc. in CSE", :department_short_name=>"CSE", :faculty_short_name=>"FSIT", :shift=>"MORNING"}
[15-06-2022 12:09:49]: (INFO) => 172-15-1509: {:student_id=>"172-15-1509", :student_name=>"Md Sadikur Rahman Rabby", :campus_name=>"DSC", :batch_no=>47, :program_short_name=>"B.Sc. in CSE", :department_short_name=>"CSE", :faculty_short_name=>"FSIT", :shift=>"MORNING"}
[15-06-2022 12:10:01]: (INFO) => 172-15-1510: {:student_id=>"172-15-1510", :student_name=>"Durjoy Sen Nitu", :campus_name=>"DSC", :batch_no=>47, :program_short_name=>"B.Sc. in CSE", :department_short_name=>"CSE", :faculty_short_name=>"FSIT", :shift=>"MORNING"}
[15-06-2022 12:10:07]: (INFO) => 172-15-1511: {:student_id=>"172-15-1511", :student_name=>"NESARUDDIN AHMED", :campus_name=>"DSC", :batch_no=>47, :program_short_name=>"B.Sc. in CSE", :department_short_name=>"CSE", :faculty_short_name=>"FSIT", :shift=>"MORNING"}
[15-06-2022 12:10:17]: (INFO) => 172-15-1512: {:student_id=>"172-15-1512", :student_name=>"Zahid Hasan Siam", :campus_name=>"DSC", :batch_no=>47, :program_short_name=>"B.Sc. in CSE", :department_short_name=>"CSE", :faculty_short_name=>"FSIT", :shift=>"MORNING"}
[15-06-2022 12:10:29]: (INFO) => 172-15-1513: {:student_id=>"172-15-1513", :student_name=>"Md. Naimur Rahman", :campus_name=>"DSC", :batch_no=>47, :program_short_name=>"B.Sc. in CSE", :department_short_name=>"CSE", :faculty_short_name=>"FSIT", :shift=>"MORNING"}
[15-06-2022 12:10:49]: (INFO) => 172-15-1514: {:student_id=>"172-15-1514", :student_name=>"Istiaq Ahmed", :campus_name=>"DSC", :batch_no=>47, :program_short_name=>"B.Sc. in CSE", :department_short_name=>"CSE", :faculty_short_name=>"FSIT", :shift=>"MORNING"}
[15-06-2022 12:11:00]: (INFO) => 172-15-1515: {:student_id=>"172-15-1515", :student_name=>"Tanvir Kabir", :campus_name=>"DSC", :batch_no=>47, :program_short_name=>"B.Sc. in CSE", :department_short_name=>"CSE", :faculty_short_name=>"FSIT", :shift=>"MORNING"}
[15-06-2022 12:11:07]: (INFO) => 172-15-1516: {:student_id=>"172-15-1516", :student_name=>"Fazlay Rabby", :campus_name=>"DSC", :batch_no=>47, :program_short_name=>"B.Sc. in CSE", :department_short_name=>"CSE", :faculty_short_name=>"FSIT", :shift=>"MORNING"}
[15-06-2022 12:11:10]: (INFO) => 221-15-1516: {:student_id=>"221-15-1516", :student_name=>"Rimi Akter", :campus_name=>"DSC", :batch_no=>61, :program_short_name=>"B.Sc. in CSE", :department_short_name=>"CSE", :faculty_short_name=>"FSIT", :shift=>"MORNING"}
[15-06-2022 12:11:13]: (INFO) => 172-15-1517: {:student_id=>"172-15-1517", :student_name=>"Soumitra Bhowmik", :campus_name=>"DSC", :batch_no=>47, :program_short_name=>"B.Sc. in CSE", :department_short_name=>"CSE", :faculty_short_name=>"FSIT", :shift=>"MORNING"}
[15-06-2022 12:11:18]: (INFO) => 172-15-1518: {:student_id=>"172-15-1518", :student_name=>"Mst. Sujjada Jabin", :campus_name=>"DSC", :batch_no=>47, :program_short_name=>"B.Sc. in CSE", :department_short_name=>"CSE", :faculty_short_name=>"FSIT", :shift=>"MORNING"}
[15-06-2022 12:11:23]: (INFO) => 172-15-1519: {:student_id=>"172-15-1519", :student_name=>"Md. Fazley Rabbe", :campus_name=>"DSC", :batch_no=>47, :program_short_name=>"B.Sc. in CSE", :department_short_name=>"CSE", :faculty_short_name=>"FSIT", :shift=>"MORNING"}
[15-06-2022 12:11:27]: (INFO) => 172-15-1520: {:student_id=>"172-15-1520", :student_name=>"Shadman Shakib", :campus_name=>"DSC", :batch_no=>47, :program_short_name=>"B.Sc. in CSE", :department_short_name=>"CSE", :faculty_short_name=>"FSIT", :shift=>"MORNING"}
[15-06-2022 12:11:39]: (INFO) => 172-15-1521: {:student_id=>"172-15-1521", :student_name=>"Md. Mahbubur Rahman", :campus_name=>"DSC", :batch_no=>47, :program_short_name=>"B.Sc. in CSE", :department_short_name=>"CSE", :faculty_short_name=>"FSIT", :shift=>"MORNING"}
[15-06-2022 12:11:48]: (INFO) => 172-15-1522: {:student_id=>"172-15-1522", :student_name=>"Md. Shameem Hossen", :campus_name=>"DSC", :batch_no=>47, :program_short_name=>"B.Sc. in CSE", :department_short_name=>"CSE", :faculty_short_name=>"FSIT", :shift=>"MORNING"}
[15-06-2022 12:11:57]: (INFO) => 172-15-1523: {:student_id=>"172-15-1523", :student_name=>"Md. Fazla Rabbi Talukder", :campus_name=>"DSC", :batch_no=>47, :program_short_name=>"B.Sc. in CSE", :department_short_name=>"CSE", :faculty_short_name=>"FSIT", :shift=>"MORNING"}
[15-06-2022 12:12:01]: (INFO) => 172-15-1524: {:student_id=>"172-15-1524", :student_name=>"Mahidul Islam Rana", :campus_name=>"DSC", :batch_no=>47, :program_short_name=>"B.Sc. in CSE", :department_short_name=>"CSE", :faculty_short_name=>"FSIT", :shift=>"MORNING"}
[15-06-2022 12:12:09]: (INFO) => 172-15-1525: {:student_id=>"172-15-1525", :student_name=>"Md. Shoyaib Mahmud", :campus_name=>"DSC", :batch_no=>47, :program_short_name=>"B.Sc. in CSE", :department_short_name=>"CSE", :faculty_short_name=>"FSIT", :shift=>"MORNING"}
[15-06-2022 12:12:14]: (INFO) => 172-15-1526: {:student_id=>"172-15-1526", :student_name=>"MAHIN MIAH", :campus_name=>"DSC", :batch_no=>47, :program_short_name=>"B.Sc. in CSE", :department_short_name=>"CSE", :faculty_short_name=>"FSIT", :shift=>"MORNING"}
[15-06-2022 12:12:22]: (INFO) => 172-15-1527: {:student_id=>"172-15-1527", :student_name=>"Anik Hasan", :campus_name=>"DSC", :batch_no=>47, :program_short_name=>"B.Sc. in CSE", :department_short_name=>"CSE", :faculty_short_name=>"FSIT", :shift=>"MORNING"}
[15-06-2022 12:12:28]: (INFO) => 172-15-1528: {:student_id=>"172-15-1528", :student_name=>"Md Fazleh Rakib Shuva", :campus_name=>"DSC", :batch_no=>47, :program_short_name=>"B.Sc. in CSE", :department_short_name=>"CSE", :faculty_short_name=>"FSIT", :shift=>"MORNING"}
[15-06-2022 12:12:37]: (INFO) => 172-15-1529: {:student_id=>"172-15-1529", :student_name=>"Sourav Halder", :campus_name=>"DSC", :batch_no=>47, :program_short_name=>"B.Sc. in CSE", :department_short_name=>"CSE", :faculty_short_name=>"FSIT", :shift=>"MORNING"}
[15-06-2022 12:12:42]: (INFO) => 172-15-1530: {:student_id=>"172-15-1530", :student_name=>"Md. Ripon Islam", :campus_name=>"DSC", :batch_no=>47, :program_short_name=>"B.Sc. in CSE", :department_short_name=>"CSE", :faculty_short_name=>"FSIT", :shift=>"MORNING"}
[15-06-2022 12:12:49]: (INFO) => 172-15-1531: {:student_id=>"172-15-1531", :student_name=>"Nur Salman Rahman", :campus_name=>"DSC", :batch_no=>47, :program_short_name=>"B.Sc. in CSE", :department_short_name=>"CSE", :faculty_short_name=>"FSIT", :shift=>"MORNING"}
[15-06-2022 12:12:53]: (INFO) => 172-15-1532: {:student_id=>"172-15-1532", :student_name=>"Md. Tashanul Iqbal Sifat", :campus_name=>"DSC", :batch_no=>47, :program_short_name=>"B.Sc. in CSE", :department_short_name=>"CSE", :faculty_short_name=>"FSIT", :shift=>"MORNING"}
[15-06-2022 12:12:59]: (INFO) => 172-15-1533: {:student_id=>"172-15-1533", :student_name=>"Israt Shorna Ela", :campus_name=>"DSC", :batch_no=>47, :program_short_name=>"B.Sc. in CSE", :department_short_name=>"CSE", :faculty_short_name=>"FSIT", :shift=>"MORNING"}
[15-06-2022 12:13:04]: (INFO) => 172-15-1534: {:student_id=>"172-15-1534", :student_name=>"Md. Rezaul Islam Khan", :campus_name=>"DSC", :batch_no=>47, :program_short_name=>"B.Sc. in CSE", :department_short_name=>"CSE", :faculty_short_name=>"FSIT", :shift=>"MORNING"}
[15-06-2022 12:13:09]: (INFO) => 172-15-1535: {:student_id=>"172-15-1535", :student_name=>"Tusar Mozumder", :campus_name=>"DSC", :batch_no=>47, :program_short_name=>"B.Sc. in CSE", :department_short_name=>"CSE", :faculty_short_name=>"FSIT", :shift=>"MORNING"}
[15-06-2022 12:13:16]: (INFO) => 172-15-1536: {:student_id=>"172-15-1536", :student_name=>"MD. TAHMIDUR RAHMAN", :campus_name=>"DSC", :batch_no=>47, :program_short_name=>"B.Sc. in CSE", :department_short_name=>"CSE", :faculty_short_name=>"FSIT", :shift=>"MORNING"}
[15-06-2022 12:13:21]: (INFO) => 172-15-1537: {:student_id=>"172-15-1537", :student_name=>"Md. Estiak Ahmed", :campus_name=>"DSC", :batch_no=>47, :program_short_name=>"B.Sc. in CSE", :department_short_name=>"CSE", :faculty_short_name=>"FSIT", :shift=>"MORNING"}
[15-06-2022 12:13:25]: (INFO) => 172-15-1538: {:student_id=>"172-15-1538", :student_name=>"Md. Nur Hossain Rahat", :campus_name=>"DSC", :batch_no=>47, :program_short_name=>"B.Sc. in CSE", :department_short_name=>"CSE", :faculty_short_name=>"FSIT", :shift=>"MORNING"}
[15-06-2022 12:13:31]: (INFO) => 172-15-1539: {:student_id=>"172-15-1539", :student_name=>"Rayan Siddique", :campus_name=>"DSC", :batch_no=>47, :program_short_name=>"B.Sc. in CSE", :department_short_name=>"CSE", :faculty_short_name=>"FSIT", :shift=>"MORNING"}
[15-06-2022 12:13:35]: (INFO) => 172-15-1540: {:student_id=>"172-15-1540", :student_name=>"Sheikh Farzana Boqul Biki", :campus_name=>"DSC", :batch_no=>47, :program_short_name=>"B.Sc. in CSE", :department_short_name=>"CSE", :faculty_short_name=>"FSIT", :shift=>"MORNING"}
[15-06-2022 12:13:40]: (INFO) => 172-15-1541: {:student_id=>"172-15-1541", :student_name=>"Md. Ashikuzzaman", :campus_name=>"DSC", :batch_no=>47, :program_short_name=>"B.Sc. in CSE", :department_short_name=>"CSE", :faculty_short_name=>"FSIT", :shift=>"EVENING"}
[15-06-2022 12:13:46]: (INFO) => 172-15-1542: {:student_id=>"172-15-1542", :student_name=>"Ehtesham Karim", :campus_name=>"DSC", :batch_no=>47, :program_short_name=>"B.Sc. in CSE", :department_short_name=>"CSE", :faculty_short_name=>"FSIT", :shift=>"MORNING"}
[15-06-2022 12:13:52]: (INFO) => 172-15-1543: {:student_id=>"172-15-1543", :student_name=>"Rahima Siddiqua", :campus_name=>"DSC", :batch_no=>47, :program_short_name=>"B.Sc. in CSE", :department_short_name=>"CSE", :faculty_short_name=>"FSIT", :shift=>"EVENING"}
[15-06-2022 12:13:56]: (INFO) => 172-15-1544: {:student_id=>"172-15-1544", :student_name=>"Rabeya Mehreen", :campus_name=>"DSC", :batch_no=>47, :program_short_name=>"B.Sc. in CSE", :department_short_name=>"CSE", :faculty_short_name=>"FSIT", :shift=>"MORNING"}
[15-06-2022 12:14:02]: (INFO) => 172-15-1545: {:student_id=>"172-15-1545", :student_name=>"Sagar Ahmed", :campus_name=>"DSC", :batch_no=>47, :program_short_name=>"B.Sc. in CSE", :department_short_name=>"CSE", :faculty_short_name=>"FSIT", :shift=>"MORNING"}
[15-06-2022 12:14:08]: (INFO) => 172-15-1546: {:student_id=>"172-15-1546", :student_name=>"Sumaiah Islam Mitu", :campus_name=>"DSC", :batch_no=>47, :program_short_name=>"B.Sc. in CSE", :department_short_name=>"CSE", :faculty_short_name=>"FSIT", :shift=>"MORNING"}
[15-06-2022 12:14:14]: (INFO) => 172-15-1547: {:student_id=>"172-15-1547", :student_name=>"Fahim Alam Soumma", :campus_name=>"DSC", :batch_no=>47, :program_short_name=>"B.Sc. in CSE", :department_short_name=>"CSE", :faculty_short_name=>"FSIT", :shift=>"MORNING"}
[15-06-2022 12:14:19]: (INFO) => 172-15-1548: {:student_id=>"172-15-1548", :student_name=>"S. M. Shahoriyer Fahad Niloy", :campus_name=>"DSC", :batch_no=>47, :program_short_name=>"B.Sc. in CSE", :department_short_name=>"CSE", :faculty_short_name=>"FSIT", :shift=>"MORNING"}
[15-06-2022 12:14:36]: (INFO) => 172-15-1549: {:student_id=>"172-15-1549", :student_name=>"Md. Abdullah Al Mamun", :campus_name=>"DSC", :batch_no=>47, :program_short_name=>"B.Sc. in CSE", :department_short_name=>"CSE", :faculty_short_name=>"FSIT", :shift=>"MORNING"}
[15-06-2022 12:15:05]: (INFO) => 172-15-1550: {:student_id=>"172-15-1550", :student_name=>"Shohage Akter", :campus_name=>"DSC", :batch_no=>47, :program_short_name=>"B.Sc. in CSE", :department_short_name=>"CSE", :faculty_short_name=>"FSIT", :shift=>"MORNING"}
[15-06-2022 12:15:24]: (INFO) => 172-15-1551: {:student_id=>"172-15-1551", :student_name=>"Md. Kamrul Hasan Raza", :campus_name=>"DSC", :batch_no=>47, :program_short_name=>"B.Sc. in CSE", :department_short_name=>"CSE", :faculty_short_name=>"FSIT", :shift=>"MORNING"}
[15-06-2022 12:15:37]: (INFO) => 172-15-1552: {:student_id=>"172-15-1552", :student_name=>"Anonto Chandra Sarker", :campus_name=>"DSC", :batch_no=>47, :program_short_name=>"B.Sc. in CSE", :department_short_name=>"CSE", :faculty_short_name=>"FSIT", :shift=>"MORNING"}
[15-06-2022 12:15:48]: (INFO) => 172-15-1553: {:student_id=>"172-15-1553", :student_name=>"Alif Mohammad Sagir", :campus_name=>"DSC", :batch_no=>47, :program_short_name=>"B.Sc. in CSE", :department_short_name=>"CSE", :faculty_short_name=>"FSIT", :shift=>"MORNING"}
[15-06-2022 12:16:01]: (INFO) => 172-15-1554: {:student_id=>"172-15-1554", :student_name=>"Md. Mobarok Hossain", :campus_name=>"DSC", :batch_no=>47, :program_short_name=>"B.Sc. in CSE", :department_short_name=>"CSE", :faculty_short_name=>"FSIT", :shift=>"MORNING"}
[15-06-2022 12:16:14]: (INFO) => 172-15-1555: {:student_id=>"172-15-1555", :student_name=>"Md. Ruhul Quddus", :campus_name=>"DSC", :batch_no=>47, :program_short_name=>"B.Sc. in CSE", :department_short_name=>"CSE", :faculty_short_name=>"FSIT", :shift=>"MORNING"}
[15-06-2022 12:16:21]: (INFO) => 172-15-1556: {:student_id=>"172-15-1556", :student_name=>"Fahim Hasan", :campus_name=>"DSC", :batch_no=>47, :program_short_name=>"B.Sc. in CSE", :department_short_name=>"CSE", :faculty_short_name=>"FSIT", :shift=>"MORNING"}
[15-06-2022 12:16:26]: (INFO) => 172-15-1557: {:student_id=>"172-15-1557", :student_name=>"Md. Rayhan Kabir", :campus_name=>"DSC", :batch_no=>47, :program_short_name=>"B.Sc. in CSE", :department_short_name=>"CSE", :faculty_short_name=>"FSIT", :shift=>"MORNING"}
[15-06-2022 12:16:31]: (INFO) => 172-15-1558: {:student_id=>"172-15-1558", :student_name=>"Md. Mohiuddin", :campus_name=>"DSC", :batch_no=>47, :program_short_name=>"B.Sc. in CSE", :department_short_name=>"CSE", :faculty_short_name=>"FSIT", :shift=>"MORNING"}
[15-06-2022 12:16:36]: (INFO) => 172-15-1559: {:student_id=>"172-15-1559", :student_name=>"Md. Toufiqul Islam Anim", :campus_name=>"DSC", :batch_no=>47, :program_short_name=>"B.Sc. in CSE", :department_short_name=>"CSE", :faculty_short_name=>"FSIT", :shift=>"MORNING"}
[15-06-2022 12:16:41]: (INFO) => 172-15-1560: {:student_id=>"172-15-1560", :student_name=>"Probhu Prosad Borman", :campus_name=>"DSC", :batch_no=>47, :program_short_name=>"B.Sc. in CSE", :department_short_name=>"CSE", :faculty_short_name=>"FSIT", :shift=>"MORNING"}
[15-06-2022 12:16:47]: (INFO) => 172-15-1561: {:student_id=>"172-15-1561", :student_name=>"Muradujjaman", :campus_name=>"DSC", :batch_no=>47, :program_short_name=>"B.Sc. in CSE", :department_short_name=>"CSE", :faculty_short_name=>"FSIT", :shift=>"MORNING"}
[15-06-2022 12:16:53]: (INFO) => 172-15-1562: {:student_id=>"172-15-1562", :student_name=>"MST. MOTMAINNA AKTER", :campus_name=>"DSC", :batch_no=>47, :program_short_name=>"B.Sc. in CSE", :department_short_name=>"CSE", :faculty_short_name=>"FSIT", :shift=>"EVENING"}
[15-06-2022 12:16:59]: (INFO) => 172-15-1563: {:student_id=>"172-15-1563", :student_name=>"MD. RAKIBUL ISLAM", :campus_name=>"DSC", :batch_no=>47, :program_short_name=>"B.Sc. in CSE", :department_short_name=>"CSE", :faculty_short_name=>"FSIT", :shift=>"EVENING"}
[15-06-2022 12:17:06]: (INFO) => 172-15-1564: {:student_id=>"172-15-1564", :student_name=>"Lutful Hasan", :campus_name=>"DSC", :batch_no=>47, :program_short_name=>"B.Sc. in CSE", :department_short_name=>"CSE", :faculty_short_name=>"FSIT", :shift=>"EVENING"}
[15-06-2022 12:17:11]: (INFO) => 172-15-1565: {:student_id=>"172-15-1565", :student_name=>"Md. Abdul Aual", :campus_name=>"DSC", :batch_no=>47, :program_short_name=>"B.Sc. in CSE", :department_short_name=>"CSE", :faculty_short_name=>"FSIT", :shift=>"MORNING"}
[15-06-2022 12:17:16]: (INFO) => 172-15-1566: {:student_id=>"172-15-1566", :student_name=>"MD. AZIZUL HAQUE CHOWDHURY", :campus_name=>"DSC", :batch_no=>47, :program_short_name=>"B.Sc. in CSE", :department_short_name=>"CSE", :faculty_short_name=>"FSIT", :shift=>"EVENING"}
[15-06-2022 12:17:21]: (INFO) => 172-15-1567: {:student_id=>"172-15-1567", :student_name=>"MD. NAZMUL HAQUE", :campus_name=>"DSC", :batch_no=>47, :program_short_name=>"B.Sc. in CSE", :department_short_name=>"CSE", :faculty_short_name=>"FSIT", :shift=>"EVENING"}
[15-06-2022 12:17:26]: (INFO) => 172-15-1568: {:student_id=>"172-15-1568", :student_name=>"Fairin Rahman", :campus_name=>"DSC", :batch_no=>47, :program_short_name=>"B.Sc. in CSE", :department_short_name=>"CSE", :faculty_short_name=>"FSIT", :shift=>"MORNING"}
[15-06-2022 12:17:32]: (INFO) => 172-15-1569: {:student_id=>"172-15-1569", :student_name=>"Md. Sabbir Ahmed Shetol", :campus_name=>"DSC", :batch_no=>47, :program_short_name=>"B.Sc. in CSE", :department_short_name=>"CSE", :faculty_short_name=>"FSIT", :shift=>"MORNING"}
[15-06-2022 12:17:37]: (INFO) => 172-15-1570: {:student_id=>"172-15-1570", :student_name=>"MAKIBUL HASAN", :campus_name=>"DSC", :batch_no=>47, :program_short_name=>"B.Sc. in CSE", :department_short_name=>"CSE", :faculty_short_name=>"FSIT", :shift=>"EVENING"}
[15-06-2022 12:17:41]: (INFO) => 172-15-1571: {:student_id=>"172-15-1571", :student_name=>"MD. AL SARIUL ISLAM", :campus_name=>"DSC", :batch_no=>47, :program_short_name=>"B.Sc. in CSE", :department_short_name=>"CSE", :faculty_short_name=>"FSIT", :shift=>"EVENING"}
[15-06-2022 12:17:47]: (INFO) => 172-15-1572: {:student_id=>"172-15-1572", :student_name=>"Md. Samiul Islam", :campus_name=>"DSC", :batch_no=>47, :program_short_name=>"B.Sc. in CSE", :department_short_name=>"CSE", :faculty_short_name=>"FSIT", :shift=>"MORNING"}
[15-06-2022 12:17:52]: (INFO) => 172-15-1573: {:student_id=>"172-15-1573", :student_name=>"Naziatul Islam Minhaz", :campus_name=>"DSC", :batch_no=>47, :program_short_name=>"B.Sc. in CSE", :department_short_name=>"CSE", :faculty_short_name=>"FSIT", :shift=>"MORNING"}
[15-06-2022 12:17:57]: (INFO) => 172-15-1574: {:student_id=>"172-15-1574", :student_name=>"MD. ZOBAIDUR RAHMAN", :campus_name=>"DSC", :batch_no=>47, :program_short_name=>"B.Sc. in CSE", :department_short_name=>"CSE", :faculty_short_name=>"FSIT", :shift=>"MORNING"}
[15-06-2022 12:18:02]: (INFO) => 172-15-1575: {:student_id=>"172-15-1575", :student_name=>"Md. Shariful Islam", :campus_name=>"DSC", :batch_no=>47, :program_short_name=>"B.Sc. in CSE", :department_short_name=>"CSE", :faculty_short_name=>"FSIT", :shift=>"MORNING"}
[15-06-2022 12:18:07]: (INFO) => 172-15-1576: {:student_id=>"172-15-1576", :student_name=>"Md. Zahid Hassan", :campus_name=>"DSC", :batch_no=>47, :program_short_name=>"B.Sc. in CSE", :department_short_name=>"CSE", :faculty_short_name=>"FSIT", :shift=>"MORNING"}
[15-06-2022 12:18:12]: (INFO) => 172-15-1577: {:student_id=>"172-15-1577", :student_name=>"Md. Rabiul Karim Rana", :campus_name=>"DSC", :batch_no=>47, :program_short_name=>"B.Sc. in CSE", :department_short_name=>"CSE", :faculty_short_name=>"FSIT", :shift=>"MORNING"}
[15-06-2022 12:18:17]: (INFO) => 172-15-1578: {:student_id=>"172-15-1578", :student_name=>"Most. Jakia Rawnak Jahan", :campus_name=>"DSC", :batch_no=>47, :program_short_name=>"B.Sc. in CSE", :department_short_name=>"CSE", :faculty_short_name=>"FSIT", :shift=>"MORNING"}
[15-06-2022 12:18:21]: (INFO) => 172-15-1579: {:student_id=>"172-15-1579", :student_name=>"MD. JOSHEB MIA", :campus_name=>"DSC", :batch_no=>47, :program_short_name=>"B.Sc. in CSE", :department_short_name=>"CSE", :faculty_short_name=>"FSIT", :shift=>"EVENING"}
[15-06-2022 12:18:26]: (INFO) => 172-15-1580: {:student_id=>"172-15-1580", :student_name=>"SOYKAT HOSEN", :campus_name=>"DSC", :batch_no=>47, :program_short_name=>"B.Sc. in CSE", :department_short_name=>"CSE", :faculty_short_name=>"FSIT", :shift=>"EVENING"}
[15-06-2022 12:18:31]: (INFO) => 172-15-1581: {:student_id=>"172-15-1581", :student_name=>"Md. Nahid Hasan", :campus_name=>"DSC", :batch_no=>47, :program_short_name=>"B.Sc. in CSE", :department_short_name=>"CSE", :faculty_short_name=>"FSIT", :shift=>"MORNING"}
[15-06-2022 12:18:36]: (INFO) => 172-15-1582: {:student_id=>"172-15-1582", :student_name=>"Md. Khalid Hossain Shajib", :campus_name=>"DSC", :batch_no=>47, :program_short_name=>"B.Sc. in CSE", :department_short_name=>"CSE", :faculty_short_name=>"FSIT", :shift=>"MORNING"}
[15-06-2022 12:18:42]: (INFO) => 172-15-1583: {:student_id=>"172-15-1583", :student_name=>"Samiul Sany", :campus_name=>"DSC", :batch_no=>47, :program_short_name=>"B.Sc. in CSE", :department_short_name=>"CSE", :faculty_short_name=>"FSIT", :shift=>"MORNING"}
[15-06-2022 12:18:48]: (INFO) => 172-15-1584: {:student_id=>"172-15-1584", :student_name=>"Imran Zahan Sajib", :campus_name=>"DSC", :batch_no=>47, :program_short_name=>"B.Sc. in CSE", :department_short_name=>"CSE", :faculty_short_name=>"FSIT", :shift=>"EVENING"}
[15-06-2022 12:18:53]: (INFO) => 172-15-1585: {:student_id=>"172-15-1585", :student_name=>"Md. Sakibul Hasan", :campus_name=>"DSC", :batch_no=>47, :program_short_name=>"B.Sc. in CSE", :department_short_name=>"CSE", :faculty_short_name=>"FSIT", :shift=>"MORNING"}
[15-06-2022 12:18:59]: (INFO) => 172-15-1586: {:student_id=>"172-15-1586", :student_name=>"Md. Joseb Siddique Siam", :campus_name=>"DSC", :batch_no=>47, :program_short_name=>"B.Sc. in CSE", :department_short_name=>"CSE", :faculty_short_name=>"FSIT", :shift=>"MORNING"}
[15-06-2022 12:19:04]: (INFO) => 172-15-1587: {:student_id=>"172-15-1587", :student_name=>"Rakibul Hasan", :campus_name=>"DSC", :batch_no=>47, :program_short_name=>"B.Sc. in CSE", :department_short_name=>"CSE", :faculty_short_name=>"FSIT", :shift=>"MORNING"}
[15-06-2022 12:19:10]: (INFO) => 172-15-1588: {:student_id=>"172-15-1588", :student_name=>"Md. Sadikul Islam", :campus_name=>"DSC", :batch_no=>47, :program_short_name=>"B.Sc. in CSE", :department_short_name=>"CSE", :faculty_short_name=>"FSIT", :shift=>"MORNING"}
[15-06-2022 12:19:15]: (INFO) => 172-15-1589: {:student_id=>"172-15-1589", :student_name=>"MD. IMTIAZ AHMED SHUVO", :campus_name=>"DSC", :batch_no=>47, :program_short_name=>"B.Sc. in CSE", :department_short_name=>"CSE", :faculty_short_name=>"FSIT", :shift=>"EVENING"}
[15-06-2022 12:19:21]: (INFO) => 172-15-1590: {:student_id=>"172-15-1590", :student_name=>"Nazmul Hassan", :campus_name=>"DSC", :batch_no=>47, :program_short_name=>"B.Sc. in CSE", :department_short_name=>"CSE", :faculty_short_name=>"FSIT", :shift=>"MORNING"}
[15-06-2022 12:19:26]: (INFO) => 172-15-1591: {:student_id=>"172-15-1591", :student_name=>"MARUF HOSEN", :campus_name=>"DSC", :batch_no=>47, :program_short_name=>"B.Sc. in CSE", :department_short_name=>"CSE", :faculty_short_name=>"FSIT", :shift=>"MORNING"}
[15-06-2022 12:19:31]: (INFO) => 172-15-1592: {:student_id=>"172-15-1592", :student_name=>"Mehedi Hasan", :campus_name=>"DSC", :batch_no=>47, :program_short_name=>"B.Sc. in CSE", :department_short_name=>"CSE", :faculty_short_name=>"FSIT", :shift=>"MORNING"}
[15-06-2022 12:19:38]: (INFO) => 172-15-1593: {:student_id=>"172-15-1593", :student_name=>"ADITTYA BORMAN", :campus_name=>"DSC", :batch_no=>47, :program_short_name=>"B.Sc. in CSE", :department_short_name=>"CSE", :faculty_short_name=>"FSIT", :shift=>"EVENING"}
[15-06-2022 12:19:43]: (INFO) => 172-15-1594: {:student_id=>"172-15-1594", :student_name=>"SHAKIR AHMED", :campus_name=>"DSC", :batch_no=>47, :program_short_name=>"B.Sc. in CSE", :department_short_name=>"CSE", :faculty_short_name=>"FSIT", :shift=>"EVENING"}
[15-06-2022 12:19:52]: (INFO) => 172-15-1595: {:student_id=>"172-15-1595", :student_name=>"MD. ATIKUR RAHMAN", :campus_name=>"DSC", :batch_no=>47, :program_short_name=>"B.Sc. in CSE", :department_short_name=>"CSE", :faculty_short_name=>"FSIT", :shift=>"EVENING"}
[15-06-2022 12:19:56]: (INFO) => 172-15-1596: {:student_id=>"172-15-1596", :student_name=>"Ahmad Imtiaz Bulbul", :campus_name=>"DSC", :batch_no=>47, :program_short_name=>"B.Sc. in CSE", :department_short_name=>"CSE", :faculty_short_name=>"FSIT", :shift=>"MORNING"}
[15-06-2022 12:20:06]: (INFO) => 172-15-1597: {:student_id=>"172-15-1597", :student_name=>"Anik Chandra Sutradhar", :campus_name=>"DSC", :batch_no=>47, :program_short_name=>"B.Sc. in CSE", :department_short_name=>"CSE", :faculty_short_name=>"FSIT", :shift=>"MORNING"}
[15-06-2022 12:20:16]: (INFO) => 172-15-1598: {:student_id=>"172-15-1598", :student_name=>"Sakib Hosen Himel", :campus_name=>"DSC", :batch_no=>47, :program_short_name=>"B.Sc. in CSE", :department_short_name=>"CSE", :faculty_short_name=>"FSIT", :shift=>"MORNING"}
[15-06-2022 12:20:23]: (INFO) => 172-15-1599: {:student_id=>"172-15-1599", :student_name=>"Mobassera Asma Sadia", :campus_name=>"DSC", :batch_no=>47, :program_short_name=>"B.Sc. in CSE", :department_short_name=>"CSE", :faculty_short_name=>"FSIT", :shift=>"MORNING"}
[15-06-2022 12:20:34]: (INFO) => 172-15-1600: {:student_id=>"172-15-1600", :student_name=>"Jannatul Maowa", :campus_name=>"DSC", :batch_no=>47, :program_short_name=>"B.Sc. in CSE", :department_short_name=>"CSE", :faculty_short_name=>"FSIT", :shift=>"MORNING"}
[15-06-2022 12:20:43]: (INFO) => 172-15-1601: {:student_id=>"172-15-1601", :student_name=>"Md. Nurujjaman Raju", :campus_name=>"DSC", :batch_no=>47, :program_short_name=>"B.Sc. in CSE", :department_short_name=>"CSE", :faculty_short_name=>"FSIT", :shift=>"MORNING"}
[15-06-2022 12:20:50]: (INFO) => 172-15-1602: {:student_id=>"172-15-1602", :student_name=>"Md. Raduan Ullah Chowdory", :campus_name=>"DSC", :batch_no=>47, :program_short_name=>"B.Sc. in CSE", :department_short_name=>"CSE", :faculty_short_name=>"FSIT", :shift=>"MORNING"}
[15-06-2022 12:20:54]: (INFO) => 172-15-1603: {:student_id=>"172-15-1603", :student_name=>"Md. Rakibul Hasan", :campus_name=>"DSC", :batch_no=>47, :program_short_name=>"B.Sc. in CSE", :department_short_name=>"CSE", :faculty_short_name=>"FSIT", :shift=>"MORNING"}
[15-06-2022 12:21:03]: (INFO) => 172-15-1604: {:student_id=>"172-15-1604", :student_name=>"MD. SAIFUL ISLAM SHAKIL", :campus_name=>"DSC", :batch_no=>47, :program_short_name=>"B.Sc. in CSE", :department_short_name=>"CSE", :faculty_short_name=>"FSIT", :shift=>"MORNING"}
[15-06-2022 12:21:11]: (INFO) => 172-15-1605: {:student_id=>"172-15-1605", :student_name=>"Md. Mashruqe Hossain Fahim", :campus_name=>"DSC", :batch_no=>47, :program_short_name=>"B.Sc. in CSE", :department_short_name=>"CSE", :faculty_short_name=>"FSIT", :shift=>"MORNING"}
[15-06-2022 12:21:19]: (INFO) => 172-15-1606: {:student_id=>"172-15-1606", :student_name=>"Md. Shafi Fardous", :campus_name=>"DSC", :batch_no=>47, :program_short_name=>"B.Sc. in CSE", :department_short_name=>"CSE", :faculty_short_name=>"FSIT", :shift=>"MORNING"}
[15-06-2022 12:21:25]: (INFO) => 172-15-1607: {:student_id=>"172-15-1607", :student_name=>"MD. ROKIBUL HASAN", :campus_name=>"DSC", :batch_no=>47, :program_short_name=>"B.Sc. in CSE", :department_short_name=>"CSE", :faculty_short_name=>"FSIT", :shift=>"MORNING"}
[15-06-2022 12:21:29]: (INFO) => 172-15-1608: {:student_id=>"172-15-1608", :student_name=>"MD. NAHIDUL ISLAM", :campus_name=>"DSC", :batch_no=>47, :program_short_name=>"B.Sc. in CSE", :department_short_name=>"CSE", :faculty_short_name=>"FSIT", :shift=>"EVENING"}
[15-06-2022 12:21:40]: (INFO) => 172-15-1609: {:student_id=>"172-15-1609", :student_name=>"Shah Rifat Ahmed", :campus_name=>"DSC", :batch_no=>47, :program_short_name=>"B.Sc. in CSE", :department_short_name=>"CSE", :faculty_short_name=>"FSIT", :shift=>"MORNING"}
[15-06-2022 12:21:44]: (INFO) => 172-15-1610: {:student_id=>"172-15-1610", :student_name=>"Md. Ashik Iqbal", :campus_name=>"DSC", :batch_no=>47, :program_short_name=>"B.Sc. in CSE", :department_short_name=>"CSE", :faculty_short_name=>"FSIT", :shift=>"MORNING"}
[15-06-2022 12:21:49]: (INFO) => 172-15-1611: {:student_id=>"172-15-1611", :student_name=>"Md. Saifullah Khalid", :campus_name=>"DSC", :batch_no=>47, :program_short_name=>"B.Sc. in CSE", :department_short_name=>"CSE", :faculty_short_name=>"FSIT", :shift=>"MORNING"}
[15-06-2022 12:21:54]: (INFO) => 172-15-1612: {:student_id=>"172-15-1612", :student_name=>"Mohammad Tarek Manna", :campus_name=>"DSC", :batch_no=>47, :program_short_name=>"B.Sc. in CSE", :department_short_name=>"CSE", :faculty_short_name=>"FSIT", :shift=>"MORNING"}
[15-06-2022 12:21:58]: (INFO) => 172-15-1613: {:student_id=>"172-15-1613", :student_name=>"Ifat Hasan", :campus_name=>"DSC", :batch_no=>47, :program_short_name=>"B.Sc. in CSE", :department_short_name=>"CSE", :faculty_short_name=>"FSIT", :shift=>"MORNING"}
[15-06-2022 12:22:04]: (INFO) => 172-15-1614: {:student_id=>"172-15-1614", :student_name=>"Mirajur  Rahman Rajhi", :campus_name=>"DSC", :batch_no=>47, :program_short_name=>"B.Sc. in CSE", :department_short_name=>"CSE", :faculty_short_name=>"FSIT", :shift=>"MORNING"}
[15-06-2022 12:22:09]: (INFO) => 172-15-1615: {:student_id=>"172-15-1615", :student_name=>"Jakirul Hasan", :campus_name=>"DSC", :batch_no=>47, :program_short_name=>"B.Sc. in CSE", :department_short_name=>"CSE", :faculty_short_name=>"FSIT", :shift=>"MORNING"}
[15-06-2022 12:22:14]: (INFO) => 172-15-1616: {:student_id=>"172-15-1616", :student_name=>"Shadman Sifat Noman", :campus_name=>"DSC", :batch_no=>47, :program_short_name=>"B.Sc. in CSE", :department_short_name=>"CSE", :faculty_short_name=>"FSIT", :shift=>"MORNING"}
[15-06-2022 12:22:20]: (INFO) => 172-15-1617: {:student_id=>"172-15-1617", :student_name=>"Md. Jahidul Islam Ridoy", :campus_name=>"DSC", :batch_no=>47, :program_short_name=>"B.Sc. in CSE", :department_short_name=>"CSE", :faculty_short_name=>"FSIT", :shift=>"MORNING"}
[15-06-2022 12:22:26]: (INFO) => 172-15-1618: {:student_id=>"172-15-1618", :student_name=>"Anindow Saikat", :campus_name=>"DSC", :batch_no=>47, :program_short_name=>"B.Sc. in CSE", :department_short_name=>"CSE", :faculty_short_name=>"FSIT", :shift=>"MORNING"}
[15-06-2022 12:22:31]: (INFO) => 172-15-1619: {:student_id=>"172-15-1619", :student_name=>"Sohag Miah", :campus_name=>"DSC", :batch_no=>47, :program_short_name=>"B.Sc. in CSE", :department_short_name=>"CSE", :faculty_short_name=>"FSIT", :shift=>"MORNING"}
[15-06-2022 12:22:37]: (INFO) => 172-15-1620: {:student_id=>"172-15-1620", :student_name=>"MD.SHAHRIAR AL MOSHIN", :campus_name=>"DSC", :batch_no=>47, :program_short_name=>"B.Sc. in CSE", :department_short_name=>"CSE", :faculty_short_name=>"FSIT", :shift=>"EVENING"}
[15-06-2022 12:22:49]: (INFO) => 172-15-1622: {:student_id=>"172-15-1622", :student_name=>"Md. Abu Sufian Sohan", :campus_name=>"DSC", :batch_no=>47, :program_short_name=>"B.Sc. in CSE", :department_short_name=>"CSE", :faculty_short_name=>"FSIT", :shift=>"MORNING"}
[15-06-2022 12:22:54]: (INFO) => 172-15-1623: {:student_id=>"172-15-1623", :student_name=>"MD. MOHASIN ISLAM", :campus_name=>"DSC", :batch_no=>47, :program_short_name=>"B.Sc. in CSE", :department_short_name=>"CSE", :faculty_short_name=>"FSIT", :shift=>"EVENING"}
[15-06-2022 12:22:59]: (INFO) => 173-15-1624: {:student_id=>"173-15-1624", :student_name=>"Farzana Sultana", :campus_name=>"City Campus", :batch_no=>48, :program_short_name=>"B.Sc. in CSE", :department_short_name=>"CSE", :faculty_short_name=>"FSIT", :shift=>"MORNING"}
[15-06-2022 12:23:05]: (INFO) => 173-15-1625: {:student_id=>"173-15-1625", :student_name=>"Rihan Khan", :campus_name=>"DSC", :batch_no=>48, :program_short_name=>"B.Sc. in CSE", :department_short_name=>"CSE", :faculty_short_name=>"FSIT", :shift=>"MORNING"}
[15-06-2022 12:23:10]: (INFO) => 173-15-1626: {:student_id=>"173-15-1626", :student_name=>"Md. Shahab Uddin", :campus_name=>"DSC", :batch_no=>48, :program_short_name=>"B.Sc. in CSE", :department_short_name=>"CSE", :faculty_short_name=>"FSIT", :shift=>"MORNING"}
[15-06-2022 12:23:15]: (INFO) => 173-15-1627: {:student_id=>"173-15-1627", :student_name=>"Mabia Akter Emi", :campus_name=>"DSC", :batch_no=>48, :program_short_name=>"B.Sc. in CSE", :department_short_name=>"CSE", :faculty_short_name=>"FSIT", :shift=>"MORNING"}
[15-06-2022 12:23:20]: (INFO) => 173-15-1628: {:student_id=>"173-15-1628", :student_name=>"Shaharuk Ahamad", :campus_name=>"DSC", :batch_no=>48, :program_short_name=>"B.Sc. in CSE", :department_short_name=>"CSE", :faculty_short_name=>"FSIT", :shift=>"MORNING"}
[15-06-2022 12:23:25]: (INFO) => 173-15-1629: {:student_id=>"173-15-1629", :student_name=>"Md. Talat Mahamud", :campus_name=>"DSC", :batch_no=>48, :program_short_name=>"B.Sc. in CSE", :department_short_name=>"CSE", :faculty_short_name=>"FSIT", :shift=>"MORNING"}
[15-06-2022 12:23:31]: (INFO) => 173-15-1630: {:student_id=>"173-15-1630", :student_name=>"Md. Minhazul Islam Sohag", :campus_name=>"DSC", :batch_no=>48, :program_short_name=>"B.Sc. in CSE", :department_short_name=>"CSE", :faculty_short_name=>"FSIT", :shift=>"MORNING"}
[15-06-2022 12:23:36]: (INFO) => 173-15-1631: {:student_id=>"173-15-1631", :student_name=>"Md. Shamsuzzaman Miah", :campus_name=>"DSC", :batch_no=>48, :program_short_name=>"B.Sc. in CSE", :department_short_name=>"CSE", :faculty_short_name=>"FSIT", :shift=>"MORNING"}
[15-06-2022 12:23:41]: (INFO) => 173-15-1632: {:student_id=>"173-15-1632", :student_name=>"A. M. Rakib Hasnat", :campus_name=>"DSC", :batch_no=>48, :program_short_name=>"B.Sc. in CSE", :department_short_name=>"CSE", :faculty_short_name=>"FSIT", :shift=>"MORNING"}
[15-06-2022 12:23:46]: (INFO) => 173-15-1633: {:student_id=>"173-15-1633", :student_name=>"MOST. MAHFUJA AKTAR", :campus_name=>"DSC", :batch_no=>48, :program_short_name=>"B.Sc. in CSE", :department_short_name=>"CSE", :faculty_short_name=>"FSIT", :shift=>"EVENING"}
[15-06-2022 12:23:51]: (INFO) => 173-15-1634: {:student_id=>"173-15-1634", :student_name=>"Md. Abdullah-Al-Mamun", :campus_name=>"DSC", :batch_no=>48, :program_short_name=>"B.Sc. in CSE", :department_short_name=>"CSE", :faculty_short_name=>"FSIT", :shift=>"MORNING"}
