# Logfile created on 2022-06-15 09:18:06 +0600 by logger.rb/v1.4.2
[15-06-2022 09:18:07]: (INFO) => 161-15-1000: {:student_id=>"161-15-1000", :student_name=>"Salman Mohammad Abdullah", :campus_name=>"DSC", :batch_no=>43, :program_short_name=>"B.Sc. in CSE", :department_short_name=>"CSE", :faculty_short_name=>"FSIT", :shift=>"MORNING"}
[15-06-2022 09:18:08]: (INFO) => 183-15-1000: {:student_id=>"183-15-1000", :student_name=>"Kawsar Sikder", :campus_name=>"Uttara", :batch_no=>51, :program_short_name=>"B.Sc. in CSE", :department_short_name=>"CSE", :faculty_short_name=>"FSIT", :shift=>"MORNING"}
[15-06-2022 09:18:10]: (INFO) => 161-15-1001: {:student_id=>"161-15-1001", :student_name=>"Md. Aminul Islam", :campus_name=>"DSC", :batch_no=>43, :program_short_name=>"B.Sc. in CSE", :department_short_name=>"CSE", :faculty_short_name=>"FSIT", :shift=>"MORNING"}
[15-06-2022 09:18:10]: (INFO) => 183-15-1001: {:student_id=>"183-15-1001", :student_name=>"Mariam Emam Ananna", :campus_name=>"Uttara", :batch_no=>51, :program_short_name=>"B.Sc. in CSE", :department_short_name=>"CSE", :faculty_short_name=>"FSIT", :shift=>"MORNING"}
[15-06-2022 09:18:11]: (INFO) => 161-15-1002: {:student_id=>"161-15-1002", :student_name=>"HUMAIRA KHANAM", :campus_name=>"DSC", :batch_no=>43, :program_short_name=>"B.Sc. in CSE", :department_short_name=>"CSE", :faculty_short_name=>"FSIT", :shift=>"MORNING"}
[15-06-2022 09:18:12]: (INFO) => 183-15-1002: {:student_id=>"183-15-1002", :student_name=>"Md. Shahadath  Hossain Dewan", :campus_name=>"Uttara", :batch_no=>51, :program_short_name=>"B.Sc. in CSE", :department_short_name=>"CSE", :faculty_short_name=>"FSIT", :shift=>"MORNING"}
[15-06-2022 09:18:14]: (INFO) => 161-15-1003: {:student_id=>"161-15-1003", :student_name=>"Md.Mizanur Rahman Rifat", :campus_name=>"DSC", :batch_no=>43, :program_short_name=>"B.Sc. in CSE", :department_short_name=>"CSE", :faculty_short_name=>"FSIT", :shift=>"MORNING"}
[15-06-2022 09:18:14]: (INFO) => 183-15-1003: {:student_id=>"183-15-1003", :student_name=>"Md. Nafiz-Bin-Monsur", :campus_name=>"Uttara", :batch_no=>51, :program_short_name=>"B.Sc. in CSE", :department_short_name=>"CSE", :faculty_short_name=>"FSIT", :shift=>"MORNING"}
[15-06-2022 09:18:15]: (INFO) => 161-15-1004: {:student_id=>"161-15-1004", :student_name=>"Md Hedayet Ullah", :campus_name=>"DSC", :batch_no=>43, :program_short_name=>"B.Sc. in CSE", :department_short_name=>"CSE", :faculty_short_name=>"FSIT", :shift=>"MORNING"}
[15-06-2022 09:18:16]: (INFO) => 183-15-1004: {:student_id=>"183-15-1004", :student_name=>"Shamsia Afrin Jamema", :campus_name=>"Uttara", :batch_no=>51, :program_short_name=>"B.Sc. in CSE", :department_short_name=>"CSE", :faculty_short_name=>"FSIT", :shift=>"MORNING"}
[15-06-2022 09:18:17]: (INFO) => 161-15-1005: {:student_id=>"161-15-1005", :student_name=>"Pronob Kumar Ray", :campus_name=>"DSC", :batch_no=>43, :program_short_name=>"B.Sc. in CSE", :department_short_name=>"CSE", :faculty_short_name=>"FSIT", :shift=>"MORNING"}
[15-06-2022 09:18:18]: (INFO) => 183-15-1005: {:student_id=>"183-15-1005", :student_name=>"Md. Parvez", :campus_name=>"Uttara", :batch_no=>51, :program_short_name=>"B.Sc. in CSE", :department_short_name=>"CSE", :faculty_short_name=>"FSIT", :shift=>"MORNING"}
[15-06-2022 09:18:20]: (INFO) => 161-15-1006: {:student_id=>"161-15-1006", :student_name=>"Nazim Uddin Nazim", :campus_name=>"DSC", :batch_no=>43, :program_short_name=>"B.Sc. in CSE", :department_short_name=>"CSE", :faculty_short_name=>"FSIT", :shift=>"MORNING"}
[15-06-2022 09:18:20]: (INFO) => 183-15-1006: {:student_id=>"183-15-1006", :student_name=>"Md. Taki Yasir", :campus_name=>"Uttara", :batch_no=>51, :program_short_name=>"B.Sc. in CSE", :department_short_name=>"CSE", :faculty_short_name=>"FSIT", :shift=>"MORNING"}
[15-06-2022 09:18:22]: (INFO) => 161-15-1007: {:student_id=>"161-15-1007", :student_name=>"Saleh AKram", :campus_name=>"DSC", :batch_no=>43, :program_short_name=>"B.Sc. in CSE", :department_short_name=>"CSE", :faculty_short_name=>"FSIT", :shift=>"MORNING"}
[15-06-2022 09:18:22]: (INFO) => 183-15-1007: {:student_id=>"183-15-1007", :student_name=>"Jannatul Nayeem ", :campus_name=>"Uttara", :batch_no=>51, :program_short_name=>"B.Sc. in CSE", :department_short_name=>"CSE", :faculty_short_name=>"FSIT", :shift=>"MORNING"}
[15-06-2022 09:18:23]: (INFO) => 161-15-1008: {:student_id=>"161-15-1008", :student_name=>"Raiyan Kawser", :campus_name=>"DSC", :batch_no=>43, :program_short_name=>"B.Sc. in CSE", :department_short_name=>"CSE", :faculty_short_name=>"FSIT", :shift=>"MORNING"}
[15-06-2022 09:18:24]: (INFO) => 183-15-1008: {:student_id=>"183-15-1008", :student_name=>"Khadiza Akter Ranu", :campus_name=>"Uttara", :batch_no=>51, :program_short_name=>"B.Sc. in CSE", :department_short_name=>"CSE", :faculty_short_name=>"FSIT", :shift=>"MORNING"}
[15-06-2022 09:18:25]: (INFO) => 161-15-1009: {:student_id=>"161-15-1009", :student_name=>"Nazir Ahmed Sabbir", :campus_name=>"DSC", :batch_no=>43, :program_short_name=>"B.Sc. in CSE", :department_short_name=>"CSE", :faculty_short_name=>"FSIT", :shift=>"MORNING"}
[15-06-2022 09:18:26]: (INFO) => 183-15-1009: {:student_id=>"183-15-1009", :student_name=>"Md. Iqramul Arafin", :campus_name=>"Uttara", :batch_no=>51, :program_short_name=>"B.Sc. in CSE", :department_short_name=>"CSE", :faculty_short_name=>"FSIT", :shift=>"MORNING"}
[15-06-2022 09:18:27]: (INFO) => 161-15-1010: {:student_id=>"161-15-1010", :student_name=>"Mohammad Samiul Alam Shourov", :campus_name=>"Uttara", :batch_no=>43, :program_short_name=>"B.Sc. in CSE", :department_short_name=>"CSE", :faculty_short_name=>"FSIT", :shift=>"MORNING"}
[15-06-2022 09:18:28]: (INFO) => 183-15-1010: {:student_id=>"183-15-1010", :student_name=>"Most. Shadia Afrin", :campus_name=>"Uttara", :batch_no=>51, :program_short_name=>"B.Sc. in CSE", :department_short_name=>"CSE", :faculty_short_name=>"FSIT", :shift=>"MORNING"}
[15-06-2022 09:18:30]: (INFO) => 161-15-1011: {:student_id=>"161-15-1011", :student_name=>"Asif Hossain Khan", :campus_name=>"DSC", :batch_no=>43, :program_short_name=>"B.Sc. in CSE", :department_short_name=>"CSE", :faculty_short_name=>"FSIT", :shift=>"MORNING"}
[15-06-2022 09:18:30]: (INFO) => 183-15-1011: {:student_id=>"183-15-1011", :student_name=>"Md. Jahidul Hasan", :campus_name=>"Uttara", :batch_no=>51, :program_short_name=>"B.Sc. in CSE", :department_short_name=>"CSE", :faculty_short_name=>"FSIT", :shift=>"MORNING"}
[15-06-2022 09:18:32]: (INFO) => 161-15-1012: {:student_id=>"161-15-1012", :student_name=>"Taswar Yamim", :campus_name=>"DSC", :batch_no=>43, :program_short_name=>"B.Sc. in CSE", :department_short_name=>"CSE", :faculty_short_name=>"FSIT", :shift=>"MORNING"}
[15-06-2022 09:18:33]: (INFO) => 183-15-1012: {:student_id=>"183-15-1012", :student_name=>"Naim Talukder", :campus_name=>"Uttara", :batch_no=>51, :program_short_name=>"B.Sc. in CSE", :department_short_name=>"CSE", :faculty_short_name=>"FSIT", :shift=>"MORNING"}
[15-06-2022 09:18:34]: (INFO) => 161-15-1013: {:student_id=>"161-15-1013", :student_name=>"Al Amin Firdows", :campus_name=>"DSC", :batch_no=>43, :program_short_name=>"B.Sc. in CSE", :department_short_name=>"CSE", :faculty_short_name=>"FSIT", :shift=>"MORNING"}
[15-06-2022 09:18:35]: (INFO) => 183-15-1013: {:student_id=>"183-15-1013", :student_name=>"Md. Fahim Muntasir ", :campus_name=>"Uttara", :batch_no=>51, :program_short_name=>"B.Sc. in CSE", :department_short_name=>"CSE", :faculty_short_name=>"FSIT", :shift=>"MORNING"}
[15-06-2022 09:18:37]: (INFO) => 161-15-1014: {:student_id=>"161-15-1014", :student_name=>"Md. Anhar Hossain Khan", :campus_name=>"DSC", :batch_no=>43, :program_short_name=>"B.Sc. in CSE", :department_short_name=>"CSE", :faculty_short_name=>"FSIT", :shift=>"MORNING"}
[15-06-2022 09:18:37]: (INFO) => 183-15-1014: {:student_id=>"183-15-1014", :student_name=>"Md. Hasibul Hasan Shanto", :campus_name=>"Uttara", :batch_no=>51, :program_short_name=>"B.Sc. in CSE", :department_short_name=>"CSE", :faculty_short_name=>"FSIT", :shift=>"MORNING"}
[15-06-2022 09:18:39]: (INFO) => 161-15-1015: {:student_id=>"161-15-1015", :student_name=>"Tanjil Hasan", :campus_name=>"DSC", :batch_no=>43, :program_short_name=>"B.Sc. in CSE", :department_short_name=>"CSE", :faculty_short_name=>"FSIT", :shift=>"MORNING"}
[15-06-2022 09:18:40]: (INFO) => 183-15-1015: {:student_id=>"183-15-1015", :student_name=>"Naima Azim", :campus_name=>"Uttara", :batch_no=>51, :program_short_name=>"B.Sc. in CSE", :department_short_name=>"CSE", :faculty_short_name=>"FSIT", :shift=>"MORNING"}
[15-06-2022 09:18:43]: (INFO) => 161-15-1016: {:student_id=>"161-15-1016", :student_name=>"Md Alamgir Hossain ", :campus_name=>"DSC", :batch_no=>43, :program_short_name=>"B.Sc. in CSE", :department_short_name=>"CSE", :faculty_short_name=>"FSIT", :shift=>"MORNING"}
[15-06-2022 09:18:44]: (INFO) => 183-15-1016: {:student_id=>"183-15-1016", :student_name=>"Bishowasis Bappa", :campus_name=>"Uttara", :batch_no=>51, :program_short_name=>"B.Sc. in CSE", :department_short_name=>"CSE", :faculty_short_name=>"FSIT", :shift=>"MORNING"}
[15-06-2022 09:18:46]: (INFO) => 161-15-1017: {:student_id=>"161-15-1017", :student_name=>"Ranu Akter", :campus_name=>"DSC", :batch_no=>43, :program_short_name=>"B.Sc. in CSE", :department_short_name=>"CSE", :faculty_short_name=>"FSIT", :shift=>"MORNING"}
[15-06-2022 09:18:47]: (INFO) => 191-15-1017: {:student_id=>"191-15-1017", :student_name=>"Sadman Wasif", :campus_name=>"Uttara", :batch_no=>52, :program_short_name=>"B.Sc. in CSE", :department_short_name=>"CSE", :faculty_short_name=>"FSIT", :shift=>"MORNING"}
[15-06-2022 09:18:48]: (INFO) => 161-15-1018: {:student_id=>"161-15-1018", :student_name=>"Mehjabin Tabassum Medha", :campus_name=>"DSC", :batch_no=>43, :program_short_name=>"B.Sc. in CSE", :department_short_name=>"CSE", :faculty_short_name=>"FSIT", :shift=>"MORNING"}
[15-06-2022 09:18:49]: (INFO) => 191-15-1018: {:student_id=>"191-15-1018", :student_name=>"Israth Rahaman", :campus_name=>"Uttara", :batch_no=>52, :program_short_name=>"B.Sc. in CSE", :department_short_name=>"CSE", :faculty_short_name=>"FSIT", :shift=>"MORNING"}
[15-06-2022 09:18:52]: (INFO) => 161-15-1019: {:student_id=>"161-15-1019", :student_name=>"MD Amir Hosain Rhidoy", :campus_name=>"DSC", :batch_no=>43, :program_short_name=>"B.Sc. in CSE", :department_short_name=>"CSE", :faculty_short_name=>"FSIT", :shift=>"MORNING"}
[15-06-2022 09:18:53]: (INFO) => 191-15-1019: {:student_id=>"191-15-1019", :student_name=>"Anik Hossan Rabby", :campus_name=>"Uttara", :batch_no=>52, :program_short_name=>"B.Sc. in CSE", :department_short_name=>"CSE", :faculty_short_name=>"FSIT", :shift=>"MORNING"}
[15-06-2022 09:18:54]: (INFO) => 161-15-1020: {:student_id=>"161-15-1020", :student_name=>"Mahfujur Rahman Mehedi", :campus_name=>"DSC", :batch_no=>43, :program_short_name=>"B.Sc. in CSE", :department_short_name=>"CSE", :faculty_short_name=>"FSIT", :shift=>"MORNING"}
[15-06-2022 09:18:55]: (INFO) => 191-15-1020: {:student_id=>"191-15-1020", :student_name=>"A.K.M Tanbir Kabir", :campus_name=>"Uttara", :batch_no=>52, :program_short_name=>"B.Sc. in CSE", :department_short_name=>"CSE", :faculty_short_name=>"FSIT", :shift=>"MORNING"}
[15-06-2022 09:18:58]: (INFO) => 161-15-1021: {:student_id=>"161-15-1021", :student_name=>"Md. Al-Fahad", :campus_name=>"DSC", :batch_no=>43, :program_short_name=>"B.Sc. in CSE", :department_short_name=>"CSE", :faculty_short_name=>"FSIT", :shift=>"MORNING"}
[15-06-2022 09:18:58]: (INFO) => 191-15-1021: {:student_id=>"191-15-1021", :student_name=>"Md. Asif Khan", :campus_name=>"Uttara", :batch_no=>52, :program_short_name=>"B.Sc. in CSE", :department_short_name=>"CSE", :faculty_short_name=>"FSIT", :shift=>"MORNING"}
[15-06-2022 09:19:00]: (INFO) => 161-15-1022: {:student_id=>"161-15-1022", :student_name=>"Md. Mafidul Islam", :campus_name=>"DSC", :batch_no=>43, :program_short_name=>"B.Sc. in CSE", :department_short_name=>"CSE", :faculty_short_name=>"FSIT", :shift=>"MORNING"}
[15-06-2022 09:19:01]: (INFO) => 191-15-1022: {:student_id=>"191-15-1022", :student_name=>"Robiul Awal", :campus_name=>"Uttara", :batch_no=>52, :program_short_name=>"B.Sc. in CSE", :department_short_name=>"CSE", :faculty_short_name=>"FSIT", :shift=>"MORNING"}
[15-06-2022 09:19:02]: (INFO) => 161-15-1023: {:student_id=>"161-15-1023", :student_name=>"Anim Mahmud Sajib", :campus_name=>"DSC", :batch_no=>43, :program_short_name=>"B.Sc. in CSE", :department_short_name=>"CSE", :faculty_short_name=>"FSIT", :shift=>"MORNING"}
[15-06-2022 09:19:03]: (INFO) => 191-15-1023: {:student_id=>"191-15-1023", :student_name=>"Faria Alam Tabassum", :campus_name=>"Uttara", :batch_no=>52, :program_short_name=>"B.Sc. in CSE", :department_short_name=>"CSE", :faculty_short_name=>"FSIT", :shift=>"MORNING"}
[15-06-2022 09:19:05]: (INFO) => 161-15-1024: {:student_id=>"161-15-1024", :student_name=>"MD. Sufi Ahmed Hamim", :campus_name=>"DSC", :batch_no=>43, :program_short_name=>"B.Sc. in CSE", :department_short_name=>"CSE", :faculty_short_name=>"FSIT", :shift=>"MORNING"}
[15-06-2022 09:19:05]: (INFO) => 191-15-1024: {:student_id=>"191-15-1024", :student_name=>"Apon Tarannum Reza", :campus_name=>"Uttara", :batch_no=>52, :program_short_name=>"B.Sc. in CSE", :department_short_name=>"CSE", :faculty_short_name=>"FSIT", :shift=>"MORNING"}
[15-06-2022 09:19:07]: (INFO) => 161-15-1025: {:student_id=>"161-15-1025", :student_name=>"MD. Deloar Hossain", :campus_name=>"DSC", :batch_no=>43, :program_short_name=>"B.Sc. in CSE", :department_short_name=>"CSE", :faculty_short_name=>"FSIT", :shift=>"MORNING"}
[15-06-2022 09:19:08]: (INFO) => 191-15-1025: {:student_id=>"191-15-1025", :student_name=>"Afia Mariam", :campus_name=>"Uttara", :batch_no=>52, :program_short_name=>"B.Sc. in CSE", :department_short_name=>"CSE", :faculty_short_name=>"FSIT", :shift=>"MORNING"}
[15-06-2022 09:19:09]: (INFO) => 161-15-1026: {:student_id=>"161-15-1026", :student_name=>"Sabiha Afrin", :campus_name=>"DSC", :batch_no=>43, :program_short_name=>"B.Sc. in CSE", :department_short_name=>"CSE", :faculty_short_name=>"FSIT", :shift=>"MORNING"}
[15-06-2022 09:19:10]: (INFO) => 191-15-1026: {:student_id=>"191-15-1026", :student_name=>"Md. Yasin Arafat", :campus_name=>"Uttara", :batch_no=>52, :program_short_name=>"B.Sc. in CSE", :department_short_name=>"CSE", :faculty_short_name=>"FSIT", :shift=>"MORNING"}
[15-06-2022 09:19:12]: (INFO) => 161-15-1027: {:student_id=>"161-15-1027", :student_name=>"Shamsuddin Ahmed ", :campus_name=>"DSC", :batch_no=>43, :program_short_name=>"B.Sc. in CSE", :department_short_name=>"CSE", :faculty_short_name=>"FSIT", :shift=>"MORNING"}
[15-06-2022 09:19:13]: (INFO) => 191-15-1027: {:student_id=>"191-15-1027", :student_name=>"Md. Ibrahim", :campus_name=>"Uttara", :batch_no=>52, :program_short_name=>"B.Sc. in CSE", :department_short_name=>"CSE", :faculty_short_name=>"FSIT", :shift=>"MORNING"}
[15-06-2022 09:19:14]: (INFO) => 162-15-1028: {:student_id=>"162-15-1028", :student_name=>"Md. Abdullah Al Mamun", :campus_name=>"DSC", :batch_no=>44, :program_short_name=>"B.Sc. in CSE", :department_short_name=>"CSE", :faculty_short_name=>"FSIT", :shift=>"MORNING"}
[15-06-2022 09:19:15]: (INFO) => 191-15-1028: {:student_id=>"191-15-1028", :student_name=>"Mazidul Tafsir Akash", :campus_name=>"Uttara", :batch_no=>52, :program_short_name=>"B.Sc. in CSE", :department_short_name=>"CSE", :faculty_short_name=>"FSIT", :shift=>"MORNING"}
[15-06-2022 09:19:16]: (INFO) => 162-15-1029: {:student_id=>"162-15-1029", :student_name=>"S. M. Shadul Islam Rishad", :campus_name=>"DSC", :batch_no=>44, :program_short_name=>"B.Sc. in CSE", :department_short_name=>"CSE", :faculty_short_name=>"FSIT", :shift=>"MORNING"}
[15-06-2022 09:19:17]: (INFO) => 191-15-1029: {:student_id=>"191-15-1029", :student_name=>"Mahin Ahmed", :campus_name=>"Uttara", :batch_no=>52, :program_short_name=>"B.Sc. in CSE", :department_short_name=>"CSE", :faculty_short_name=>"FSIT", :shift=>"MORNING"}
[15-06-2022 09:19:19]: (INFO) => 162-15-1030: {:student_id=>"162-15-1030", :student_name=>"Anirban Mazumder", :campus_name=>"DSC", :batch_no=>44, :program_short_name=>"B.Sc. in CSE", :department_short_name=>"CSE", :faculty_short_name=>"FSIT", :shift=>"MORNING"}
[15-06-2022 09:19:20]: (INFO) => 191-15-1030: {:student_id=>"191-15-1030", :student_name=>"Mahmuda Akter Lopa", :campus_name=>"Uttara", :batch_no=>52, :program_short_name=>"B.Sc. in CSE", :department_short_name=>"CSE", :faculty_short_name=>"FSIT", :shift=>"MORNING"}
[15-06-2022 09:19:21]: (INFO) => 162-15-1031: {:student_id=>"162-15-1031", :student_name=>"MD Rashed Chowdhury", :campus_name=>"DSC", :batch_no=>44, :program_short_name=>"B.Sc. in CSE", :department_short_name=>"CSE", :faculty_short_name=>"FSIT", :shift=>"MORNING"}
[15-06-2022 09:19:22]: (INFO) => 191-15-1031: {:student_id=>"191-15-1031", :student_name=>"Nusrat Alam", :campus_name=>"Uttara", :batch_no=>52, :program_short_name=>"B.Sc. in CSE", :department_short_name=>"CSE", :faculty_short_name=>"FSIT", :shift=>"MORNING"}
[15-06-2022 09:19:23]: (INFO) => 162-15-1032: {:student_id=>"162-15-1032", :student_name=>"Md. Hashibur Rahman Anik", :campus_name=>"DSC", :batch_no=>44, :program_short_name=>"B.Sc. in CSE", :department_short_name=>"CSE", :faculty_short_name=>"FSIT", :shift=>"MORNING"}
[15-06-2022 09:19:24]: (INFO) => 191-15-1032: {:student_id=>"191-15-1032", :student_name=>"Faria Mozumder Fozia", :campus_name=>"Uttara", :batch_no=>52, :program_short_name=>"B.Sc. in CSE", :department_short_name=>"CSE", :faculty_short_name=>"FSIT", :shift=>"MORNING"}
[15-06-2022 09:19:25]: (INFO) => 162-15-1033: {:student_id=>"162-15-1033", :student_name=>"MD Azadur Rahman", :campus_name=>"DSC", :batch_no=>44, :program_short_name=>"B.Sc. in CSE", :department_short_name=>"CSE", :faculty_short_name=>"FSIT", :shift=>"MORNING"}
[15-06-2022 09:19:26]: (INFO) => 191-15-1033: {:student_id=>"191-15-1033", :student_name=>"Ridwanul Haque", :campus_name=>"Uttara", :batch_no=>52, :program_short_name=>"B.Sc. in CSE", :department_short_name=>"CSE", :faculty_short_name=>"FSIT", :shift=>"MORNING"}
[15-06-2022 09:19:29]: (INFO) => 162-15-1034: {:student_id=>"162-15-1034", :student_name=>"Rakib Shaik", :campus_name=>"DSC", :batch_no=>44, :program_short_name=>"B.Sc. in CSE", :department_short_name=>"CSE", :faculty_short_name=>"FSIT", :shift=>"MORNING"}
[15-06-2022 09:19:29]: (INFO) => 191-15-1034: {:student_id=>"191-15-1034", :student_name=>"Abdul Kaium Salman", :campus_name=>"Uttara", :batch_no=>52, :program_short_name=>"B.Sc. in CSE", :department_short_name=>"CSE", :faculty_short_name=>"FSIT", :shift=>"MORNING"}
[15-06-2022 09:19:31]: (INFO) => 162-15-1035: {:student_id=>"162-15-1035", :student_name=>"Tirtha Chandra Dev", :campus_name=>"DSC", :batch_no=>44, :program_short_name=>"B.Sc. in CSE", :department_short_name=>"CSE", :faculty_short_name=>"FSIT", :shift=>"MORNING"}
[15-06-2022 09:19:31]: (INFO) => 191-15-1035: {:student_id=>"191-15-1035", :student_name=>"Shawon Nag", :campus_name=>"Uttara", :batch_no=>52, :program_short_name=>"B.Sc. in CSE", :department_short_name=>"CSE", :faculty_short_name=>"FSIT", :shift=>"MORNING"}
[15-06-2022 09:19:33]: (INFO) => 162-15-1036: {:student_id=>"162-15-1036", :student_name=>"Sumayyah Binte Masud", :campus_name=>"DSC", :batch_no=>44, :program_short_name=>"B.Sc. in CSE", :department_short_name=>"CSE", :faculty_short_name=>"FSIT", :shift=>"MORNING"}
[15-06-2022 09:19:34]: (INFO) => 191-15-1036: {:student_id=>"191-15-1036", :student_name=>"Sharmin Akter Shonia ", :campus_name=>"Uttara", :batch_no=>52, :program_short_name=>"B.Sc. in CSE", :department_short_name=>"CSE", :faculty_short_name=>"FSIT", :shift=>"MORNING"}
[15-06-2022 09:19:36]: (INFO) => 162-15-1037: {:student_id=>"162-15-1037", :student_name=>"Md. Yeasin Hossain Imran", :campus_name=>"DSC", :batch_no=>44, :program_short_name=>"B.Sc. in CSE", :department_short_name=>"CSE", :faculty_short_name=>"FSIT", :shift=>"MORNING"}
[15-06-2022 09:19:36]: (INFO) => 191-15-1037: {:student_id=>"191-15-1037", :student_name=>"Md. Shimul Islam Sabbir", :campus_name=>"Uttara", :batch_no=>52, :program_short_name=>"B.Sc. in CSE", :department_short_name=>"CSE", :faculty_short_name=>"FSIT", :shift=>"MORNING"}
[15-06-2022 09:19:37]: (INFO) => 162-15-1038: {:student_id=>"162-15-1038", :student_name=>"Md. Asaduzzaman", :campus_name=>"DSC", :batch_no=>44, :program_short_name=>"B.Sc. in CSE", :department_short_name=>"CSE", :faculty_short_name=>"FSIT", :shift=>"MORNING"}
[15-06-2022 09:19:38]: (INFO) => 191-15-1038: {:student_id=>"191-15-1038", :student_name=>"Md. Hridoy Hasan Rabbi", :campus_name=>"Uttara", :batch_no=>52, :program_short_name=>"B.Sc. in CSE", :department_short_name=>"CSE", :faculty_short_name=>"FSIT", :shift=>"MORNING"}
[15-06-2022 09:19:39]: (INFO) => 162-15-1039: {:student_id=>"162-15-1039", :student_name=>"Md. Shapon Molla", :campus_name=>"DSC", :batch_no=>44, :program_short_name=>"B.Sc. in CSE", :department_short_name=>"CSE", :faculty_short_name=>"FSIT", :shift=>"MORNING"}
[15-06-2022 09:19:39]: (INFO) => 191-15-1039: {:student_id=>"191-15-1039", :student_name=>"Fazlul Hoque Robin", :campus_name=>"Uttara", :batch_no=>52, :program_short_name=>"B.Sc. in CSE", :department_short_name=>"CSE", :faculty_short_name=>"FSIT", :shift=>"MORNING"}
[15-06-2022 09:19:40]: (INFO) => 162-15-1040: {:student_id=>"162-15-1040", :student_name=>"Shakilur Rahman Shuvo", :campus_name=>"DSC", :batch_no=>44, :program_short_name=>"B.Sc. in CSE", :department_short_name=>"CSE", :faculty_short_name=>"FSIT", :shift=>"MORNING"}
[15-06-2022 09:19:41]: (INFO) => 191-15-1040: {:student_id=>"191-15-1040", :student_name=>"Saiful Islam", :campus_name=>"Uttara", :batch_no=>52, :program_short_name=>"B.Sc. in CSE", :department_short_name=>"CSE", :faculty_short_name=>"FSIT", :shift=>"MORNING"}
[15-06-2022 09:19:42]: (INFO) => 162-15-1041: {:student_id=>"162-15-1041", :student_name=>"Md. Hasan Haider", :campus_name=>"DSC", :batch_no=>44, :program_short_name=>"B.Sc. in CSE", :department_short_name=>"CSE", :faculty_short_name=>"FSIT", :shift=>"MORNING"}
[15-06-2022 09:19:42]: (INFO) => 191-15-1041: {:student_id=>"191-15-1041", :student_name=>"Md. Al Ayat Ibna Rahman", :campus_name=>"Uttara", :batch_no=>52, :program_short_name=>"B.Sc. in CSE", :department_short_name=>"CSE", :faculty_short_name=>"FSIT", :shift=>"MORNING"}
[15-06-2022 09:19:44]: (INFO) => 162-15-1042: {:student_id=>"162-15-1042", :student_name=>"Syed Abdul Alim Sagor", :campus_name=>"DSC", :batch_no=>44, :program_short_name=>"B.Sc. in CSE", :department_short_name=>"CSE", :faculty_short_name=>"FSIT", :shift=>"MORNING"}
[15-06-2022 09:19:44]: (INFO) => 191-15-1042: {:student_id=>"191-15-1042", :student_name=>"Md. Shamim Reza ", :campus_name=>"Uttara", :batch_no=>52, :program_short_name=>"B.Sc. in CSE", :department_short_name=>"CSE", :faculty_short_name=>"FSIT", :shift=>"MORNING"}
[15-06-2022 09:19:46]: (INFO) => 162-15-1043: {:student_id=>"162-15-1043", :student_name=>"K.M Salman Hossain", :campus_name=>"DSC", :batch_no=>44, :program_short_name=>"B.Sc. in CSE", :department_short_name=>"CSE", :faculty_short_name=>"FSIT", :shift=>"MORNING"}
[15-06-2022 09:19:46]: (INFO) => 191-15-1043: {:student_id=>"191-15-1043", :student_name=>"Abdullah -al- Hasan", :campus_name=>"Uttara", :batch_no=>52, :program_short_name=>"B.Sc. in CSE", :department_short_name=>"CSE", :faculty_short_name=>"FSIT", :shift=>"MORNING"}
[15-06-2022 09:19:47]: (INFO) => 162-15-1044: {:student_id=>"162-15-1044", :student_name=>"Mohammad Salim Hosen", :campus_name=>"DSC", :batch_no=>44, :program_short_name=>"B.Sc. in CSE", :department_short_name=>"CSE", :faculty_short_name=>"FSIT", :shift=>"MORNING"}
[15-06-2022 09:19:48]: (INFO) => 191-15-1044: {:student_id=>"191-15-1044", :student_name=>"Safim Md. Fahim", :campus_name=>"Uttara", :batch_no=>52, :program_short_name=>"B.Sc. in CSE", :department_short_name=>"CSE", :faculty_short_name=>"FSIT", :shift=>"MORNING"}
[15-06-2022 09:19:49]: (INFO) => 162-15-1045: {:student_id=>"162-15-1045", :student_name=>"Md. Sarwar Islam Tamim", :campus_name=>"DSC", :batch_no=>44, :program_short_name=>"B.Sc. in CSE", :department_short_name=>"CSE", :faculty_short_name=>"FSIT", :shift=>"MORNING"}
[15-06-2022 09:19:50]: (INFO) => 191-15-1045: {:student_id=>"191-15-1045", :student_name=>"Jannatun Nahar Mim", :campus_name=>"Uttara", :batch_no=>52, :program_short_name=>"B.Sc. in CSE", :department_short_name=>"CSE", :faculty_short_name=>"FSIT", :shift=>"MORNING"}
[15-06-2022 09:19:53]: (INFO) => 162-15-1046: {:student_id=>"162-15-1046", :student_name=>"Rahatul Jannat Dipti", :campus_name=>"DSC", :batch_no=>44, :program_short_name=>"B.Sc. in CSE", :department_short_name=>"CSE", :faculty_short_name=>"FSIT", :shift=>"MORNING"}
[15-06-2022 09:19:54]: (INFO) => 191-15-1046: {:student_id=>"191-15-1046", :student_name=>"Foisal Ahmmed Shagor", :campus_name=>"Uttara", :batch_no=>52, :program_short_name=>"B.Sc. in CSE", :department_short_name=>"CSE", :faculty_short_name=>"FSIT", :shift=>"MORNING"}
[15-06-2022 09:20:02]: (INFO) => 162-15-1047: {:student_id=>"162-15-1047", :student_name=>"Md. Mehedi Hasan Sobuj", :campus_name=>"DSC", :batch_no=>44, :program_short_name=>"B.Sc. in CSE", :department_short_name=>"CSE", :faculty_short_name=>"FSIT", :shift=>"MORNING"}
[15-06-2022 09:20:03]: (INFO) => 191-15-1047: {:student_id=>"191-15-1047", :student_name=>"Yousha Hossain", :campus_name=>"Uttara", :batch_no=>52, :program_short_name=>"B.Sc. in CSE", :department_short_name=>"CSE", :faculty_short_name=>"FSIT", :shift=>"MORNING"}
[15-06-2022 09:20:05]: (INFO) => 162-15-1048: {:student_id=>"162-15-1048", :student_name=>"Maruf Ahmed Dipto", :campus_name=>"DSC", :batch_no=>44, :program_short_name=>"B.Sc. in CSE", :department_short_name=>"CSE", :faculty_short_name=>"FSIT", :shift=>"MORNING"}
[15-06-2022 09:20:06]: (INFO) => 191-15-1048: {:student_id=>"191-15-1048", :student_name=>"Al - Mamun", :campus_name=>"Uttara", :batch_no=>52, :program_short_name=>"B.Sc. in CSE", :department_short_name=>"CSE", :faculty_short_name=>"FSIT", :shift=>"MORNING"}
[15-06-2022 09:20:09]: (INFO) => 162-15-1049: {:student_id=>"162-15-1049", :student_name=>"Md. Rifat Rahman", :campus_name=>"DSC", :batch_no=>44, :program_short_name=>"B.Sc. in CSE", :department_short_name=>"CSE", :faculty_short_name=>"FSIT", :shift=>"MORNING"}
[15-06-2022 09:20:09]: (INFO) => 191-15-1049: {:student_id=>"191-15-1049", :student_name=>"Ziaur Rahman Ramim", :campus_name=>"Uttara", :batch_no=>52, :program_short_name=>"B.Sc. in CSE", :department_short_name=>"CSE", :faculty_short_name=>"FSIT", :shift=>"MORNING"}
[15-06-2022 09:20:11]: (INFO) => 162-15-1050: {:student_id=>"162-15-1050", :student_name=>"Md. Tofael Ahmed Monshi", :campus_name=>"DSC", :batch_no=>44, :program_short_name=>"B.Sc. in CSE", :department_short_name=>"CSE", :faculty_short_name=>"FSIT", :shift=>"MORNING"}
[15-06-2022 09:20:11]: (INFO) => 191-15-1050: {:student_id=>"191-15-1050", :student_name=>"Fazla Rabbi Bhuiyan", :campus_name=>"Uttara", :batch_no=>52, :program_short_name=>"B.Sc. in CSE", :department_short_name=>"CSE", :faculty_short_name=>"FSIT", :shift=>"MORNING"}
[15-06-2022 09:20:13]: (INFO) => 162-15-1051: {:student_id=>"162-15-1051", :student_name=>"Anik Datta", :campus_name=>"DSC", :batch_no=>44, :program_short_name=>"B.Sc. in CSE", :department_short_name=>"CSE", :faculty_short_name=>"FSIT", :shift=>"MORNING"}
[15-06-2022 09:20:13]: (INFO) => 191-15-1051: {:student_id=>"191-15-1051", :student_name=>"Tasnim Taofiq Simin", :campus_name=>"Uttara", :batch_no=>52, :program_short_name=>"B.Sc. in CSE", :department_short_name=>"CSE", :faculty_short_name=>"FSIT", :shift=>"MORNING"}
[15-06-2022 09:20:15]: (INFO) => 162-15-1052: {:student_id=>"162-15-1052", :student_name=>"Md. Shafiul Naeem", :campus_name=>"DSC", :batch_no=>44, :program_short_name=>"B.Sc. in CSE", :department_short_name=>"CSE", :faculty_short_name=>"FSIT", :shift=>"MORNING"}
[15-06-2022 09:20:15]: (INFO) => 191-15-1052: {:student_id=>"191-15-1052", :student_name=>"Kulsum Begum ", :campus_name=>"Uttara", :batch_no=>52, :program_short_name=>"B.Sc. in CSE", :department_short_name=>"CSE", :faculty_short_name=>"FSIT", :shift=>"MORNING"}
[15-06-2022 09:20:17]: (INFO) => 162-15-1053: {:student_id=>"162-15-1053", :student_name=>"Mahedi Hasan Suvo", :campus_name=>"DSC", :batch_no=>44, :program_short_name=>"B.Sc. in CSE", :department_short_name=>"CSE", :faculty_short_name=>"FSIT", :shift=>"MORNING"}
[15-06-2022 09:20:17]: (INFO) => 191-15-1053: {:student_id=>"191-15-1053", :student_name=>"Abu Sufian", :campus_name=>"Uttara", :batch_no=>52, :program_short_name=>"B.Sc. in CSE", :department_short_name=>"CSE", :faculty_short_name=>"FSIT", :shift=>"MORNING"}
[15-06-2022 09:20:19]: (INFO) => 162-15-1054: {:student_id=>"162-15-1054", :student_name=>"Md Tamim Sheikh", :campus_name=>"DSC", :batch_no=>44, :program_short_name=>"B.Sc. in CSE", :department_short_name=>"CSE", :faculty_short_name=>"FSIT", :shift=>"MORNING"}
[15-06-2022 09:20:20]: (INFO) => 191-15-1054: {:student_id=>"191-15-1054", :student_name=>"Md. Nafiz - Al - Fuad", :campus_name=>"Uttara", :batch_no=>52, :program_short_name=>"B.Sc. in CSE", :department_short_name=>"CSE", :faculty_short_name=>"FSIT", :shift=>"MORNING"}
[15-06-2022 09:20:22]: (INFO) => 162-15-1055: {:student_id=>"162-15-1055", :student_name=>"Shafikul Islam", :campus_name=>"DSC", :batch_no=>44, :program_short_name=>"B.Sc. in CSE", :department_short_name=>"CSE", :faculty_short_name=>"FSIT", :shift=>"MORNING"}
[15-06-2022 09:20:23]: (INFO) => 191-15-1055: {:student_id=>"191-15-1055", :student_name=>"Gazi Farjana Sultana", :campus_name=>"Uttara", :batch_no=>52, :program_short_name=>"B.Sc. in CSE", :department_short_name=>"CSE", :faculty_short_name=>"FSIT", :shift=>"MORNING"}
[15-06-2022 09:20:25]: (INFO) => 162-15-1056: {:student_id=>"162-15-1056", :student_name=>"MD Mozahadul Islam", :campus_name=>"DSC", :batch_no=>44, :program_short_name=>"B.Sc. in CSE", :department_short_name=>"CSE", :faculty_short_name=>"FSIT", :shift=>"MORNING"}
[15-06-2022 09:20:25]: (INFO) => 191-15-1056: {:student_id=>"191-15-1056", :student_name=>"Md. Mazedur Rhaman", :campus_name=>"Uttara", :batch_no=>52, :program_short_name=>"B.Sc. in CSE", :department_short_name=>"CSE", :faculty_short_name=>"FSIT", :shift=>"MORNING"}
[15-06-2022 09:20:27]: (INFO) => 162-15-1057: {:student_id=>"162-15-1057", :student_name=>"Mahmudul Hassan Sakib", :campus_name=>"DSC", :batch_no=>44, :program_short_name=>"B.Sc. in CSE", :department_short_name=>"CSE", :faculty_short_name=>"FSIT", :shift=>"MORNING"}
[15-06-2022 09:20:28]: (INFO) => 191-15-1057: {:student_id=>"191-15-1057", :student_name=>"Tasin Tahiat Chowdhury", :campus_name=>"Uttara", :batch_no=>52, :program_short_name=>"B.Sc. in CSE", :department_short_name=>"CSE", :faculty_short_name=>"FSIT", :shift=>"MORNING"}
[15-06-2022 09:20:30]: (INFO) => 162-15-1058: {:student_id=>"162-15-1058", :student_name=>"Mehedi Hasan Bhuiya", :campus_name=>"DSC", :batch_no=>44, :program_short_name=>"B.Sc. in CSE", :department_short_name=>"CSE", :faculty_short_name=>"FSIT", :shift=>"MORNING"}
[15-06-2022 09:20:31]: (INFO) => 191-15-1058: {:student_id=>"191-15-1058", :student_name=>"Sadi Al Sepper Rafe ", :campus_name=>"Uttara", :batch_no=>52, :program_short_name=>"B.Sc. in CSE", :department_short_name=>"CSE", :faculty_short_name=>"FSIT", :shift=>"MORNING"}
[15-06-2022 09:20:32]: (INFO) => 162-15-1059: {:student_id=>"162-15-1059", :student_name=>"Farjana akter", :campus_name=>"DSC", :batch_no=>44, :program_short_name=>"B.Sc. in CSE", :department_short_name=>"CSE", :faculty_short_name=>"FSIT", :shift=>"MORNING"}
[15-06-2022 09:20:33]: (INFO) => 192-15-1059: {:student_id=>"192-15-1059", :student_name=>"Emamul Islam", :campus_name=>"Uttara", :batch_no=>53, :program_short_name=>"B.Sc. in CSE", :department_short_name=>"CSE", :faculty_short_name=>"FSIT", :shift=>"MORNING"}
[15-06-2022 09:20:36]: (INFO) => 162-15-1060: {:student_id=>"162-15-1060", :student_name=>"Touficul Islam Khan Tushar", :campus_name=>"DSC", :batch_no=>44, :program_short_name=>"B.Sc. in CSE", :department_short_name=>"CSE", :faculty_short_name=>"FSIT", :shift=>"MORNING"}
[15-06-2022 09:20:36]: (INFO) => 192-15-1060: {:student_id=>"192-15-1060", :student_name=>"Mohibullah", :campus_name=>"Uttara", :batch_no=>53, :program_short_name=>"B.Sc. in CSE", :department_short_name=>"CSE", :faculty_short_name=>"FSIT", :shift=>"MORNING"}
[15-06-2022 09:20:38]: (INFO) => 162-15-1061: {:student_id=>"162-15-1061", :student_name=>"Shati Shikder", :campus_name=>"DSC", :batch_no=>44, :program_short_name=>"B.Sc. in CSE", :department_short_name=>"CSE", :faculty_short_name=>"FSIT", :shift=>"MORNING"}
[15-06-2022 09:20:39]: (INFO) => 192-15-1061: {:student_id=>"192-15-1061", :student_name=>"Firoj Al Mamun", :campus_name=>"Uttara", :batch_no=>53, :program_short_name=>"B.Sc. in CSE", :department_short_name=>"CSE", :faculty_short_name=>"FSIT", :shift=>"MORNING"}
[15-06-2022 09:20:41]: (INFO) => 162-15-1062: {:student_id=>"162-15-1062", :student_name=>"Somik Mondal", :campus_name=>"DSC", :batch_no=>44, :program_short_name=>"B.Sc. in CSE", :department_short_name=>"CSE", :faculty_short_name=>"FSIT", :shift=>"MORNING"}
[15-06-2022 09:20:41]: (INFO) => 192-15-1062: {:student_id=>"192-15-1062", :student_name=>"Azfar Jannat", :campus_name=>"Uttara", :batch_no=>53, :program_short_name=>"B.Sc. in CSE", :department_short_name=>"CSE", :faculty_short_name=>"FSIT", :shift=>"MORNING"}
[15-06-2022 09:20:42]: (INFO) => 162-15-1063: {:student_id=>"162-15-1063", :student_name=>"MD Saiful Islam", :campus_name=>"DSC", :batch_no=>44, :program_short_name=>"B.Sc. in CSE", :department_short_name=>"CSE", :faculty_short_name=>"FSIT", :shift=>"MORNING"}
[15-06-2022 09:20:43]: (INFO) => 192-15-1063: {:student_id=>"192-15-1063", :student_name=>"Jannatul Mawa", :campus_name=>"Uttara", :batch_no=>53, :program_short_name=>"B.Sc. in CSE", :department_short_name=>"CSE", :faculty_short_name=>"FSIT", :shift=>"MORNING"}
[15-06-2022 09:20:45]: (INFO) => 162-15-1064: {:student_id=>"162-15-1064", :student_name=>"Ishtiak Ahmed", :campus_name=>"DSC", :batch_no=>44, :program_short_name=>"B.Sc. in CSE", :department_short_name=>"CSE", :faculty_short_name=>"FSIT", :shift=>"MORNING"}
[15-06-2022 09:20:46]: (INFO) => 192-15-1064: {:student_id=>"192-15-1064", :student_name=>"Md Ibrahim Hossen Tusar", :campus_name=>"Uttara", :batch_no=>53, :program_short_name=>"B.Sc. in CSE", :department_short_name=>"CSE", :faculty_short_name=>"FSIT", :shift=>"MORNING"}
[15-06-2022 09:20:48]: (INFO) => 162-15-1065: {:student_id=>"162-15-1065", :student_name=>"Md. Murad Hossain", :campus_name=>"DSC", :batch_no=>44, :program_short_name=>"B.Sc. in CSE", :department_short_name=>"CSE", :faculty_short_name=>"FSIT", :shift=>"MORNING"}
[15-06-2022 09:20:48]: (INFO) => 192-15-1065: {:student_id=>"192-15-1065", :student_name=>"Md. Jahirul Alam Sarkar", :campus_name=>"Uttara", :batch_no=>53, :program_short_name=>"B.Sc. in CSE", :department_short_name=>"CSE", :faculty_short_name=>"FSIT", :shift=>"MORNING"}
[15-06-2022 09:20:50]: (INFO) => 162-15-1066: {:student_id=>"162-15-1066", :student_name=>"Md. Tanzil Islam", :campus_name=>"DSC", :batch_no=>44, :program_short_name=>"B.Sc. in CSE", :department_short_name=>"CSE", :faculty_short_name=>"FSIT", :shift=>"MORNING"}
[15-06-2022 09:20:51]: (INFO) => 192-15-1066: {:student_id=>"192-15-1066", :student_name=>"Md. Dipu Hossan", :campus_name=>"Uttara", :batch_no=>53, :program_short_name=>"B.Sc. in CSE", :department_short_name=>"CSE", :faculty_short_name=>"FSIT", :shift=>"MORNING"}
[15-06-2022 09:20:53]: (INFO) => 162-15-1067: {:student_id=>"162-15-1067", :student_name=>"Md. Abdullah Al- Farabi", :campus_name=>"DSC", :batch_no=>44, :program_short_name=>"B.Sc. in CSE", :department_short_name=>"CSE", :faculty_short_name=>"FSIT", :shift=>"MORNING"}
[15-06-2022 09:20:54]: (INFO) => 192-15-1067: {:student_id=>"192-15-1067", :student_name=>"Zahra Alam Liya", :campus_name=>"Uttara", :batch_no=>53, :program_short_name=>"B.Sc. in CSE", :department_short_name=>"CSE", :faculty_short_name=>"FSIT", :shift=>"MORNING"}
[15-06-2022 09:20:55]: (INFO) => 162-15-1068: {:student_id=>"162-15-1068", :student_name=>"Md. Samiul Bashar Sony", :campus_name=>"DSC", :batch_no=>44, :program_short_name=>"B.Sc. in CSE", :department_short_name=>"CSE", :faculty_short_name=>"FSIT", :shift=>"MORNING"}
[15-06-2022 09:20:56]: (INFO) => 192-15-1068: {:student_id=>"192-15-1068", :student_name=>"Muntasir Tamzid ", :campus_name=>"Uttara", :batch_no=>53, :program_short_name=>"B.Sc. in CSE", :department_short_name=>"CSE", :faculty_short_name=>"FSIT", :shift=>"MORNING"}
[15-06-2022 09:20:58]: (INFO) => 162-15-1069: {:student_id=>"162-15-1069", :student_name=>"Md. Nayeem Hosen", :campus_name=>"DSC", :batch_no=>44, :program_short_name=>"B.Sc. in CSE", :department_short_name=>"CSE", :faculty_short_name=>"FSIT", :shift=>"MORNING"}
[15-06-2022 09:21:00]: (INFO) => 192-15-1069: {:student_id=>"192-15-1069", :student_name=>"Md. Naimur Rahman", :campus_name=>"Uttara", :batch_no=>53, :program_short_name=>"B.Sc. in CSE", :department_short_name=>"CSE", :faculty_short_name=>"FSIT", :shift=>"MORNING"}
[15-06-2022 09:21:02]: (INFO) => 162-15-1070: {:student_id=>"162-15-1070", :student_name=>"Saiful Islam", :campus_name=>"DSC", :batch_no=>44, :program_short_name=>"B.Sc. in CSE", :department_short_name=>"CSE", :faculty_short_name=>"FSIT", :shift=>"MORNING"}
[15-06-2022 09:21:03]: (INFO) => 192-15-1070: {:student_id=>"192-15-1070", :student_name=>"Tanjina Islam", :campus_name=>"Uttara", :batch_no=>53, :program_short_name=>"B.Sc. in CSE", :department_short_name=>"CSE", :faculty_short_name=>"FSIT", :shift=>"MORNING"}
[15-06-2022 09:21:05]: (INFO) => 162-15-1071: {:student_id=>"162-15-1071", :student_name=>"Md. Ariful Islam", :campus_name=>"DSC", :batch_no=>44, :program_short_name=>"B.Sc. in CSE", :department_short_name=>"CSE", :faculty_short_name=>"FSIT", :shift=>"MORNING"}
[15-06-2022 09:21:06]: (INFO) => 193-15-1071: {:student_id=>"193-15-1071", :student_name=>"Ahmad Umar Mahdi", :campus_name=>"Uttara", :batch_no=>54, :program_short_name=>"B.Sc. in CSE", :department_short_name=>"CSE", :faculty_short_name=>"FSIT", :shift=>"MORNING"}
[15-06-2022 09:21:07]: (INFO) => 162-15-1072: {:student_id=>"162-15-1072", :student_name=>"Sarwar Mahmud Milon", :campus_name=>"DSC", :batch_no=>44, :program_short_name=>"B.Sc. in CSE", :department_short_name=>"CSE", :faculty_short_name=>"FSIT", :shift=>"MORNING"}
[15-06-2022 09:21:08]: (INFO) => 193-15-1072: {:student_id=>"193-15-1072", :student_name=>"Sabrina Tabassum", :campus_name=>"Uttara", :batch_no=>54, :program_short_name=>"B.Sc. in CSE", :department_short_name=>"CSE", :faculty_short_name=>"FSIT", :shift=>"MORNING"}
[15-06-2022 09:21:09]: (INFO) => 162-15-1073: {:student_id=>"162-15-1073", :student_name=>"Md. Ariful. Islam", :campus_name=>"DSC", :batch_no=>44, :program_short_name=>"B.Sc. in CSE", :department_short_name=>"CSE", :faculty_short_name=>"FSIT", :shift=>"MORNING"}
[15-06-2022 09:21:10]: (INFO) => 193-15-1073: {:student_id=>"193-15-1073", :student_name=>"Md. Arafat Rahman Medul", :campus_name=>"Uttara", :batch_no=>54, :program_short_name=>"B.Sc. in CSE", :department_short_name=>"CSE", :faculty_short_name=>"FSIT", :shift=>"MORNING"}
[15-06-2022 09:21:12]: (INFO) => 162-15-1074: {:student_id=>"162-15-1074", :student_name=>"Irfan Kibria Talha", :campus_name=>"DSC", :batch_no=>44, :program_short_name=>"B.Sc. in CSE", :department_short_name=>"CSE", :faculty_short_name=>"FSIT", :shift=>"MORNING"}
[15-06-2022 09:21:13]: (INFO) => 193-15-1074: {:student_id=>"193-15-1074", :student_name=>"Israt Fatema Nishat", :campus_name=>"Uttara", :batch_no=>54, :program_short_name=>"B.Sc. in CSE", :department_short_name=>"CSE", :faculty_short_name=>"FSIT", :shift=>"MORNING"}
[15-06-2022 09:21:14]: (INFO) => 162-15-1075: {:student_id=>"162-15-1075", :student_name=>"Forhad Reza", :campus_name=>"DSC", :batch_no=>44, :program_short_name=>"B.Sc. in CSE", :department_short_name=>"CSE", :faculty_short_name=>"FSIT", :shift=>"MORNING"}
[15-06-2022 09:21:15]: (INFO) => 193-15-1075: {:student_id=>"193-15-1075", :student_name=>"Mobashwera Binte Mojib Mim", :campus_name=>"Uttara", :batch_no=>54, :program_short_name=>"B.Sc. in CSE", :department_short_name=>"CSE", :faculty_short_name=>"FSIT", :shift=>"MORNING"}
[15-06-2022 09:21:18]: (INFO) => 162-15-1076: {:student_id=>"162-15-1076", :student_name=>"Md Manir Hossain", :campus_name=>"DSC", :batch_no=>44, :program_short_name=>"B.Sc. in CSE", :department_short_name=>"CSE", :faculty_short_name=>"FSIT", :shift=>"MORNING"}
[15-06-2022 09:21:19]: (INFO) => 193-15-1076: {:student_id=>"193-15-1076", :student_name=>"Jackson Talukder", :campus_name=>"Uttara", :batch_no=>54, :program_short_name=>"B.Sc. in CSE", :department_short_name=>"CSE", :faculty_short_name=>"FSIT", :shift=>"MORNING"}
[15-06-2022 09:21:20]: (INFO) => 162-15-1077: {:student_id=>"162-15-1077", :student_name=>"Partha Sarathi Chakroborty", :campus_name=>"DSC", :batch_no=>44, :program_short_name=>"B.Sc. in CSE", :department_short_name=>"CSE", :faculty_short_name=>"FSIT", :shift=>"MORNING"}
[15-06-2022 09:21:21]: (INFO) => 193-15-1077: {:student_id=>"193-15-1077", :student_name=>"Bristy Saha", :campus_name=>"Uttara", :batch_no=>54, :program_short_name=>"B.Sc. in CSE", :department_short_name=>"CSE", :faculty_short_name=>"FSIT", :shift=>"MORNING"}
[15-06-2022 09:21:23]: (INFO) => 162-15-1078: {:student_id=>"162-15-1078", :student_name=>"Hafiz Mahdi Hasan", :campus_name=>"DSC", :batch_no=>44, :program_short_name=>"B.Sc. in CSE", :department_short_name=>"CSE", :faculty_short_name=>"FSIT", :shift=>"MORNING"}
[15-06-2022 09:21:23]: (INFO) => 193-15-1078: {:student_id=>"193-15-1078", :student_name=>"Mohammad Nur-Ul-Islam Emon", :campus_name=>"Uttara", :batch_no=>54, :program_short_name=>"B.Sc. in CSE", :department_short_name=>"CSE", :faculty_short_name=>"FSIT", :shift=>"MORNING"}
[15-06-2022 09:21:25]: (INFO) => 162-15-1079: {:student_id=>"162-15-1079", :student_name=>"Sultan Mahmud Shawon", :campus_name=>"DSC", :batch_no=>44, :program_short_name=>"B.Sc. in CSE", :department_short_name=>"CSE", :faculty_short_name=>"FSIT", :shift=>"MORNING"}
[15-06-2022 09:21:26]: (INFO) => 193-15-1079: {:student_id=>"193-15-1079", :student_name=>"M. Tausif Elahee", :campus_name=>"Uttara", :batch_no=>54, :program_short_name=>"B.Sc. in CSE", :department_short_name=>"CSE", :faculty_short_name=>"FSIT", :shift=>"MORNING"}
[15-06-2022 09:21:27]: (INFO) => 162-15-1080: {:student_id=>"162-15-1080", :student_name=>"Md. Imran Hossain", :campus_name=>"DSC", :batch_no=>44, :program_short_name=>"B.Sc. in CSE", :department_short_name=>"CSE", :faculty_short_name=>"FSIT", :shift=>"MORNING"}
[15-06-2022 09:21:27]: (INFO) => 193-15-1080: {:student_id=>"193-15-1080", :student_name=>"Jannat Ara Shormee", :campus_name=>"Uttara", :batch_no=>54, :program_short_name=>"B.Sc. in CSE", :department_short_name=>"CSE", :faculty_short_name=>"FSIT", :shift=>"MORNING"}
[15-06-2022 09:21:29]: (INFO) => 162-15-1081: {:student_id=>"162-15-1081", :student_name=>"Sharnali Ghosh", :campus_name=>"DSC", :batch_no=>44, :program_short_name=>"B.Sc. in CSE", :department_short_name=>"CSE", :faculty_short_name=>"FSIT", :shift=>"MORNING"}
[15-06-2022 09:21:30]: (INFO) => 193-15-1081: {:student_id=>"193-15-1081", :student_name=>"Irin Aktar Labanna", :campus_name=>"Uttara", :batch_no=>54, :program_short_name=>"B.Sc. in CSE", :department_short_name=>"CSE", :faculty_short_name=>"FSIT", :shift=>"MORNING"}
[15-06-2022 09:21:32]: (INFO) => 162-15-1082: {:student_id=>"162-15-1082", :student_name=>"Tamanna Tanjila", :campus_name=>"Uttara", :batch_no=>44, :program_short_name=>"B.Sc. in CSE", :department_short_name=>"CSE", :faculty_short_name=>"FSIT", :shift=>"MORNING"}
[15-06-2022 09:21:33]: (INFO) => 193-15-1082: {:student_id=>"193-15-1082", :student_name=>"Tahia Binte Humayun", :campus_name=>"Uttara", :batch_no=>54, :program_short_name=>"B.Sc. in CSE", :department_short_name=>"CSE", :faculty_short_name=>"FSIT", :shift=>"MORNING"}
[15-06-2022 09:21:34]: (INFO) => 162-15-1083: {:student_id=>"162-15-1083", :student_name=>"Md. Rezaul Karim", :campus_name=>"DSC", :batch_no=>44, :program_short_name=>"B.Sc. in CSE", :department_short_name=>"CSE", :faculty_short_name=>"FSIT", :shift=>"MORNING"}
[15-06-2022 09:21:38]: (INFO) => 162-15-1084: {:student_id=>"162-15-1084", :student_name=>"Labibur Rahman", :campus_name=>"DSC", :batch_no=>44, :program_short_name=>"B.Sc. in CSE", :department_short_name=>"CSE", :faculty_short_name=>"FSIT", :shift=>"MORNING"}
[15-06-2022 09:21:40]: (INFO) => 162-15-1085: {:student_id=>"162-15-1085", :student_name=>"Abdullah Al Osman", :campus_name=>"DSC", :batch_no=>44, :program_short_name=>"B.Sc. in CSE", :department_short_name=>"CSE", :faculty_short_name=>"FSIT", :shift=>"MORNING"}
[15-06-2022 09:21:42]: (INFO) => 162-15-1086: {:student_id=>"162-15-1086", :student_name=>"Mohsen Mustaria Ananna", :campus_name=>"DSC", :batch_no=>44, :program_short_name=>"B.Sc. in CSE", :department_short_name=>"CSE", :faculty_short_name=>"FSIT", :shift=>"MORNING"}
[15-06-2022 09:21:44]: (INFO) => 162-15-1087: {:student_id=>"162-15-1087", :student_name=>"Shahidul Islam Khukon", :campus_name=>"DSC", :batch_no=>44, :program_short_name=>"B.Sc. in CSE", :department_short_name=>"CSE", :faculty_short_name=>"FSIT", :shift=>"MORNING"}
[15-06-2022 09:21:46]: (INFO) => 162-15-1088: {:student_id=>"162-15-1088", :student_name=>"Md. Inzamam Ul Haque", :campus_name=>"DSC", :batch_no=>44, :program_short_name=>"B.Sc. in CSE", :department_short_name=>"CSE", :faculty_short_name=>"FSIT", :shift=>"MORNING"}
[15-06-2022 09:21:49]: (INFO) => 162-15-1089: {:student_id=>"162-15-1089", :student_name=>"Md. Mashriqul Hasan", :campus_name=>"DSC", :batch_no=>44, :program_short_name=>"B.Sc. in CSE", :department_short_name=>"CSE", :faculty_short_name=>"FSIT", :shift=>"MORNING"}
[15-06-2022 09:21:51]: (INFO) => 162-15-1090: {:student_id=>"162-15-1090", :student_name=>"Md. Minjur Rahaman", :campus_name=>"DSC", :batch_no=>44, :program_short_name=>"B.Sc. in CSE", :department_short_name=>"CSE", :faculty_short_name=>"FSIT", :shift=>"MORNING"}
[15-06-2022 09:21:54]: (INFO) => 162-15-1091: {:student_id=>"162-15-1091", :student_name=>"Md. Azim Hossain", :campus_name=>"DSC", :batch_no=>44, :program_short_name=>"B.Sc. in CSE", :department_short_name=>"CSE", :faculty_short_name=>"FSIT", :shift=>"MORNING"}
[15-06-2022 09:21:57]: (INFO) => 162-15-1092: {:student_id=>"162-15-1092", :student_name=>"Md Zakir Hossaian", :campus_name=>"DSC", :batch_no=>44, :program_short_name=>"B.Sc. in CSE", :department_short_name=>"CSE", :faculty_short_name=>"FSIT", :shift=>"MORNING"}
[15-06-2022 09:21:59]: (INFO) => 162-15-1093: {:student_id=>"162-15-1093", :student_name=>"Md. Nazmul Alam", :campus_name=>"DSC", :batch_no=>44, :program_short_name=>"B.Sc. in CSE", :department_short_name=>"CSE", :faculty_short_name=>"FSIT", :shift=>"MORNING"}
[15-06-2022 09:22:02]: (INFO) => 162-15-1094: {:student_id=>"162-15-1094", :student_name=>"Md. Gausul Asam", :campus_name=>"DSC", :batch_no=>44, :program_short_name=>"B.Sc. in CSE", :department_short_name=>"CSE", :faculty_short_name=>"FSIT", :shift=>"MORNING"}
[15-06-2022 09:22:05]: (INFO) => 162-15-1095: {:student_id=>"162-15-1095", :student_name=>"Arif Hossain", :campus_name=>"DSC", :batch_no=>44, :program_short_name=>"B.Sc. in CSE", :department_short_name=>"CSE", :faculty_short_name=>"FSIT", :shift=>"MORNING"}
[15-06-2022 09:22:07]: (INFO) => 162-15-1096: {:student_id=>"162-15-1096", :student_name=>"Md. Shaheen Hossain", :campus_name=>"DSC", :batch_no=>44, :program_short_name=>"B.Sc. in CSE", :department_short_name=>"CSE", :faculty_short_name=>"FSIT", :shift=>"MORNING"}
[15-06-2022 09:22:09]: (INFO) => 162-15-1097: {:student_id=>"162-15-1097", :student_name=>"Md. Al - Amin Khan", :campus_name=>"DSC", :batch_no=>44, :program_short_name=>"B.Sc. in CSE", :department_short_name=>"CSE", :faculty_short_name=>"FSIT", :shift=>"MORNING"}
[15-06-2022 09:22:11]: (INFO) => 162-15-1098: {:student_id=>"162-15-1098", :student_name=>"Kamrul Islam", :campus_name=>"DSC", :batch_no=>44, :program_short_name=>"B.Sc. in CSE", :department_short_name=>"CSE", :faculty_short_name=>"FSIT", :shift=>"MORNING"}
[15-06-2022 09:22:14]: (INFO) => 162-15-1099: {:student_id=>"162-15-1099", :student_name=>"Mirza Rony Al-Ahmed", :campus_name=>"DSC", :batch_no=>44, :program_short_name=>"B.Sc. in CSE", :department_short_name=>"CSE", :faculty_short_name=>"FSIT", :shift=>"MORNING"}
[15-06-2022 09:22:16]: (INFO) => 162-15-1100: {:student_id=>"162-15-1100", :student_name=>"Md. Shafi Khan Nahid", :campus_name=>"DSC", :batch_no=>44, :program_short_name=>"B.Sc. in CSE", :department_short_name=>"CSE", :faculty_short_name=>"FSIT", :shift=>"MORNING"}
[15-06-2022 09:22:19]: (INFO) => 163-15-1101: {:student_id=>"163-15-1101", :student_name=>"Rima Akter", :campus_name=>"DSC", :batch_no=>45, :program_short_name=>"B.Sc. in CSE", :department_short_name=>"CSE", :faculty_short_name=>"FSIT", :shift=>"MORNING"}
[15-06-2022 09:22:21]: (INFO) => 163-15-1102: {:student_id=>"163-15-1102", :student_name=>"Md. Shahadat Hossain Bhuiyan Sagor", :campus_name=>"DSC", :batch_no=>45, :program_short_name=>"B.Sc. in CSE", :department_short_name=>"CSE", :faculty_short_name=>"FSIT", :shift=>"MORNING"}
[15-06-2022 09:22:23]: (INFO) => 163-15-1103: {:student_id=>"163-15-1103", :student_name=>"Md. Mahabubur  Rahman", :campus_name=>"DSC", :batch_no=>45, :program_short_name=>"B.Sc. in CSE", :department_short_name=>"CSE", :faculty_short_name=>"FSIT", :shift=>"MORNING"}
[15-06-2022 09:22:25]: (INFO) => 163-15-1104: {:student_id=>"163-15-1104", :student_name=>"Liton Miah", :campus_name=>"DSC", :batch_no=>45, :program_short_name=>"B.Sc. in CSE", :department_short_name=>"CSE", :faculty_short_name=>"FSIT", :shift=>"EVENING"}
[15-06-2022 09:22:28]: (INFO) => 163-15-1105: {:student_id=>"163-15-1105", :student_name=>"Nayem Rahman Ranak", :campus_name=>"DSC", :batch_no=>45, :program_short_name=>"B.Sc. in CSE", :department_short_name=>"CSE", :faculty_short_name=>"FSIT", :shift=>"MORNING"}
[15-06-2022 09:22:30]: (INFO) => 163-15-1106: {:student_id=>"163-15-1106", :student_name=>"Shakil Ahmmed Robin", :campus_name=>"DSC", :batch_no=>45, :program_short_name=>"B.Sc. in CSE", :department_short_name=>"CSE", :faculty_short_name=>"FSIT", :shift=>"MORNING"}
[15-06-2022 09:22:32]: (INFO) => 163-15-1107: {:student_id=>"163-15-1107", :student_name=>"Md. Ashiqur Rahman", :campus_name=>"DSC", :batch_no=>45, :program_short_name=>"B.Sc. in CSE", :department_short_name=>"CSE", :faculty_short_name=>"FSIT", :shift=>"MORNING"}
[15-06-2022 09:22:35]: (INFO) => 163-15-1108: {:student_id=>"163-15-1108", :student_name=>"Sadia Tanzin Neela", :campus_name=>"DSC", :batch_no=>45, :program_short_name=>"B.Sc. in CSE", :department_short_name=>"CSE", :faculty_short_name=>"FSIT", :shift=>"MORNING"}
[15-06-2022 09:22:37]: (INFO) => 163-15-1109: {:student_id=>"163-15-1109", :student_name=>"Md. Sajib Rahman", :campus_name=>"DSC", :batch_no=>45, :program_short_name=>"B.Sc. in CSE", :department_short_name=>"CSE", :faculty_short_name=>"FSIT", :shift=>"MORNING"}
[15-06-2022 09:22:40]: (INFO) => 163-15-1110: {:student_id=>"163-15-1110", :student_name=>"Ahsan Ullah", :campus_name=>"DSC", :batch_no=>45, :program_short_name=>"B.Sc. in CSE", :department_short_name=>"CSE", :faculty_short_name=>"FSIT", :shift=>"MORNING"}
[15-06-2022 09:22:42]: (INFO) => 163-15-1111: {:student_id=>"163-15-1111", :student_name=>"Shahriar Mehedi Shawn", :campus_name=>"DSC", :batch_no=>45, :program_short_name=>"B.Sc. in CSE", :department_short_name=>"CSE", :faculty_short_name=>"FSIT", :shift=>"MORNING"}
[15-06-2022 09:22:44]: (INFO) => 163-15-1112: {:student_id=>"163-15-1112", :student_name=>"Md. Hasibur Rahman", :campus_name=>"DSC", :batch_no=>45, :program_short_name=>"B.Sc. in CSE", :department_short_name=>"CSE", :faculty_short_name=>"FSIT", :shift=>"MORNING"}
[15-06-2022 09:22:46]: (INFO) => 163-15-1113: {:student_id=>"163-15-1113", :student_name=>"Md. Imran Hossain", :campus_name=>"DSC", :batch_no=>45, :program_short_name=>"B.Sc. in CSE", :department_short_name=>"CSE", :faculty_short_name=>"FSIT", :shift=>"MORNING"}
[15-06-2022 09:22:48]: (INFO) => 163-15-1114: {:student_id=>"163-15-1114", :student_name=>"Faysol Ahmad", :campus_name=>"DSC", :batch_no=>45, :program_short_name=>"B.Sc. in CSE", :department_short_name=>"CSE", :faculty_short_name=>"FSIT", :shift=>"MORNING"}
[15-06-2022 09:22:51]: (INFO) => 163-15-1115: {:student_id=>"163-15-1115", :student_name=>"Niranzan Chandra", :campus_name=>"DSC", :batch_no=>45, :program_short_name=>"B.Sc. in CSE", :department_short_name=>"CSE", :faculty_short_name=>"FSIT", :shift=>"EVENING"}
[15-06-2022 09:22:53]: (INFO) => 163-15-1116: {:student_id=>"163-15-1116", :student_name=>"Md. Foridul Islam", :campus_name=>"DSC", :batch_no=>45, :program_short_name=>"B.Sc. in CSE", :department_short_name=>"CSE", :faculty_short_name=>"FSIT", :shift=>"MORNING"}
[15-06-2022 09:22:55]: (INFO) => 163-15-1117: {:student_id=>"163-15-1117", :student_name=>"Mithun Ahmed Pranta", :campus_name=>"DSC", :batch_no=>45, :program_short_name=>"B.Sc. in CSE", :department_short_name=>"CSE", :faculty_short_name=>"FSIT", :shift=>"MORNING"}
[15-06-2022 09:22:59]: (INFO) => 163-15-1118: {:student_id=>"163-15-1118", :student_name=>"Mehedi Hasan", :campus_name=>"DSC", :batch_no=>45, :program_short_name=>"B.Sc. in CSE", :department_short_name=>"CSE", :faculty_short_name=>"FSIT", :shift=>"MORNING"}
[15-06-2022 09:23:02]: (INFO) => 163-15-1119: {:student_id=>"163-15-1119", :student_name=>"Md. Raihanul Islam", :campus_name=>"DSC", :batch_no=>45, :program_short_name=>"B.Sc. in CSE", :department_short_name=>"CSE", :faculty_short_name=>"FSIT", :shift=>"MORNING"}
[15-06-2022 09:23:04]: (INFO) => 163-15-1120: {:student_id=>"163-15-1120", :student_name=>"Abdullah", :campus_name=>"DSC", :batch_no=>45, :program_short_name=>"B.Sc. in CSE", :department_short_name=>"CSE", :faculty_short_name=>"FSIT", :shift=>"MORNING"}
[15-06-2022 09:23:07]: (INFO) => 163-15-1121: {:student_id=>"163-15-1121", :student_name=>"Manik Ratan Sarker", :campus_name=>"DSC", :batch_no=>45, :program_short_name=>"B.Sc. in CSE", :department_short_name=>"CSE", :faculty_short_name=>"FSIT", :shift=>"EVENING"}
[15-06-2022 09:23:10]: (INFO) => 163-15-1122: {:student_id=>"163-15-1122", :student_name=>"Md. Emran Sikder", :campus_name=>"DSC", :batch_no=>45, :program_short_name=>"B.Sc. in CSE", :department_short_name=>"CSE", :faculty_short_name=>"FSIT", :shift=>"MORNING"}
[15-06-2022 09:23:13]: (INFO) => 163-15-1123: {:student_id=>"163-15-1123", :student_name=>"Khosnur Alam", :campus_name=>"DSC", :batch_no=>45, :program_short_name=>"B.Sc. in CSE", :department_short_name=>"CSE", :faculty_short_name=>"FSIT", :shift=>"MORNING"}
[15-06-2022 09:23:16]: (INFO) => 163-15-1124: {:student_id=>"163-15-1124", :student_name=>"Md. Rakib Uddin", :campus_name=>"DSC", :batch_no=>45, :program_short_name=>"B.Sc. in CSE", :department_short_name=>"CSE", :faculty_short_name=>"FSIT", :shift=>"MORNING"}
[15-06-2022 09:23:19]: (INFO) => 163-15-1125: {:student_id=>"163-15-1125", :student_name=>"Md. Bijoy Mahmud", :campus_name=>"DSC", :batch_no=>45, :program_short_name=>"B.Sc. in CSE", :department_short_name=>"CSE", :faculty_short_name=>"FSIT", :shift=>"MORNING"}
[15-06-2022 09:23:21]: (INFO) => 163-15-1126: {:student_id=>"163-15-1126", :student_name=>"Zubaer Ahmed Robin", :campus_name=>"DSC", :batch_no=>45, :program_short_name=>"B.Sc. in CSE", :department_short_name=>"CSE", :faculty_short_name=>"FSIT", :shift=>"MORNING"}
[15-06-2022 09:23:24]: (INFO) => 163-15-1127: {:student_id=>"163-15-1127", :student_name=>"Md. Nasimuzzaman", :campus_name=>"DSC", :batch_no=>45, :program_short_name=>"B.Sc. in CSE", :department_short_name=>"CSE", :faculty_short_name=>"FSIT", :shift=>"MORNING"}
[15-06-2022 09:23:27]: (INFO) => 163-15-1128: {:student_id=>"163-15-1128", :student_name=>"Md. Emon. Sarkar", :campus_name=>"DSC", :batch_no=>45, :program_short_name=>"B.Sc. in CSE", :department_short_name=>"CSE", :faculty_short_name=>"FSIT", :shift=>"MORNING"}
[15-06-2022 09:23:29]: (INFO) => 163-15-1129: {:student_id=>"163-15-1129", :student_name=>"Khondaker Abu Talha", :campus_name=>"DSC", :batch_no=>45, :program_short_name=>"B.Sc. in CSE", :department_short_name=>"CSE", :faculty_short_name=>"FSIT", :shift=>"MORNING"}
[15-06-2022 09:23:31]: (INFO) => 163-15-1130: {:student_id=>"163-15-1130", :student_name=>"Md. Hridoy Hassan", :campus_name=>"DSC", :batch_no=>45, :program_short_name=>"B.Sc. in CSE", :department_short_name=>"CSE", :faculty_short_name=>"FSIT", :shift=>"MORNING"}
[15-06-2022 09:23:35]: (INFO) => 163-15-1131: {:student_id=>"163-15-1131", :student_name=>"Foyshal Ahmed", :campus_name=>"DSC", :batch_no=>45, :program_short_name=>"B.Sc. in CSE", :department_short_name=>"CSE", :faculty_short_name=>"FSIT", :shift=>"MORNING"}
[15-06-2022 09:23:38]: (INFO) => 163-15-1132: {:student_id=>"163-15-1132", :student_name=>"Md. Abul Hayat", :campus_name=>"DSC", :batch_no=>45, :program_short_name=>"B.Sc. in CSE", :department_short_name=>"CSE", :faculty_short_name=>"FSIT", :shift=>"MORNING"}
[15-06-2022 09:23:41]: (INFO) => 163-15-1133: {:student_id=>"163-15-1133", :student_name=>"Md. Sajjad Hossain", :campus_name=>"DSC", :batch_no=>45, :program_short_name=>"B.Sc. in CSE", :department_short_name=>"CSE", :faculty_short_name=>"FSIT", :shift=>"MORNING"}
[15-06-2022 09:23:44]: (INFO) => 163-15-1134: {:student_id=>"163-15-1134", :student_name=>"Saifullah Muhammad Mahadi Muma", :campus_name=>"DSC", :batch_no=>45, :program_short_name=>"B.Sc. in CSE", :department_short_name=>"CSE", :faculty_short_name=>"FSIT", :shift=>"MORNING"}
[15-06-2022 09:23:47]: (INFO) => 163-15-1135: {:student_id=>"163-15-1135", :student_name=>"Farhan Tanvir Ayon", :campus_name=>"DSC", :batch_no=>45, :program_short_name=>"B.Sc. in CSE", :department_short_name=>"CSE", :faculty_short_name=>"FSIT", :shift=>"MORNING"}
[15-06-2022 09:23:50]: (INFO) => 163-15-1136: {:student_id=>"163-15-1136", :student_name=>"Md. Abu Baker Siddique Tuhin", :campus_name=>"DSC", :batch_no=>45, :program_short_name=>"B.Sc. in CSE", :department_short_name=>"CSE", :faculty_short_name=>"FSIT", :shift=>"MORNING"}
[15-06-2022 09:23:51]: (INFO) => 201-15-1136: {:student_id=>"201-15-1136", :student_name=>"Rayhun Mondol", :campus_name=>"DSC", :batch_no=>55, :program_short_name=>"B.Sc. in CSE", :department_short_name=>"CSE", :faculty_short_name=>"FSIT", :shift=>"MORNING"}
[15-06-2022 09:23:53]: (INFO) => 163-15-1137: {:student_id=>"163-15-1137", :student_name=>"Md. Rejuanur Rahman", :campus_name=>"DSC", :batch_no=>45, :program_short_name=>"B.Sc. in CSE", :department_short_name=>"CSE", :faculty_short_name=>"FSIT", :shift=>"MORNING"}
[15-06-2022 09:24:00]: (INFO) => 163-15-1138: {:student_id=>"163-15-1138", :student_name=>"Akash Sarker", :campus_name=>"DSC", :batch_no=>45, :program_short_name=>"B.Sc. in CSE", :department_short_name=>"CSE", :faculty_short_name=>"FSIT", :shift=>"MORNING"}
[15-06-2022 09:24:04]: (INFO) => 163-15-1139: {:student_id=>"163-15-1139", :student_name=>"Riaz Mahmud Anik", :campus_name=>"DSC", :batch_no=>45, :program_short_name=>"B.Sc. in CSE", :department_short_name=>"CSE", :faculty_short_name=>"FSIT", :shift=>"EVENING"}
[15-06-2022 09:24:07]: (INFO) => 163-15-1140: {:student_id=>"163-15-1140", :student_name=>"Sourab Das", :campus_name=>"DSC", :batch_no=>45, :program_short_name=>"B.Sc. in CSE", :department_short_name=>"CSE", :faculty_short_name=>"FSIT", :shift=>"MORNING"}
[15-06-2022 09:24:10]: (INFO) => 163-15-1141: {:student_id=>"163-15-1141", :student_name=>"Mozammel Haque", :campus_name=>"DSC", :batch_no=>45, :program_short_name=>"B.Sc. in CSE", :department_short_name=>"CSE", :faculty_short_name=>"FSIT", :shift=>"MORNING"}
[15-06-2022 09:24:13]: (INFO) => 163-15-1142: {:student_id=>"163-15-1142", :student_name=>"Md. Monirul Islam", :campus_name=>"DSC", :batch_no=>45, :program_short_name=>"B.Sc. in CSE", :department_short_name=>"CSE", :faculty_short_name=>"FSIT", :shift=>"MORNING"}
[15-06-2022 09:24:18]: (INFO) => 163-15-1143: {:student_id=>"163-15-1143", :student_name=>"Saikat Sarkar", :campus_name=>"DSC", :batch_no=>45, :program_short_name=>"B.Sc. in CSE", :department_short_name=>"CSE", :faculty_short_name=>"FSIT", :shift=>"MORNING"}
[15-06-2022 09:24:22]: (INFO) => 163-15-1144: {:student_id=>"163-15-1144", :student_name=>"Md. Shoriful Islam", :campus_name=>"DSC", :batch_no=>45, :program_short_name=>"B.Sc. in CSE", :department_short_name=>"CSE", :faculty_short_name=>"FSIT", :shift=>"MORNING"}
[15-06-2022 09:24:25]: (INFO) => 163-15-1145: {:student_id=>"163-15-1145", :student_name=>"Md. Naimul Islam", :campus_name=>"DSC", :batch_no=>45, :program_short_name=>"B.Sc. in CSE", :department_short_name=>"CSE", :faculty_short_name=>"FSIT", :shift=>"MORNING"}
[15-06-2022 09:24:28]: (INFO) => 163-15-1146: {:student_id=>"163-15-1146", :student_name=>"Md Waliur Rahaman", :campus_name=>"DSC", :batch_no=>45, :program_short_name=>"B.Sc. in CSE", :department_short_name=>"CSE", :faculty_short_name=>"FSIT", :shift=>"MORNING"}
[15-06-2022 09:24:36]: (INFO) => 163-15-1147: {:student_id=>"163-15-1147", :student_name=>"Md. Mahabub Alam", :campus_name=>"DSC", :batch_no=>45, :program_short_name=>"B.Sc. in CSE", :department_short_name=>"CSE", :faculty_short_name=>"FSIT", :shift=>"MORNING"}
[15-06-2022 09:24:38]: (INFO) => 163-15-1148: {:student_id=>"163-15-1148", :student_name=>"Md. Biplob Miah", :campus_name=>"DSC", :batch_no=>45, :program_short_name=>"B.Sc. in CSE", :department_short_name=>"CSE", :faculty_short_name=>"FSIT", :shift=>"MORNING"}
[15-06-2022 09:24:43]: (INFO) => 163-15-1149: {:student_id=>"163-15-1149", :student_name=>"Rashibul Hasan", :campus_name=>"DSC", :batch_no=>45, :program_short_name=>"B.Sc. in CSE", :department_short_name=>"CSE", :faculty_short_name=>"FSIT", :shift=>"MORNING"}
[15-06-2022 09:24:46]: (INFO) => 163-15-1150: {:student_id=>"163-15-1150", :student_name=>"Shayla Alam Setu", :campus_name=>"DSC", :batch_no=>45, :program_short_name=>"B.Sc. in CSE", :department_short_name=>"CSE", :faculty_short_name=>"FSIT", :shift=>"MORNING"}
[15-06-2022 09:24:49]: (INFO) => 171-15-1151: {:student_id=>"171-15-1151", :student_name=>"Khadiza Khanom", :campus_name=>"DSC", :batch_no=>46, :program_short_name=>"B.Sc. in CSE", :department_short_name=>"CSE", :faculty_short_name=>"FSIT", :shift=>"MORNING"}
[15-06-2022 09:24:52]: (INFO) => 171-15-1152: {:student_id=>"171-15-1152", :student_name=>"Md. Naeem Aziz", :campus_name=>"DSC", :batch_no=>46, :program_short_name=>"B.Sc. in CSE", :department_short_name=>"CSE", :faculty_short_name=>"FSIT", :shift=>"MORNING"}
[15-06-2022 09:25:01]: (INFO) => 171-15-1153: {:student_id=>"171-15-1153", :student_name=>"Firuj Samiha Mim", :campus_name=>"DSC", :batch_no=>46, :program_short_name=>"B.Sc. in CSE", :department_short_name=>"CSE", :faculty_short_name=>"FSIT", :shift=>"MORNING"}
[15-06-2022 09:25:03]: (INFO) => 171-15-1154: {:student_id=>"171-15-1154", :student_name=>"Abu Tanzin Khan Sani", :campus_name=>"DSC", :batch_no=>46, :program_short_name=>"B.Sc. in CSE", :department_short_name=>"CSE", :faculty_short_name=>"FSIT", :shift=>"MORNING"}
[15-06-2022 09:25:07]: (INFO) => 171-15-1155: {:student_id=>"171-15-1155", :student_name=>"Junayed Hossain Emon", :campus_name=>"DSC", :batch_no=>46, :program_short_name=>"B.Sc. in CSE", :department_short_name=>"CSE", :faculty_short_name=>"FSIT", :shift=>"MORNING"}
[15-06-2022 09:25:15]: (INFO) => 171-15-1156: {:student_id=>"171-15-1156", :student_name=>"Wasik Ahmmed Fahim", :campus_name=>"DSC", :batch_no=>46, :program_short_name=>"B.Sc. in CSE", :department_short_name=>"CSE", :faculty_short_name=>"FSIT", :shift=>"MORNING"}
[15-06-2022 09:25:19]: (INFO) => 171-15-1157: {:student_id=>"171-15-1157", :student_name=>"Khan Mahedi Hasan", :campus_name=>"DSC", :batch_no=>46, :program_short_name=>"B.Sc. in CSE", :department_short_name=>"CSE", :faculty_short_name=>"FSIT", :shift=>"MORNING"}
[15-06-2022 09:25:24]: (INFO) => 171-15-1158: {:student_id=>"171-15-1158", :student_name=>"Md. Rokonujjaman", :campus_name=>"DSC", :batch_no=>46, :program_short_name=>"B.Sc. in CSE", :department_short_name=>"CSE", :faculty_short_name=>"FSIT", :shift=>"MORNING"}
[15-06-2022 09:25:28]: (INFO) => 171-15-1159: {:student_id=>"171-15-1159", :student_name=>"Md. Razuan Khan", :campus_name=>"DSC", :batch_no=>46, :program_short_name=>"B.Sc. in CSE", :department_short_name=>"CSE", :faculty_short_name=>"FSIT", :shift=>"MORNING"}
[15-06-2022 09:25:31]: (INFO) => 171-15-1160: {:student_id=>"171-15-1160", :student_name=>"Md. Safiqul Islam", :campus_name=>"DSC", :batch_no=>46, :program_short_name=>"B.Sc. in CSE", :department_short_name=>"CSE", :faculty_short_name=>"FSIT", :shift=>"MORNING"}
[15-06-2022 09:25:33]: (INFO) => 171-15-1161: {:student_id=>"171-15-1161", :student_name=>"Mohammad Rakibul Hasan", :campus_name=>"DSC", :batch_no=>46, :program_short_name=>"B.Sc. in CSE", :department_short_name=>"CSE", :faculty_short_name=>"FSIT", :shift=>"MORNING"}
[15-06-2022 09:25:36]: (INFO) => 171-15-1162: {:student_id=>"171-15-1162", :student_name=>"Md. Ashif Ur Rahman", :campus_name=>"DSC", :batch_no=>46, :program_short_name=>"B.Sc. in CSE", :department_short_name=>"CSE", :faculty_short_name=>"FSIT", :shift=>"MORNING"}
[15-06-2022 09:25:40]: (INFO) => 171-15-1163: {:student_id=>"171-15-1163", :student_name=>"Md.Ashikujjaman Shaikat", :campus_name=>"DSC", :batch_no=>46, :program_short_name=>"B.Sc. in CSE", :department_short_name=>"CSE", :faculty_short_name=>"FSIT", :shift=>"MORNING"}
[15-06-2022 09:25:44]: (INFO) => 171-15-1164: {:student_id=>"171-15-1164", :student_name=>"Shahriar Rahman Shihab", :campus_name=>"DSC", :batch_no=>46, :program_short_name=>"B.Sc. in CSE", :department_short_name=>"CSE", :faculty_short_name=>"FSIT", :shift=>"MORNING"}
