# Logfile created on 2022-06-15 22:35:20 +0600 by logger.rb/v1.4.2
[15-06-2022 22:35:21]: (INFO) => 191-15-2637: {:student_id=>"191-15-2637", :student_name=>"Nishat Anjum Prapti", :campus_name=>"DSC", :batch_no=>52, :program_short_name=>"B.Sc. in CSE", :department_short_name=>"CSE", :faculty_short_name=>"FSIT", :shift=>"MORNING"}
[15-06-2022 22:35:24]: (INFO) => 191-15-2638: {:student_id=>"191-15-2638", :student_name=>"Md. Mahfuzur Rahman", :campus_name=>"DSC", :batch_no=>52, :program_short_name=>"B.Sc. in CSE", :department_short_name=>"CSE", :faculty_short_name=>"FSIT", :shift=>"MORNING"}
[15-06-2022 22:35:26]: (INFO) => 191-15-2639: {:student_id=>"191-15-2639", :student_name=>"Imam Mehedi Hasan ", :campus_name=>"DSC", :batch_no=>52, :program_short_name=>"B.Sc. in CSE", :department_short_name=>"CSE", :faculty_short_name=>"FSIT", :shift=>"MORNING"}
[15-06-2022 22:35:29]: (INFO) => 191-15-2640: {:student_id=>"191-15-2640", :student_name=>"Khadija Tut Tahera ", :campus_name=>"DSC", :batch_no=>52, :program_short_name=>"B.Sc. in CSE", :department_short_name=>"CSE", :faculty_short_name=>"FSIT", :shift=>"MORNING"}
[15-06-2022 22:35:31]: (INFO) => 191-15-2641: {:student_id=>"191-15-2641", :student_name=>"Jayanta Roy", :campus_name=>"DSC", :batch_no=>52, :program_short_name=>"B.Sc. in CSE", :department_short_name=>"CSE", :faculty_short_name=>"FSIT", :shift=>"MORNING"}
[15-06-2022 22:35:33]: (INFO) => 191-15-2642: {:student_id=>"191-15-2642", :student_name=>"Md. Atik Bhuiyan ", :campus_name=>"DSC", :batch_no=>52, :program_short_name=>"B.Sc. in CSE", :department_short_name=>"CSE", :faculty_short_name=>"FSIT", :shift=>"MORNING"}
[15-06-2022 22:35:36]: (INFO) => 191-15-2643: {:student_id=>"191-15-2643", :student_name=>"Abdullah All Mukit ", :campus_name=>"DSC", :batch_no=>52, :program_short_name=>"B.Sc. in CSE", :department_short_name=>"CSE", :faculty_short_name=>"FSIT", :shift=>"MORNING"}
[15-06-2022 22:35:38]: (INFO) => 191-15-2644: {:student_id=>"191-15-2644", :student_name=>"SOLAYMAN ", :campus_name=>"DSC", :batch_no=>52, :program_short_name=>"B.Sc. in CSE", :department_short_name=>"CSE", :faculty_short_name=>"FSIT", :shift=>"MORNING"}
[15-06-2022 22:35:40]: (INFO) => 191-15-2645: {:student_id=>"191-15-2645", :student_name=>"TAJUL ISLAM ", :campus_name=>"DSC", :batch_no=>52, :program_short_name=>"B.Sc. in CSE", :department_short_name=>"CSE", :faculty_short_name=>"FSIT", :shift=>"MORNING"}
[15-06-2022 22:35:44]: (INFO) => 191-15-2646: {:student_id=>"191-15-2646", :student_name=>"MD AL SHAHRIAR HAQUE", :campus_name=>"DSC", :batch_no=>52, :program_short_name=>"B.Sc. in CSE", :department_short_name=>"CSE", :faculty_short_name=>"FSIT", :shift=>"MORNING"}
[15-06-2022 22:35:46]: (INFO) => 191-15-2647: {:student_id=>"191-15-2647", :student_name=>"Sarwar Hossain", :campus_name=>"DSC", :batch_no=>52, :program_short_name=>"B.Sc. in CSE", :department_short_name=>"CSE", :faculty_short_name=>"FSIT", :shift=>"MORNING"}
[15-06-2022 22:35:48]: (INFO) => 191-15-2648: {:student_id=>"191-15-2648", :student_name=>"ANUPOM PAUL ORNOB ", :campus_name=>"DSC", :batch_no=>52, :program_short_name=>"B.Sc. in CSE", :department_short_name=>"CSE", :faculty_short_name=>"FSIT", :shift=>"MORNING"}
[15-06-2022 22:35:50]: (INFO) => 191-15-2649: {:student_id=>"191-15-2649", :student_name=>"Alif Jawat", :campus_name=>"DSC", :batch_no=>52, :program_short_name=>"B.Sc. in CSE", :department_short_name=>"CSE", :faculty_short_name=>"FSIT", :shift=>"MORNING"}
[15-06-2022 22:35:53]: (INFO) => 191-15-2650: {:student_id=>"191-15-2650", :student_name=>"MD NAJAYET ISLAM NILOY ", :campus_name=>"DSC", :batch_no=>52, :program_short_name=>"B.Sc. in CSE", :department_short_name=>"CSE", :faculty_short_name=>"FSIT", :shift=>"MORNING"}
[15-06-2022 22:35:56]: (INFO) => 191-15-2651: {:student_id=>"191-15-2651", :student_name=>"TARIQUL ISLAM ", :campus_name=>"DSC", :batch_no=>52, :program_short_name=>"B.Sc. in CSE", :department_short_name=>"CSE", :faculty_short_name=>"FSIT", :shift=>"MORNING"}
[15-06-2022 22:35:58]: (INFO) => 191-15-2652: {:student_id=>"191-15-2652", :student_name=>"SYED MAHI UDDIN MAHI", :campus_name=>"DSC", :batch_no=>52, :program_short_name=>"B.Sc. in CSE", :department_short_name=>"CSE", :faculty_short_name=>"FSIT", :shift=>"MORNING"}
[15-06-2022 22:36:00]: (INFO) => 191-15-2653: {:student_id=>"191-15-2653", :student_name=>"MD. AKIB AHMED PULOCK ", :campus_name=>"DSC", :batch_no=>52, :program_short_name=>"B.Sc. in CSE", :department_short_name=>"CSE", :faculty_short_name=>"FSIT", :shift=>"MORNING"}
[15-06-2022 22:36:03]: (INFO) => 191-15-2654: {:student_id=>"191-15-2654", :student_name=>"Md. Kamrul Hassan ", :campus_name=>"DSC", :batch_no=>52, :program_short_name=>"B.Sc. in CSE", :department_short_name=>"CSE", :faculty_short_name=>"FSIT", :shift=>"MORNING"}
[15-06-2022 22:36:07]: (INFO) => 191-15-2655: {:student_id=>"191-15-2655", :student_name=>"Rashiduzzaman Shakil", :campus_name=>"DSC", :batch_no=>52, :program_short_name=>"B.Sc. in CSE", :department_short_name=>"CSE", :faculty_short_name=>"FSIT", :shift=>"MORNING"}
[15-06-2022 22:36:09]: (INFO) => 191-15-2656: {:student_id=>"191-15-2656", :student_name=>"DIVYA JYOTI SAHA", :campus_name=>"DSC", :batch_no=>52, :program_short_name=>"B.Sc. in CSE", :department_short_name=>"CSE", :faculty_short_name=>"FSIT", :shift=>"MORNING"}
[15-06-2022 22:36:12]: (INFO) => 191-15-2657: {:student_id=>"191-15-2657", :student_name=>"Md. Mahmudul Amin", :campus_name=>"DSC", :batch_no=>52, :program_short_name=>"B.Sc. in CSE", :department_short_name=>"CSE", :faculty_short_name=>"FSIT", :shift=>"MORNING"}
[15-06-2022 22:36:15]: (INFO) => 191-15-2658: {:student_id=>"191-15-2658", :student_name=>"ANIKA TAHSIN", :campus_name=>"DSC", :batch_no=>52, :program_short_name=>"B.Sc. in CSE", :department_short_name=>"CSE", :faculty_short_name=>"FSIT", :shift=>"MORNING"}
[15-06-2022 22:36:19]: (INFO) => 191-15-2659: {:student_id=>"191-15-2659", :student_name=>"SHAHED HOSSAIN", :campus_name=>"DSC", :batch_no=>52, :program_short_name=>"B.Sc. in CSE", :department_short_name=>"CSE", :faculty_short_name=>"FSIT", :shift=>"MORNING"}
[15-06-2022 22:36:23]: (INFO) => 191-15-2660: {:student_id=>"191-15-2660", :student_name=>"Md. Walid Foysol ", :campus_name=>"DSC", :batch_no=>52, :program_short_name=>"B.Sc. in CSE", :department_short_name=>"CSE", :faculty_short_name=>"FSIT", :shift=>"MORNING"}
[15-06-2022 22:36:26]: (INFO) => 191-15-2661: {:student_id=>"191-15-2661", :student_name=>"MD. NAHIDUZZAMAN", :campus_name=>"DSC", :batch_no=>52, :program_short_name=>"B.Sc. in CSE", :department_short_name=>"CSE", :faculty_short_name=>"FSIT", :shift=>"MORNING"}
[15-06-2022 22:36:29]: (INFO) => 191-15-2662: {:student_id=>"191-15-2662", :student_name=>"JANNATUL FERDOUS MIM ", :campus_name=>"DSC", :batch_no=>52, :program_short_name=>"B.Sc. in CSE", :department_short_name=>"CSE", :faculty_short_name=>"FSIT", :shift=>"MORNING"}
[15-06-2022 22:36:31]: (INFO) => 191-15-2663: {:student_id=>"191-15-2663", :student_name=>"MD. MAHMUD HASSAN ", :campus_name=>"DSC", :batch_no=>52, :program_short_name=>"B.Sc. in CSE", :department_short_name=>"CSE", :faculty_short_name=>"FSIT", :shift=>"MORNING"}
[15-06-2022 22:36:40]: (INFO) => 191-15-2664: {:student_id=>"191-15-2664", :student_name=>"AL-MAMUN ", :campus_name=>"DSC", :batch_no=>52, :program_short_name=>"B.Sc. in CSE", :department_short_name=>"CSE", :faculty_short_name=>"FSIT", :shift=>"MORNING"}
[15-06-2022 22:36:54]: (INFO) => 191-15-2665: {:student_id=>"191-15-2665", :student_name=>"MD. SHAKIL KHAN RIFAT ", :campus_name=>"DSC", :batch_no=>52, :program_short_name=>"B.Sc. in CSE", :department_short_name=>"CSE", :faculty_short_name=>"FSIT", :shift=>"MORNING"}
[15-06-2022 22:36:58]: (INFO) => 191-15-2666: {:student_id=>"191-15-2666", :student_name=>"Md. Harun - Or - Rashid ", :campus_name=>"DSC", :batch_no=>52, :program_short_name=>"B.Sc. in CSE", :department_short_name=>"CSE", :faculty_short_name=>"FSIT", :shift=>"MORNING"}
[15-06-2022 22:37:02]: (INFO) => 191-15-2667: {:student_id=>"191-15-2667", :student_name=>"S. M Shahriyar ", :campus_name=>"DSC", :batch_no=>52, :program_short_name=>"B.Sc. in CSE", :department_short_name=>"CSE", :faculty_short_name=>"FSIT", :shift=>"MORNING"}
[15-06-2022 22:37:05]: (INFO) => 191-15-2668: {:student_id=>"191-15-2668", :student_name=>"Lutfun Nahar Neela ", :campus_name=>"DSC", :batch_no=>52, :program_short_name=>"B.Sc. in CSE", :department_short_name=>"CSE", :faculty_short_name=>"FSIT", :shift=>"MORNING"}
[15-06-2022 22:37:09]: (INFO) => 191-15-2669: {:student_id=>"191-15-2669", :student_name=>"Taslima Akter Sathi ", :campus_name=>"DSC", :batch_no=>52, :program_short_name=>"B.Sc. in CSE", :department_short_name=>"CSE", :faculty_short_name=>"FSIT", :shift=>"MORNING"}
[15-06-2022 22:37:11]: (INFO) => 191-15-2670: {:student_id=>"191-15-2670", :student_name=>"Md. Ridoy Ahmed", :campus_name=>"DSC", :batch_no=>52, :program_short_name=>"B.Sc. in CSE", :department_short_name=>"CSE", :faculty_short_name=>"FSIT", :shift=>"MORNING"}
[15-06-2022 22:37:14]: (INFO) => 191-15-2671: {:student_id=>"191-15-2671", :student_name=>"Mohammad Toukir", :campus_name=>"DSC", :batch_no=>52, :program_short_name=>"B.Sc. in CSE", :department_short_name=>"CSE", :faculty_short_name=>"FSIT", :shift=>"MORNING"}
[15-06-2022 22:37:16]: (INFO) => 191-15-2672: {:student_id=>"191-15-2672", :student_name=>"Tanvir Ahmed", :campus_name=>"DSC", :batch_no=>52, :program_short_name=>"B.Sc. in CSE", :department_short_name=>"CSE", :faculty_short_name=>"FSIT", :shift=>"MORNING"}
[15-06-2022 22:37:19]: (INFO) => 191-15-2673: {:student_id=>"191-15-2673", :student_name=>"Ismatara Nodi", :campus_name=>"DSC", :batch_no=>52, :program_short_name=>"B.Sc. in CSE", :department_short_name=>"CSE", :faculty_short_name=>"FSIT", :shift=>"MORNING"}
[15-06-2022 22:37:22]: (INFO) => 191-15-2674: {:student_id=>"191-15-2674", :student_name=>"Israt Jahan Mithila", :campus_name=>"DSC", :batch_no=>52, :program_short_name=>"B.Sc. in CSE", :department_short_name=>"CSE", :faculty_short_name=>"FSIT", :shift=>"EVENING"}
[15-06-2022 22:37:27]: (INFO) => 191-15-2675: {:student_id=>"191-15-2675", :student_name=>"Nafis Iqbal", :campus_name=>"DSC", :batch_no=>52, :program_short_name=>"B.Sc. in CSE", :department_short_name=>"CSE", :faculty_short_name=>"FSIT", :shift=>"MORNING"}
[15-06-2022 22:37:47]: (INFO) => 191-15-2676: {:student_id=>"191-15-2676", :student_name=>"Md. Shihab Parves Chanchol", :campus_name=>"DSC", :batch_no=>52, :program_short_name=>"B.Sc. in CSE", :department_short_name=>"CSE", :faculty_short_name=>"FSIT", :shift=>"MORNING"}
[15-06-2022 22:37:50]: (INFO) => 191-15-2677: {:student_id=>"191-15-2677", :student_name=>"Md Mehedi Hasan ", :campus_name=>"DSC", :batch_no=>52, :program_short_name=>"B.Sc. in CSE", :department_short_name=>"CSE", :faculty_short_name=>"FSIT", :shift=>"MORNING"}
[15-06-2022 22:37:54]: (INFO) => 191-15-2678: {:student_id=>"191-15-2678", :student_name=>"SAIFUL ISLAM SAGOR", :campus_name=>"DSC", :batch_no=>52, :program_short_name=>"B.Sc. in CSE", :department_short_name=>"CSE", :faculty_short_name=>"FSIT", :shift=>"MORNING"}
[15-06-2022 22:38:03]: (INFO) => 191-15-2679: {:student_id=>"191-15-2679", :student_name=>"ABU RAIHAN ", :campus_name=>"DSC", :batch_no=>52, :program_short_name=>"B.Sc. in CSE", :department_short_name=>"CSE", :faculty_short_name=>"FSIT", :shift=>"MORNING"}
[15-06-2022 22:38:11]: (INFO) => 191-15-2680: {:student_id=>"191-15-2680", :student_name=>"Shatu Akter ", :campus_name=>"DSC", :batch_no=>52, :program_short_name=>"B.Sc. in CSE", :department_short_name=>"CSE", :faculty_short_name=>"FSIT", :shift=>"EVENING"}
[15-06-2022 22:38:15]: (INFO) => 191-15-2681: {:student_id=>"191-15-2681", :student_name=>"Ilma Akter Sharna", :campus_name=>"DSC", :batch_no=>52, :program_short_name=>"B.Sc. in CSE", :department_short_name=>"CSE", :faculty_short_name=>"FSIT", :shift=>"MORNING"}
[15-06-2022 22:38:17]: (INFO) => 191-15-2682: {:student_id=>"191-15-2682", :student_name=>"Apu Ryhan", :campus_name=>"DSC", :batch_no=>52, :program_short_name=>"B.Sc. in CSE", :department_short_name=>"CSE", :faculty_short_name=>"FSIT", :shift=>"MORNING"}
[15-06-2022 22:38:20]: (INFO) => 191-15-2683: {:student_id=>"191-15-2683", :student_name=>"Raihan Mahmud", :campus_name=>"DSC", :batch_no=>52, :program_short_name=>"B.Sc. in CSE", :department_short_name=>"CSE", :faculty_short_name=>"FSIT", :shift=>"MORNING"}
[15-06-2022 22:38:23]: (INFO) => 191-15-2684: {:student_id=>"191-15-2684", :student_name=>"Ritu Biswas", :campus_name=>"DSC", :batch_no=>52, :program_short_name=>"B.Sc. in CSE", :department_short_name=>"CSE", :faculty_short_name=>"FSIT", :shift=>"MORNING"}
[15-06-2022 22:38:27]: (INFO) => 191-15-2685: {:student_id=>"191-15-2685", :student_name=>"Mijanur Rahman Polin", :campus_name=>"DSC", :batch_no=>52, :program_short_name=>"B.Sc. in CSE", :department_short_name=>"CSE", :faculty_short_name=>"FSIT", :shift=>"MORNING"}
[15-06-2022 22:38:29]: (INFO) => 191-15-2686: {:student_id=>"191-15-2686", :student_name=>"Tonima Islam", :campus_name=>"DSC", :batch_no=>52, :program_short_name=>"B.Sc. in CSE", :department_short_name=>"CSE", :faculty_short_name=>"FSIT", :shift=>"MORNING"}
[15-06-2022 22:38:31]: (INFO) => 191-15-2687: {:student_id=>"191-15-2687", :student_name=>"Pranto Biswas", :campus_name=>"DSC", :batch_no=>52, :program_short_name=>"B.Sc. in CSE", :department_short_name=>"CSE", :faculty_short_name=>"FSIT", :shift=>"MORNING"}
[15-06-2022 22:38:34]: (INFO) => 191-15-2688: {:student_id=>"191-15-2688", :student_name=>"CHAITY MONDOL ", :campus_name=>"DSC", :batch_no=>52, :program_short_name=>"B.Sc. in CSE", :department_short_name=>"CSE", :faculty_short_name=>"FSIT", :shift=>"MORNING"}
[15-06-2022 22:38:36]: (INFO) => 191-15-2689: {:student_id=>"191-15-2689", :student_name=>"MD. SHORIFUL ISLAM", :campus_name=>"DSC", :batch_no=>52, :program_short_name=>"B.Sc. in CSE", :department_short_name=>"CSE", :faculty_short_name=>"FSIT", :shift=>"MORNING"}
[15-06-2022 22:38:45]: (INFO) => 191-15-2690: {:student_id=>"191-15-2690", :student_name=>"RIDOY HASSAN", :campus_name=>"DSC", :batch_no=>52, :program_short_name=>"B.Sc. in CSE", :department_short_name=>"CSE", :faculty_short_name=>"FSIT", :shift=>"MORNING"}
[15-06-2022 22:38:49]: (INFO) => 191-15-2691: {:student_id=>"191-15-2691", :student_name=>"SHAHADATE HOSSAIN SAJIM", :campus_name=>"DSC", :batch_no=>52, :program_short_name=>"B.Sc. in CSE", :department_short_name=>"CSE", :faculty_short_name=>"FSIT", :shift=>"MORNING"}
[15-06-2022 22:38:52]: (INFO) => 191-15-2692: {:student_id=>"191-15-2692", :student_name=>"EASIN ARAFAT", :campus_name=>"DSC", :batch_no=>52, :program_short_name=>"B.Sc. in CSE", :department_short_name=>"CSE", :faculty_short_name=>"FSIT", :shift=>"MORNING"}
[15-06-2022 22:38:55]: (INFO) => 191-15-2693: {:student_id=>"191-15-2693", :student_name=>"JANNATUL FERDOUS", :campus_name=>"DSC", :batch_no=>52, :program_short_name=>"B.Sc. in CSE", :department_short_name=>"CSE", :faculty_short_name=>"FSIT", :shift=>"MORNING"}
[15-06-2022 22:38:59]: (INFO) => 191-15-2694: {:student_id=>"191-15-2694", :student_name=>"Md. Mofazzel Hossain Miraz", :campus_name=>"DSC", :batch_no=>52, :program_short_name=>"B.Sc. in CSE", :department_short_name=>"CSE", :faculty_short_name=>"FSIT", :shift=>"MORNING"}
[15-06-2022 22:39:01]: (INFO) => 191-15-2695: {:student_id=>"191-15-2695", :student_name=>"JANNATUL FERDOUS", :campus_name=>"DSC", :batch_no=>52, :program_short_name=>"B.Sc. in CSE", :department_short_name=>"CSE", :faculty_short_name=>"FSIT", :shift=>"MORNING"}
[15-06-2022 22:39:06]: (INFO) => 191-15-2696: {:student_id=>"191-15-2696", :student_name=>"MD. ABDULLAH ALL MAMUN UDOY", :campus_name=>"DSC", :batch_no=>52, :program_short_name=>"B.Sc. in CSE", :department_short_name=>"CSE", :faculty_short_name=>"FSIT", :shift=>"MORNING"}
[15-06-2022 22:39:09]: (INFO) => 191-15-2697: {:student_id=>"191-15-2697", :student_name=>"ABIR HASAN AL-AMIN", :campus_name=>"DSC", :batch_no=>52, :program_short_name=>"B.Sc. in CSE", :department_short_name=>"CSE", :faculty_short_name=>"FSIT", :shift=>"MORNING"}
[15-06-2022 22:39:14]: (INFO) => 191-15-2698: {:student_id=>"191-15-2698", :student_name=>"MD. ISMAIL HOSEN", :campus_name=>"DSC", :batch_no=>52, :program_short_name=>"B.Sc. in CSE", :department_short_name=>"CSE", :faculty_short_name=>"FSIT", :shift=>"MORNING"}
[15-06-2022 22:39:17]: (INFO) => 191-15-2699: {:student_id=>"191-15-2699", :student_name=>"AFRIDI HASAN SHADHIN", :campus_name=>"DSC", :batch_no=>52, :program_short_name=>"B.Sc. in CSE", :department_short_name=>"CSE", :faculty_short_name=>"FSIT", :shift=>"MORNING"}
[15-06-2022 22:39:19]: (INFO) => 191-15-2700: {:student_id=>"191-15-2700", :student_name=>"Faruq Hossain", :campus_name=>"DSC", :batch_no=>52, :program_short_name=>"B.Sc. in CSE", :department_short_name=>"CSE", :faculty_short_name=>"FSIT", :shift=>"MORNING"}
[15-06-2022 22:39:22]: (INFO) => 191-15-2701: {:student_id=>"191-15-2701", :student_name=>"NASIR UDDIN SUMON", :campus_name=>"DSC", :batch_no=>52, :program_short_name=>"B.Sc. in CSE", :department_short_name=>"CSE", :faculty_short_name=>"FSIT", :shift=>"MORNING"}
[15-06-2022 22:39:31]: (INFO) => 191-15-2702: {:student_id=>"191-15-2702", :student_name=>"M. Ubaydulla", :campus_name=>"DSC", :batch_no=>52, :program_short_name=>"B.Sc. in CSE", :department_short_name=>"CSE", :faculty_short_name=>"FSIT", :shift=>"MORNING"}
[15-06-2022 22:39:34]: (INFO) => 191-15-2703: {:student_id=>"191-15-2703", :student_name=>"Saidul Alam", :campus_name=>"DSC", :batch_no=>52, :program_short_name=>"B.Sc. in CSE", :department_short_name=>"CSE", :faculty_short_name=>"FSIT", :shift=>"MORNING"}
[15-06-2022 22:39:42]: (INFO) => 191-15-2704: {:student_id=>"191-15-2704", :student_name=>"Sayeed Ahmmed Ador ", :campus_name=>"DSC", :batch_no=>52, :program_short_name=>"B.Sc. in CSE", :department_short_name=>"CSE", :faculty_short_name=>"FSIT", :shift=>"MORNING"}
[15-06-2022 22:39:45]: (INFO) => 191-15-2705: {:student_id=>"191-15-2705", :student_name=>"Md. Mashrafi Hassan", :campus_name=>"DSC", :batch_no=>52, :program_short_name=>"B.Sc. in CSE", :department_short_name=>"CSE", :faculty_short_name=>"FSIT", :shift=>"MORNING"}
[15-06-2022 22:39:48]: (INFO) => 191-15-2706: {:student_id=>"191-15-2706", :student_name=>"TASRIN JAHAN MISHU", :campus_name=>"DSC", :batch_no=>52, :program_short_name=>"B.Sc. in CSE", :department_short_name=>"CSE", :faculty_short_name=>"FSIT", :shift=>"MORNING"}
[15-06-2022 22:39:51]: (INFO) => 191-15-2707: {:student_id=>"191-15-2707", :student_name=>"Gulam Rasul", :campus_name=>"DSC", :batch_no=>52, :program_short_name=>"B.Sc. in CSE", :department_short_name=>"CSE", :faculty_short_name=>"FSIT", :shift=>"MORNING"}
[15-06-2022 22:39:54]: (INFO) => 191-15-2708: {:student_id=>"191-15-2708", :student_name=>"Md. Shaimum Hasan Sagor", :campus_name=>"DSC", :batch_no=>52, :program_short_name=>"B.Sc. in CSE", :department_short_name=>"CSE", :faculty_short_name=>"FSIT", :shift=>"MORNING"}
[15-06-2022 22:40:07]: (INFO) => 191-15-2709: {:student_id=>"191-15-2709", :student_name=>"MUHAMMAD OSIUR RAHMAN MOZU", :campus_name=>"DSC", :batch_no=>52, :program_short_name=>"B.Sc. in CSE", :department_short_name=>"CSE", :faculty_short_name=>"FSIT", :shift=>"MORNING"}
[15-06-2022 22:40:10]: (INFO) => 191-15-2710: {:student_id=>"191-15-2710", :student_name=>"Shahariya Jahan Moue", :campus_name=>"DSC", :batch_no=>52, :program_short_name=>"B.Sc. in CSE", :department_short_name=>"CSE", :faculty_short_name=>"FSIT", :shift=>"MORNING"}
[15-06-2022 22:40:18]: (INFO) => 191-15-2711: {:student_id=>"191-15-2711", :student_name=>"MUHAMMAD MAHMUDUL HASSAN", :campus_name=>"DSC", :batch_no=>52, :program_short_name=>"B.Sc. in CSE", :department_short_name=>"CSE", :faculty_short_name=>"FSIT", :shift=>"MORNING"}
[15-06-2022 22:40:27]: (INFO) => 191-15-2712: {:student_id=>"191-15-2712", :student_name=>"TANVIR HASAN PIAL", :campus_name=>"DSC", :batch_no=>52, :program_short_name=>"B.Sc. in CSE", :department_short_name=>"CSE", :faculty_short_name=>"FSIT", :shift=>"MORNING"}
[15-06-2022 22:40:35]: (INFO) => 191-15-2713: {:student_id=>"191-15-2713", :student_name=>"Mohammad Mahfuzur Rahman", :campus_name=>"DSC", :batch_no=>52, :program_short_name=>"B.Sc. in CSE", :department_short_name=>"CSE", :faculty_short_name=>"FSIT", :shift=>"MORNING"}
[15-06-2022 22:40:38]: (INFO) => 191-15-2714: {:student_id=>"191-15-2714", :student_name=>"MD. RAIHAN UDDIN", :campus_name=>"DSC", :batch_no=>52, :program_short_name=>"B.Sc. in CSE", :department_short_name=>"CSE", :faculty_short_name=>"FSIT", :shift=>"MORNING"}
[15-06-2022 22:40:47]: (INFO) => 191-15-2715: {:student_id=>"191-15-2715", :student_name=>"M.H. MOBIN BHUYAN", :campus_name=>"DSC", :batch_no=>52, :program_short_name=>"B.Sc. in CSE", :department_short_name=>"CSE", :faculty_short_name=>"FSIT", :shift=>"MORNING"}
[15-06-2022 22:40:55]: (INFO) => 191-15-2716: {:student_id=>"191-15-2716", :student_name=>"Shawkat Uddin Akanda", :campus_name=>"DSC", :batch_no=>52, :program_short_name=>"B.Sc. in CSE", :department_short_name=>"CSE", :faculty_short_name=>"FSIT", :shift=>"MORNING"}
[15-06-2022 22:41:09]: (INFO) => 191-15-2717: {:student_id=>"191-15-2717", :student_name=>"MOHAIMINUL ISLAM", :campus_name=>"DSC", :batch_no=>52, :program_short_name=>"B.Sc. in CSE", :department_short_name=>"CSE", :faculty_short_name=>"FSIT", :shift=>"MORNING"}
[15-06-2022 22:41:21]: (INFO) => 191-15-2718: {:student_id=>"191-15-2718", :student_name=>"Md. Nahid Miah", :campus_name=>"DSC", :batch_no=>52, :program_short_name=>"B.Sc. in CSE", :department_short_name=>"CSE", :faculty_short_name=>"FSIT", :shift=>"MORNING"}
[15-06-2022 22:41:24]: (INFO) => 191-15-2719: {:student_id=>"191-15-2719", :student_name=>"MEHEDI HASAN", :campus_name=>"DSC", :batch_no=>52, :program_short_name=>"B.Sc. in CSE", :department_short_name=>"CSE", :faculty_short_name=>"FSIT", :shift=>"MORNING"}
[15-06-2022 22:41:27]: (INFO) => 191-15-2720: {:student_id=>"191-15-2720", :student_name=>"K M Erfanul Islam ", :campus_name=>"DSC", :batch_no=>52, :program_short_name=>"B.Sc. in CSE", :department_short_name=>"CSE", :faculty_short_name=>"FSIT", :shift=>"MORNING"}
[15-06-2022 22:41:30]: (INFO) => 191-15-2721: {:student_id=>"191-15-2721", :student_name=>"Md. Sirjin Hossain ", :campus_name=>"DSC", :batch_no=>52, :program_short_name=>"B.Sc. in CSE", :department_short_name=>"CSE", :faculty_short_name=>"FSIT", :shift=>"MORNING"}
[15-06-2022 22:41:35]: (INFO) => 191-15-2722: {:student_id=>"191-15-2722", :student_name=>"Md Martuja Hosen ", :campus_name=>"DSC", :batch_no=>52, :program_short_name=>"B.Sc. in CSE", :department_short_name=>"CSE", :faculty_short_name=>"FSIT", :shift=>"EVENING"}
[15-06-2022 22:41:38]: (INFO) => 191-15-2723: {:student_id=>"191-15-2723", :student_name=>"MD. SHALIM SHADMAN NAFE", :campus_name=>"DSC", :batch_no=>52, :program_short_name=>"B.Sc. in CSE", :department_short_name=>"CSE", :faculty_short_name=>"FSIT", :shift=>"MORNING"}
[15-06-2022 22:41:43]: (INFO) => 191-15-2724: {:student_id=>"191-15-2724", :student_name=>"KHANDOCAR FARUK AHMED", :campus_name=>"DSC", :batch_no=>52, :program_short_name=>"B.Sc. in CSE", :department_short_name=>"CSE", :faculty_short_name=>"FSIT", :shift=>"MORNING"}
[15-06-2022 22:41:47]: (INFO) => 191-15-2725: {:student_id=>"191-15-2725", :student_name=>"SUMAIAN KHANOM NISHA", :campus_name=>"DSC", :batch_no=>52, :program_short_name=>"B.Sc. in CSE", :department_short_name=>"CSE", :faculty_short_name=>"FSIT", :shift=>"MORNING"}
[15-06-2022 22:41:58]: (INFO) => 191-15-2726: {:student_id=>"191-15-2726", :student_name=>"BADHAN SAMADDER JOY", :campus_name=>"DSC", :batch_no=>52, :program_short_name=>"B.Sc. in CSE", :department_short_name=>"CSE", :faculty_short_name=>"FSIT", :shift=>"MORNING"}
[15-06-2022 22:42:03]: (INFO) => 191-15-2727: {:student_id=>"191-15-2727", :student_name=>"Md. Munim Shariair ", :campus_name=>"DSC", :batch_no=>52, :program_short_name=>"B.Sc. in CSE", :department_short_name=>"CSE", :faculty_short_name=>"FSIT", :shift=>"MORNING"}
[15-06-2022 22:42:31]: (INFO) => 191-15-2728: {:student_id=>"191-15-2728", :student_name=>"MD. NAHIDUL ISLAM", :campus_name=>"DSC", :batch_no=>52, :program_short_name=>"B.Sc. in CSE", :department_short_name=>"CSE", :faculty_short_name=>"FSIT", :shift=>"MORNING"}
[15-06-2022 22:42:43]: (INFO) => 191-15-2729: {:student_id=>"191-15-2729", :student_name=>"MD. HASIBUL ISLAM", :campus_name=>"DSC", :batch_no=>52, :program_short_name=>"B.Sc. in CSE", :department_short_name=>"CSE", :faculty_short_name=>"FSIT", :shift=>"MORNING"}
[15-06-2022 22:42:52]: (INFO) => 191-15-2730: {:student_id=>"191-15-2730", :student_name=>"ANIKA AZIZ JHALOK", :campus_name=>"DSC", :batch_no=>52, :program_short_name=>"B.Sc. in CSE", :department_short_name=>"CSE", :faculty_short_name=>"FSIT", :shift=>"MORNING"}
[15-06-2022 22:43:07]: (INFO) => 191-15-2731: {:student_id=>"191-15-2731", :student_name=>"Maruful Islam Raz", :campus_name=>"DSC", :batch_no=>52, :program_short_name=>"B.Sc. in CSE", :department_short_name=>"CSE", :faculty_short_name=>"FSIT", :shift=>"MORNING"}
[15-06-2022 22:43:12]: (INFO) => 191-15-2732: {:student_id=>"191-15-2732", :student_name=>"AUNIK HASAN MRIDUL", :campus_name=>"DSC", :batch_no=>52, :program_short_name=>"B.Sc. in CSE", :department_short_name=>"CSE", :faculty_short_name=>"FSIT", :shift=>"MORNING"}
[15-06-2022 22:43:16]: (INFO) => 191-15-2733: {:student_id=>"191-15-2733", :student_name=>"Ariful Islam ", :campus_name=>"DSC", :batch_no=>52, :program_short_name=>"B.Sc. in CSE", :department_short_name=>"CSE", :faculty_short_name=>"FSIT", :shift=>"MORNING"}
[15-06-2022 22:43:22]: (INFO) => 191-15-2734: {:student_id=>"191-15-2734", :student_name=>"Md. Ismail Hossain ", :campus_name=>"DSC", :batch_no=>52, :program_short_name=>"B.Sc. in CSE", :department_short_name=>"CSE", :faculty_short_name=>"FSIT", :shift=>"MORNING"}
[15-06-2022 22:43:29]: (INFO) => 191-15-2735: {:student_id=>"191-15-2735", :student_name=>"Abdullah Islam", :campus_name=>"DSC", :batch_no=>52, :program_short_name=>"B.Sc. in CSE", :department_short_name=>"CSE", :faculty_short_name=>"FSIT", :shift=>"MORNING"}
[15-06-2022 22:43:44]: (INFO) => 191-15-2736: {:student_id=>"191-15-2736", :student_name=>"Md. Ashiqul Islam ", :campus_name=>"DSC", :batch_no=>52, :program_short_name=>"B.Sc. in CSE", :department_short_name=>"CSE", :faculty_short_name=>"FSIT", :shift=>"MORNING"}
[15-06-2022 22:43:48]: (INFO) => 191-15-2737: {:student_id=>"191-15-2737", :student_name=>"Md. Shahid Monowar ", :campus_name=>"DSC", :batch_no=>52, :program_short_name=>"B.Sc. in CSE", :department_short_name=>"CSE", :faculty_short_name=>"FSIT", :shift=>"MORNING"}
[15-06-2022 22:43:59]: (INFO) => 191-15-2738: {:student_id=>"191-15-2738", :student_name=>"MD. MEHEDI HASAN", :campus_name=>"DSC", :batch_no=>52, :program_short_name=>"B.Sc. in CSE", :department_short_name=>"CSE", :faculty_short_name=>"FSIT", :shift=>"MORNING"}
[15-06-2022 22:44:08]: (INFO) => 191-15-2739: {:student_id=>"191-15-2739", :student_name=>"MD. TASMIM HASAN KHAN", :campus_name=>"DSC", :batch_no=>52, :program_short_name=>"B.Sc. in CSE", :department_short_name=>"CSE", :faculty_short_name=>"FSIT", :shift=>"MORNING"}
[15-06-2022 22:44:16]: (INFO) => 191-15-2740: {:student_id=>"191-15-2740", :student_name=>"Nayem Ahammad Nayan ", :campus_name=>"DSC", :batch_no=>52, :program_short_name=>"B.Sc. in CSE", :department_short_name=>"CSE", :faculty_short_name=>"FSIT", :shift=>"MORNING"}
[15-06-2022 22:44:32]: (INFO) => 191-15-2741: {:student_id=>"191-15-2741", :student_name=>"Anisur Rahman ", :campus_name=>"DSC", :batch_no=>52, :program_short_name=>"B.Sc. in CSE", :department_short_name=>"CSE", :faculty_short_name=>"FSIT", :shift=>"MORNING"}
[15-06-2022 22:44:37]: (INFO) => 191-15-2742: {:student_id=>"191-15-2742", :student_name=>"Nazbir Ahmmad Niloy ", :campus_name=>"DSC", :batch_no=>52, :program_short_name=>"B.Sc. in CSE", :department_short_name=>"CSE", :faculty_short_name=>"FSIT", :shift=>"MORNING"}
[15-06-2022 22:44:42]: (INFO) => 191-15-2743: {:student_id=>"191-15-2743", :student_name=>"Afrid Shariar Fahim", :campus_name=>"DSC", :batch_no=>52, :program_short_name=>"B.Sc. in CSE", :department_short_name=>"CSE", :faculty_short_name=>"FSIT", :shift=>"MORNING"}
[15-06-2022 22:44:47]: (INFO) => 191-15-2744: {:student_id=>"191-15-2744", :student_name=>"ASHIKUR RAHAMAN JOY", :campus_name=>"DSC", :batch_no=>52, :program_short_name=>"B.Sc. in CSE", :department_short_name=>"CSE", :faculty_short_name=>"FSIT", :shift=>"MORNING"}
[15-06-2022 22:44:50]: (INFO) => 191-15-2745: {:student_id=>"191-15-2745", :student_name=>"MD. RAFSAN JAMAN KHAN ANANTA", :campus_name=>"DSC", :batch_no=>52, :program_short_name=>"B.Sc. in CSE", :department_short_name=>"CSE", :faculty_short_name=>"FSIT", :shift=>"MORNING"}
[15-06-2022 22:44:54]: (INFO) => 191-15-2746: {:student_id=>"191-15-2746", :student_name=>"Anika Arafat", :campus_name=>"DSC", :batch_no=>52, :program_short_name=>"B.Sc. in CSE", :department_short_name=>"CSE", :faculty_short_name=>"FSIT", :shift=>"MORNING"}
[15-06-2022 22:44:58]: (INFO) => 191-15-2747: {:student_id=>"191-15-2747", :student_name=>"Nitu Khatun ", :campus_name=>"DSC", :batch_no=>52, :program_short_name=>"B.Sc. in CSE", :department_short_name=>"CSE", :faculty_short_name=>"FSIT", :shift=>"MORNING"}
[15-06-2022 22:45:02]: (INFO) => 191-15-2748: {:student_id=>"191-15-2748", :student_name=>"Fahim Shahriar Shakil", :campus_name=>"DSC", :batch_no=>52, :program_short_name=>"B.Sc. in CSE", :department_short_name=>"CSE", :faculty_short_name=>"FSIT", :shift=>"MORNING"}
[15-06-2022 22:45:11]: (INFO) => 191-15-2749: {:student_id=>"191-15-2749", :student_name=>"Md. Rajib Sheikh", :campus_name=>"DSC", :batch_no=>52, :program_short_name=>"B.Sc. in CSE", :department_short_name=>"CSE", :faculty_short_name=>"FSIT", :shift=>"EVENING"}
[15-06-2022 22:45:15]: (INFO) => 191-15-2750: {:student_id=>"191-15-2750", :student_name=>"Asif Iqbal", :campus_name=>"DSC", :batch_no=>52, :program_short_name=>"B.Sc. in CSE", :department_short_name=>"CSE", :faculty_short_name=>"FSIT", :shift=>"MORNING"}
[15-06-2022 22:45:18]: (INFO) => 191-15-2751: {:student_id=>"191-15-2751", :student_name=>"Muhammad Rabiul Hossain", :campus_name=>"DSC", :batch_no=>52, :program_short_name=>"B.Sc. in CSE", :department_short_name=>"CSE", :faculty_short_name=>"FSIT", :shift=>"MORNING"}
[15-06-2022 22:45:22]: (INFO) => 191-15-2752: {:student_id=>"191-15-2752", :student_name=>"Jahirul Islam", :campus_name=>"DSC", :batch_no=>52, :program_short_name=>"B.Sc. in CSE", :department_short_name=>"CSE", :faculty_short_name=>"FSIT", :shift=>"MORNING"}
[15-06-2022 22:45:26]: (INFO) => 191-15-2753: {:student_id=>"191-15-2753", :student_name=>"Md. Jahidul Islam", :campus_name=>"DSC", :batch_no=>52, :program_short_name=>"B.Sc. in CSE", :department_short_name=>"CSE", :faculty_short_name=>"FSIT", :shift=>"MORNING"}
[15-06-2022 22:45:34]: (INFO) => 191-15-2754: {:student_id=>"191-15-2754", :student_name=>"Muhammad Showrov Hossain ", :campus_name=>"DSC", :batch_no=>52, :program_short_name=>"B.Sc. in CSE", :department_short_name=>"CSE", :faculty_short_name=>"FSIT", :shift=>"MORNING"}
[15-06-2022 22:45:37]: (INFO) => 191-15-2755: {:student_id=>"191-15-2755", :student_name=>"MD. HABIBUR RAHMAN ", :campus_name=>"DSC", :batch_no=>52, :program_short_name=>"B.Sc. in CSE", :department_short_name=>"CSE", :faculty_short_name=>"FSIT", :shift=>"MORNING"}
[15-06-2022 22:45:45]: (INFO) => 191-15-2756: {:student_id=>"191-15-2756", :student_name=>"ZUBAIR CHOWDHURY ", :campus_name=>"DSC", :batch_no=>52, :program_short_name=>"B.Sc. in CSE", :department_short_name=>"CSE", :faculty_short_name=>"FSIT", :shift=>"MORNING"}
[15-06-2022 22:45:49]: (INFO) => 191-15-2757: {:student_id=>"191-15-2757", :student_name=>"Md. Ashik Mahmud Reshat", :campus_name=>"DSC", :batch_no=>52, :program_short_name=>"B.Sc. in CSE", :department_short_name=>"CSE", :faculty_short_name=>"FSIT", :shift=>"MORNING"}
[15-06-2022 22:45:53]: (INFO) => 191-15-2758: {:student_id=>"191-15-2758", :student_name=>"Iftakhar Jahan Sohan", :campus_name=>"DSC", :batch_no=>52, :program_short_name=>"B.Sc. in CSE", :department_short_name=>"CSE", :faculty_short_name=>"FSIT", :shift=>"MORNING"}
[15-06-2022 22:46:02]: (INFO) => 191-15-2759: {:student_id=>"191-15-2759", :student_name=>"Kh. Shakil", :campus_name=>"DSC", :batch_no=>52, :program_short_name=>"B.Sc. in CSE", :department_short_name=>"CSE", :faculty_short_name=>"FSIT", :shift=>"MORNING"}
[15-06-2022 22:46:11]: (INFO) => 191-15-2760: {:student_id=>"191-15-2760", :student_name=>"Mortaja Masud Rahman", :campus_name=>"DSC", :batch_no=>52, :program_short_name=>"B.Sc. in CSE", :department_short_name=>"CSE", :faculty_short_name=>"FSIT", :shift=>"EVENING"}
[15-06-2022 22:46:19]: (INFO) => 191-15-2761: {:student_id=>"191-15-2761", :student_name=>"Abir Hasan Piash ", :campus_name=>"DSC", :batch_no=>52, :program_short_name=>"B.Sc. in CSE", :department_short_name=>"CSE", :faculty_short_name=>"FSIT", :shift=>"MORNING"}
[15-06-2022 22:46:23]: (INFO) => 191-15-2762: {:student_id=>"191-15-2762", :student_name=>"SUDIPTA MONDAL", :campus_name=>"DSC", :batch_no=>52, :program_short_name=>"B.Sc. in CSE", :department_short_name=>"CSE", :faculty_short_name=>"FSIT", :shift=>"MORNING"}
[15-06-2022 22:46:32]: (INFO) => 191-15-2763: {:student_id=>"191-15-2763", :student_name=>"Nadia Rahman", :campus_name=>"DSC", :batch_no=>52, :program_short_name=>"B.Sc. in CSE", :department_short_name=>"CSE", :faculty_short_name=>"FSIT", :shift=>"MORNING"}
[15-06-2022 22:46:40]: (INFO) => 191-15-2764: {:student_id=>"191-15-2764", :student_name=>"Kayes Uddin Fahim ", :campus_name=>"DSC", :batch_no=>52, :program_short_name=>"B.Sc. in CSE", :department_short_name=>"CSE", :faculty_short_name=>"FSIT", :shift=>"MORNING"}
[15-06-2022 22:46:43]: (INFO) => 191-15-2765: {:student_id=>"191-15-2765", :student_name=>"Sumiya ", :campus_name=>"DSC", :batch_no=>52, :program_short_name=>"B.Sc. in CSE", :department_short_name=>"CSE", :faculty_short_name=>"FSIT", :shift=>"MORNING"}
[15-06-2022 22:46:47]: (INFO) => 191-15-2766: {:student_id=>"191-15-2766", :student_name=>"Mehedi Hasan ", :campus_name=>"DSC", :batch_no=>52, :program_short_name=>"B.Sc. in CSE", :department_short_name=>"CSE", :faculty_short_name=>"FSIT", :shift=>"MORNING"}
[15-06-2022 22:47:00]: (INFO) => 191-15-2767: {:student_id=>"191-15-2767", :student_name=>"Hasibul Hasan Loman ", :campus_name=>"DSC", :batch_no=>52, :program_short_name=>"B.Sc. in CSE", :department_short_name=>"CSE", :faculty_short_name=>"FSIT", :shift=>"MORNING"}
[15-06-2022 22:47:04]: (INFO) => 191-15-2768: {:student_id=>"191-15-2768", :student_name=>"Ahsan Habib", :campus_name=>"DSC", :batch_no=>52, :program_short_name=>"B.Sc. in CSE", :department_short_name=>"CSE", :faculty_short_name=>"FSIT", :shift=>"MORNING"}
[15-06-2022 22:47:07]: (INFO) => 191-15-2769: {:student_id=>"191-15-2769", :student_name=>"Asif Ahmed Chayan", :campus_name=>"DSC", :batch_no=>52, :program_short_name=>"B.Sc. in CSE", :department_short_name=>"CSE", :faculty_short_name=>"FSIT", :shift=>"MORNING"}
[15-06-2022 22:47:16]: (INFO) => 191-15-2770: {:student_id=>"191-15-2770", :student_name=>"Md Sadiqur Rahman", :campus_name=>"DSC", :batch_no=>52, :program_short_name=>"B.Sc. in CSE", :department_short_name=>"CSE", :faculty_short_name=>"FSIT", :shift=>"MORNING"}
[15-06-2022 22:47:25]: (INFO) => 191-15-2771: {:student_id=>"191-15-2771", :student_name=>"Md. Jubait Islam Shuvo", :campus_name=>"DSC", :batch_no=>52, :program_short_name=>"B.Sc. in CSE", :department_short_name=>"CSE", :faculty_short_name=>"FSIT", :shift=>"MORNING"}
[15-06-2022 22:47:35]: (INFO) => 191-15-2772: {:student_id=>"191-15-2772", :student_name=>"JERIN TASNIM", :campus_name=>"DSC", :batch_no=>52, :program_short_name=>"B.Sc. in CSE", :department_short_name=>"CSE", :faculty_short_name=>"FSIT", :shift=>"MORNING"}
[15-06-2022 22:47:52]: (INFO) => 191-15-2773: {:student_id=>"191-15-2773", :student_name=>"Sheikh Mufrad Hossain ", :campus_name=>"DSC", :batch_no=>52, :program_short_name=>"B.Sc. in CSE", :department_short_name=>"CSE", :faculty_short_name=>"FSIT", :shift=>"MORNING"}
[15-06-2022 22:48:08]: (INFO) => 192-15-2774: {:student_id=>"192-15-2774", :student_name=>"MREDUL HASAN PIAS", :campus_name=>"DSC", :batch_no=>53, :program_short_name=>"B.Sc. in CSE", :department_short_name=>"CSE", :faculty_short_name=>"FSIT", :shift=>"MORNING"}
[15-06-2022 22:48:12]: (INFO) => 192-15-2775: {:student_id=>"192-15-2775", :student_name=>"MD. TOUHEDUR RAHMAN KHAN ZIHAD", :campus_name=>"DSC", :batch_no=>53, :program_short_name=>"B.Sc. in CSE", :department_short_name=>"CSE", :faculty_short_name=>"FSIT", :shift=>"MORNING"}
[15-06-2022 22:48:20]: (INFO) => 192-15-2776: {:student_id=>"192-15-2776", :student_name=>"MD. OSMAN GONI", :campus_name=>"DSC", :batch_no=>53, :program_short_name=>"B.Sc. in CSE", :department_short_name=>"CSE", :faculty_short_name=>"FSIT", :shift=>"MORNING"}
[15-06-2022 22:48:24]: (INFO) => 192-15-2777: {:student_id=>"192-15-2777", :student_name=>"MAHABUB ALAM SHOBO", :campus_name=>"DSC", :batch_no=>53, :program_short_name=>"B.Sc. in CSE", :department_short_name=>"CSE", :faculty_short_name=>"FSIT", :shift=>"MORNING"}
[15-06-2022 22:48:34]: (INFO) => 192-15-2778: {:student_id=>"192-15-2778", :student_name=>"MD. ARIFUR RAHMAN KHAN", :campus_name=>"DSC", :batch_no=>53, :program_short_name=>"B.Sc. in CSE", :department_short_name=>"CSE", :faculty_short_name=>"FSIT", :shift=>"MORNING"}
[15-06-2022 22:48:37]: (INFO) => 192-15-2779: {:student_id=>"192-15-2779", :student_name=>"MD. DAIAN IBNE HUDA", :campus_name=>"DSC", :batch_no=>53, :program_short_name=>"B.Sc. in CSE", :department_short_name=>"CSE", :faculty_short_name=>"FSIT", :shift=>"MORNING"}
[15-06-2022 22:48:40]: (INFO) => 192-15-2780: {:student_id=>"192-15-2780", :student_name=>"MD. RAFIUL ISLAM", :campus_name=>"DSC", :batch_no=>53, :program_short_name=>"B.Sc. in CSE", :department_short_name=>"CSE", :faculty_short_name=>"FSIT", :shift=>"MORNING"}
[15-06-2022 22:48:48]: (INFO) => 192-15-2781: {:student_id=>"192-15-2781", :student_name=>"SOURAV BISWAS", :campus_name=>"DSC", :batch_no=>53, :program_short_name=>"B.Sc. in CSE", :department_short_name=>"CSE", :faculty_short_name=>"FSIT", :shift=>"MORNING"}
[15-06-2022 22:48:57]: (INFO) => 192-15-2782: {:student_id=>"192-15-2782", :student_name=>"Tonmoy Chandra Chando", :campus_name=>"DSC", :batch_no=>53, :program_short_name=>"B.Sc. in CSE", :department_short_name=>"CSE", :faculty_short_name=>"FSIT", :shift=>"MORNING"}
[15-06-2022 22:49:02]: (INFO) => 192-15-2783: {:student_id=>"192-15-2783", :student_name=>"Md. Rakibul Islam", :campus_name=>"DSC", :batch_no=>53, :program_short_name=>"B.Sc. in CSE", :department_short_name=>"CSE", :faculty_short_name=>"FSIT", :shift=>"MORNING"}
[15-06-2022 22:49:10]: (INFO) => 192-15-2784: {:student_id=>"192-15-2784", :student_name=>"Jamir Uddin Zidan ", :campus_name=>"DSC", :batch_no=>53, :program_short_name=>"B.Sc. in CSE", :department_short_name=>"CSE", :faculty_short_name=>"FSIT", :shift=>"MORNING"}
[15-06-2022 22:49:13]: (INFO) => 192-15-2785: {:student_id=>"192-15-2785", :student_name=>"Mhamud Hassan Munna ", :campus_name=>"DSC", :batch_no=>53, :program_short_name=>"B.Sc. in CSE", :department_short_name=>"CSE", :faculty_short_name=>"FSIT", :shift=>"MORNING"}
[15-06-2022 22:49:21]: (INFO) => 192-15-2786: {:student_id=>"192-15-2786", :student_name=>"Ayatullah Jubaer", :campus_name=>"DSC", :batch_no=>53, :program_short_name=>"B.Sc. in CSE", :department_short_name=>"CSE", :faculty_short_name=>"FSIT", :shift=>"MORNING"}
[15-06-2022 22:49:24]: (INFO) => 192-15-2787: {:student_id=>"192-15-2787", :student_name=>"Jannatul Anjum Shafa", :campus_name=>"DSC", :batch_no=>53, :program_short_name=>"B.Sc. in CSE", :department_short_name=>"CSE", :faculty_short_name=>"FSIT", :shift=>"MORNING"}
[15-06-2022 22:49:33]: (INFO) => 192-15-2788: {:student_id=>"192-15-2788", :student_name=>"Mizanur Rahman", :campus_name=>"DSC", :batch_no=>53, :program_short_name=>"B.Sc. in CSE", :department_short_name=>"CSE", :faculty_short_name=>"FSIT", :shift=>"MORNING"}
[15-06-2022 22:49:36]: (INFO) => 192-15-2789: {:student_id=>"192-15-2789", :student_name=>"Md. Alif - Un - Rahman Pranto", :campus_name=>"DSC", :batch_no=>53, :program_short_name=>"B.Sc. in CSE", :department_short_name=>"CSE", :faculty_short_name=>"FSIT", :shift=>"MORNING"}
[15-06-2022 22:49:39]: (INFO) => 192-15-2790: {:student_id=>"192-15-2790", :student_name=>"Md. Majharul Islam Munna", :campus_name=>"DSC", :batch_no=>53, :program_short_name=>"B.Sc. in CSE", :department_short_name=>"CSE", :faculty_short_name=>"FSIT", :shift=>"MORNING"}
[15-06-2022 22:49:48]: (INFO) => 192-15-2791: {:student_id=>"192-15-2791", :student_name=>"Md. Nure Alom", :campus_name=>"DSC", :batch_no=>53, :program_short_name=>"B.Sc. in CSE", :department_short_name=>"CSE", :faculty_short_name=>"FSIT", :shift=>"MORNING"}
[15-06-2022 22:50:18]: (INFO) => 192-15-2792: {:student_id=>"192-15-2792", :student_name=>"Ahsan Habib Nobel", :campus_name=>"DSC", :batch_no=>53, :program_short_name=>"B.Sc. in CSE", :department_short_name=>"CSE", :faculty_short_name=>"FSIT", :shift=>"MORNING"}
[15-06-2022 22:50:20]: (INFO) => 192-15-2793: {:student_id=>"192-15-2793", :student_name=>"Md. Tangimul Islam ", :campus_name=>"DSC", :batch_no=>53, :program_short_name=>"B.Sc. in CSE", :department_short_name=>"CSE", :faculty_short_name=>"FSIT", :shift=>"MORNING"}
[15-06-2022 22:50:28]: (INFO) => 192-15-2794: {:student_id=>"192-15-2794", :student_name=>"Sadnam Saniat ", :campus_name=>"DSC", :batch_no=>53, :program_short_name=>"B.Sc. in CSE", :department_short_name=>"CSE", :faculty_short_name=>"FSIT", :shift=>"MORNING"}
[15-06-2022 22:50:31]: (INFO) => 192-15-2795: {:student_id=>"192-15-2795", :student_name=>"Sadia Afrin Reme ", :campus_name=>"DSC", :batch_no=>53, :program_short_name=>"B.Sc. in CSE", :department_short_name=>"CSE", :faculty_short_name=>"FSIT", :shift=>"MORNING"}
[15-06-2022 22:50:35]: (INFO) => 192-15-2796: {:student_id=>"192-15-2796", :student_name=>"Md. Mosaraf Hossain ", :campus_name=>"DSC", :batch_no=>53, :program_short_name=>"B.Sc. in CSE", :department_short_name=>"CSE", :faculty_short_name=>"FSIT", :shift=>"MORNING"}
[15-06-2022 22:50:48]: (INFO) => 192-15-2797: {:student_id=>"192-15-2797", :student_name=>"S. M Rifat Abdullah Tamim", :campus_name=>"DSC", :batch_no=>53, :program_short_name=>"B.Sc. in CSE", :department_short_name=>"CSE", :faculty_short_name=>"FSIT", :shift=>"MORNING"}
[15-06-2022 22:50:53]: (INFO) => 192-15-2798: {:student_id=>"192-15-2798", :student_name=>"Md. All Munir Hassan ", :campus_name=>"DSC", :batch_no=>53, :program_short_name=>"B.Sc. in CSE", :department_short_name=>"CSE", :faculty_short_name=>"FSIT", :shift=>"MORNING"}
[15-06-2022 22:51:11]: (INFO) => 192-15-2799: {:student_id=>"192-15-2799", :student_name=>"Mehedi Hasan ", :campus_name=>"DSC", :batch_no=>53, :program_short_name=>"B.Sc. in CSE", :department_short_name=>"CSE", :faculty_short_name=>"FSIT", :shift=>"MORNING"}
[15-06-2022 22:51:19]: (INFO) => 192-15-2800: {:student_id=>"192-15-2800", :student_name=>"Md. Adnan Shiragee ", :campus_name=>"DSC", :batch_no=>53, :program_short_name=>"B.Sc. in CSE", :department_short_name=>"CSE", :faculty_short_name=>"FSIT", :shift=>"MORNING"}
[15-06-2022 22:51:38]: (INFO) => 192-15-2801: {:student_id=>"192-15-2801", :student_name=>"Zubiya Binta Mostofa ", :campus_name=>"DSC", :batch_no=>53, :program_short_name=>"B.Sc. in CSE", :department_short_name=>"CSE", :faculty_short_name=>"FSIT", :shift=>"MORNING"}
[15-06-2022 22:51:46]: (INFO) => 192-15-2802: {:student_id=>"192-15-2802", :student_name=>"Jannatul Fardus Armin ", :campus_name=>"DSC", :batch_no=>53, :program_short_name=>"B.Sc. in CSE", :department_short_name=>"CSE", :faculty_short_name=>"FSIT", :shift=>"MORNING"}
[15-06-2022 22:51:54]: (INFO) => 192-15-2803: {:student_id=>"192-15-2803", :student_name=>"Md Ashaduzzaman Maruf", :campus_name=>"DSC", :batch_no=>53, :program_short_name=>"B.Sc. in CSE", :department_short_name=>"CSE", :faculty_short_name=>"FSIT", :shift=>"MORNING"}
[15-06-2022 22:51:57]: (INFO) => 192-15-2804: {:student_id=>"192-15-2804", :student_name=>"Md. Rony Ahamad ", :campus_name=>"DSC", :batch_no=>53, :program_short_name=>"B.Sc. in CSE", :department_short_name=>"CSE", :faculty_short_name=>"FSIT", :shift=>"MORNING"}
[15-06-2022 22:52:02]: (INFO) => 192-15-2805: {:student_id=>"192-15-2805", :student_name=>"M.M. MOSTAFIJUR RAHMAN", :campus_name=>"DSC", :batch_no=>53, :program_short_name=>"B.Sc. in CSE", :department_short_name=>"CSE", :faculty_short_name=>"FSIT", :shift=>"MORNING"}
[15-06-2022 22:52:22]: (INFO) => 192-15-2806: {:student_id=>"192-15-2806", :student_name=>"Md. Mehedi Hasan Sakib ", :campus_name=>"DSC", :batch_no=>53, :program_short_name=>"B.Sc. in CSE", :department_short_name=>"CSE", :faculty_short_name=>"FSIT", :shift=>"MORNING"}
[15-06-2022 22:52:28]: (INFO) => 192-15-2807: {:student_id=>"192-15-2807", :student_name=>"MD. JAKARIA HOSSAIN RAZIN ", :campus_name=>"DSC", :batch_no=>53, :program_short_name=>"B.Sc. in CSE", :department_short_name=>"CSE", :faculty_short_name=>"FSIT", :shift=>"MORNING"}
[15-06-2022 22:52:34]: (INFO) => 192-15-2808: {:student_id=>"192-15-2808", :student_name=>"Nakibul Hoque Shohan", :campus_name=>"DSC", :batch_no=>53, :program_short_name=>"B.Sc. in CSE", :department_short_name=>"CSE", :faculty_short_name=>"FSIT", :shift=>"MORNING"}
[15-06-2022 22:52:43]: (INFO) => 192-15-2809: {:student_id=>"192-15-2809", :student_name=>"Md. Sabbir Hossain", :campus_name=>"DSC", :batch_no=>53, :program_short_name=>"B.Sc. in CSE", :department_short_name=>"CSE", :faculty_short_name=>"FSIT", :shift=>"MORNING"}
[15-06-2022 22:52:59]: (INFO) => 192-15-2810: {:student_id=>"192-15-2810", :student_name=>"MD. FOJLE RABBI ", :campus_name=>"DSC", :batch_no=>53, :program_short_name=>"B.Sc. in CSE", :department_short_name=>"CSE", :faculty_short_name=>"FSIT", :shift=>"MORNING"}
[15-06-2022 22:53:08]: (INFO) => 192-15-2811: {:student_id=>"192-15-2811", :student_name=>"MD. IFTEKHARUL ISLAM RIDOY", :campus_name=>"DSC", :batch_no=>53, :program_short_name=>"B.Sc. in CSE", :department_short_name=>"CSE", :faculty_short_name=>"FSIT", :shift=>"MORNING"}
[15-06-2022 22:53:11]: (INFO) => 192-15-2812: {:student_id=>"192-15-2812", :student_name=>"TANZINA RAHMAN MONA ", :campus_name=>"DSC", :batch_no=>53, :program_short_name=>"B.Sc. in CSE", :department_short_name=>"CSE", :faculty_short_name=>"FSIT", :shift=>"MORNING"}
[15-06-2022 22:53:15]: (INFO) => 192-15-2813: {:student_id=>"192-15-2813", :student_name=>"MD. SUJON ISLAM ", :campus_name=>"DSC", :batch_no=>53, :program_short_name=>"B.Sc. in CSE", :department_short_name=>"CSE", :faculty_short_name=>"FSIT", :shift=>"MORNING"}
[15-06-2022 22:53:23]: (INFO) => 192-15-2814: {:student_id=>"192-15-2814", :student_name=>"Gazi Shahiar Samrat", :campus_name=>"DSC", :batch_no=>53, :program_short_name=>"B.Sc. in CSE", :department_short_name=>"CSE", :faculty_short_name=>"FSIT", :shift=>"MORNING"}
[15-06-2022 22:53:32]: (INFO) => 192-15-2815: {:student_id=>"192-15-2815", :student_name=>"Mafia Islam Sinthia", :campus_name=>"DSC", :batch_no=>53, :program_short_name=>"B.Sc. in CSE", :department_short_name=>"CSE", :faculty_short_name=>"FSIT", :shift=>"MORNING"}
[15-06-2022 22:53:42]: (INFO) => 192-15-2816: {:student_id=>"192-15-2816", :student_name=>"Md. Fahim Ahmed", :campus_name=>"DSC", :batch_no=>53, :program_short_name=>"B.Sc. in CSE", :department_short_name=>"CSE", :faculty_short_name=>"FSIT", :shift=>"MORNING"}
[15-06-2022 22:53:48]: (INFO) => 192-15-2817: {:student_id=>"192-15-2817", :student_name=>"Md. Rana Ahmed", :campus_name=>"DSC", :batch_no=>53, :program_short_name=>"B.Sc. in CSE", :department_short_name=>"CSE", :faculty_short_name=>"FSIT", :shift=>"MORNING"}
[15-06-2022 22:53:56]: (INFO) => 192-15-2818: {:student_id=>"192-15-2818", :student_name=>"Md. Amit Hasan", :campus_name=>"DSC", :batch_no=>53, :program_short_name=>"B.Sc. in CSE", :department_short_name=>"CSE", :faculty_short_name=>"FSIT", :shift=>"MORNING"}
[15-06-2022 22:53:59]: (INFO) => 192-15-2819: {:student_id=>"192-15-2819", :student_name=>"Nusrat Easmin", :campus_name=>"DSC", :batch_no=>53, :program_short_name=>"B.Sc. in CSE", :department_short_name=>"CSE", :faculty_short_name=>"FSIT", :shift=>"EVENING"}
[15-06-2022 22:54:04]: (INFO) => 192-15-2820: {:student_id=>"192-15-2820", :student_name=>"KAZI HASIBA FERDOUS OUSHI", :campus_name=>"DSC", :batch_no=>53, :program_short_name=>"B.Sc. in CSE", :department_short_name=>"CSE", :faculty_short_name=>"FSIT", :shift=>"MORNING"}
[15-06-2022 22:54:13]: (INFO) => 192-15-2821: {:student_id=>"192-15-2821", :student_name=>"AL-MARUF", :campus_name=>"DSC", :batch_no=>53, :program_short_name=>"B.Sc. in CSE", :department_short_name=>"CSE", :faculty_short_name=>"FSIT", :shift=>"MORNING"}
[15-06-2022 22:54:17]: (INFO) => 192-15-2822: {:student_id=>"192-15-2822", :student_name=>"MD. RAIHAN SARKAR", :campus_name=>"DSC", :batch_no=>53, :program_short_name=>"B.Sc. in CSE", :department_short_name=>"CSE", :faculty_short_name=>"FSIT", :shift=>"MORNING"}
[15-06-2022 22:54:19]: (INFO) => 192-15-2823: {:student_id=>"192-15-2823", :student_name=>"ABDUL KAIUM", :campus_name=>"DSC", :batch_no=>53, :program_short_name=>"B.Sc. in CSE", :department_short_name=>"CSE", :faculty_short_name=>"FSIT", :shift=>"MORNING"}
[15-06-2022 22:54:22]: (INFO) => 192-15-2824: {:student_id=>"192-15-2824", :student_name=>"Miad Hosan Milad", :campus_name=>"DSC", :batch_no=>53, :program_short_name=>"B.Sc. in CSE", :department_short_name=>"CSE", :faculty_short_name=>"FSIT", :shift=>"MORNING"}
[15-06-2022 22:54:25]: (INFO) => 192-15-2825: {:student_id=>"192-15-2825", :student_name=>"MD. ANISUR RAHMAN ", :campus_name=>"DSC", :batch_no=>53, :program_short_name=>"B.Sc. in CSE", :department_short_name=>"CSE", :faculty_short_name=>"FSIT", :shift=>"MORNING"}
[15-06-2022 22:54:34]: (INFO) => 192-15-2826: {:student_id=>"192-15-2826", :student_name=>"MD. RAJIB HOSSAIN ", :campus_name=>"DSC", :batch_no=>53, :program_short_name=>"B.Sc. in CSE", :department_short_name=>"CSE", :faculty_short_name=>"FSIT", :shift=>"MORNING"}
[15-06-2022 22:54:38]: (INFO) => 192-15-2827: {:student_id=>"192-15-2827", :student_name=>"MASUD PARVEZ PYIASH", :campus_name=>"DSC", :batch_no=>53, :program_short_name=>"B.Sc. in CSE", :department_short_name=>"CSE", :faculty_short_name=>"FSIT", :shift=>"MORNING"}
[15-06-2022 22:54:41]: (INFO) => 192-15-2828: {:student_id=>"192-15-2828", :student_name=>"FATEMATUZ ZAHURA", :campus_name=>"DSC", :batch_no=>53, :program_short_name=>"B.Sc. in CSE", :department_short_name=>"CSE", :faculty_short_name=>"FSIT", :shift=>"MORNING"}
[15-06-2022 22:54:45]: (INFO) => 192-15-2829: {:student_id=>"192-15-2829", :student_name=>"IMTIAZ HASEM AKASH ", :campus_name=>"DSC", :batch_no=>53, :program_short_name=>"B.Sc. in CSE", :department_short_name=>"CSE", :faculty_short_name=>"FSIT", :shift=>"EVENING"}
[15-06-2022 22:54:51]: (INFO) => 192-15-2830: {:student_id=>"192-15-2830", :student_name=>"IQBAL KABIR SABID ", :campus_name=>"DSC", :batch_no=>53, :program_short_name=>"B.Sc. in CSE", :department_short_name=>"CSE", :faculty_short_name=>"FSIT", :shift=>"MORNING"}
[15-06-2022 22:54:53]: (INFO) => 192-15-2831: {:student_id=>"192-15-2831", :student_name=>"NAFEYA RAHMAN HEYA ", :campus_name=>"DSC", :batch_no=>53, :program_short_name=>"B.Sc. in CSE", :department_short_name=>"CSE", :faculty_short_name=>"FSIT", :shift=>"MORNING"}
[15-06-2022 22:55:07]: (INFO) => 192-15-2832: {:student_id=>"192-15-2832", :student_name=>"MD. MIZANUR RAHMAN ", :campus_name=>"DSC", :batch_no=>53, :program_short_name=>"B.Sc. in CSE", :department_short_name=>"CSE", :faculty_short_name=>"FSIT", :shift=>"MORNING"}
[15-06-2022 22:55:09]: (INFO) => 192-15-2833: {:student_id=>"192-15-2833", :student_name=>"MD MOSAROF HOSSAIN ", :campus_name=>"DSC", :batch_no=>53, :program_short_name=>"B.Sc. in CSE", :department_short_name=>"CSE", :faculty_short_name=>"FSIT", :shift=>"MORNING"}
[15-06-2022 22:55:11]: (INFO) => 192-15-2834: {:student_id=>"192-15-2834", :student_name=>"ZAFRIN ALL MUSTARY", :campus_name=>"DSC", :batch_no=>53, :program_short_name=>"B.Sc. in CSE", :department_short_name=>"CSE", :faculty_short_name=>"FSIT", :shift=>"MORNING"}
[15-06-2022 22:55:13]: (INFO) => 192-15-2835: {:student_id=>"192-15-2835", :student_name=>"S M MAHAMUDUL HASAN ", :campus_name=>"DSC", :batch_no=>53, :program_short_name=>"B.Sc. in CSE", :department_short_name=>"CSE", :faculty_short_name=>"FSIT", :shift=>"MORNING"}
[15-06-2022 22:55:16]: (INFO) => 192-15-2836: {:student_id=>"192-15-2836", :student_name=>"MD. MEHEDI HASAN ", :campus_name=>"DSC", :batch_no=>53, :program_short_name=>"B.Sc. in CSE", :department_short_name=>"CSE", :faculty_short_name=>"FSIT", :shift=>"MORNING"}
[15-06-2022 22:55:18]: (INFO) => 192-15-2837: {:student_id=>"192-15-2837", :student_name=>"MD. MAZBAUR RASHID ", :campus_name=>"DSC", :batch_no=>53, :program_short_name=>"B.Sc. in CSE", :department_short_name=>"CSE", :faculty_short_name=>"FSIT", :shift=>"MORNING"}
[15-06-2022 22:55:26]: (INFO) => 192-15-2838: {:student_id=>"192-15-2838", :student_name=>"ABDULLA-AL-MOIN", :campus_name=>"DSC", :batch_no=>53, :program_short_name=>"B.Sc. in CSE", :department_short_name=>"CSE", :faculty_short_name=>"FSIT", :shift=>"MORNING"}
[15-06-2022 22:55:29]: (INFO) => 192-15-2839: {:student_id=>"192-15-2839", :student_name=>"A. B. M. NOMAN ", :campus_name=>"DSC", :batch_no=>53, :program_short_name=>"B.Sc. in CSE", :department_short_name=>"CSE", :faculty_short_name=>"FSIT", :shift=>"MORNING"}
[15-06-2022 22:55:32]: (INFO) => 192-15-2840: {:student_id=>"192-15-2840", :student_name=>"Md Sabbir Hossain", :campus_name=>"DSC", :batch_no=>53, :program_short_name=>"B.Sc. in CSE", :department_short_name=>"CSE", :faculty_short_name=>"FSIT", :shift=>"MORNING"}
[15-06-2022 22:55:34]: (INFO) => 192-15-2841: {:student_id=>"192-15-2841", :student_name=>"Tanvir Hossain", :campus_name=>"DSC", :batch_no=>53, :program_short_name=>"B.Sc. in CSE", :department_short_name=>"CSE", :faculty_short_name=>"FSIT", :shift=>"MORNING"}
[15-06-2022 22:55:38]: (INFO) => 192-15-2842: {:student_id=>"192-15-2842", :student_name=>"MD. ARMANUL ISLAM ", :campus_name=>"DSC", :batch_no=>53, :program_short_name=>"B.Sc. in CSE", :department_short_name=>"CSE", :faculty_short_name=>"FSIT", :shift=>"MORNING"}
[15-06-2022 22:55:41]: (INFO) => 192-15-2843: {:student_id=>"192-15-2843", :student_name=>"Afsana Akter ", :campus_name=>"DSC", :batch_no=>53, :program_short_name=>"B.Sc. in CSE", :department_short_name=>"CSE", :faculty_short_name=>"FSIT", :shift=>"MORNING"}
[15-06-2022 22:55:43]: (INFO) => 192-15-2844: {:student_id=>"192-15-2844", :student_name=>"YEASIN ARAFATH", :campus_name=>"DSC", :batch_no=>53, :program_short_name=>"B.Sc. in CSE", :department_short_name=>"CSE", :faculty_short_name=>"FSIT", :shift=>"MORNING"}
[15-06-2022 22:55:46]: (INFO) => 191-15-2845: {:student_id=>"191-15-2845", :student_name=>"MD. SIRAJUL SIDDIQUE", :campus_name=>"DSC", :batch_no=>52, :program_short_name=>"B.Sc. in CSE", :department_short_name=>"CSE", :faculty_short_name=>"FSIT", :shift=>"MORNING"}
[15-06-2022 22:55:46]: (INFO) => 192-15-2845: {:student_id=>"192-15-2845", :student_name=>"MD. SIRAJUL SIDDIQUE", :campus_name=>"DSC", :batch_no=>53, :program_short_name=>"B.Sc. in CSE", :department_short_name=>"CSE", :faculty_short_name=>"FSIT", :shift=>"MORNING"}
[15-06-2022 22:55:49]: (INFO) => 192-15-2846: {:student_id=>"192-15-2846", :student_name=>"RAHUL DUTTA", :campus_name=>"DSC", :batch_no=>53, :program_short_name=>"B.Sc. in CSE", :department_short_name=>"CSE", :faculty_short_name=>"FSIT", :shift=>"EVENING"}
[15-06-2022 22:55:53]: (INFO) => 192-15-2847: {:student_id=>"192-15-2847", :student_name=>"MD. SABBIR ALAM", :campus_name=>"DSC", :batch_no=>53, :program_short_name=>"B.Sc. in CSE", :department_short_name=>"CSE", :faculty_short_name=>"FSIT", :shift=>"MORNING"}
[15-06-2022 22:55:56]: (INFO) => 192-15-2848: {:student_id=>"192-15-2848", :student_name=>"MD. MAHFUJ ALI", :campus_name=>"DSC", :batch_no=>53, :program_short_name=>"B.Sc. in CSE", :department_short_name=>"CSE", :faculty_short_name=>"FSIT", :shift=>"MORNING"}
[15-06-2022 22:56:04]: (INFO) => 192-15-2849: {:student_id=>"192-15-2849", :student_name=>"TANMALIKA BHOWMICK", :campus_name=>"DSC", :batch_no=>53, :program_short_name=>"B.Sc. in CSE", :department_short_name=>"CSE", :faculty_short_name=>"FSIT", :shift=>"MORNING"}
[15-06-2022 22:56:06]: (INFO) => 192-15-2850: {:student_id=>"192-15-2850", :student_name=>"MD MUHIMINUL ISLAM", :campus_name=>"DSC", :batch_no=>53, :program_short_name=>"B.Sc. in CSE", :department_short_name=>"CSE", :faculty_short_name=>"FSIT", :shift=>"MORNING"}
[15-06-2022 22:56:08]: (INFO) => 192-15-2851: {:student_id=>"192-15-2851", :student_name=>"H M Shahadul Islam", :campus_name=>"DSC", :batch_no=>53, :program_short_name=>"B.Sc. in CSE", :department_short_name=>"CSE", :faculty_short_name=>"FSIT", :shift=>"EVENING"}
[15-06-2022 22:56:11]: (INFO) => 192-15-2852: {:student_id=>"192-15-2852", :student_name=>"MD. TORIKUL ISLAM", :campus_name=>"DSC", :batch_no=>53, :program_short_name=>"B.Sc. in CSE", :department_short_name=>"CSE", :faculty_short_name=>"FSIT", :shift=>"MORNING"}
[15-06-2022 22:56:15]: (INFO) => 192-15-2853: {:student_id=>"192-15-2853", :student_name=>"AMRAN ALI", :campus_name=>"DSC", :batch_no=>53, :program_short_name=>"B.Sc. in CSE", :department_short_name=>"CSE", :faculty_short_name=>"FSIT", :shift=>"MORNING"}
[15-06-2022 22:56:20]: (INFO) => 192-15-2854: {:student_id=>"192-15-2854", :student_name=>"SHARIAR KABIR NAYEEM ", :campus_name=>"DSC", :batch_no=>53, :program_short_name=>"B.Sc. in CSE", :department_short_name=>"CSE", :faculty_short_name=>"FSIT", :shift=>"MORNING"}
[15-06-2022 22:56:22]: (INFO) => 192-15-2855: {:student_id=>"192-15-2855", :student_name=>"NAZMUS SAKIB TANIM ", :campus_name=>"DSC", :batch_no=>53, :program_short_name=>"B.Sc. in CSE", :department_short_name=>"CSE", :faculty_short_name=>"FSIT", :shift=>"MORNING"}
[15-06-2022 22:56:26]: (INFO) => 192-15-2856: {:student_id=>"192-15-2856", :student_name=>"MST. SHAHARIAR SAROWAR MAMPY", :campus_name=>"DSC", :batch_no=>53, :program_short_name=>"B.Sc. in CSE", :department_short_name=>"CSE", :faculty_short_name=>"FSIT", :shift=>"MORNING"}
[15-06-2022 22:56:34]: (INFO) => 192-15-2857: {:student_id=>"192-15-2857", :student_name=>"MD. SABBIR HOSSAIN ", :campus_name=>"DSC", :batch_no=>53, :program_short_name=>"B.Sc. in CSE", :department_short_name=>"CSE", :faculty_short_name=>"FSIT", :shift=>"MORNING"}
[15-06-2022 22:56:37]: (INFO) => 192-15-2858: {:student_id=>"192-15-2858", :student_name=>"Md. Golam Jakaria", :campus_name=>"DSC", :batch_no=>53, :program_short_name=>"B.Sc. in CSE", :department_short_name=>"CSE", :faculty_short_name=>"FSIT", :shift=>"MORNING"}
[15-06-2022 22:56:41]: (INFO) => 192-15-2859: {:student_id=>"192-15-2859", :student_name=>"RIYAZ UDDIN MAZUMDER ", :campus_name=>"DSC", :batch_no=>53, :program_short_name=>"B.Sc. in CSE", :department_short_name=>"CSE", :faculty_short_name=>"FSIT", :shift=>"MORNING"}
[15-06-2022 22:56:46]: (INFO) => 192-15-2860: {:student_id=>"192-15-2860", :student_name=>"Akash Mia", :campus_name=>"DSC", :batch_no=>53, :program_short_name=>"B.Sc. in CSE", :department_short_name=>"CSE", :faculty_short_name=>"FSIT", :shift=>"EVENING"}
[15-06-2022 22:56:57]: (INFO) => 192-15-2861: {:student_id=>"192-15-2861", :student_name=>"Tawhid Ahmed Komol", :campus_name=>"DSC", :batch_no=>53, :program_short_name=>"B.Sc. in CSE", :department_short_name=>"CSE", :faculty_short_name=>"FSIT", :shift=>"MORNING"}
[15-06-2022 22:57:02]: (INFO) => 192-15-2862: {:student_id=>"192-15-2862", :student_name=>"Shawon Biswas Kavin", :campus_name=>"DSC", :batch_no=>53, :program_short_name=>"B.Sc. in CSE", :department_short_name=>"CSE", :faculty_short_name=>"FSIT", :shift=>"MORNING"}
[15-06-2022 22:57:05]: (INFO) => 192-15-2863: {:student_id=>"192-15-2863", :student_name=>"Md. Fahamidur Rahaman Rafi", :campus_name=>"DSC", :batch_no=>53, :program_short_name=>"B.Sc. in CSE", :department_short_name=>"CSE", :faculty_short_name=>"FSIT", :shift=>"MORNING"}
[15-06-2022 22:57:23]: (INFO) => 192-15-2864: {:student_id=>"192-15-2864", :student_name=>"Md. Ismail Hossen Sarker", :campus_name=>"DSC", :batch_no=>53, :program_short_name=>"B.Sc. in CSE", :department_short_name=>"CSE", :faculty_short_name=>"FSIT", :shift=>"MORNING"}
[15-06-2022 22:57:25]: (INFO) => 192-15-2865: {:student_id=>"192-15-2865", :student_name=>"SABRINA ISLAM ", :campus_name=>"DSC", :batch_no=>53, :program_short_name=>"B.Sc. in CSE", :department_short_name=>"CSE", :faculty_short_name=>"FSIT", :shift=>"MORNING"}
[15-06-2022 22:57:51]: (INFO) => 192-15-2866: {:student_id=>"192-15-2866", :student_name=>"MD. HASAN MAHAMUD ", :campus_name=>"DSC", :batch_no=>53, :program_short_name=>"B.Sc. in CSE", :department_short_name=>"CSE", :faculty_short_name=>"FSIT", :shift=>"MORNING"}
[15-06-2022 22:57:55]: (INFO) => 192-15-2867: {:student_id=>"192-15-2867", :student_name=>"MD. JAHIDUZZAMAN SARKER", :campus_name=>"DSC", :batch_no=>53, :program_short_name=>"B.Sc. in CSE", :department_short_name=>"CSE", :faculty_short_name=>"FSIT", :shift=>"MORNING"}
[15-06-2022 22:57:58]: (INFO) => 192-15-2868: {:student_id=>"192-15-2868", :student_name=>"ABU NEEM MOHAMMAD RAKIB ", :campus_name=>"DSC", :batch_no=>53, :program_short_name=>"B.Sc. in CSE", :department_short_name=>"CSE", :faculty_short_name=>"FSIT", :shift=>"MORNING"}
[15-06-2022 22:58:07]: (INFO) => 192-15-2869: {:student_id=>"192-15-2869", :student_name=>"Md Wasiul Rashid", :campus_name=>"DSC", :batch_no=>53, :program_short_name=>"B.Sc. in CSE", :department_short_name=>"CSE", :faculty_short_name=>"FSIT", :shift=>"MORNING"}
[15-06-2022 22:58:10]: (INFO) => 192-15-2870: {:student_id=>"192-15-2870", :student_name=>"MD. ABDUL MOMIN ", :campus_name=>"DSC", :batch_no=>53, :program_short_name=>"B.Sc. in CSE", :department_short_name=>"CSE", :faculty_short_name=>"FSIT", :shift=>"EVENING"}
[15-06-2022 22:58:12]: (INFO) => 192-15-2871: {:student_id=>"192-15-2871", :student_name=>"SUBROTO PAUL ", :campus_name=>"DSC", :batch_no=>53, :program_short_name=>"B.Sc. in CSE", :department_short_name=>"CSE", :faculty_short_name=>"FSIT", :shift=>"MORNING"}
[15-06-2022 22:58:25]: (INFO) => 192-15-2872: {:student_id=>"192-15-2872", :student_name=>"MD. MAHMUDUL HASAN MOON ", :campus_name=>"DSC", :batch_no=>53, :program_short_name=>"B.Sc. in CSE", :department_short_name=>"CSE", :faculty_short_name=>"FSIT", :shift=>"MORNING"}
[15-06-2022 22:58:27]: (INFO) => 192-15-2873: {:student_id=>"192-15-2873", :student_name=>"Rajesh Saha", :campus_name=>"DSC", :batch_no=>53, :program_short_name=>"B.Sc. in CSE", :department_short_name=>"CSE", :faculty_short_name=>"FSIT", :shift=>"MORNING"}
[15-06-2022 22:58:29]: (INFO) => 192-15-2874: {:student_id=>"192-15-2874", :student_name=>"Khadiza Akter Mim", :campus_name=>"DSC", :batch_no=>53, :program_short_name=>"B.Sc. in CSE", :department_short_name=>"CSE", :faculty_short_name=>"FSIT", :shift=>"MORNING"}
[15-06-2022 22:58:53]: (INFO) => 192-15-2875: {:student_id=>"192-15-2875", :student_name=>"Md. Arafat Islam", :campus_name=>"DSC", :batch_no=>53, :program_short_name=>"B.Sc. in CSE", :department_short_name=>"CSE", :faculty_short_name=>"FSIT", :shift=>"MORNING"}
[15-06-2022 22:59:01]: (INFO) => 192-15-2876: {:student_id=>"192-15-2876", :student_name=>"Md. Shirajul Islam", :campus_name=>"DSC", :batch_no=>53, :program_short_name=>"B.Sc. in CSE", :department_short_name=>"CSE", :faculty_short_name=>"FSIT", :shift=>"MORNING"}
[15-06-2022 22:59:03]: (INFO) => 192-15-2877: {:student_id=>"192-15-2877", :student_name=>"Md. Minhazul Alam", :campus_name=>"DSC", :batch_no=>53, :program_short_name=>"B.Sc. in CSE", :department_short_name=>"CSE", :faculty_short_name=>"FSIT", :shift=>"MORNING"}
[15-06-2022 22:59:06]: (INFO) => 192-15-2878: {:student_id=>"192-15-2878", :student_name=>"Nahid Hasan", :campus_name=>"DSC", :batch_no=>53, :program_short_name=>"B.Sc. in CSE", :department_short_name=>"CSE", :faculty_short_name=>"FSIT", :shift=>"MORNING"}
[15-06-2022 22:59:09]: (INFO) => 192-15-2879: {:student_id=>"192-15-2879", :student_name=>"Shahoriar Hossain Tahmid", :campus_name=>"DSC", :batch_no=>53, :program_short_name=>"B.Sc. in CSE", :department_short_name=>"CSE", :faculty_short_name=>"FSIT", :shift=>"MORNING"}
[15-06-2022 22:59:11]: (INFO) => 192-15-2880: {:student_id=>"192-15-2880", :student_name=>"Md. Salim Hossen", :campus_name=>"DSC", :batch_no=>53, :program_short_name=>"B.Sc. in CSE", :department_short_name=>"CSE", :faculty_short_name=>"FSIT", :shift=>"MORNING"}
[15-06-2022 22:59:13]: (INFO) => 192-15-2881: {:student_id=>"192-15-2881", :student_name=>"Nazmul Hosain Nahid", :campus_name=>"DSC", :batch_no=>53, :program_short_name=>"B.Sc. in CSE", :department_short_name=>"CSE", :faculty_short_name=>"FSIT", :shift=>"MORNING"}
[15-06-2022 22:59:15]: (INFO) => 192-15-2882: {:student_id=>"192-15-2882", :student_name=>"Tanzila Hossen Anamika ", :campus_name=>"DSC", :batch_no=>53, :program_short_name=>"B.Sc. in CSE", :department_short_name=>"CSE", :faculty_short_name=>"FSIT", :shift=>"MORNING"}
[15-06-2022 22:59:18]: (INFO) => 192-15-2883: {:student_id=>"192-15-2883", :student_name=>"Raihan Chowdhury", :campus_name=>"DSC", :batch_no=>53, :program_short_name=>"B.Sc. in CSE", :department_short_name=>"CSE", :faculty_short_name=>"FSIT", :shift=>"MORNING"}
[15-06-2022 22:59:27]: (INFO) => 192-15-2884: {:student_id=>"192-15-2884", :student_name=>"A F M Mahfuz Ullah", :campus_name=>"DSC", :batch_no=>53, :program_short_name=>"B.Sc. in CSE", :department_short_name=>"CSE", :faculty_short_name=>"FSIT", :shift=>"MORNING"}
[15-06-2022 22:59:30]: (INFO) => 192-15-2885: {:student_id=>"192-15-2885", :student_name=>"ASIQ MAHMUD ", :campus_name=>"DSC", :batch_no=>53, :program_short_name=>"B.Sc. in CSE", :department_short_name=>"CSE", :faculty_short_name=>"FSIT", :shift=>"MORNING"}
[15-06-2022 22:59:32]: (INFO) => 191-15-2886: {:student_id=>"191-15-2886", :student_name=>"Parash Sarker", :campus_name=>"DSC", :batch_no=>52, :program_short_name=>"B.Sc. in CSE", :department_short_name=>"CSE", :faculty_short_name=>"FSIT", :shift=>"MORNING"}
[15-06-2022 22:59:32]: (INFO) => 192-15-2886: {:student_id=>"192-15-2886", :student_name=>"Parash Sarker", :campus_name=>"DSC", :batch_no=>53, :program_short_name=>"B.Sc. in CSE", :department_short_name=>"CSE", :faculty_short_name=>"FSIT", :shift=>"MORNING"}
[15-06-2022 22:59:41]: (INFO) => 192-15-2887: {:student_id=>"192-15-2887", :student_name=>"Md. Hamim Hossen ", :campus_name=>"DSC", :batch_no=>53, :program_short_name=>"B.Sc. in CSE", :department_short_name=>"CSE", :faculty_short_name=>"FSIT", :shift=>"MORNING"}
[15-06-2022 22:59:48]: (INFO) => 192-15-2888: {:student_id=>"192-15-2888", :student_name=>"Jannat Ara Jhuma", :campus_name=>"DSC", :batch_no=>53, :program_short_name=>"B.Sc. in CSE", :department_short_name=>"CSE", :faculty_short_name=>"FSIT", :shift=>"MORNING"}
[15-06-2022 22:59:50]: (INFO) => 192-15-2889: {:student_id=>"192-15-2889", :student_name=>"Md. Abdullah-Al-Mosaddik", :campus_name=>"DSC", :batch_no=>53, :program_short_name=>"B.Sc. in CSE", :department_short_name=>"CSE", :faculty_short_name=>"FSIT", :shift=>"MORNING"}
[15-06-2022 22:59:53]: (INFO) => 192-15-2890: {:student_id=>"192-15-2890", :student_name=>"S. M. JUNAID HOSSAIN ", :campus_name=>"DSC", :batch_no=>53, :program_short_name=>"B.Sc. in CSE", :department_short_name=>"CSE", :faculty_short_name=>"FSIT", :shift=>"MORNING"}
[15-06-2022 22:59:58]: (INFO) => 192-15-2891: {:student_id=>"192-15-2891", :student_name=>"Md.Kamrul Hasan Joy", :campus_name=>"DSC", :batch_no=>53, :program_short_name=>"B.Sc. in CSE", :department_short_name=>"CSE", :faculty_short_name=>"FSIT", :shift=>"MORNING"}
[15-06-2022 23:00:00]: (INFO) => 192-15-2892: {:student_id=>"192-15-2892", :student_name=>"Abu Salkin", :campus_name=>"DSC", :batch_no=>53, :program_short_name=>"B.Sc. in CSE", :department_short_name=>"CSE", :faculty_short_name=>"FSIT", :shift=>"MORNING"}
[15-06-2022 23:00:05]: (INFO) => 192-15-2893: {:student_id=>"192-15-2893", :student_name=>"MD. MOUVIN AHMMED", :campus_name=>"DSC", :batch_no=>53, :program_short_name=>"B.Sc. in CSE", :department_short_name=>"CSE", :faculty_short_name=>"FSIT", :shift=>"MORNING"}
[15-06-2022 23:00:08]: (INFO) => 192-15-2894: {:student_id=>"192-15-2894", :student_name=>"SARMITA ROY", :campus_name=>"DSC", :batch_no=>53, :program_short_name=>"B.Sc. in CSE", :department_short_name=>"CSE", :faculty_short_name=>"FSIT", :shift=>"MORNING"}
[15-06-2022 23:00:12]: (INFO) => 192-15-2895: {:student_id=>"192-15-2895", :student_name=>"FARJANA ISLAM ASHA ", :campus_name=>"DSC", :batch_no=>53, :program_short_name=>"B.Sc. in CSE", :department_short_name=>"CSE", :faculty_short_name=>"FSIT", :shift=>"MORNING"}
[15-06-2022 23:00:14]: (INFO) => 192-15-2896: {:student_id=>"192-15-2896", :student_name=>"TARIQUL ISLAM RONY ", :campus_name=>"DSC", :batch_no=>53, :program_short_name=>"B.Sc. in CSE", :department_short_name=>"CSE", :faculty_short_name=>"FSIT", :shift=>"MORNING"}
[15-06-2022 23:00:17]: (INFO) => 192-15-2897: {:student_id=>"192-15-2897", :student_name=>"Fayaz Alam Joy", :campus_name=>"DSC", :batch_no=>53, :program_short_name=>"B.Sc. in CSE", :department_short_name=>"CSE", :faculty_short_name=>"FSIT", :shift=>"MORNING"}
[15-06-2022 23:00:19]: (INFO) => 192-15-2898: {:student_id=>"192-15-2898", :student_name=>"ASIF KHAN ", :campus_name=>"DSC", :batch_no=>53, :program_short_name=>"B.Sc. in CSE", :department_short_name=>"CSE", :faculty_short_name=>"FSIT", :shift=>"MORNING"}
[15-06-2022 23:00:22]: (INFO) => 192-15-2899: {:student_id=>"192-15-2899", :student_name=>"AL-AMIN SHIKDER ", :campus_name=>"DSC", :batch_no=>53, :program_short_name=>"B.Sc. in CSE", :department_short_name=>"CSE", :faculty_short_name=>"FSIT", :shift=>"MORNING"}
[15-06-2022 23:00:25]: (INFO) => 192-15-2900: {:student_id=>"192-15-2900", :student_name=>"Md. Sabbir Rahman Rony", :campus_name=>"DSC", :batch_no=>53, :program_short_name=>"B.Sc. in CSE", :department_short_name=>"CSE", :faculty_short_name=>"FSIT", :shift=>"MORNING"}
[15-06-2022 23:00:27]: (INFO) => 192-15-2901: {:student_id=>"192-15-2901", :student_name=>"Rabindranath Bharman", :campus_name=>"DSC", :batch_no=>53, :program_short_name=>"B.Sc. in CSE", :department_short_name=>"CSE", :faculty_short_name=>"FSIT", :shift=>"MORNING"}
[15-06-2022 23:00:30]: (INFO) => 192-15-2902: {:student_id=>"192-15-2902", :student_name=>"Nusrat Jahan", :campus_name=>"DSC", :batch_no=>53, :program_short_name=>"B.Sc. in CSE", :department_short_name=>"CSE", :faculty_short_name=>"FSIT", :shift=>"MORNING"}
[15-06-2022 23:00:32]: (INFO) => 192-15-2903: {:student_id=>"192-15-2903", :student_name=>"Liza Akter Meem ", :campus_name=>"DSC", :batch_no=>53, :program_short_name=>"B.Sc. in CSE", :department_short_name=>"CSE", :faculty_short_name=>"FSIT", :shift=>"MORNING"}
[15-06-2022 23:00:35]: (INFO) => 192-15-2904: {:student_id=>"192-15-2904", :student_name=>"Md. Emran Hossain ", :campus_name=>"DSC", :batch_no=>53, :program_short_name=>"B.Sc. in CSE", :department_short_name=>"CSE", :faculty_short_name=>"FSIT", :shift=>"MORNING"}
[15-06-2022 23:00:37]: (INFO) => 192-15-2905: {:student_id=>"192-15-2905", :student_name=>"Sohel Rana ", :campus_name=>"DSC", :batch_no=>53, :program_short_name=>"B.Sc. in CSE", :department_short_name=>"CSE", :faculty_short_name=>"FSIT", :shift=>"MORNING"}
[15-06-2022 23:00:40]: (INFO) => 192-15-2906: {:student_id=>"192-15-2906", :student_name=>"Nazfizul Islam Akash", :campus_name=>"DSC", :batch_no=>53, :program_short_name=>"B.Sc. in CSE", :department_short_name=>"CSE", :faculty_short_name=>"FSIT", :shift=>"MORNING"}
[15-06-2022 23:00:42]: (INFO) => 192-15-2907: {:student_id=>"192-15-2907", :student_name=>"SAJIA AFRIN ", :campus_name=>"DSC", :batch_no=>53, :program_short_name=>"B.Sc. in CSE", :department_short_name=>"CSE", :faculty_short_name=>"FSIT", :shift=>"MORNING"}
[15-06-2022 23:00:45]: (INFO) => 192-15-2908: {:student_id=>"192-15-2908", :student_name=>"MRIDUL HALDER", :campus_name=>"DSC", :batch_no=>53, :program_short_name=>"B.Sc. in CSE", :department_short_name=>"CSE", :faculty_short_name=>"FSIT", :shift=>"MORNING"}
[15-06-2022 23:00:48]: (INFO) => 192-15-2909: {:student_id=>"192-15-2909", :student_name=>"Miss. Litu Akter", :campus_name=>"DSC", :batch_no=>53, :program_short_name=>"B.Sc. in CSE", :department_short_name=>"CSE", :faculty_short_name=>"FSIT", :shift=>"EVENING"}
[15-06-2022 23:01:02]: (INFO) => 192-15-2910: {:student_id=>"192-15-2910", :student_name=>"MD. GOLAM MURSHID", :campus_name=>"DSC", :batch_no=>53, :program_short_name=>"B.Sc. in CSE", :department_short_name=>"CSE", :faculty_short_name=>"FSIT", :shift=>"MORNING"}
[15-06-2022 23:01:05]: (INFO) => 193-15-2911: {:student_id=>"193-15-2911", :student_name=>"MD. RIFAT AHAMED ", :campus_name=>"DSC", :batch_no=>54, :program_short_name=>"B.Sc. in CSE", :department_short_name=>"CSE", :faculty_short_name=>"FSIT", :shift=>"MORNING"}
[15-06-2022 23:01:07]: (INFO) => 193-15-2912: {:student_id=>"193-15-2912", :student_name=>"Mahbuba Akter Sworna ", :campus_name=>"DSC", :batch_no=>54, :program_short_name=>"B.Sc. in CSE", :department_short_name=>"CSE", :faculty_short_name=>"FSIT", :shift=>"MORNING"}
[15-06-2022 23:01:10]: (INFO) => 193-15-2913: {:student_id=>"193-15-2913", :student_name=>"MD. ABU NUMAN NIROB ", :campus_name=>"DSC", :batch_no=>54, :program_short_name=>"B.Sc. in CSE", :department_short_name=>"CSE", :faculty_short_name=>"FSIT", :shift=>"MORNING"}
[15-06-2022 23:01:12]: (INFO) => 193-15-2914: {:student_id=>"193-15-2914", :student_name=>"ABU BAKAR KHAN", :campus_name=>"DSC", :batch_no=>54, :program_short_name=>"B.Sc. in CSE", :department_short_name=>"CSE", :faculty_short_name=>"FSIT", :shift=>"MORNING"}
[15-06-2022 23:01:14]: (INFO) => 193-15-2915: {:student_id=>"193-15-2915", :student_name=>"AL - IFRAN ", :campus_name=>"DSC", :batch_no=>54, :program_short_name=>"B.Sc. in CSE", :department_short_name=>"CSE", :faculty_short_name=>"FSIT", :shift=>"MORNING"}
[15-06-2022 23:01:18]: (INFO) => 193-15-2916: {:student_id=>"193-15-2916", :student_name=>"MD. SHOHIDULLAH", :campus_name=>"DSC", :batch_no=>54, :program_short_name=>"B.Sc. in CSE", :department_short_name=>"CSE", :faculty_short_name=>"FSIT", :shift=>"MORNING"}
[15-06-2022 23:01:20]: (INFO) => 193-15-2917: {:student_id=>"193-15-2917", :student_name=>"ABDULLAH AL TAKY", :campus_name=>"DSC", :batch_no=>54, :program_short_name=>"B.Sc. in CSE", :department_short_name=>"CSE", :faculty_short_name=>"FSIT", :shift=>"MORNING"}
[15-06-2022 23:01:22]: (INFO) => 193-15-2918: {:student_id=>"193-15-2918", :student_name=>"FARIA BINTA KALAM", :campus_name=>"DSC", :batch_no=>54, :program_short_name=>"B.Sc. in CSE", :department_short_name=>"CSE", :faculty_short_name=>"FSIT", :shift=>"MORNING"}
[15-06-2022 23:01:33]: (INFO) => 193-15-2919: {:student_id=>"193-15-2919", :student_name=>"MASHRUR PASHA PANTHO", :campus_name=>"DSC", :batch_no=>54, :program_short_name=>"B.Sc. in CSE", :department_short_name=>"CSE", :faculty_short_name=>"FSIT", :shift=>"MORNING"}
[15-06-2022 23:01:43]: (INFO) => 193-15-2920: {:student_id=>"193-15-2920", :student_name=>"TASMIN KARIM", :campus_name=>"DSC", :batch_no=>54, :program_short_name=>"B.Sc. in CSE", :department_short_name=>"CSE", :faculty_short_name=>"FSIT", :shift=>"MORNING"}
[15-06-2022 23:01:49]: (INFO) => 193-15-2921: {:student_id=>"193-15-2921", :student_name=>"RAIHAN UDDIN AHMED", :campus_name=>"DSC", :batch_no=>54, :program_short_name=>"B.Sc. in CSE", :department_short_name=>"CSE", :faculty_short_name=>"FSIT", :shift=>"MORNING"}
[15-06-2022 23:02:15]: (INFO) => 193-15-2922: {:student_id=>"193-15-2922", :student_name=>"MD. AHSHANUL ISLAM ", :campus_name=>"DSC", :batch_no=>54, :program_short_name=>"B.Sc. in CSE", :department_short_name=>"CSE", :faculty_short_name=>"FSIT", :shift=>"MORNING"}
[15-06-2022 23:02:18]: (INFO) => 193-15-2923: {:student_id=>"193-15-2923", :student_name=>"Al Rafi Khandoker", :campus_name=>"DSC", :batch_no=>54, :program_short_name=>"B.Sc. in CSE", :department_short_name=>"CSE", :faculty_short_name=>"FSIT", :shift=>"MORNING"}
[15-06-2022 23:02:21]: (INFO) => 193-15-2924: {:student_id=>"193-15-2924", :student_name=>"NUSRAT JAHAN ", :campus_name=>"DSC", :batch_no=>54, :program_short_name=>"B.Sc. in CSE", :department_short_name=>"CSE", :faculty_short_name=>"FSIT", :shift=>"MORNING"}
[15-06-2022 23:02:25]: (INFO) => 193-15-2925: {:student_id=>"193-15-2925", :student_name=>"Md. Abir Hossain Arnob ", :campus_name=>"DSC", :batch_no=>54, :program_short_name=>"B.Sc. in CSE", :department_short_name=>"CSE", :faculty_short_name=>"FSIT", :shift=>"MORNING"}
[15-06-2022 23:02:31]: (INFO) => 193-15-2926: {:student_id=>"193-15-2926", :student_name=>"MOST. KAMRUN NAHER SHUCHANA", :campus_name=>"DSC", :batch_no=>54, :program_short_name=>"B.Sc. in CSE", :department_short_name=>"CSE", :faculty_short_name=>"FSIT", :shift=>"MORNING"}
[15-06-2022 23:02:36]: (INFO) => 193-15-2927: {:student_id=>"193-15-2927", :student_name=>"Sahara Islam", :campus_name=>"DSC", :batch_no=>54, :program_short_name=>"B.Sc. in CSE", :department_short_name=>"CSE", :faculty_short_name=>"FSIT", :shift=>"MORNING"}
[15-06-2022 23:02:42]: (INFO) => 193-15-2928: {:student_id=>"193-15-2928", :student_name=>"Md. Osman Aziz ", :campus_name=>"DSC", :batch_no=>54, :program_short_name=>"B.Sc. in CSE", :department_short_name=>"CSE", :faculty_short_name=>"FSIT", :shift=>"MORNING"}
[15-06-2022 23:02:50]: (INFO) => 193-15-2929: {:student_id=>"193-15-2929", :student_name=>"Md. Mashru Ahmed", :campus_name=>"DSC", :batch_no=>54, :program_short_name=>"B.Sc. in CSE", :department_short_name=>"CSE", :faculty_short_name=>"FSIT", :shift=>"MORNING"}
[15-06-2022 23:04:37]: (INFO) => 193-15-2930: {:student_id=>"193-15-2930", :student_name=>"Md. Naim Majumdar", :campus_name=>"DSC", :batch_no=>54, :program_short_name=>"B.Sc. in CSE", :department_short_name=>"CSE", :faculty_short_name=>"FSIT", :shift=>"MORNING"}
[15-06-2022 23:04:49]: (INFO) => 193-15-2931: {:student_id=>"193-15-2931", :student_name=>"Mir Ibne Kayes ", :campus_name=>"DSC", :batch_no=>54, :program_short_name=>"B.Sc. in CSE", :department_short_name=>"CSE", :faculty_short_name=>"FSIT", :shift=>"MORNING"}
[15-06-2022 23:04:52]: (INFO) => 193-15-2932: {:student_id=>"193-15-2932", :student_name=>"Abid Al Salam Antor", :campus_name=>"DSC", :batch_no=>54, :program_short_name=>"B.Sc. in CSE", :department_short_name=>"CSE", :faculty_short_name=>"FSIT", :shift=>"MORNING"}
[15-06-2022 23:04:55]: (INFO) => 193-15-2933: {:student_id=>"193-15-2933", :student_name=>"Partha Deb Nath ", :campus_name=>"DSC", :batch_no=>54, :program_short_name=>"B.Sc. in CSE", :department_short_name=>"CSE", :faculty_short_name=>"FSIT", :shift=>"MORNING"}
[15-06-2022 23:05:52]: (INFO) => 193-15-2934: {:student_id=>"193-15-2934", :student_name=>"Joyanta Sarker Joy ", :campus_name=>"DSC", :batch_no=>54, :program_short_name=>"B.Sc. in CSE", :department_short_name=>"CSE", :faculty_short_name=>"FSIT", :shift=>"MORNING"}
[15-06-2022 23:06:06]: (INFO) => 193-15-2935: {:student_id=>"193-15-2935", :student_name=>"RAKIBUL HASAN ", :campus_name=>"DSC", :batch_no=>54, :program_short_name=>"B.Sc. in CSE", :department_short_name=>"CSE", :faculty_short_name=>"FSIT", :shift=>"MORNING"}
[15-06-2022 23:06:47]: (INFO) => 193-15-2936: {:student_id=>"193-15-2936", :student_name=>"MD. SHOFIQUL ISLAM FAHIM ", :campus_name=>"DSC", :batch_no=>54, :program_short_name=>"B.Sc. in CSE", :department_short_name=>"CSE", :faculty_short_name=>"FSIT", :shift=>"MORNING"}
[15-06-2022 23:06:55]: (INFO) => 193-15-2937: {:student_id=>"193-15-2937", :student_name=>"TAMANNA AKTER", :campus_name=>"DSC", :batch_no=>54, :program_short_name=>"B.Sc. in CSE", :department_short_name=>"CSE", :faculty_short_name=>"FSIT", :shift=>"MORNING"}
[15-06-2022 23:07:03]: (INFO) => 193-15-2938: {:student_id=>"193-15-2938", :student_name=>"KISOR AHMED SHIKOT", :campus_name=>"DSC", :batch_no=>54, :program_short_name=>"B.Sc. in CSE", :department_short_name=>"CSE", :faculty_short_name=>"FSIT", :shift=>"MORNING"}
[15-06-2022 23:07:05]: (INFO) => 193-15-2939: {:student_id=>"193-15-2939", :student_name=>"FAHIM MAHMUD ", :campus_name=>"DSC", :batch_no=>54, :program_short_name=>"B.Sc. in CSE", :department_short_name=>"CSE", :faculty_short_name=>"FSIT", :shift=>"MORNING"}
[15-06-2022 23:07:08]: (INFO) => 193-15-2940: {:student_id=>"193-15-2940", :student_name=>"MD. SALMAN SHAH", :campus_name=>"DSC", :batch_no=>54, :program_short_name=>"B.Sc. in CSE", :department_short_name=>"CSE", :faculty_short_name=>"FSIT", :shift=>"MORNING"}
[15-06-2022 23:07:11]: (INFO) => 193-15-2941: {:student_id=>"193-15-2941", :student_name=>"SABRINA ISLAM ", :campus_name=>"DSC", :batch_no=>54, :program_short_name=>"B.Sc. in CSE", :department_short_name=>"CSE", :faculty_short_name=>"FSIT", :shift=>"MORNING"}
[15-06-2022 23:07:15]: (INFO) => 193-15-2942: {:student_id=>"193-15-2942", :student_name=>"Mustufa Al Hasan ", :campus_name=>"DSC", :batch_no=>54, :program_short_name=>"B.Sc. in CSE", :department_short_name=>"CSE", :faculty_short_name=>"FSIT", :shift=>"MORNING"}
[15-06-2022 23:07:17]: (INFO) => 193-15-2943: {:student_id=>"193-15-2943", :student_name=>"Ashikuzzaman ", :campus_name=>"DSC", :batch_no=>54, :program_short_name=>"B.Sc. in CSE", :department_short_name=>"CSE", :faculty_short_name=>"FSIT", :shift=>"MORNING"}
[15-06-2022 23:07:19]: (INFO) => 193-15-2944: {:student_id=>"193-15-2944", :student_name=>"Md. Rakib ", :campus_name=>"DSC", :batch_no=>54, :program_short_name=>"B.Sc. in CSE", :department_short_name=>"CSE", :faculty_short_name=>"FSIT", :shift=>"MORNING"}
[15-06-2022 23:07:24]: (INFO) => 193-15-2945: {:student_id=>"193-15-2945", :student_name=>"Abrar Shahriar Ahmed ", :campus_name=>"DSC", :batch_no=>54, :program_short_name=>"B.Sc. in CSE", :department_short_name=>"CSE", :faculty_short_name=>"FSIT", :shift=>"MORNING"}
[15-06-2022 23:07:33]: (INFO) => 193-15-2946: {:student_id=>"193-15-2946", :student_name=>"Ata-E-Elahi", :campus_name=>"DSC", :batch_no=>54, :program_short_name=>"B.Sc. in CSE", :department_short_name=>"CSE", :faculty_short_name=>"FSIT", :shift=>"MORNING"}
[15-06-2022 23:07:37]: (INFO) => 193-15-2947: {:student_id=>"193-15-2947", :student_name=>"Md Enamul Huq", :campus_name=>"DSC", :batch_no=>54, :program_short_name=>"B.Sc. in CSE", :department_short_name=>"CSE", :faculty_short_name=>"FSIT", :shift=>"MORNING"}
[15-06-2022 23:07:41]: (INFO) => 193-15-2948: {:student_id=>"193-15-2948", :student_name=>"ATEF SHAHRIER EVAN ", :campus_name=>"DSC", :batch_no=>54, :program_short_name=>"B.Sc. in CSE", :department_short_name=>"CSE", :faculty_short_name=>"FSIT", :shift=>"MORNING"}
[15-06-2022 23:07:44]: (INFO) => 193-15-2949: {:student_id=>"193-15-2949", :student_name=>"MANIK CHANDRO BISWASH", :campus_name=>"DSC", :batch_no=>54, :program_short_name=>"B.Sc. in CSE", :department_short_name=>"CSE", :faculty_short_name=>"FSIT", :shift=>"MORNING"}
[15-06-2022 23:07:47]: (INFO) => 193-15-2950: {:student_id=>"193-15-2950", :student_name=>"MAHABUB HOSSAN EMON ", :campus_name=>"DSC", :batch_no=>54, :program_short_name=>"B.Sc. in CSE", :department_short_name=>"CSE", :faculty_short_name=>"FSIT", :shift=>"MORNING"}
[15-06-2022 23:07:49]: (INFO) => 193-15-2951: {:student_id=>"193-15-2951", :student_name=>"MD. SOLAIMANUR RAHMAN", :campus_name=>"DSC", :batch_no=>54, :program_short_name=>"B.Sc. in CSE", :department_short_name=>"CSE", :faculty_short_name=>"FSIT", :shift=>"MORNING"}
[15-06-2022 23:07:52]: (INFO) => 193-15-2952: {:student_id=>"193-15-2952", :student_name=>"Sanad Bhowmik ", :campus_name=>"DSC", :batch_no=>54, :program_short_name=>"B.Sc. in CSE", :department_short_name=>"CSE", :faculty_short_name=>"FSIT", :shift=>"MORNING"}
[15-06-2022 23:07:55]: (INFO) => 193-15-2953: {:student_id=>"193-15-2953", :student_name=>"Md. Rezaul Karim ", :campus_name=>"DSC", :batch_no=>54, :program_short_name=>"B.Sc. in CSE", :department_short_name=>"CSE", :faculty_short_name=>"FSIT", :shift=>"MORNING"}
[15-06-2022 23:07:59]: (INFO) => 193-15-2954: {:student_id=>"193-15-2954", :student_name=>"SULTANA PARVEEN ", :campus_name=>"DSC", :batch_no=>54, :program_short_name=>"B.Sc. in CSE", :department_short_name=>"CSE", :faculty_short_name=>"FSIT", :shift=>"MORNING"}
[15-06-2022 23:08:03]: (INFO) => 193-15-2955: {:student_id=>"193-15-2955", :student_name=>"MAHAFOZUR RAHMAN ", :campus_name=>"DSC", :batch_no=>54, :program_short_name=>"B.Sc. in CSE", :department_short_name=>"CSE", :faculty_short_name=>"FSIT", :shift=>"MORNING"}
[15-06-2022 23:08:11]: (INFO) => 193-15-2956: {:student_id=>"193-15-2956", :student_name=>"FARJANUR RAHMAN FAHIM ", :campus_name=>"DSC", :batch_no=>54, :program_short_name=>"B.Sc. in CSE", :department_short_name=>"CSE", :faculty_short_name=>"FSIT", :shift=>"MORNING"}
[15-06-2022 23:08:16]: (INFO) => 193-15-2957: {:student_id=>"193-15-2957", :student_name=>"MD. NAZMUS SAKIB ", :campus_name=>"DSC", :batch_no=>54, :program_short_name=>"B.Sc. in CSE", :department_short_name=>"CSE", :faculty_short_name=>"FSIT", :shift=>"MORNING"}
